Log file open, 01/11/18 00:02:38
LogWindows: Failed to load 'aqProf.dll' (GetLastError=126)
LogWindows: File 'aqProf.dll' does not exist
LogWindows: Failed to load 'VtuneApi.dll' (GetLastError=126)
LogWindows: File 'VtuneApi.dll' does not exist
LogWindows: Failed to load 'VtuneApi32e.dll' (GetLastError=126)
LogWindows: File 'VtuneApi32e.dll' does not exist
LogInit: Display: Running engine for game: RNDYOUFUCK
LogPlatformFile: Not using cached read wrapper
LogInit: Display: RandInit(643626782) SRandInit(643626782).
LogInit: Read version file with build ID '3709383'
LogInit: Overriding engine version to CL 3794801, compatible CL 3709383
LogInit: Registered custom module enumerator with build ID '3709383'
LogTaskGraph: Started task graph with 5 named threads and 14 total threads with 3 sets of task threads.
LogStats: Stats thread started at 0.174293
LogD3D11RHI: Aftermath initialized
LogModuleManager: Display: Found up-to-date module file ../../../../Disaster/ResearchDisaster/Plugins/VictoryPlug/Binaries/Win64/UE4Editor-VictoryBPLibrary.dll (API version 3709383).
LogModuleManager: Display: Found up-to-date module file ../../../Engine/Plugins/Runtime/ApexDestruction/Binaries/Win64/UE4Editor-ApexDestruction.dll (API version 3709383).
LogModuleManager: Display: Found up-to-date module file ../../../Engine/Plugins/Runtime/ApexDestruction/Binaries/Win64/UE4Editor-ApexDestructionEditor.dll (API version 3709383).
LogModuleManager: Display: Found up-to-date module file ../../../Engine/Plugins/Marketplace/Substance/Binaries/Win64/UE4Editor-SubstanceCore.dll (API version 3709383).
LogModuleManager: Display: Found up-to-date module file ../../../Engine/Plugins/Marketplace/Substance/Binaries/Win64/UE4Editor-SubstanceEditor.dll (API version 3709383).
LogModuleManager: Display: Found up-to-date module file ../../../Engine/Plugins/Marketplace/Substance/Binaries/Win64/UE4Editor-SubstanceSource.dll (API version 3709383).
LogModuleManager: Display: Found up-to-date module file ../../../Engine/Plugins/Marketplace/Substance/Binaries/Win64/UE4Editor-SubstanceLiveLink.dll (API version 3709383).
LogModuleManager: Display: Found up-to-date module file ../../../Engine/Plugins/2D/Paper2D/Binaries/Win64/UE4Editor-Paper2D.dll (API version 3709383).
LogModuleManager: Display: Found up-to-date module file ../../../Engine/Plugins/2D/Paper2D/Binaries/Win64/UE4Editor-Paper2DEditor.dll (API version 3709383).
LogModuleManager: Display: Found up-to-date module file ../../../Engine/Plugins/2D/Paper2D/Binaries/Win64/UE4Editor-PaperSpriteSheetImporter.dll (API version 3709383).
LogModuleManager: Display: Found up-to-date module file ../../../Engine/Plugins/2D/Paper2D/Binaries/Win64/UE4Editor-PaperTiledImporter.dll (API version 3709383).
LogModuleManager: Display: Found up-to-date module file ../../../Engine/Plugins/2D/Paper2D/Binaries/Win64/UE4Editor-SmartSnapping.dll (API version 3709383).
LogModuleManager: Display: Found up-to-date module file ../../../Engine/Plugins/Blendables/LightPropagationVolume/Binaries/Win64/UE4Editor-LightPropagationVolumeRuntime.dll (API version 3709383).
LogModuleManager: Display: Found up-to-date module file ../../../Engine/Plugins/Blendables/LightPropagationVolume/Binaries/Win64/UE4Editor-LightPropagationVolumeEditor.dll (API version 3709383).
LogModuleManager: Display: Found up-to-date module file ../../../Engine/Plugins/Developer/GitSourceControl/Binaries/Win64/UE4Editor-GitSourceControl.dll (API version 3709383).
LogModuleManager: Display: Found up-to-date module file ../../../Engine/Plugins/Developer/PerforceSourceControl/Binaries/Win64/UE4Editor-PerforceSourceControl.dll (API version 3709383).
LogModuleManager: Display: Found up-to-date module file ../../../Engine/Plugins/Developer/SubversionSourceControl/Binaries/Win64/UE4Editor-SubversionSourceControl.dll (API version 3709383).
LogModuleManager: Display: Found up-to-date module file ../../../Engine/Plugins/Developer/UObjectPlugin/Binaries/Win64/UE4Editor-UObjectPlugin.dll (API version 3709383).
LogModuleManager: Display: Found up-to-date module file ../../../Engine/Plugins/Developer/VisualStudioCodeSourceCodeAccess/Binaries/Win64/UE4Editor-VisualStudioCodeSourceCodeAccess.dll (API version 3709383).
LogModuleManager: Display: Found up-to-date module file ../../../Engine/Plugins/Developer/VisualStudioSourceCodeAccess/Binaries/Win64/UE4Editor-VisualStudioSourceCodeAccess.dll (API version 3709383).
LogModuleManager: Display: Found up-to-date module file ../../../Engine/Plugins/Editor/AssetManagerEditor/Binaries/Win64/UE4Editor-AssetManagerEditor.dll (API version 3709383).
LogModuleManager: Display: Found up-to-date module file ../../../Engine/Plugins/Editor/AudioCapture/Binaries/Win64/UE4Editor-AudioCapture.dll (API version 3709383).
LogModuleManager: Display: Found up-to-date module file ../../../Engine/Plugins/Editor/FacialAnimation/Binaries/Win64/UE4Editor-FacialAnimation.dll (API version 3709383).
LogModuleManager: Display: Found up-to-date module file ../../../Engine/Plugins/Editor/FacialAnimation/Binaries/Win64/UE4Editor-FacialAnimationEditor.dll (API version 3709383).
LogModuleManager: Display: Found up-to-date module file ../../../Engine/Plugins/Editor/GameplayTagsEditor/Binaries/Win64/UE4Editor-GameplayTagsEditor.dll (API version 3709383).
LogModuleManager: Display: Found up-to-date module file ../../../Engine/Plugins/Editor/MobileLauncherProfileWizard/Binaries/Win64/UE4Editor-MobileLauncherProfileWizard.dll (API version 3709383).
LogModuleManager: Display: Found up-to-date module file ../../../Engine/Plugins/Editor/PluginBrowser/Binaries/Win64/UE4Editor-PluginBrowser.dll (API version 3709383).
LogModuleManager: Display: Found up-to-date module file ../../../Engine/Plugins/Editor/SpeedTreeImporter/Binaries/Win64/UE4Editor-SpeedTreeImporter.dll (API version 3709383).
LogModuleManager: Display: Found up-to-date module file ../../../Engine/Plugins/Experimental/AlembicImporter/Binaries/Win64/UE4Editor-AlembicImporter.dll (API version 3709383).
LogModuleManager: Display: Found up-to-date module file ../../../Engine/Plugins/Experimental/AlembicImporter/Binaries/Win64/UE4Editor-AlembicLibrary.dll (API version 3709383).
LogModuleManager: Display: Found up-to-date module file ../../../Engine/Plugins/Experimental/CharacterAI/Binaries/Win64/UE4Editor-CharacterAI.dll (API version 3709383).
LogModuleManager: Display: Found up-to-date module file ../../../Engine/Plugins/Experimental/HTML5Networking/Binaries/Win64/UE4Editor-HTML5Networking.dll (API version 3709383).
LogModuleManager: Display: Found up-to-date module file ../../../Engine/Plugins/Media/AndroidMedia/Binaries/Win64/UE4Editor-AndroidMediaEditor.dll (API version 3709383).
LogModuleManager: Display: Found up-to-date module file ../../../Engine/Plugins/Media/AndroidMedia/Binaries/Win64/UE4Editor-AndroidMediaFactory.dll (API version 3709383).
LogModuleManager: Display: Found up-to-date module file ../../../Engine/Plugins/Media/AvfMedia/Binaries/Win64/UE4Editor-AvfMediaEditor.dll (API version 3709383).
LogModuleManager: Display: Found up-to-date module file ../../../Engine/Plugins/Media/AvfMedia/Binaries/Win64/UE4Editor-AvfMediaFactory.dll (API version 3709383).
LogModuleManager: Display: Found up-to-date module file ../../../Engine/Plugins/Media/AvfMedia/Binaries/Win64/UE4Editor-AvfMediaFactory.dll (API version 3709383).
LogModuleManager: Display: Found up-to-date module file ../../../Engine/Plugins/Media/ImgMedia/Binaries/Win64/UE4Editor-ImgMedia.dll (API version 3709383).
LogModuleManager: Display: Found up-to-date module file ../../../Engine/Plugins/Media/ImgMedia/Binaries/Win64/UE4Editor-ImgMediaEditor.dll (API version 3709383).
LogModuleManager: Display: Found up-to-date module file ../../../Engine/Plugins/Media/ImgMedia/Binaries/Win64/UE4Editor-ImgMediaFactory.dll (API version 3709383).
LogModuleManager: Display: Found up-to-date module file ../../../Engine/Plugins/Media/ImgMedia/Binaries/Win64/UE4Editor-ImgMediaFactory.dll (API version 3709383).
LogModuleManager: Display: Found up-to-date module file ../../../Engine/Plugins/Media/ImgMedia/Binaries/Win64/UE4Editor-OpenExrWrapper.dll (API version 3709383).
LogModuleManager: Display: Found up-to-date module file ../../../Engine/Plugins/Media/MediaCompositing/Binaries/Win64/UE4Editor-MediaCompositing.dll (API version 3709383).
LogModuleManager: Display: Found up-to-date module file ../../../Engine/Plugins/Media/MediaCompositing/Binaries/Win64/UE4Editor-MediaCompositingEditor.dll (API version 3709383).
LogModuleManager: Display: Found up-to-date module file ../../../Engine/Plugins/Media/MediaPlayerEditor/Binaries/Win64/UE4Editor-MediaPlayerEditor.dll (API version 3709383).
LogModuleManager: Display: Found up-to-date module file ../../../Engine/Plugins/Media/WmfMedia/Binaries/Win64/UE4Editor-WmfMedia.dll (API version 3709383).
LogModuleManager: Display: Found up-to-date module file ../../../Engine/Plugins/Media/WmfMedia/Binaries/Win64/UE4Editor-WmfMediaEditor.dll (API version 3709383).
LogModuleManager: Display: Found up-to-date module file ../../../Engine/Plugins/Media/WmfMedia/Binaries/Win64/UE4Editor-WmfMediaFactory.dll (API version 3709383).
LogModuleManager: Display: Found up-to-date module file ../../../Engine/Plugins/Media/WmfMedia/Binaries/Win64/UE4Editor-WmfMediaFactory.dll (API version 3709383).
LogModuleManager: Display: Found up-to-date module file ../../../Engine/Plugins/Messaging/TcpMessaging/Binaries/Win64/UE4Editor-TcpMessaging.dll (API version 3709383).
LogModuleManager: Display: Found up-to-date module file ../../../Engine/Plugins/Messaging/UdpMessaging/Binaries/Win64/UE4Editor-UdpMessaging.dll (API version 3709383).
LogModuleManager: Display: Found up-to-date module file ../../../Engine/Plugins/MovieScene/ActorSequence/Binaries/Win64/UE4Editor-ActorSequence.dll (API version 3709383).
LogModuleManager: Display: Found up-to-date module file ../../../Engine/Plugins/MovieScene/LevelSequenceEditor/Binaries/Win64/UE4Editor-LevelSequenceEditor.dll (API version 3709383).
LogModuleManager: Display: Found up-to-date module file ../../../Engine/Plugins/MovieScene/MatineeToLevelSequence/Binaries/Win64/UE4Editor-MatineeToLevelSequence.dll (API version 3709383).
LogModuleManager: Display: Found up-to-date module file ../../../Engine/Plugins/Online/OnlineSubsystem/Binaries/Win64/UE4Editor-OnlineSubsystem.dll (API version 3709383).
LogModuleManager: Display: Found up-to-date module file ../../../Engine/Plugins/Runtime/AndroidPermission/Binaries/Win64/UE4Editor-AndroidPermission.dll (API version 3709383).
LogModuleManager: Display: Found up-to-date module file ../../../Engine/Plugins/Online/OnlineSubsystemNull/Binaries/Win64/UE4Editor-OnlineSubsystemNull.dll (API version 3709383).
LogModuleManager: Display: Found up-to-date module file ../../../Engine/Plugins/Online/OnlineSubsystemUtils/Binaries/Win64/UE4Editor-OnlineSubsystemUtils.dll (API version 3709383).
LogModuleManager: Display: Found up-to-date module file ../../../Engine/Plugins/Online/OnlineSubsystemUtils/Binaries/Win64/UE4Editor-OnlineBlueprintSupport.dll (API version 3709383).
LogModuleManager: Display: Found up-to-date module file ../../../Engine/Plugins/Runtime/AndroidDeviceProfileSelector/Binaries/Win64/UE4Editor-AndroidDeviceProfileSelector.dll (API version 3709383).
LogModuleManager: Display: Found up-to-date module file ../../../Engine/Plugins/Runtime/AppleARKit/Binaries/Win64/UE4Editor-AppleARKit.dll (API version 3709383).
LogModuleManager: Display: Found up-to-date module file ../../../Engine/Plugins/Runtime/ArchVisCharacter/Binaries/Win64/UE4Editor-ArchVisCharacter.dll (API version 3709383).
LogModuleManager: Display: Found up-to-date module file ../../../Engine/Plugins/Runtime/CableComponent/Binaries/Win64/UE4Editor-CableComponent.dll (API version 3709383).
LogModuleManager: Display: Found up-to-date module file ../../../Engine/Plugins/Runtime/CustomMeshComponent/Binaries/Win64/UE4Editor-CustomMeshComponent.dll (API version 3709383).
LogModuleManager: Display: Found up-to-date module file ../../../Engine/Plugins/Runtime/ExampleDeviceProfileSelector/Binaries/Win64/UE4Editor-ExampleDeviceProfileSelector.dll (API version 3709383).
LogModuleManager: Display: Found up-to-date module file ../../../Engine/Plugins/Runtime/ImmediatePhysics/Binaries/Win64/UE4Editor-ImmediatePhysics.dll (API version 3709383).
LogModuleManager: Display: Found up-to-date module file ../../../Engine/Plugins/Runtime/ImmediatePhysics/Binaries/Win64/UE4Editor-ImmediatePhysicsEditor.dll (API version 3709383).
LogModuleManager: Display: Found up-to-date module file ../../../Engine/Plugins/Runtime/LocationServicesBPLibrary/Binaries/Win64/UE4Editor-LocationServicesBPLibrary.dll (API version 3709383).
LogModuleManager: Display: Found up-to-date module file ../../../Engine/Plugins/Runtime/MobilePatchingUtils/Binaries/Win64/UE4Editor-MobilePatchingUtils.dll (API version 3709383).
LogModuleManager: Display: Found up-to-date module file ../../../Engine/Plugins/Runtime/Oculus/OculusVR/Binaries/Win64/UE4Editor-OculusHMD.dll (API version 3709383).
LogModuleManager: Display: Found up-to-date module file ../../../Engine/Plugins/Runtime/Oculus/OculusVR/Binaries/Win64/UE4Editor-OculusInput.dll (API version 3709383).
LogModuleManager: Display: Found up-to-date module file ../../../Engine/Plugins/Runtime/Oculus/OculusVR/Binaries/Win64/UE4Editor-OculusEditor.dll (API version 3709383).
LogModuleManager: Display: Found up-to-date module file ../../../Engine/Plugins/Runtime/PhysXVehicles/Binaries/Win64/UE4Editor-PhysXVehicles.dll (API version 3709383).
LogModuleManager: Display: Found up-to-date module file ../../../Engine/Plugins/Runtime/PhysXVehicles/Binaries/Win64/UE4Editor-PhysXVehiclesEditor.dll (API version 3709383).
LogModuleManager: Display: Found up-to-date module file ../../../Engine/Plugins/Runtime/ProceduralMeshComponent/Binaries/Win64/UE4Editor-ProceduralMeshComponent.dll (API version 3709383).
LogModuleManager: Display: Found up-to-date module file ../../../Engine/Plugins/Runtime/ProceduralMeshComponent/Binaries/Win64/UE4Editor-ProceduralMeshComponentEditor.dll (API version 3709383).
LogModuleManager: Display: Found up-to-date module file ../../../Engine/Plugins/Runtime/RuntimePhysXCooking/Binaries/Win64/UE4Editor-RuntimePhysXCooking.dll (API version 3709383).
LogModuleManager: Display: Found up-to-date module file ../../../Engine/Plugins/Runtime/Steam/SteamVR/Binaries/Win64/UE4Editor-SteamVR.dll (API version 3709383).
LogModuleManager: Display: Found up-to-date module file ../../../Engine/Plugins/Runtime/Steam/SteamVR/Binaries/Win64/UE4Editor-SteamVRController.dll (API version 3709383).
LogModuleManager: Display: Found up-to-date module file ../../../Engine/Plugins/Runtime/WindowsMoviePlayer/Binaries/Win64/UE4Editor-WindowsMoviePlayer.dll (API version 3709383).
LogPluginManager: Mounting plugin Paper2D
LogPluginManager: Mounting plugin LightPropagationVolume
LogPluginManager: Mounting plugin CodeLiteSourceCodeAccess
LogPluginManager: Mounting plugin GitSourceControl
LogPluginManager: Mounting plugin KDevelopSourceCodeAccess
LogPluginManager: Mounting plugin NullSourceCodeAccess
LogPluginManager: Mounting plugin PerforceSourceControl
LogPluginManager: Mounting plugin SubversionSourceControl
LogPluginManager: Mounting plugin UObjectPlugin
LogPluginManager: Mounting plugin VisualStudioCodeSourceCodeAccess
LogPluginManager: Mounting plugin VisualStudioSourceCodeAccess
LogPluginManager: Mounting plugin XCodeSourceCodeAccess
LogPluginManager: Mounting plugin AssetManagerEditor
LogPluginManager: Mounting plugin AudioCapture
LogPluginManager: Mounting plugin FacialAnimation
LogPluginManager: Mounting plugin GameplayTagsEditor
LogPluginManager: Mounting plugin MobileLauncherProfileWizard
LogPluginManager: Mounting plugin PluginBrowser
LogPluginManager: Mounting plugin SpeedTreeImporter
LogPluginManager: Mounting plugin AlembicImporter
LogPluginManager: Mounting plugin CharacterAI
LogPluginManager: Mounting plugin HTML5Networking
LogPluginManager: Mounting plugin Substance
LogPluginManager: Mounting plugin AndroidMedia
LogPluginManager: Mounting plugin AvfMedia
LogPluginManager: Mounting plugin ImgMedia
LogPluginManager: Mounting plugin MediaCompositing
LogPluginManager: Mounting plugin MediaPlayerEditor
LogPluginManager: Mounting plugin WmfMedia
LogPluginManager: Mounting plugin TcpMessaging
LogPluginManager: Mounting plugin UdpMessaging
LogPluginManager: Mounting plugin ActorSequence
LogPluginManager: Mounting plugin LevelSequenceEditor
LogPluginManager: Mounting plugin MatineeToLevelSequence
LogPluginManager: Mounting plugin OnlineSubsystemGooglePlay
LogPluginManager: Mounting plugin OnlineSubsystemIOS
LogPluginManager: Mounting plugin OnlineSubsystem
LogPluginManager: Mounting plugin OnlineSubsystemNull
LogPluginManager: Mounting plugin OnlineSubsystemUtils
LogPluginManager: Mounting plugin AndroidDeviceProfileSelector
LogPluginManager: Mounting plugin AndroidMoviePlayer
LogPluginManager: Mounting plugin AndroidPermission
LogPluginManager: Mounting plugin ApexDestruction
LogPluginManager: Mounting plugin AppleARKit
LogPluginManager: Mounting plugin AppleMoviePlayer
LogPluginManager: Mounting plugin ArchVisCharacter
LogPluginManager: Mounting plugin CableComponent
LogPluginManager: Mounting plugin CustomMeshComponent
LogPluginManager: Mounting plugin ExampleDeviceProfileSelector
LogPluginManager: Mounting plugin GoogleCloudMessaging
LogPluginManager: Mounting plugin ImmediatePhysics
LogPluginManager: Mounting plugin IOSDeviceProfileSelector
LogPluginManager: Mounting plugin LinuxDeviceProfileSelector
LogPluginManager: Mounting plugin LocationServicesBPLibrary
LogPluginManager: Mounting plugin MobilePatchingUtils
LogPluginManager: Mounting plugin OculusVR
LogPluginManager: Plugin shader directory ../../../Engine/Plugins/Runtime/Oculus/OculusVR/Shaders found
LogPluginManager: Mapping shader source directory ../../../Engine/Plugins/Runtime/Oculus/OculusVR/Shaders to virtual directory /Plugin/OculusVR
LogPluginManager: Mounting plugin PhysXVehicles
LogPluginManager: Mounting plugin ProceduralMeshComponent
LogPluginManager: Mounting plugin RuntimePhysXCooking
LogPluginManager: Mounting plugin SteamVR
LogPluginManager: Mounting plugin WindowsMoviePlayer
LogPluginManager: Mounting plugin VictoryBPLibrary
LogPluginManager: Mounting plugin VictoryPlug1
LogInit: Using libcurl 7.47.1
LogInit:  - built for x86_64-pc-win32
LogInit:  - supports SSL with OpenSSL/1.0.2g
LogInit:  - supports HTTP deflate (compression) using libz 1.2.8
LogInit:  - other features:
LogInit:      CURL_VERSION_SSL
LogInit:      CURL_VERSION_LIBZ
LogInit:      CURL_VERSION_IPV6
LogInit:      CURL_VERSION_ASYNCHDNS
LogInit:      CURL_VERSION_LARGEFILE
LogInit:      CURL_VERSION_IDN
LogInit:  CurlRequestOptions (configurable via config and command line):
LogInit:  - bVerifyPeer = false  - Libcurl will NOT verify peer certificate
LogInit:  - bUseHttpProxy = false  - Libcurl will NOT use HTTP proxy
LogInit:  - bDontReuseConnections = false  - Libcurl will reuse connections
LogInit:  - CertBundlePath = nullptr  - Libcurl will use whatever was configured at build time.
LogModuleManager: Warning: No filename provided for module OnlineSubsystemSteam
LogModuleManager: Warning: ModuleManager: Unable to load module 'OnlineSubsystemSteam' because the file 'F:/UE_4.18/Engine/Binaries/Win64/' was not found.
LogInit: WinSock: version 1.1 (2.2), MaxSocks=32767, MaxUdp=65467
LogInit: Build: ++UE4+Release-4.18-CL-3794801
LogInit: Engine Version: 4.18.2-3794801+++UE4+Release-4.18
LogInit: Compatible Engine Version: 4.18.0-3709383+++UE4+Release-4.18
LogInit: Net CL: 3709383
LogDevObjectVersion: Number of dev versions registered: 16
LogDevObjectVersion:   Dev-Blueprints (B0D832E4-1F89-4F0D-ACCF-7EB736FD4AA2): 10
LogDevObjectVersion:   Dev-Build (E1C64328-A22C-4D53-A36C-8E866417BD8C): 0
LogDevObjectVersion:   Dev-Core (375EC13C-06E4-48FB-B500-84F0262A717E): 2
LogDevObjectVersion:   Dev-Editor (E4B068ED-F494-42E9-A231-DA0B2E46BB41): 20
LogDevObjectVersion:   Dev-Framework (CFFC743F-43B0-4480-9391-14DF171D2073): 30
LogDevObjectVersion:   Dev-Mobile (B02B49B5-BB20-44E9-A304-32B752E40360): 0
LogDevObjectVersion:   Dev-Networking (A4E4105C-59A1-49B5-A7C5-40C4547EDFEE): 0
LogDevObjectVersion:   Dev-Online (39C831C9-5AE6-47DC-9A44-9C173E1C8E7C): 0
LogDevObjectVersion:   Dev-Physics (78F01B33-EBEA-4F98-B9B4-84EACCB95AA2): 0
LogDevObjectVersion:   Dev-Platform (6631380F-2D4D-43E0-8009-CF276956A95A): 0
LogDevObjectVersion:   Dev-Rendering (12F88B9F-8875-4AFC-A67C-D90C383ABD29): 20
LogDevObjectVersion:   Dev-Sequencer (7B5AE74C-D270-4C10-A958-57980B212A5A): 4
LogDevObjectVersion:   Dev-VR (D7296918-1DD6-4BDD-9DE2-64A83CC13884): 0
LogDevObjectVersion:   Dev-LoadTimes (C2A15278-BFE7-4AFE-6C17-90FF531DF755): 1
LogDevObjectVersion:   Private-Geometry (6EACA3D4-40EC-4CC1-B786-8BED09428FC5): 1
LogDevObjectVersion:   Dev-AnimPhys (29E575DD-E0A3-4627-9D10-D276232CDCEA): 12
LogInit: Compiled (64-bit): Dec  8 2017 02:04:53
LogInit: Compiled with Visual C++: 19.00.24215.01
LogInit: Build Configuration: Development
LogInit: Branch Name: ++UE4+Release-4.18
LogInit: Command line:  
LogInit: Base directory: F:/UE_4.18/Engine/Binaries/Win64/
LogInit: Installed Engine Build: 1
LogInit: Presizing for max 8388607 objects, including 0 objects not considered by GC, pre-allocating 0 bytes for permanent pool.
LogInit: Object subsystem initialized
[2018.01.10-21.02.40:345][  0]LogInit: Selected Device Profile: [Windows]
[2018.01.10-21.02.40:345][  0]LogInit: Applying CVar settings loaded from the selected device profile: [Windows]
[2018.01.10-21.02.40:384][  0]LogInit: Computer: 1111-1
[2018.01.10-21.02.40:384][  0]LogInit: User: 111
[2018.01.10-21.02.40:384][  0]LogInit: CPU Page size=4096, Cores=4
[2018.01.10-21.02.40:384][  0]LogInit: High frequency timer resolution =3.036262 MHz
[2018.01.10-21.02.40:384][  0]LogMemory: Memory total: Physical=15.9GB (16GB approx)
[2018.01.10-21.02.40:384][  0]LogMemory: Platform Memory Stats for Windows
[2018.01.10-21.02.40:384][  0]LogMemory: Process Physical Memory: 274.11 MB used, 274.11 MB peak
[2018.01.10-21.02.40:384][  0]LogMemory: Process Virtual Memory: 269.83 MB used, 269.83 MB peak
[2018.01.10-21.02.40:384][  0]LogMemory: Physical Memory: 8552.34 MB used,  7773.88 MB free, 16326.22 MB total
[2018.01.10-21.02.40:384][  0]LogMemory: Virtual Memory: 678.96 MB used,  7773.88 MB free, 134217728.00 MB total
[2018.01.10-21.02.40:521][  0]LogInit: Using OS detected language (ru-RU).
[2018.01.10-21.02.40:521][  0]LogInit: Using OS detected locale (ru-RU).
[2018.01.10-21.02.40:684][  0]LogTextLocalizationManager: No localization for 'ru-RU' exists, so 'en' will be used for the language.
[2018.01.10-21.02.40:684][  0]LogTextLocalizationManager: No localization for 'ru-RU' exists, so 'en' will be used for the locale.
[2018.01.10-21.02.41:188][  0]LogInit: Setting process to per monitor DPI aware
[2018.01.10-21.02.46:123][  0]LogD3D11RHI: D3D11 adapters:
[2018.01.10-21.02.46:176][  0]LogD3D11RHI:    0. 'NVIDIA GeForce GTX 750 Ti' (Feature Level 11_0)
[2018.01.10-21.02.46:176][  0]LogD3D11RHI:       2017/0/8163 MB DedicatedVideo/DedicatedSystem/SharedSystem, Outputs:1, VendorId:0x10de
[2018.01.10-21.02.46:178][  0]LogD3D11RHI:    1. 'Microsoft Basic Render Driver' (Feature Level 11_0)
[2018.01.10-21.02.46:178][  0]LogD3D11RHI:       0/0/8163 MB DedicatedVideo/DedicatedSystem/SharedSystem, Outputs:0, VendorId:0x1414
[2018.01.10-21.02.46:178][  0]LogD3D11RHI: Chosen D3D11 Adapter: 0
[2018.01.10-21.02.46:184][  0]LogD3D11RHI: Creating new Direct3DDevice
[2018.01.10-21.02.46:184][  0]LogD3D11RHI:     GPU DeviceId: 0x1380 (for the marketing name, search the web for "GPU Device Id")
[2018.01.10-21.02.46:184][  0]LogWindows: EnumDisplayDevices:
[2018.01.10-21.02.46:185][  0]LogWindows:    0. 'NVIDIA GeForce GTX 750 Ti' (P:1 D:1)
[2018.01.10-21.02.46:185][  0]LogWindows:    1. 'NVIDIA GeForce GTX 750 Ti' (P:0 D:0)
[2018.01.10-21.02.46:185][  0]LogWindows:    2. 'NVIDIA GeForce GTX 750 Ti' (P:0 D:0)
[2018.01.10-21.02.46:185][  0]LogWindows:    3. 'NVIDIA GeForce GTX 750 Ti' (P:0 D:0)
[2018.01.10-21.02.46:185][  0]LogWindows: DebugString: GetVideoDriverDetailsInvalid PrimaryIsNotTheChoosenAdapter GetVideoDriverDetailsInvalid PrimaryIsNotTheChoosenAdapter GetVideoDriverDetailsInvalid PrimaryIsNotTheChoosenAdapter GetVideoDriverDetailsInvalid PrimaryIsNotTheChoosenAdapter FoundDriverCount:0 
[2018.01.10-21.02.46:185][  0]LogD3D11RHI:     Adapter Name: NVIDIA GeForce GTX 750 Ti
[2018.01.10-21.02.46:185][  0]LogD3D11RHI:   Driver Version: Unknown (internal:Unknown, unified:Unknown)
[2018.01.10-21.02.46:185][  0]LogD3D11RHI:      Driver Date: Unknown
[2018.01.10-21.02.46:185][  0]LogRHI: Texture pool is 1412 MB (70% of 2017 MB)
[2018.01.10-21.02.46:221][  0]LogD3D11RHI: Async texture creation enabled
[2018.01.10-21.02.46:869][  0]LogD3D11RHI: GPU Timing Frequency: 1000.000000 (Debug: 2 1)
[2018.01.10-21.02.46:871][  0]LogShaderCompilers: Guid format shader working directory is 6 characters bigger than the processId version (../../../../Disaster/ResearchDisaster/Intermediate/Shaders/WorkingDirectory/14708/).
[2018.01.10-21.02.46:871][  0]LogShaderCompilers: Cleaned the shader compiler working directory 'C:/Users/111/AppData/Local/Temp/UnrealShaderWorkingDir/04230CAA40A7D7761838B9A6500D471E/'.
[2018.01.10-21.02.46:871][  0]LogShaderCompilers: Display: Using Local Shader Compiler.
[2018.01.10-21.02.50:743][  0]LogTemp: Display: Loaded TP AllDesktopTargetPlatform
[2018.01.10-21.02.50:795][  0]LogTemp: Display: Loaded TP MacClientTargetPlatform
[2018.01.10-21.02.50:847][  0]LogTemp: Display: Loaded TP MacNoEditorTargetPlatform
[2018.01.10-21.02.50:898][  0]LogTemp: Display: Loaded TP MacServerTargetPlatform
[2018.01.10-21.02.50:960][  0]LogTemp: Display: Loaded TP MacTargetPlatform
[2018.01.10-21.02.51:016][  0]LogTemp: Display: Loaded TP WindowsClientTargetPlatform
[2018.01.10-21.02.51:071][  0]LogTemp: Display: Loaded TP WindowsNoEditorTargetPlatform
[2018.01.10-21.02.51:132][  0]LogTemp: Display: Loaded TP WindowsServerTargetPlatform
[2018.01.10-21.02.51:175][  0]LogTemp: Display: Loaded TP WindowsTargetPlatform
[2018.01.10-21.02.51:252][  0]LogTemp: Display: Loaded TP Android_ASTCTargetPlatform
[2018.01.10-21.02.51:304][  0]LogTemp: Display: Loaded TP Android_ATCTargetPlatform
[2018.01.10-21.02.51:360][  0]LogTemp: Display: Loaded TP Android_DXTTargetPlatform
[2018.01.10-21.02.51:411][  0]LogTemp: Display: Loaded TP Android_ETC1TargetPlatform
[2018.01.10-21.02.51:463][  0]LogTemp: Display: Loaded TP Android_ETC2TargetPlatform
[2018.01.10-21.02.51:577][  0]LogTemp: Display: Loaded TP Android_MultiTargetPlatform
[2018.01.10-21.02.51:577][  0]LogTemp: Display: Loaded TP Android_PVRTCTargetPlatform
[2018.01.10-21.02.51:643][  0]LogTemp: Display: Loaded TP AndroidTargetPlatform
[2018.01.10-21.02.51:681][  0]LogTemp: Display: Loaded TP HTML5TargetPlatform
[2018.01.10-21.02.51:796][  0]LogTemp: Display: Loaded TP IOSTargetPlatform
[2018.01.10-21.02.51:826][  0]LogTemp: Display: Loaded TP TVOSTargetPlatform
[2018.01.10-21.02.51:876][  0]LogTemp: Display: Loaded TP LinuxClientTargetPlatform
[2018.01.10-21.02.51:927][  0]LogTemp: Display: Loaded TP LinuxNoEditorTargetPlatform
[2018.01.10-21.02.51:985][  0]LogTemp: Display: Loaded TP LinuxServerTargetPlatform
[2018.01.10-21.02.52:051][  0]LogTemp: Display: Loaded TP LinuxTargetPlatform
[2018.01.10-21.02.52:051][  0]LogTargetPlatformManager: Display: Building Assets For Windows
[2018.01.10-21.02.52:501][  0]LogDerivedDataCache: Display: Max Cache Size: 512 MB
[2018.01.10-21.02.52:575][  0]LogDerivedDataCache: Loaded boot cache 0.07s 78MB C:/Users/111/AppData/Local/UnrealEngine/4.18/DerivedDataCache/Boot.ddc.
[2018.01.10-21.02.52:575][  0]LogDerivedDataCache: Display: Loaded Boot cache: C:/Users/111/AppData/Local/UnrealEngine/4.18/DerivedDataCache/Boot.ddc
[2018.01.10-21.02.52:575][  0]LogDerivedDataCache: FDerivedDataBackendGraph:  Pak pak cache file ../../../../Disaster/ResearchDisaster/DerivedDataCache/DDC.ddp not found, will not use a pak cache.
[2018.01.10-21.02.52:575][  0]LogDerivedDataCache: Unable to find inner node Pak for hierarchical cache Hierarchy.
[2018.01.10-21.02.52:575][  0]LogDerivedDataCache: FDerivedDataBackendGraph:  CompressedPak pak cache file ../../../../Disaster/ResearchDisaster/DerivedDataCache/Compressed.ddp not found, will not use a pak cache.
[2018.01.10-21.02.52:575][  0]LogDerivedDataCache: Unable to find inner node CompressedPak for hierarchical cache Hierarchy.
[2018.01.10-21.02.52:593][  0]LogDerivedDataCache: Display: Pak cache opened for reading ../../../Engine/DerivedDataCache/Compressed.ddp.
[2018.01.10-21.02.52:605][  0]LogDerivedDataCache: Using Local data cache path C:/Users/111/AppData/Local/UnrealEngine/Common/DerivedDataCache: Writable
[2018.01.10-21.02.52:619][  0]LogMaterial: Verifying Global Shaders for PCD3D_SM5
[2018.01.10-21.02.52:619][  0]LogSlate: Using Freetype 2.6.0
[2018.01.10-21.02.52:620][  0]LogSlate: SlateFontCache - WITH_FREETYPE: 1, WITH_HARFBUZZ: 1
[2018.01.10-21.02.52:620][  0]LogSlate: SlateFontCache - WITH_FREETYPE: 1, WITH_HARFBUZZ: 1
[2018.01.10-21.02.53:116][  0]LogInit: Selected Device Profile: [Windows]
[2018.01.10-21.02.53:471][  0]LogSimplygon: Simplygon DLL not present - disabling.
[2018.01.10-21.02.53:509][  0]LogMeshReduction: Using SimplygonSwarm for distributed automatic mesh merging
[2018.01.10-21.02.53:509][  0]LogMeshReduction: Using QuadricMeshReduction for automatic static mesh reduction
[2018.01.10-21.02.53:509][  0]LogMeshReduction: No automatic skeletal mesh reduction module available
[2018.01.10-21.02.53:509][  0]LogMeshReduction: No automatic mesh merging module available
[2018.01.10-21.02.53:509][  0]LogMeshMerging: No automatic mesh merging module available
[2018.01.10-21.02.53:538][  0]LogNetVersion: RNDYOUFUCK , NetCL: 3709383, EngineNetVer: 2, GameNetVer: 0 (Checksum: 762423528)
[2018.01.10-21.02.53:711][  0]LogAssetRegistry: FAssetRegistry took 0.0272 seconds to start up
[2018.01.10-21.02.54:225][  0]LogPackageLocalizationCache: Processed 8 localized package path(s) for 1 prioritized culture(s) in 0.041277 seconds
[2018.01.10-21.02.54:231][  0]LogUObjectArray: 35900 objects as part of root set at end of initial load.
[2018.01.10-21.02.54:231][  0]LogUObjectAllocator: 7372016 out of 0 bytes used by permanent object pool.
[2018.01.10-21.02.54:231][  0]LogUObjectArray: CloseDisregardForGC: 0/0 objects in disregard for GC pool
[2018.01.10-21.03.07:125][  0]LogSubstanceCoreModule: Substance [CPU] Engine Loaded, Max Texture Size = 2048
[2018.01.10-21.03.07:166][  0]LogTcpMessaging: Initializing TcpMessaging bridge
[2018.01.10-21.03.07:211][  0]LogUdpMessaging: Initializing bridge on interface 0.0.0.0:0 to multicast group 230.0.0.1:6666.
[2018.01.10-21.03.08:361][  0]LogMaterial: Uniform references updated for custom material expression Custom.
[2018.01.10-21.03.08:879][  0]SourceControl: Source control is disabled
[2018.01.10-21.03.08:880][  0]SourceControl: Source control is disabled
[2018.01.10-21.03.08:939][  0]SourceControl: Source control is disabled
[2018.01.10-21.03.09:006][  0]SourceControl: Source control is disabled
[2018.01.10-21.03.10:232][  0]LogAndroidPermission: UAndroidPermissionCallbackProxy::GetInstance
[2018.01.10-21.03.10:516][  0]LogOcInput: OculusInput pre-init called
[2018.01.10-21.03.11:477][  0]LogEngine: Initializing Engine...
[2018.01.10-21.03.11:481][  0]LogHMD: Failed to initialize OpenVR with code 100
[2018.01.10-21.03.11:745][  0]LogStats: UGameplayTagsManager::ConstructGameplayTagTree: Construct from data asset -  0.000 s
[2018.01.10-21.03.11:745][  0]LogStats: UGameplayTagsManager::ConstructGameplayTagTree: GameplayTagTreeChangedEvent.Broadcast -  0.000 s
[2018.01.10-21.03.11:889][  0]LogAIModule: Creating AISystem for world Untitled
[2018.01.10-21.03.11:903][  0]LogInit: XAudio2 using 'Динамики (Realtek High Definition Audio)' : 2 channels at 48 kHz using 16 bits per sample (channel mask 0x3)
[2018.01.10-21.03.11:923][  0]LogInit: FAudioDevice initialized.
[2018.01.10-21.03.12:108][  0]LogDerivedDataCache: Saved boot cache 0.18s 78MB C:/Users/111/AppData/Local/UnrealEngine/4.18/DerivedDataCache/Boot.ddc.
[2018.01.10-21.03.12:122][  0]LogInit: Texture streaming: Enabled
[2018.01.10-21.03.12:230][  0]LogEngineSessionManager: EngineSessionManager initialized
[2018.01.10-21.03.12:395][  0]LogInit: Transaction tracking system initialized
[2018.01.10-21.03.12:738][  0]BlueprintLog: New page: Editor Load
[2018.01.10-21.03.13:794][  0]LocalizationService: Localization service is disabled
[2018.01.10-21.03.14:423][  0]LogLinker: Warning: Can't find file '/Game/ThirdPersonBP/ThirdPersonOverview'
[2018.01.10-21.03.14:423][  0]LogLinker: Warning: Can't find file '/Game/ThirdPersonBP/ThirdPersonOverview'
[2018.01.10-21.03.14:423][  0]LogUObjectGlobals: Warning: Failed to find object 'Class /Game/ThirdPersonBP/ThirdPersonOverview.ThirdPersonOverview_C'
[2018.01.10-21.03.14:703][  0]LogConsoleResponse: Display: 
[2018.01.10-21.03.15:323][  0]LogCook: Display: Max memory allowance for cook 16384mb min free memory 0mb
[2018.01.10-21.03.15:324][  0]LogCook: Display: Mobile HDR setting 1
[2018.01.10-21.03.15:324][  0]LogGameplayTags: Display: UGameplayTagsManager::DoneAddingNativeTags. DelegateIsBound: 0
[2018.01.10-21.03.15:825][  0]LogFileCache: Scanning file cache for directory 'F:/Disaster/ResearchDisaster/Content/' took 0.02s
[2018.01.10-21.03.16:922][  0]SourceControl: Source control is disabled
[2018.01.10-21.03.16:922][  0]Cmd: MAP LOAD FILE="../../../../Disaster/ResearchDisaster/Content/Maps/MainMenu.umap" TEMPLATE=0 SHOWPROGRESS=1 FEATURELEVEL=3
[2018.01.10-21.03.16:923][  0]LightingResults: New page: Lighting Build
[2018.01.10-21.03.16:964][  0]MapCheck: New page: Map Check
[2018.01.10-21.03.16:964][  0]LightingResults: New page: Lighting Build
[2018.01.10-21.03.17:048][  0]LogProperty: Error: UStructProperty::Serialize Loading: Property 'StructProperty /Game/ThirdPersonBP/Blueprints/BasicCodingSetup/PlayerSaveGame.PlayerSaveGame_C:S_PlayerInfo'. Unknown structure.
[2018.01.10-21.03.17:048][  0]LogClass: Warning: Property S_PlayerInfo of S_PlayerInfo has a struct type mismatch (tag STRUCT_REINST_PlayerInfo_10 != prop FallbackStruct) in package:  ../../../../Disaster/ResearchDisaster/Content/ThirdPersonBP/Blueprints/BasicCodingSetup/PlayerSaveGame.uasset. If that struct got renamed, add an entry to ActiveStructRedirects.
[2018.01.10-21.03.17:273][  0]LogClass: Warning: Property S_PlayerInfo of S_PlayerInfo has a struct type mismatch (tag FallbackStruct != prop PlayerInfo) in package:  FObjectReader. If that struct got renamed, add an entry to ActiveStructRedirects.
[2018.01.10-21.03.17:532][  0]LogAIModule: Creating AISystem for world MainMenu
[2018.01.10-21.03.17:534][  0]LogEditorServer: Finished looking for orphan Actors (0.000 secs)
[2018.01.10-21.03.17:556][  0]Cmd: MAP CHECKDEP NOCLEARLOG
[2018.01.10-21.03.17:619][  0]MapCheck: Map check complete: 0 Error(s), 0 Warning(s), took 62.2ms to complete.
[2018.01.10-21.03.17:619][  0]LogFileHelpers: Loading map 'MainMenu' took 0.697
[2018.01.10-21.03.17:853][  0]LogCollectionManager: Loaded 0 collections in 0.001061 seconds
[2018.01.10-21.03.17:936][  0]LogFileCache: Scanning file cache for directory 'F:/Disaster/ResearchDisaster/Saved/Collections/' took 0.01s
[2018.01.10-21.03.17:936][  0]LogFileCache: Scanning file cache for directory 'F:/Disaster/ResearchDisaster/Content/Developers/111/Collections/' took 0.01s
[2018.01.10-21.03.17:936][  0]LogFileCache: Scanning file cache for directory 'F:/Disaster/ResearchDisaster/Content/Collections/' took 0.01s
[2018.01.10-21.03.17:936][  0]LogCollectionManager: Rebuilt the GUID cache for 0 collections in 0.000000 seconds
[2018.01.10-21.03.17:948][  0]LogContentBrowser: Native class hierarchy populated in 0.0120 seconds. Added 2392 classes and 533 folders.
[2018.01.10-21.03.18:025][  0]LogContentBrowser: Native class hierarchy updated for 'WidgetCarousel' in 0.0003 seconds. Added 0 classes and 0 folders.
[2018.01.10-21.03.18:609][  0]LogContentBrowser: Native class hierarchy updated for 'AddContentDialog' in 0.0003 seconds. Added 0 classes and 0 folders.
[2018.01.10-21.03.18:653][  0]LogContentBrowser: Native class hierarchy updated for 'SceneOutliner' in 0.0004 seconds. Added 1 classes and 2 folders.
[2018.01.10-21.03.18:748][  0]LogSlate: Took 0.000354 seconds to synchronously load lazily loaded font '../../../Engine/Content/Slate/Fonts/Roboto-Regular.ttf' (155K)
[2018.01.10-21.03.18:781][  0]LogSlate: Took 0.026481 seconds to synchronously load lazily loaded font '../../../Engine/Content/Slate/Fonts/Roboto-Bold.ttf' (160K)
[2018.01.10-21.03.18:813][  0]LogSlate: Took 0.027593 seconds to synchronously load lazily loaded font '../../../Engine/Content/Editor/Slate/Fonts/FontAwesome.ttf' (139K)
[2018.01.10-21.03.18:991][  0]LogRenderer: Reallocating scene render targets to support 1244x700 Format 10 NumSamples 1 (Frame:1).
[2018.01.10-21.03.19:416][  0]LogContentBrowser: Native class hierarchy updated for 'HierarchicalLODOutliner' in 0.0003 seconds. Added 1 classes and 2 folders.
[2018.01.10-21.03.19:416][  0]LogLoad: (Engine Initialization) Total time: 41.71 seconds
[2018.01.10-21.03.19:416][  0]LogLoad: (Engine Initialization) Total Blueprint compile time: 0.00 seconds
[2018.01.10-21.03.19:417][  0]LogExternalProfiler: Found external profiler: VSPerf
[2018.01.10-21.03.19:417][  0]LogExternalProfiler: Using external profiler: VSPerf
[2018.01.10-21.03.19:778][  0]LogContentStreaming: Texture pool size now 1000 MB
[2018.01.10-21.03.19:889][  1]LogSubstanceLiveLink: Warning: Unable to send data along socket, closing connection
[2018.01.10-21.03.20:439][  2]LogAssetRegistry: Asset discovery search completed in 26.7490 seconds
[2018.01.10-21.03.20:444][  2]LogCollectionManager: Rebuilt the object cache for 0 collections in 0.000001 seconds (found 0 objects)
[2018.01.10-21.03.20:444][  2]LogCollectionManager: Fixed up redirectors for 0 collections in 0.000076 seconds (updated 0 objects)
[2018.01.10-21.03.20:769][  3]LogSlate: Took 0.000335 seconds to synchronously load lazily loaded font '../../../Engine/Content/Slate/Fonts/Roboto-Light.ttf' (159K)
[2018.01.10-21.03.24:101][ 13]LogSlate: Took 0.000196 seconds to synchronously load lazily loaded font '../../../Engine/Content/Slate/Fonts/Roboto-Light.ttf' (159K)
[2018.01.10-21.03.45:314][108]LogBlueprint: Warning: [Compiler ThirdPerson_AnimBP] Idle/Run to Idle_crouch  will never be taken, please connect something to  Can Enter Transition
[2018.01.10-21.03.45:314][108]LogBlueprint: Warning: [Compiler ThirdPerson_AnimBP] Idle_crouch to Idle/Run  will never be taken, please connect something to  Can Enter Transition
[2018.01.10-21.03.45:319][108]LogBlueprint: Warning: [Compiler ThirdPerson_AnimBP] [0067.62] Compile of ThirdPerson_AnimBP successful, but with 2 Warning(s) [in 13 ms] (/Game/Mannequin/Animations/ThirdPerson_AnimBP.ThirdPerson_AnimBP)
[2018.01.10-21.03.45:686][108]LogSlate: Took 0.000187 seconds to synchronously load lazily loaded font '../../../Engine/Content/Slate/Fonts/Roboto-Light.ttf' (159K)
[2018.01.10-21.03.46:478][108]LogSlate: Took 0.000172 seconds to synchronously load lazily loaded font '../../../Engine/Content/Slate/Fonts/Roboto-Regular.ttf' (155K)
[2018.01.10-21.03.47:127][108]LogContentBrowser: Native class hierarchy updated for 'BlueprintGraph' in 0.0008 seconds. Added 116 classes and 0 folders.
[2018.01.10-21.03.48:601][108]LogSlate: Took 0.018383 seconds to synchronously load lazily loaded font '../../../Engine/Content/Editor/Slate/Fonts/Roboto-BoldCondensed.ttf' (158K)
[2018.01.10-21.03.48:714][109]LogSlate: Took 0.006128 seconds to synchronously load lazily loaded font '../../../Engine/Content/Editor/Slate/Fonts/Roboto-Italic.ttf' (157K)
[2018.01.10-21.03.54:316][389]Cmd: OBJ SAVEPACKAGE PACKAGE="/Game/ThirdPersonBP/Blueprints/GameplayGM" FILE="../../../../Disaster/ResearchDisaster/Content/ThirdPersonBP/Blueprints/GameplayGM.uasset" SILENT=true
[2018.01.10-21.03.54:378][389]LogSavePackage: Save=45.29ms
[2018.01.10-21.03.54:378][389]LogSavePackage: Moving '../../../../Disaster/ResearchDisaster/Saved/GameplayGM934CC267465EF3A27B2A4DA2849710EB.tmp' to '../../../../Disaster/ResearchDisaster/Content/ThirdPersonBP/Blueprints/GameplayGM.uasset'
[2018.01.10-21.03.54:379][389]LogSavePackage: Display: Finished SavePackage ../../../../Disaster/ResearchDisaster/Content/ThirdPersonBP/Blueprints/GameplayGM.uasset
[2018.01.10-21.04.28:549][473]Cmd: OBJ SAVEPACKAGE PACKAGE="/Game/ThirdPersonBP/Blueprints/GameplayPC" FILE="../../../../Disaster/ResearchDisaster/Content/ThirdPersonBP/Blueprints/GameplayPC.uasset" SILENT=true
[2018.01.10-21.04.28:565][473]LogSavePackage: Save=13.43ms
[2018.01.10-21.04.28:566][473]LogSavePackage: Moving '../../../../Disaster/ResearchDisaster/Saved/GameplayPC4583030F41885200DFEBB894859A8C9C.tmp' to '../../../../Disaster/ResearchDisaster/Content/ThirdPersonBP/Blueprints/GameplayPC.uasset'
[2018.01.10-21.04.28:567][473]LogSavePackage: Display: Finished SavePackage ../../../../Disaster/ResearchDisaster/Content/ThirdPersonBP/Blueprints/GameplayPC.uasset
[2018.01.10-21.04.49:214][512]LogSlate: Warning: Prevented a slow task dialog from being summoned while a context menu was open
[2018.01.10-21.04.54:079][855]BlueprintLog: New page: Compile GameplayGM
[2018.01.10-21.04.54:751][873]Cmd: OBJ SAVEPACKAGE PACKAGE="/Game/ThirdPersonBP/Blueprints/GameplayGM" FILE="../../../../Disaster/ResearchDisaster/Content/ThirdPersonBP/Blueprints/GameplayGM.uasset" SILENT=true
[2018.01.10-21.04.54:806][873]LogSavePackage: Save=41.12ms
[2018.01.10-21.04.54:806][873]LogSavePackage: Moving '../../../../Disaster/ResearchDisaster/Saved/GameplayGM4534CD4B4B8CB55D92B13D9357998491.tmp' to '../../../../Disaster/ResearchDisaster/Content/ThirdPersonBP/Blueprints/GameplayGM.uasset'
[2018.01.10-21.04.54:808][873]LogSavePackage: Display: Finished SavePackage ../../../../Disaster/ResearchDisaster/Content/ThirdPersonBP/Blueprints/GameplayGM.uasset
[2018.01.10-21.05.08:271][694]LogAIModule: Creating AISystem for world B1
[2018.01.10-21.05.08:317][694]Cmd: MAP LOAD FILE="../../../../Disaster/ResearchDisaster/Content/Maps/B1.umap" TEMPLATE=0 SHOWPROGRESS=1 FEATURELEVEL=3
[2018.01.10-21.05.08:317][694]LightingResults: New page: Lighting Build
[2018.01.10-21.05.08:318][694]LoadErrors: New page: Loading map: B1.umap
[2018.01.10-21.05.08:318][694]MapCheck: New page: Map Check
[2018.01.10-21.05.08:318][694]LightingResults: New page: Lighting Build
[2018.01.10-21.05.08:473][694]LogEditorServer: Finished looking for orphan Actors (0.000 secs)
[2018.01.10-21.05.08:539][694]Cmd: MAP CHECKDEP NOCLEARLOG
[2018.01.10-21.05.08:597][694]MapCheck: Map check complete: 0 Error(s), 0 Warning(s), took 57.808ms to complete.
[2018.01.10-21.05.08:597][694]LogFileHelpers: Loading map 'B1' took 0.281
[2018.01.10-21.05.14:533][887]LogAIModule: Creating AISystem for world MainMenu
[2018.01.10-21.05.14:559][887]Cmd: MAP LOAD FILE="../../../../Disaster/ResearchDisaster/Content/Maps/MainMenu.umap" TEMPLATE=0 SHOWPROGRESS=1 FEATURELEVEL=3
[2018.01.10-21.05.14:559][887]LightingResults: New page: Lighting Build
[2018.01.10-21.05.14:560][887]LoadErrors: New page: Loading map: MainMenu.umap
[2018.01.10-21.05.14:565][887]MapCheck: New page: Map Check
[2018.01.10-21.05.14:565][887]LightingResults: New page: Lighting Build
[2018.01.10-21.05.14:672][887]LogEditorServer: Finished looking for orphan Actors (0.000 secs)
[2018.01.10-21.05.14:737][887]Cmd: MAP CHECKDEP NOCLEARLOG
[2018.01.10-21.05.14:798][887]MapCheck: Map check complete: 0 Error(s), 0 Warning(s), took 60.74ms to complete.
[2018.01.10-21.05.14:798][887]LogFileHelpers: Loading map 'MainMenu' took 0.239
[2018.01.10-21.05.57:744][ 22]BlueprintLog: New page: Compile GameplayGM
[2018.01.10-21.05.58:446][ 37]Cmd: OBJ SAVEPACKAGE PACKAGE="/Game/ThirdPersonBP/Blueprints/GameplayGM" FILE="../../../../Disaster/ResearchDisaster/Content/ThirdPersonBP/Blueprints/GameplayGM.uasset" SILENT=true
[2018.01.10-21.05.58:509][ 37]LogSavePackage: Save=45.37ms
[2018.01.10-21.05.58:509][ 37]LogSavePackage: Moving '../../../../Disaster/ResearchDisaster/Saved/GameplayGM9C1BEA604F29F6CAF4352AAE9E4D4BEA.tmp' to '../../../../Disaster/ResearchDisaster/Content/ThirdPersonBP/Blueprints/GameplayGM.uasset'
[2018.01.10-21.05.58:511][ 37]LogSavePackage: Display: Finished SavePackage ../../../../Disaster/ResearchDisaster/Content/ThirdPersonBP/Blueprints/GameplayGM.uasset
[2018.01.10-21.06.49:824][634]BlueprintLog: New page: Compile GameplayPC
[2018.01.10-21.06.50:559][661]Cmd: OBJ SAVEPACKAGE PACKAGE="/Game/ThirdPersonBP/Blueprints/GameplayPC" FILE="../../../../Disaster/ResearchDisaster/Content/ThirdPersonBP/Blueprints/GameplayPC.uasset" SILENT=true
[2018.01.10-21.06.50:600][661]LogSavePackage: Save=19.01ms
[2018.01.10-21.06.50:600][661]LogSavePackage: Moving '../../../../Disaster/ResearchDisaster/Saved/GameplayPCFD9B35C645F3198F64DC15946B3CC757.tmp' to '../../../../Disaster/ResearchDisaster/Content/ThirdPersonBP/Blueprints/GameplayPC.uasset'
[2018.01.10-21.06.50:602][661]LogSavePackage: Display: Finished SavePackage ../../../../Disaster/ResearchDisaster/Content/ThirdPersonBP/Blueprints/GameplayPC.uasset
[2018.01.10-21.07.33:630][319]LogSlate: Took 0.020512 seconds to synchronously load lazily loaded font '../../../Engine/Content/Editor/Slate/Fonts/Roboto-BoldCondensedItalic.ttf' (160K)
[2018.01.10-21.08.09:537][ 94]BlueprintLog: New page: Compile GameplayPC
[2018.01.10-21.08.11:932][245]BlueprintLog: New page: Compile GameplayPC
[2018.01.10-21.08.12:566][261]Cmd: OBJ SAVEPACKAGE PACKAGE="/Game/ThirdPersonBP/Blueprints/GameplayPC" FILE="../../../../Disaster/ResearchDisaster/Content/ThirdPersonBP/Blueprints/GameplayPC.uasset" SILENT=true
[2018.01.10-21.08.12:602][261]LogSavePackage: Save=21.91ms
[2018.01.10-21.08.12:603][261]LogSavePackage: Moving '../../../../Disaster/ResearchDisaster/Saved/GameplayPC7FD9FD91495F62AC4EBF7AA7E0C9474E.tmp' to '../../../../Disaster/ResearchDisaster/Content/ThirdPersonBP/Blueprints/GameplayPC.uasset'
[2018.01.10-21.08.12:604][261]LogSavePackage: Display: Finished SavePackage ../../../../Disaster/ResearchDisaster/Content/ThirdPersonBP/Blueprints/GameplayPC.uasset
[2018.01.10-21.08.56:795][509]BlueprintLog: New page: Compile GameplayPC
[2018.01.10-21.08.57:506][526]Cmd: OBJ SAVEPACKAGE PACKAGE="/Game/ThirdPersonBP/Blueprints/GameplayPC" FILE="../../../../Disaster/ResearchDisaster/Content/ThirdPersonBP/Blueprints/GameplayPC.uasset" SILENT=true
[2018.01.10-21.08.57:549][526]LogSavePackage: Save=28.31ms
[2018.01.10-21.08.57:549][526]LogSavePackage: Moving '../../../../Disaster/ResearchDisaster/Saved/GameplayPCDC5FCB16492CE429479519AC59833D5C.tmp' to '../../../../Disaster/ResearchDisaster/Content/ThirdPersonBP/Blueprints/GameplayPC.uasset'
[2018.01.10-21.08.57:552][526]LogSavePackage: Display: Finished SavePackage ../../../../Disaster/ResearchDisaster/Content/ThirdPersonBP/Blueprints/GameplayPC.uasset
[2018.01.10-21.10.05:974][266]BlueprintLog: New page: Compile GameplayPC
[2018.01.10-21.10.06:663][283]Cmd: OBJ SAVEPACKAGE PACKAGE="/Game/ThirdPersonBP/Blueprints/GameplayPC" FILE="../../../../Disaster/ResearchDisaster/Content/ThirdPersonBP/Blueprints/GameplayPC.uasset" SILENT=true
[2018.01.10-21.10.06:709][283]LogSavePackage: Save=32.01ms
[2018.01.10-21.10.06:709][283]LogSavePackage: Moving '../../../../Disaster/ResearchDisaster/Saved/GameplayPC4B39DF8340EDADC8C8231593C9A52CDB.tmp' to '../../../../Disaster/ResearchDisaster/Content/ThirdPersonBP/Blueprints/GameplayPC.uasset'
[2018.01.10-21.10.06:711][283]LogSavePackage: Display: Finished SavePackage ../../../../Disaster/ResearchDisaster/Content/ThirdPersonBP/Blueprints/GameplayPC.uasset
[2018.01.10-21.15.06:689][297]LogWindowsTextInputMethodSystem: Display: IME system now deactivated.
[2018.01.10-21.15.06:689][297]LogWindowsTextInputMethodSystem: Display: IME system now deactivated.
[2018.01.10-21.15.09:388][330]LogWindowsTextInputMethodSystem: Display: IME system now deactivated.
[2018.01.10-21.15.09:388][330]LogWindowsTextInputMethodSystem: Display: IME system now deactivated.
[2018.01.10-21.15.14:920][382]LogFileHelpers: Editor autosave (incl. sublevels) for '/Game/Maps/MainMenu' took 0.024
[2018.01.10-21.15.14:990][382]OBJ SavePackage: Generating thumbnails for [0] asset(s) in package [/Game/ThirdPersonBP/Blueprints/GameplayPC] ([1] browsable assets)...
[2018.01.10-21.15.14:990][382]OBJ SavePackage: Finished generating thumbnails for package [/Game/ThirdPersonBP/Blueprints/GameplayPC]
[2018.01.10-21.15.15:048][382]LogSavePackage: Save=36.97ms
[2018.01.10-21.15.15:048][382]LogSavePackage: Moving '../../../../Disaster/ResearchDisaster/Saved/GameplayPC_Auto1F38974FC41AFA3DAC335C8A4C566BCFC.tmp' to '../../../../Disaster/ResearchDisaster/Saved/Autosaves/Game/ThirdPersonBP/Blueprints/GameplayPC_Auto1.uasset'
[2018.01.10-21.15.15:048][382]LogSavePackage: Display: Finished SavePackage ../../../../Disaster/ResearchDisaster/Saved/Autosaves/Game/ThirdPersonBP/Blueprints/GameplayPC_Auto1.uasset
[2018.01.10-21.15.15:048][382]LogFileHelpers: Auto-saving content packages took 0.059
[2018.01.10-21.15.18:692][421]BlueprintLog: New page: Compile GameplayPC
[2018.01.10-21.15.19:753][430]Cmd: OBJ SAVEPACKAGE PACKAGE="/Game/ThirdPersonBP/Blueprints/GameplayPC" FILE="../../../../Disaster/ResearchDisaster/Content/ThirdPersonBP/Blueprints/GameplayPC.uasset" SILENT=true
[2018.01.10-21.15.19:802][430]LogSavePackage: Save=35.43ms
[2018.01.10-21.15.19:802][430]LogSavePackage: Moving '../../../../Disaster/ResearchDisaster/Saved/GameplayPCB1D14E4B41A585DACE2401AD016FF2A4.tmp' to '../../../../Disaster/ResearchDisaster/Content/ThirdPersonBP/Blueprints/GameplayPC.uasset'
[2018.01.10-21.15.19:804][430]LogSavePackage: Display: Finished SavePackage ../../../../Disaster/ResearchDisaster/Content/ThirdPersonBP/Blueprints/GameplayPC.uasset
[2018.01.10-21.18.00:165][102]BlueprintLog: New page: Compile GameplayPC
[2018.01.10-21.18.01:124][108]Cmd: OBJ SAVEPACKAGE PACKAGE="/Game/ThirdPersonBP/Blueprints/GameplayPC" FILE="../../../../Disaster/ResearchDisaster/Content/ThirdPersonBP/Blueprints/GameplayPC.uasset" SILENT=true
[2018.01.10-21.18.01:184][108]LogSavePackage: Save=44.36ms
[2018.01.10-21.18.01:184][108]LogSavePackage: Moving '../../../../Disaster/ResearchDisaster/Saved/GameplayPC5B975A874C49568320A0EFAF4411F7BB.tmp' to '../../../../Disaster/ResearchDisaster/Content/ThirdPersonBP/Blueprints/GameplayPC.uasset'
[2018.01.10-21.18.01:186][108]LogSavePackage: Display: Finished SavePackage ../../../../Disaster/ResearchDisaster/Content/ThirdPersonBP/Blueprints/GameplayPC.uasset
[2018.01.10-21.18.49:025][961]LogSlate: Warning: Prevented a slow task dialog from being summoned while a context menu was open
[2018.01.10-21.18.51:620][ 60]LogSlate: Warning: Prevented a slow task dialog from being summoned while a context menu was open
[2018.01.10-21.22.20:369][484]BlueprintLog: New page: Compile GameplayPC
[2018.01.10-21.22.21:139][501]Cmd: OBJ SAVEPACKAGE PACKAGE="/Game/ThirdPersonBP/Blueprints/GameplayPC" FILE="../../../../Disaster/ResearchDisaster/Content/ThirdPersonBP/Blueprints/GameplayPC.uasset" SILENT=true
[2018.01.10-21.22.21:233][501]LogSavePackage: Save=73.29ms
[2018.01.10-21.22.21:233][501]LogSavePackage: Moving '../../../../Disaster/ResearchDisaster/Saved/GameplayPCE229926D4A66C49DE620519386C8ADB0.tmp' to '../../../../Disaster/ResearchDisaster/Content/ThirdPersonBP/Blueprints/GameplayPC.uasset'
[2018.01.10-21.22.21:236][501]LogSavePackage: Display: Finished SavePackage ../../../../Disaster/ResearchDisaster/Content/ThirdPersonBP/Blueprints/GameplayPC.uasset
[2018.01.10-21.23.55:496][457]BlueprintLog: New page: Compile GameplayPC
[2018.01.10-21.23.56:270][478]Cmd: OBJ SAVEPACKAGE PACKAGE="/Game/ThirdPersonBP/Blueprints/GameplayPC" FILE="../../../../Disaster/ResearchDisaster/Content/ThirdPersonBP/Blueprints/GameplayPC.uasset" SILENT=true
[2018.01.10-21.23.56:372][478]LogSavePackage: Save=88.25ms
[2018.01.10-21.23.56:372][478]LogSavePackage: Moving '../../../../Disaster/ResearchDisaster/Saved/GameplayPC2EDA2CA64B976CD2C9DCB18B09B9CB27.tmp' to '../../../../Disaster/ResearchDisaster/Content/ThirdPersonBP/Blueprints/GameplayPC.uasset'
[2018.01.10-21.23.56:374][478]LogSavePackage: Display: Finished SavePackage ../../../../Disaster/ResearchDisaster/Content/ThirdPersonBP/Blueprints/GameplayPC.uasset
[2018.01.10-21.24.17:427][  7]LogSlate: Only BGRA pngs, bmps or icos are supported in by External Image Picker
[2018.01.10-21.24.17:972][ 25]LogTemp: Executing iPhonePackager certificates Engine -bundlename com.YourCompany.RNDYOUFUCK
[2018.01.10-21.24.17:972][ 25]LogTemp: CWD: F:\UE_4.18\Engine\Binaries\DotNET\IOS
[2018.01.10-21.24.17:972][ 25]LogTemp: Initial Dir: F:\UE_4.18
[2018.01.10-21.24.17:972][ 25]LogTemp: Env CWD: F:\UE_4.18\Engine\Binaries\DotNET\IOS
[2018.01.10-21.24.17:976][ 25]LogTemp: BranchPath = 1111-1/F/UE_4.18/Engine/Binaries --- GameBranchPath = 1111-1/F/UE_4.18/Engine/Binaries
[2018.01.10-21.24.18:241][ 41]LogTemp: IPP ERROR: Could not find provision directory 'C:\Users\111\AppData\Local/Apple Computer/MobileDevice/Provisioning Profiles/'.
[2018.01.10-21.25.31:919][684]BlueprintLog: New page: Compile GameplayPC
[2018.01.10-21.25.32:407][686]Cmd: OBJ SAVEPACKAGE PACKAGE="/Game/ThirdPersonBP/Blueprints/GameplayPC" FILE="../../../../Disaster/ResearchDisaster/Content/ThirdPersonBP/Blueprints/GameplayPC.uasset" SILENT=true
[2018.01.10-21.25.32:516][686]LogSavePackage: Save=95.19ms
[2018.01.10-21.25.32:516][686]LogSavePackage: Moving '../../../../Disaster/ResearchDisaster/Saved/GameplayPC4E7C9EBF4E1630AD4E56E2BE4E9F7E95.tmp' to '../../../../Disaster/ResearchDisaster/Content/ThirdPersonBP/Blueprints/GameplayPC.uasset'
[2018.01.10-21.25.32:518][686]LogSavePackage: Display: Finished SavePackage ../../../../Disaster/ResearchDisaster/Content/ThirdPersonBP/Blueprints/GameplayPC.uasset
[2018.01.10-21.25.43:176][825]LogActorComponent: UnregisterComponent: (/Engine/Transient.EditorFloorComp) Not registered. Aborting.
[2018.01.10-21.27.22:358][405]BlueprintLog: New page: Compile ChatWindow
[2018.01.10-21.27.23:083][426]LogSavePackage: Save=66.06ms
[2018.01.10-21.27.23:083][426]LogSavePackage: Moving '../../../../Disaster/ResearchDisaster/Saved/ChatWindowC3F503FE48627590776A83A94BDA7169.tmp' to '../../../../Disaster/ResearchDisaster/Content/ThirdPersonBP/Blueprints/BasicCodingSetup/Menu_Lobby/Chat/ChatWindow.uasset'
[2018.01.10-21.27.23:097][426]LogSavePackage: Display: Finished SavePackage ../../../../Disaster/ResearchDisaster/Content/ThirdPersonBP/Blueprints/BasicCodingSetup/Menu_Lobby/Chat/ChatWindow.uasset
[2018.01.10-21.29.19:841][438]Cmd: OBJ SAVEPACKAGE PACKAGE="/Game/Maps/MainMenu" FILE="../../../../Disaster/ResearchDisaster/Content/Maps/MainMenu.umap" SILENT=true AUTOSAVING=false KEEPDIRTY=false
[2018.01.10-21.29.20:049][438]LogSavePackage: Save=163.06ms
[2018.01.10-21.29.20:049][438]LogSavePackage: Moving '../../../../Disaster/ResearchDisaster/Saved/MainMenu8F1BFD264DA3589F3D2B20BFCAD40839.tmp' to '../../../../Disaster/ResearchDisaster/Content/Maps/MainMenu.umap'
[2018.01.10-21.29.20:051][438]LogSavePackage: Display: Finished SavePackage ../../../../Disaster/ResearchDisaster/Content/Maps/MainMenu.umap
[2018.01.10-21.29.23:045][738]Cmd: QUIT_EDITOR
[2018.01.10-21.29.23:081][738]LogWindowsTextInputMethodSystem: Display: IME system now deactivated.
[2018.01.10-21.29.23:096][738]LogExit: Preparing to exit.
[2018.01.10-21.29.23:765][738]LogDirectoryWatcher: A directory notification for 'F:/Disaster/ResearchDisaster/Content/' was aborted.
[2018.01.10-21.29.23:803][738]LogExit: Editor shut down
[2018.01.10-21.29.23:811][738]LogExit: Transaction tracking system shut down
[2018.01.10-21.29.23:987][738]LogDirectoryWatcher: A directory notification for '../../../Engine/Content/' was aborted.
[2018.01.10-21.29.23:987][738]LogDirectoryWatcher: A directory notification for '../../../../Disaster/ResearchDisaster/Content/' was aborted.
[2018.01.10-21.29.23:987][738]LogDirectoryWatcher: A directory notification for '../../../Engine/Plugins/2D/Paper2D/Content/' was aborted.
[2018.01.10-21.29.23:987][738]LogDirectoryWatcher: A directory notification for '../../../Engine/Plugins/Media/MediaCompositing/Content/' was aborted.
[2018.01.10-21.29.23:987][738]LogDirectoryWatcher: A directory notification for '../../../Engine/Plugins/Runtime/AppleARKit/Content/' was aborted.
[2018.01.10-21.29.23:987][738]LogDirectoryWatcher: A directory notification for '../../../Engine/Plugins/Runtime/Oculus/OculusVR/Content/' was aborted.
[2018.01.10-21.29.23:987][738]LogDirectoryWatcher: A directory notification for '../../../Engine/Plugins/Runtime/Steam/SteamVR/Content/' was aborted.
[2018.01.10-21.29.23:987][738]LogDirectoryWatcher: A directory notification for '../../../../Disaster/ResearchDisaster/Plugins/VictoryPlug1/Content/' was aborted.
[2018.01.10-21.29.24:086][738]LogExit: Object subsystem successfully closed.
[2018.01.10-21.29.24:106][738]LogD3D11RHI: Shutdown
[2018.01.10-21.29.24:106][738]LogD3D11RHI: CleanupD3DDevice
[2018.01.10-21.29.24:109][738]LogD3D11RHI: ~FD3D11DynamicRHI
[2018.01.10-21.29.24:120][738]LogModuleManager: Shutting down and abandoning module SequencerWidgets (569)
[2018.01.10-21.29.24:120][738]LogModuleManager: Shutting down and abandoning module ExternalImagePicker (567)
[2018.01.10-21.29.24:120][738]LogModuleManager: Shutting down and abandoning module BlueprintGraph (565)
[2018.01.10-21.29.24:120][738]LogModuleManager: Shutting down and abandoning module HierarchicalLODOutliner (563)
[2018.01.10-21.29.24:120][738]LogModuleManager: Shutting down and abandoning module SceneOutliner (561)
[2018.01.10-21.29.24:120][738]LogModuleManager: Shutting down and abandoning module AddContentDialog (559)
[2018.01.10-21.29.24:120][738]LogDirectoryWatcher: A directory notification for 'F:/UE_4.18/FeaturePacks/' was aborted.
[2018.01.10-21.29.24:121][738]LogModuleManager: Shutting down and abandoning module WidgetCarousel (558)
[2018.01.10-21.29.24:121][738]LogModuleManager: Shutting down and abandoning module EditorWidgets (555)
[2018.01.10-21.29.24:121][738]LogModuleManager: Shutting down and abandoning module CollectionManager (553)
[2018.01.10-21.29.24:121][738]LogDirectoryWatcher: A directory notification for 'F:/Disaster/ResearchDisaster/Content/Collections/' was aborted.
[2018.01.10-21.29.24:121][738]LogDirectoryWatcher: A directory notification for 'F:/Disaster/ResearchDisaster/Content/Developers/111/Collections/' was aborted.
[2018.01.10-21.29.24:121][738]LogDirectoryWatcher: A directory notification for 'F:/Disaster/ResearchDisaster/Saved/Collections/' was aborted.
[2018.01.10-21.29.24:121][738]LogModuleManager: Shutting down and abandoning module StatsViewer (551)
[2018.01.10-21.29.24:121][738]LogModuleManager: Shutting down and abandoning module FoliageEdit (549)
[2018.01.10-21.29.24:121][738]LogModuleManager: Shutting down and abandoning module LandscapeEditor (547)
[2018.01.10-21.29.24:122][738]LogModuleManager: Shutting down and abandoning module MeshPaintMode (545)
[2018.01.10-21.29.24:122][738]LogModuleManager: Shutting down and abandoning module SceneDepthPickerMode (543)
[2018.01.10-21.29.24:122][738]LogModuleManager: Shutting down and abandoning module ActorPickerMode (541)
[2018.01.10-21.29.24:122][738]LogModuleManager: Shutting down and abandoning module GeometryMode (539)
[2018.01.10-21.29.24:122][738]LogModuleManager: Shutting down and abandoning module TextureAlignMode (537)
[2018.01.10-21.29.24:122][738]LogModuleManager: Shutting down and abandoning module BspMode (535)
[2018.01.10-21.29.24:122][738]LogModuleManager: Shutting down and abandoning module PIEPreviewDeviceProfileSelector (533)
[2018.01.10-21.29.24:122][738]LogModuleManager: Shutting down and abandoning module HardwareSurvey (531)
[2018.01.10-21.29.24:122][738]LogModuleManager: Shutting down and abandoning module SequenceRecorderSections (529)
[2018.01.10-21.29.24:122][738]LogModuleManager: Shutting down and abandoning module AutomationWorker (527)
[2018.01.10-21.29.24:122][738]LogModuleManager: Shutting down and abandoning module MatineeToLevelSequence (525)
[2018.01.10-21.29.24:122][738]LogModuleManager: Shutting down and abandoning module LevelSequenceEditor (523)
[2018.01.10-21.29.24:122][738]LogModuleManager: Shutting down and abandoning module PlacementMode (522)
[2018.01.10-21.29.24:122][738]LogModuleManager: Shutting down and abandoning module WmfMediaFactory (519)
[2018.01.10-21.29.24:122][738]LogModuleManager: Shutting down and abandoning module WmfMediaEditor (517)
[2018.01.10-21.29.24:122][738]LogModuleManager: Shutting down and abandoning module OpenExrWrapper (515)
[2018.01.10-21.29.24:122][738]LogModuleManager: Shutting down and abandoning module ImgMediaFactory (513)
[2018.01.10-21.29.24:122][738]LogModuleManager: Shutting down and abandoning module ImgMediaEditor (511)
[2018.01.10-21.29.24:122][738]LogModuleManager: Shutting down and abandoning module AvfMediaFactory (509)
[2018.01.10-21.29.24:122][738]LogModuleManager: Shutting down and abandoning module AvfMediaEditor (507)
[2018.01.10-21.29.24:122][738]LogModuleManager: Shutting down and abandoning module AndroidMediaFactory (505)
[2018.01.10-21.29.24:122][738]LogModuleManager: Shutting down and abandoning module AndroidMediaEditor (503)
[2018.01.10-21.29.24:122][738]LogModuleManager: Shutting down and abandoning module CharacterAI (501)
[2018.01.10-21.29.24:122][738]LogModuleManager: Shutting down and abandoning module AudioCapture (499)
[2018.01.10-21.29.24:122][738]LogModuleManager: Shutting down and abandoning module SequenceRecorder (498)
[2018.01.10-21.29.24:122][738]LogModuleManager: Shutting down and abandoning module SmartSnapping (495)
[2018.01.10-21.29.24:122][738]LogModuleManager: Shutting down and abandoning module SessionServices (493)
[2018.01.10-21.29.24:122][738]LogModuleManager: Shutting down and abandoning module ViewportSnapping (491)
[2018.01.10-21.29.24:122][738]LogModuleManager: Shutting down and abandoning module ViewportInteraction (489)
[2018.01.10-21.29.24:122][738]LogModuleManager: Shutting down and abandoning module ClothPainter (487)
[2018.01.10-21.29.24:122][738]LogModuleManager: Shutting down and abandoning module SkeletalMeshEditor (486)
[2018.01.10-21.29.24:122][738]LogModuleManager: Shutting down and abandoning module LogVisualizer (483)
[2018.01.10-21.29.24:123][738]LogModuleManager: Shutting down and abandoning module IntroTutorials (481)
[2018.01.10-21.29.24:123][738]LogModuleManager: Shutting down and abandoning module GameProjectGeneration (480)
[2018.01.10-21.29.24:123][738]LogModuleManager: Shutting down and abandoning module IOSPlatformEditor (477)
[2018.01.10-21.29.24:123][738]LogModuleManager: Shutting down and abandoning module HTML5PlatformEditor (475)
[2018.01.10-21.29.24:123][738]LogModuleManager: Shutting down and abandoning module AndroidPlatformEditor (473)
[2018.01.10-21.29.24:123][738]LogModuleManager: Shutting down and abandoning module AndroidDeviceDetection (472)
[2018.01.10-21.29.24:828][738]LogModuleManager: Shutting down and abandoning module WindowsPlatformEditor (469)
[2018.01.10-21.29.24:828][738]LogModuleManager: Shutting down and abandoning module IOSRuntimeSettings (467)
[2018.01.10-21.29.24:828][738]LogModuleManager: Shutting down and abandoning module AndroidRuntimeSettings (465)
[2018.01.10-21.29.24:828][738]LogModuleManager: Shutting down and abandoning module InputBindingEditor (463)
[2018.01.10-21.29.24:828][738]LogModuleManager: Shutting down and abandoning module MergeActors (461)
[2018.01.10-21.29.24:828][738]LogModuleManager: Shutting down and abandoning module SizeMap (459)
[2018.01.10-21.29.24:828][738]LogModuleManager: Shutting down and abandoning module TreeMap (457)
[2018.01.10-21.29.24:828][738]LogModuleManager: Shutting down and abandoning module ReferenceViewer (455)
[2018.01.10-21.29.24:828][738]LogModuleManager: Shutting down and abandoning module LocalizationDashboard (453)
[2018.01.10-21.29.24:828][738]LogModuleManager: Shutting down and abandoning module LocalizationService (452)
[2018.01.10-21.29.24:828][738]LogModuleManager: Shutting down and abandoning module HardwareTargeting (449)
[2018.01.10-21.29.24:828][738]LogModuleManager: Shutting down and abandoning module DeviceProfileEditor (447)
[2018.01.10-21.29.24:828][738]LogModuleManager: Shutting down and abandoning module UndoHistory (445)
[2018.01.10-21.29.24:828][738]LogModuleManager: Shutting down and abandoning module XmlParser (443)
[2018.01.10-21.29.24:828][738]LogModuleManager: Shutting down and abandoning module Blutility (441)
[2018.01.10-21.29.24:828][738]LogModuleManager: Shutting down and abandoning module ProjectSettingsViewer (439)
[2018.01.10-21.29.24:829][738]LogModuleManager: Shutting down and abandoning module ProjectTargetPlatformEditor (438)
[2018.01.10-21.29.24:829][738]LogModuleManager: Shutting down and abandoning module EditorSettingsViewer (435)
[2018.01.10-21.29.24:829][738]LogModuleManager: Shutting down and abandoning module SettingsEditor (433)
[2018.01.10-21.29.24:829][738]LogModuleManager: Shutting down and abandoning module ProjectLauncher (431)
[2018.01.10-21.29.24:829][738]LogModuleManager: Shutting down and abandoning module SessionFrontend (429)
[2018.01.10-21.29.24:829][738]LogModuleManager: Shutting down and abandoning module ProfilerClient (427)
[2018.01.10-21.29.24:829][738]LogModuleManager: Shutting down and abandoning module DeviceManager (425)
[2018.01.10-21.29.24:829][738]LogModuleManager: Shutting down and abandoning module TargetDeviceServices (424)
[2018.01.10-21.29.24:900][738]LogModuleManager: Shutting down and abandoning module AutomationController (421)
[2018.01.10-21.29.24:901][738]LogModuleManager: Shutting down and abandoning module AutomationWindow (419)
[2018.01.10-21.29.24:901][738]LogModuleManager: Shutting down and abandoning module Layers (417)
[2018.01.10-21.29.24:901][738]LogModuleManager: Shutting down and abandoning module ComponentVisualizers (415)
[2018.01.10-21.29.24:901][738]LogModuleManager: Shutting down and abandoning module DetailCustomizations (413)
[2018.01.10-21.29.24:901][738]LogModuleManager: Shutting down and abandoning module PackagesDialog (411)
[2018.01.10-21.29.24:902][738]LogModuleManager: Shutting down and abandoning module Persona (409)
[2018.01.10-21.29.24:902][738]LogModuleManager: Shutting down and abandoning module AdvancedPreviewScene (408)
[2018.01.10-21.29.24:902][738]LogModuleManager: Shutting down and abandoning module AnimGraph (406)
[2018.01.10-21.29.24:902][738]LogModuleManager: Shutting down and abandoning module Kismet (403)
[2018.01.10-21.29.24:916][738]LogModuleManager: Shutting down and abandoning module ClassViewer (401)
[2018.01.10-21.29.24:919][738]LogModuleManager: Shutting down and abandoning module Toolbox (399)
[2018.01.10-21.29.24:919][738]LogModuleManager: Shutting down and abandoning module ModuleUI (397)
[2018.01.10-21.29.24:919][738]LogModuleManager: Shutting down and abandoning module MovieSceneTools (395)
[2018.01.10-21.29.24:919][738]LogModuleManager: Shutting down and abandoning module OutputLog (393)
[2018.01.10-21.29.24:920][738]LogModuleManager: Shutting down and abandoning module GammaUI (391)
[2018.01.10-21.29.24:920][738]LogModuleManager: Shutting down and abandoning module Documentation (389)
[2018.01.10-21.29.24:920][738]LogModuleManager: Shutting down and abandoning module MovieSceneTracks (387)
[2018.01.10-21.29.24:920][738]LogModuleManager: Shutting down and abandoning module MovieScene (385)
[2018.01.10-21.29.24:920][738]LogModuleManager: Shutting down and abandoning module StreamingPauseRendering (383)
[2018.01.10-21.29.24:920][738]LogModuleManager: Shutting down and abandoning module LauncherPlatform (381)
[2018.01.10-21.29.24:920][738]LogModuleManager: Shutting down and abandoning module AnalyticsET (379)
[2018.01.10-21.29.24:920][738]LogModuleManager: Shutting down and abandoning module PortalServices (377)
[2018.01.10-21.29.24:920][738]LogModuleManager: Shutting down and abandoning module PortalRpc (375)
[2018.01.10-21.29.24:920][738]LogModuleManager: Shutting down and abandoning module MessagingRpc (373)
[2018.01.10-21.29.24:920][738]LogModuleManager: Shutting down and abandoning module AIModule (371)
[2018.01.10-21.29.24:920][738]LogModuleManager: Shutting down and abandoning module GameplayDebugger (370)
[2018.01.10-21.29.24:920][738]LogModuleManager: Shutting down and abandoning module AITestSuite (368)
[2018.01.10-21.29.24:920][738]LogModuleManager: Shutting down and abandoning module DesktopPlatform (365)
[2018.01.10-21.29.24:920][738]LogModuleManager: Shutting down and abandoning module ProfilerService (363)
[2018.01.10-21.29.25:011][738]LogModuleManager: Shutting down and abandoning module TaskGraph (361)
[2018.01.10-21.29.25:011][738]LogModuleManager: Shutting down and abandoning module SubstanceLiveLink (359)
[2018.01.10-21.29.25:011][738]LogModuleManager: Shutting down and abandoning module SubstanceSource (357)
[2018.01.10-21.29.25:012][738]LogModuleManager: Shutting down and abandoning module SubstanceEditor (355)
[2018.01.10-21.29.25:012][738]LogModuleManager: Shutting down and abandoning module SteamVRController (353)
[2018.01.10-21.29.25:012][738]LogModuleManager: Shutting down and abandoning module ProceduralMeshComponentEditor (351)
[2018.01.10-21.29.25:012][738]LogModuleManager: Shutting down and abandoning module ProceduralMeshComponent (349)
[2018.01.10-21.29.25:012][738]LogModuleManager: Shutting down and abandoning module OculusInput (347)
[2018.01.10-21.29.25:012][738]LogModuleManager: Shutting down and abandoning module MobilePatchingUtils (345)
[2018.01.10-21.29.25:012][738]LogModuleManager: Shutting down and abandoning module CustomMeshComponent (343)
[2018.01.10-21.29.25:012][738]LogModuleManager: Shutting down and abandoning module CableComponent (341)
[2018.01.10-21.29.25:012][738]LogModuleManager: Shutting down and abandoning module ArchVisCharacter (339)
[2018.01.10-21.29.25:012][738]LogModuleManager: Shutting down and abandoning module AndroidPermission (337)
[2018.01.10-21.29.25:012][738]LogModuleManager: Shutting down and abandoning module ActorSequence (335)
[2018.01.10-21.29.25:012][738]LogModuleManager: Shutting down and abandoning module MediaPlayerEditor (333)
[2018.01.10-21.29.25:012][738]LogModuleManager: Shutting down and abandoning module MediaCompositingEditor (331)
[2018.01.10-21.29.25:012][738]LogModuleManager: Shutting down and abandoning module MediaCompositing (329)
[2018.01.10-21.29.25:012][738]LogModuleManager: Shutting down and abandoning module HTML5Networking (327)
[2018.01.10-21.29.25:012][738]LogModuleManager: Shutting down and abandoning module AlembicImporter (325)
[2018.01.10-21.29.25:012][738]LogModuleManager: Shutting down and abandoning module AlembicLibrary (324)
[2018.01.10-21.29.25:012][738]LogModuleManager: Shutting down and abandoning module GeometryCache (323)
[2018.01.10-21.29.25:012][738]LogModuleManager: Shutting down and abandoning module GeometryCacheEd (322)
[2018.01.10-21.29.25:012][738]LogModuleManager: Shutting down and abandoning module SpeedTreeImporter (317)
[2018.01.10-21.29.25:012][738]LogModuleManager: Shutting down and abandoning module PluginBrowser (315)
[2018.01.10-21.29.25:012][738]LogModuleManager: Shutting down and abandoning module MobileLauncherProfileWizard (313)
[2018.01.10-21.29.25:012][738]LogModuleManager: Shutting down and abandoning module VisualStudioSourceCodeAccess (311)
[2018.01.10-21.29.25:012][738]LogModuleManager: Shutting down and abandoning module VisualStudioCodeSourceCodeAccess (309)
[2018.01.10-21.29.25:012][738]LogModuleManager: Shutting down and abandoning module UObjectPlugin (307)
[2018.01.10-21.29.25:012][738]LogModuleManager: Shutting down and abandoning module SubversionSourceControl (305)
[2018.01.10-21.29.25:012][738]LogModuleManager: Shutting down and abandoning module PerforceSourceControl (303)
[2018.01.10-21.29.25:013][738]LogModuleManager: Shutting down and abandoning module GitSourceControl (301)
[2018.01.10-21.29.25:013][738]LogModuleManager: Shutting down and abandoning module SourceControl (300)
[2018.01.10-21.29.25:013][738]LogModuleManager: Shutting down and abandoning module LightPropagationVolumeEditor (297)
[2018.01.10-21.29.25:013][738]LogModuleManager: Shutting down and abandoning module PaperTiledImporter (295)
[2018.01.10-21.29.25:013][738]LogModuleManager: Shutting down and abandoning module PaperSpriteSheetImporter (293)
[2018.01.10-21.29.25:013][738]LogModuleManager: Shutting down and abandoning module Paper2DEditor (291)
[2018.01.10-21.29.25:013][738]LogModuleManager: Shutting down and abandoning module MeshPaint (290)
[2018.01.10-21.29.25:013][738]LogModuleManager: Shutting down and abandoning module LevelEditor (288)
[2018.01.10-21.29.25:014][738]LogModuleManager: Shutting down and abandoning module PixelInspectorModule (287)
[2018.01.10-21.29.25:014][738]LogModuleManager: Shutting down and abandoning module MainFrame (285)
[2018.01.10-21.29.25:014][738]LogModuleManager: Shutting down and abandoning module HotReload (284)
[2018.01.10-21.29.25:014][738]LogDirectoryWatcher: A directory notification for 'F:/Disaster/ResearchDisaster/Plugins/VictoryPlug/Binaries/Win64' was aborted.
[2018.01.10-21.29.25:014][738]LogModuleManager: Shutting down and abandoning module VictoryBPLibrary (279)
[2018.01.10-21.29.25:014][738]LogModuleManager: Shutting down and abandoning module RuntimePhysXCooking (277)
[2018.01.10-21.29.25:014][738]LogModuleManager: Shutting down and abandoning module PhysXVehiclesEditor (275)
[2018.01.10-21.29.25:014][738]LogModuleManager: Shutting down and abandoning module PhysXVehicles (273)
[2018.01.10-21.29.25:014][738]LogModuleManager: Shutting down and abandoning module OculusEditor (271)
[2018.01.10-21.29.25:014][738]LogModuleManager: Shutting down and abandoning module LocationServicesBPLibrary (269)
[2018.01.10-21.29.25:014][738]LogModuleManager: Shutting down and abandoning module ImmediatePhysicsEditor (267)
[2018.01.10-21.29.25:014][738]LogModuleManager: Shutting down and abandoning module ImmediatePhysics (265)
[2018.01.10-21.29.25:014][738]LogModuleManager: Shutting down and abandoning module ApexDestructionEditor (263)
[2018.01.10-21.29.25:014][738]LogModuleManager: Shutting down and abandoning module ApexDestruction (261)
[2018.01.10-21.29.25:015][738]LogModuleManager: Shutting down and abandoning module UdpMessaging (259)
[2018.01.10-21.29.25:116][738]LogModuleManager: Shutting down and abandoning module TcpMessaging (257)
[2018.01.10-21.29.25:217][738]LogModuleManager: Shutting down and abandoning module SubstanceCore (255)
[2018.01.10-21.29.25:217][738]LogModuleManager: Shutting down and abandoning module GameplayTagsEditor (253)
[2018.01.10-21.29.25:217][738]LogModuleManager: Shutting down and abandoning module FacialAnimationEditor (251)
[2018.01.10-21.29.25:217][738]LogModuleManager: Shutting down and abandoning module FacialAnimation (249)
[2018.01.10-21.29.25:217][738]LogModuleManager: Shutting down and abandoning module AssetManagerEditor (247)
[2018.01.10-21.29.25:217][738]LogModuleManager: Shutting down and abandoning module GraphEditor (246)
[2018.01.10-21.29.25:217][738]LogModuleManager: Shutting down and abandoning module ContentBrowser (244)
[2018.01.10-21.29.25:219][738]LogModuleManager: Shutting down and abandoning module LightPropagationVolumeRuntime (241)
[2018.01.10-21.29.25:219][738]LogModuleManager: Shutting down and abandoning module Paper2D (239)
[2018.01.10-21.29.25:219][738]LogModuleManager: Shutting down and abandoning module WindowsMoviePlayer (237)
[2018.01.10-21.29.25:219][738]LogModuleManager: Shutting down and abandoning module WmfMedia (235)
[2018.01.10-21.29.25:220][738]LogModuleManager: Shutting down and abandoning module ImgMedia (233)
[2018.01.10-21.29.25:221][738]LogModuleManager: Shutting down and abandoning module PacketHandler (231)
[2018.01.10-21.29.25:221][738]LogModuleManager: Shutting down and abandoning module ClothingSystemEditor (229)
[2018.01.10-21.29.25:221][738]LogModuleManager: Shutting down and abandoning module ClothingSystemRuntime (227)
[2018.01.10-21.29.25:221][738]LogModuleManager: Shutting down and abandoning module MediaAssets (225)
[2018.01.10-21.29.25:221][738]LogModuleManager: Shutting down and abandoning module Media (224)
[2018.01.10-21.29.25:226][738]LogModuleManager: Shutting down and abandoning module Overlay (221)
[2018.01.10-21.29.25:226][738]LogModuleManager: Shutting down and abandoning module OverlayEditor (220)
[2018.01.10-21.29.25:226][738]LogModuleManager: Shutting down and abandoning module VREditor (217)
[2018.01.10-21.29.25:227][738]LogModuleManager: Shutting down and abandoning module StringTableEditor (215)
[2018.01.10-21.29.25:227][738]LogModuleManager: Shutting down and abandoning module GameplayTasksEditor (213)
[2018.01.10-21.29.25:227][738]LogModuleManager: Shutting down and abandoning module BehaviorTreeEditor (211)
[2018.01.10-21.29.25:227][738]LogModuleManager: Shutting down and abandoning module FunctionalTesting (209)
[2018.01.10-21.29.25:227][738]LogModuleManager: Shutting down and abandoning module CollisionAnalyzer (207)
[2018.01.10-21.29.25:227][738]LogModuleManager: Shutting down and abandoning module WorkspaceMenuStructure (206)
[2018.01.10-21.29.25:227][738]LogModuleManager: Shutting down and abandoning module UMG (203)
[2018.01.10-21.29.25:227][738]LogModuleManager: Shutting down and abandoning module UMGEditor (202)
[2018.01.10-21.29.25:227][738]LogModuleManager: Shutting down and abandoning module Sequencer (201)
[2018.01.10-21.29.25:227][738]LogModuleManager: Shutting down and abandoning module MessageLog (198)
[2018.01.10-21.29.25:227][738]LogModuleManager: Shutting down and abandoning module SlateReflector (193)
[2018.01.10-21.29.25:227][738]LogModuleManager: Shutting down and abandoning module Slate (191)
[2018.01.10-21.29.25:227][738]LogModuleManager: Shutting down and abandoning module EditorStyle (189)
[2018.01.10-21.29.25:230][738]LogModuleManager: Shutting down and abandoning module MRMesh (187)
[2018.01.10-21.29.25:230][738]LogModuleManager: Shutting down and abandoning module SourceCodeAccess (185)
[2018.01.10-21.29.25:230][738]LogModuleManager: Shutting down and abandoning module HeadMountedDisplay (183)
[2018.01.10-21.29.25:230][738]LogModuleManager: Shutting down and abandoning module XAudio2 (181)
[2018.01.10-21.29.25:230][738]LogModuleManager: Shutting down and abandoning module Networking (179)
[2018.01.10-21.29.25:230][738]LogModuleManager: Shutting down and abandoning module Core (177)
[2018.01.10-21.29.25:230][738]LogModuleManager: Shutting down and abandoning module LevelSequence (173)
[2018.01.10-21.29.25:230][738]LogModuleManager: Shutting down and abandoning module DirectoryWatcher (171)
[2018.01.10-21.29.25:231][738]LogModuleManager: Shutting down and abandoning module KismetCompiler (169)
[2018.01.10-21.29.25:231][738]LogModuleManager: Shutting down and abandoning module MeshUtilities (167)
[2018.01.10-21.29.25:231][738]LogModuleManager: Shutting down and abandoning module MeshMergeUtilities (166)
[2018.01.10-21.29.25:231][738]LogModuleManager: Shutting down and abandoning module MeshReductionInterface (165)
[2018.01.10-21.29.25:231][738]LogModuleManager: Shutting down and abandoning module SimplygonSwarm (164)
[2018.01.10-21.29.25:231][738]LogModuleManager: Shutting down and abandoning module SimplygonMeshReduction (162)
[2018.01.10-21.29.25:231][738]LogModuleManager: Shutting down and abandoning module QuadricMeshReduction (160)
[2018.01.10-21.29.25:231][738]LogModuleManager: Shutting down and abandoning module MaterialBaking (156)
[2018.01.10-21.29.25:231][738]LogModuleManager: Shutting down and abandoning module DerivedDataCache (153)
[2018.01.10-21.29.25:306][738]LogDerivedDataCache: Shutdown
[2018.01.10-21.29.25:306][738]LogModuleManager: Shutting down and abandoning module TargetPlatform (151)
[2018.01.10-21.29.25:306][738]LogModuleManager: Shutting down and abandoning module VulkanShaderFormat (150)
[2018.01.10-21.29.25:306][738]LogModuleManager: Shutting down and abandoning module ShaderFormatVectorVM (148)
[2018.01.10-21.29.25:306][738]LogModuleManager: Shutting down and abandoning module ShaderFormatOpenGL (146)
[2018.01.10-21.29.25:306][738]LogModuleManager: Shutting down and abandoning module ShaderFormatD3D (144)
[2018.01.10-21.29.25:306][738]LogModuleManager: Shutting down and abandoning module MetalShaderFormat (142)
[2018.01.10-21.29.25:306][738]LogModuleManager: Shutting down and abandoning module TextureFormatUncompressed (140)
[2018.01.10-21.29.25:306][738]LogModuleManager: Shutting down and abandoning module TextureFormatPVR (138)
[2018.01.10-21.29.25:307][738]LogModuleManager: Shutting down and abandoning module TextureFormatDXT (136)
[2018.01.10-21.29.25:307][738]LogModuleManager: Shutting down and abandoning module TextureFormatIntelISPCTexComp (134)
[2018.01.10-21.29.25:307][738]LogModuleManager: Shutting down and abandoning module TextureFormatASTC (132)
[2018.01.10-21.29.25:307][738]LogModuleManager: Shutting down and abandoning module ImageWrapper (131)
[2018.01.10-21.29.25:307][738]LogModuleManager: Shutting down and abandoning module TextureFormatAndroid (128)
[2018.01.10-21.29.25:307][738]LogModuleManager: Shutting down and abandoning module AudioFormatOpus (126)
[2018.01.10-21.29.25:307][738]LogModuleManager: Shutting down and abandoning module AudioFormatOgg (124)
[2018.01.10-21.29.25:307][738]LogModuleManager: Shutting down and abandoning module AudioFormatADPCM (122)
[2018.01.10-21.29.25:307][738]LogModuleManager: Shutting down and abandoning module LinuxTargetPlatform (120)
[2018.01.10-21.29.25:307][738]LogModuleManager: Shutting down and abandoning module LinuxServerTargetPlatform (118)
[2018.01.10-21.29.25:307][738]LogModuleManager: Shutting down and abandoning module LinuxNoEditorTargetPlatform (116)
[2018.01.10-21.29.25:307][738]LogModuleManager: Shutting down and abandoning module LinuxClientTargetPlatform (114)
[2018.01.10-21.29.25:307][738]LogModuleManager: Shutting down and abandoning module TVOSTargetPlatform (112)
[2018.01.10-21.29.25:307][738]LogModuleManager: Shutting down and abandoning module Messaging (110)
[2018.01.10-21.29.25:307][738]LogModuleManager: Shutting down and abandoning module IOSTargetPlatform (108)
[2018.01.10-21.29.25:307][738]LogModuleManager: Shutting down and abandoning module HTML5TargetPlatform (106)
[2018.01.10-21.29.25:307][738]LogModuleManager: Shutting down and abandoning module AndroidTargetPlatform (104)
[2018.01.10-21.29.25:307][738]LogModuleManager: Shutting down and abandoning module Android_PVRTCTargetPlatform (102)
[2018.01.10-21.29.25:307][738]LogModuleManager: Shutting down and abandoning module Android_MultiTargetPlatform (100)
[2018.01.10-21.29.25:307][738]LogModuleManager: Shutting down and abandoning module Android_ETC2TargetPlatform (98)
[2018.01.10-21.29.25:307][738]LogModuleManager: Shutting down and abandoning module Android_ETC1TargetPlatform (96)
[2018.01.10-21.29.25:307][738]LogModuleManager: Shutting down and abandoning module Android_DXTTargetPlatform (94)
[2018.01.10-21.29.25:307][738]LogModuleManager: Shutting down and abandoning module Android_ATCTargetPlatform (92)
[2018.01.10-21.29.25:307][738]LogModuleManager: Shutting down and abandoning module Android_ASTCTargetPlatform (90)
[2018.01.10-21.29.25:307][738]LogModuleManager: Shutting down and abandoning module WindowsTargetPlatform (88)
[2018.01.10-21.29.25:307][738]LogModuleManager: Shutting down and abandoning module WindowsServerTargetPlatform (86)
[2018.01.10-21.29.25:307][738]LogModuleManager: Shutting down and abandoning module WindowsNoEditorTargetPlatform (84)
[2018.01.10-21.29.25:307][738]LogModuleManager: Shutting down and abandoning module WindowsClientTargetPlatform (82)
[2018.01.10-21.29.25:307][738]LogModuleManager: Shutting down and abandoning module MacTargetPlatform (80)
[2018.01.10-21.29.25:307][738]LogModuleManager: Shutting down and abandoning module MacServerTargetPlatform (78)
[2018.01.10-21.29.25:307][738]LogModuleManager: Shutting down and abandoning module MacNoEditorTargetPlatform (76)
[2018.01.10-21.29.25:307][738]LogModuleManager: Shutting down and abandoning module MacClientTargetPlatform (74)
[2018.01.10-21.29.25:307][738]LogModuleManager: Shutting down and abandoning module AllDesktopTargetPlatform (72)
[2018.01.10-21.29.25:307][738]LogModuleManager: Shutting down and abandoning module InputCore (69)
[2018.01.10-21.29.25:307][738]LogModuleManager: Shutting down and abandoning module Settings (67)
[2018.01.10-21.29.25:307][738]LogModuleManager: Shutting down and abandoning module PhysXCooking (65)
[2018.01.10-21.29.25:307][738]LogModuleManager: Shutting down and abandoning module SteamVR (63)
[2018.01.10-21.29.25:307][738]LogModuleManager: Shutting down and abandoning module OculusHMD (61)
[2018.01.10-21.29.25:307][738]LogModuleManager: Shutting down and abandoning module ExampleDeviceProfileSelector (59)
[2018.01.10-21.29.25:307][738]LogModuleManager: Shutting down and abandoning module AppleARKit (57)
[2018.01.10-21.29.25:307][738]LogModuleManager: Shutting down and abandoning module AugmentedReality (56)
[2018.01.10-21.29.25:308][738]LogModuleManager: Shutting down and abandoning module OnlineBlueprintSupport (53)
[2018.01.10-21.29.25:308][738]LogModuleManager: Shutting down and abandoning module OnlineSubsystem (49)
[2018.01.10-21.29.25:308][738]LogOnline: Display: OSS: FOnlineSubsystemNull::Shutdown()
[2018.01.10-21.29.25:308][738]LogOnline: Display: OSS: FOnlineAsyncTaskManager::Stop() ActiveTask:0000000000000000 Tasks[0/0]
[2018.01.10-21.29.25:308][738]LogOnline: Display: OSS: FOnlineAsyncTaskManager::Exit() started
[2018.01.10-21.29.25:308][738]LogOnline: Display: OSS: FOnlineAsyncTaskManager::Exit() finished
[2018.01.10-21.29.25:308][738]LogModuleManager: Shutting down and abandoning module XMPP (43)
[2018.01.10-21.29.25:308][738]LogModuleManager: Shutting down and abandoning module HTTP (41)
[2018.01.10-21.29.25:308][738]LogHttp: Display: Http module shutting down, but needs to wait on 1 outstanding Http requests:
[2018.01.10-21.29.25:308][738]LogHttp: Display: 	verb=[POST] url=[https://datarouter.ol.epicgames.com/datarouter/api/v1/public/data?SessionID=%7B44FB477C-45DB-5788-C428-B0A8C737588D%7D&AppID=UEEditor.Rocket.Release&AppVersion=4.18.2-3794801%2B%2B%2BUE4%2BRelease-4.18&UserID=6b6a77274cc338fa6ef90595812d0ae9%7C1b705a668847480aa0156731dd50e538%7C6a312f09-eca8-4b10-8272-497b4c1626b1&AppEnvironment=datacollector-binary&UploadType=eteventstream] status=Processing
[2018.01.10-21.29.25:335][738]LogModuleManager: Shutting down and abandoning module SSL (40)
[2018.01.10-21.29.25:336][738]LogModuleManager: Shutting down and abandoning module AnimationModifiers (36)
[2018.01.10-21.29.25:336][738]LogModuleManager: Shutting down and abandoning module PropertyEditor (35)
[2018.01.10-21.29.25:336][738]LogModuleManager: Shutting down and abandoning module AudioEditor (32)
[2018.01.10-21.29.25:336][738]LogModuleManager: Shutting down and abandoning module TextureCompressor (30)
[2018.01.10-21.29.25:336][738]LogModuleManager: Shutting down and abandoning module ShaderCore (28)
[2018.01.10-21.29.25:336][738]LogModuleManager: Shutting down and abandoning module Landscape (26)
[2018.01.10-21.29.25:336][738]LogModuleManager: Shutting down and abandoning module SlateRHIRenderer (24)
[2018.01.10-21.29.25:338][738]LogModuleManager: Shutting down and abandoning module OpenGLDrv (22)
[2018.01.10-21.29.25:338][738]LogModuleManager: Shutting down and abandoning module D3D11RHI (20)
[2018.01.10-21.29.25:338][738]LogModuleManager: Shutting down and abandoning module AnimGraphRuntime (18)
[2018.01.10-21.29.25:338][738]LogModuleManager: Shutting down and abandoning module Renderer (16)
[2018.01.10-21.29.25:338][738]LogModuleManager: Shutting down and abandoning module Engine (14)
[2018.01.10-21.29.25:338][738]LogModuleManager: Shutting down and abandoning module CoreUObject (12)
[2018.01.10-21.29.25:338][738]LogModuleManager: Shutting down and abandoning module NetworkFile (10)
[2018.01.10-21.29.25:338][738]LogModuleManager: Shutting down and abandoning module CookedIterativeFile (8)
[2018.01.10-21.29.25:338][738]LogModuleManager: Shutting down and abandoning module StreamingFile (6)
[2018.01.10-21.29.25:338][738]LogModuleManager: Shutting down and abandoning module SandboxFile (4)
[2018.01.10-21.29.25:338][738]LogModuleManager: Shutting down and abandoning module PakFile (2)
[2018.01.10-21.29.25:342][738]LogExit: Exiting.
[2018.01.10-21.29.25:364][738]Log file closed, 01/11/18 00:29:25
