Log file open, 12/28/17 23:20:34
LogWindows: Failed to load 'aqProf.dll' (GetLastError=126)
LogWindows: File 'aqProf.dll' does not exist
LogWindows: Failed to load 'VtuneApi.dll' (GetLastError=126)
LogWindows: File 'VtuneApi.dll' does not exist
LogWindows: Failed to load 'VtuneApi32e.dll' (GetLastError=126)
LogWindows: File 'VtuneApi32e.dll' does not exist
LogInit: Display: Running engine for game: RNDYOUFUCK
LogPlatformFile: Not using cached read wrapper
LogInit: Display: RandInit(656708254) SRandInit(656708254).
LogInit: Read version file with build ID '3709383'
LogInit: Overriding engine version to CL 3794801, compatible CL 3709383
LogInit: Registered custom module enumerator with build ID '3709383'
LogTaskGraph: Started task graph with 5 named threads and 14 total threads with 3 sets of task threads.
LogStats: Stats thread started at 0.181784
LogD3D11RHI: Aftermath initialized
LogModuleManager: Display: Found up-to-date module file ../../../Engine/Plugins/2D/Paper2D/Binaries/Win64/UE4Editor-Paper2D.dll (API version 3709383).
LogModuleManager: Display: Found up-to-date module file ../../../Engine/Plugins/2D/Paper2D/Binaries/Win64/UE4Editor-Paper2DEditor.dll (API version 3709383).
LogModuleManager: Display: Found up-to-date module file ../../../Engine/Plugins/2D/Paper2D/Binaries/Win64/UE4Editor-PaperSpriteSheetImporter.dll (API version 3709383).
LogModuleManager: Display: Found up-to-date module file ../../../Engine/Plugins/2D/Paper2D/Binaries/Win64/UE4Editor-PaperTiledImporter.dll (API version 3709383).
LogModuleManager: Display: Found up-to-date module file ../../../Engine/Plugins/2D/Paper2D/Binaries/Win64/UE4Editor-SmartSnapping.dll (API version 3709383).
LogModuleManager: Display: Found up-to-date module file ../../../Engine/Plugins/Blendables/LightPropagationVolume/Binaries/Win64/UE4Editor-LightPropagationVolumeRuntime.dll (API version 3709383).
LogModuleManager: Display: Found up-to-date module file ../../../Engine/Plugins/Blendables/LightPropagationVolume/Binaries/Win64/UE4Editor-LightPropagationVolumeEditor.dll (API version 3709383).
LogModuleManager: Display: Found up-to-date module file ../../../Engine/Plugins/Developer/GitSourceControl/Binaries/Win64/UE4Editor-GitSourceControl.dll (API version 3709383).
LogModuleManager: Display: Found up-to-date module file ../../../Engine/Plugins/Developer/PerforceSourceControl/Binaries/Win64/UE4Editor-PerforceSourceControl.dll (API version 3709383).
LogModuleManager: Display: Found up-to-date module file ../../../Engine/Plugins/Developer/SubversionSourceControl/Binaries/Win64/UE4Editor-SubversionSourceControl.dll (API version 3709383).
LogModuleManager: Display: Found up-to-date module file ../../../Engine/Plugins/Developer/UObjectPlugin/Binaries/Win64/UE4Editor-UObjectPlugin.dll (API version 3709383).
LogModuleManager: Display: Found up-to-date module file ../../../Engine/Plugins/Developer/VisualStudioCodeSourceCodeAccess/Binaries/Win64/UE4Editor-VisualStudioCodeSourceCodeAccess.dll (API version 3709383).
LogModuleManager: Display: Found up-to-date module file ../../../Engine/Plugins/Developer/VisualStudioSourceCodeAccess/Binaries/Win64/UE4Editor-VisualStudioSourceCodeAccess.dll (API version 3709383).
LogModuleManager: Display: Found up-to-date module file ../../../Engine/Plugins/Editor/AssetManagerEditor/Binaries/Win64/UE4Editor-AssetManagerEditor.dll (API version 3709383).
LogModuleManager: Display: Found up-to-date module file ../../../Engine/Plugins/Editor/AudioCapture/Binaries/Win64/UE4Editor-AudioCapture.dll (API version 3709383).
LogModuleManager: Display: Found up-to-date module file ../../../Engine/Plugins/Editor/FacialAnimation/Binaries/Win64/UE4Editor-FacialAnimation.dll (API version 3709383).
LogModuleManager: Display: Found up-to-date module file ../../../Engine/Plugins/Editor/FacialAnimation/Binaries/Win64/UE4Editor-FacialAnimationEditor.dll (API version 3709383).
LogModuleManager: Display: Found up-to-date module file ../../../Engine/Plugins/Editor/GameplayTagsEditor/Binaries/Win64/UE4Editor-GameplayTagsEditor.dll (API version 3709383).
LogModuleManager: Display: Found up-to-date module file ../../../Engine/Plugins/Editor/MobileLauncherProfileWizard/Binaries/Win64/UE4Editor-MobileLauncherProfileWizard.dll (API version 3709383).
LogModuleManager: Display: Found up-to-date module file ../../../Engine/Plugins/Editor/PluginBrowser/Binaries/Win64/UE4Editor-PluginBrowser.dll (API version 3709383).
LogModuleManager: Display: Found up-to-date module file ../../../Engine/Plugins/Editor/SpeedTreeImporter/Binaries/Win64/UE4Editor-SpeedTreeImporter.dll (API version 3709383).
LogModuleManager: Display: Found up-to-date module file ../../../Engine/Plugins/Experimental/AlembicImporter/Binaries/Win64/UE4Editor-AlembicImporter.dll (API version 3709383).
LogModuleManager: Display: Found up-to-date module file ../../../Engine/Plugins/Experimental/AlembicImporter/Binaries/Win64/UE4Editor-AlembicLibrary.dll (API version 3709383).
LogModuleManager: Display: Found up-to-date module file ../../../Engine/Plugins/Experimental/CharacterAI/Binaries/Win64/UE4Editor-CharacterAI.dll (API version 3709383).
LogModuleManager: Display: Found up-to-date module file ../../../Engine/Plugins/Experimental/HTML5Networking/Binaries/Win64/UE4Editor-HTML5Networking.dll (API version 3709383).
LogModuleManager: Display: Found up-to-date module file ../../../Engine/Plugins/Media/AndroidMedia/Binaries/Win64/UE4Editor-AndroidMediaEditor.dll (API version 3709383).
LogModuleManager: Display: Found up-to-date module file ../../../Engine/Plugins/Media/AndroidMedia/Binaries/Win64/UE4Editor-AndroidMediaFactory.dll (API version 3709383).
LogModuleManager: Display: Found up-to-date module file ../../../Engine/Plugins/Media/AvfMedia/Binaries/Win64/UE4Editor-AvfMediaEditor.dll (API version 3709383).
LogModuleManager: Display: Found up-to-date module file ../../../Engine/Plugins/Media/AvfMedia/Binaries/Win64/UE4Editor-AvfMediaFactory.dll (API version 3709383).
LogModuleManager: Display: Found up-to-date module file ../../../Engine/Plugins/Media/AvfMedia/Binaries/Win64/UE4Editor-AvfMediaFactory.dll (API version 3709383).
LogModuleManager: Display: Found up-to-date module file ../../../Engine/Plugins/Media/ImgMedia/Binaries/Win64/UE4Editor-ImgMedia.dll (API version 3709383).
LogModuleManager: Display: Found up-to-date module file ../../../Engine/Plugins/Media/ImgMedia/Binaries/Win64/UE4Editor-ImgMediaEditor.dll (API version 3709383).
LogModuleManager: Display: Found up-to-date module file ../../../Engine/Plugins/Media/ImgMedia/Binaries/Win64/UE4Editor-ImgMediaFactory.dll (API version 3709383).
LogModuleManager: Display: Found up-to-date module file ../../../Engine/Plugins/Media/ImgMedia/Binaries/Win64/UE4Editor-ImgMediaFactory.dll (API version 3709383).
LogModuleManager: Display: Found up-to-date module file ../../../Engine/Plugins/Media/ImgMedia/Binaries/Win64/UE4Editor-OpenExrWrapper.dll (API version 3709383).
LogModuleManager: Display: Found up-to-date module file ../../../Engine/Plugins/Media/MediaCompositing/Binaries/Win64/UE4Editor-MediaCompositing.dll (API version 3709383).
LogModuleManager: Display: Found up-to-date module file ../../../Engine/Plugins/Media/MediaCompositing/Binaries/Win64/UE4Editor-MediaCompositingEditor.dll (API version 3709383).
LogModuleManager: Display: Found up-to-date module file ../../../Engine/Plugins/Media/MediaPlayerEditor/Binaries/Win64/UE4Editor-MediaPlayerEditor.dll (API version 3709383).
LogModuleManager: Display: Found up-to-date module file ../../../Engine/Plugins/Media/WmfMedia/Binaries/Win64/UE4Editor-WmfMedia.dll (API version 3709383).
LogModuleManager: Display: Found up-to-date module file ../../../Engine/Plugins/Media/WmfMedia/Binaries/Win64/UE4Editor-WmfMediaEditor.dll (API version 3709383).
LogModuleManager: Display: Found up-to-date module file ../../../Engine/Plugins/Media/WmfMedia/Binaries/Win64/UE4Editor-WmfMediaFactory.dll (API version 3709383).
LogModuleManager: Display: Found up-to-date module file ../../../Engine/Plugins/Media/WmfMedia/Binaries/Win64/UE4Editor-WmfMediaFactory.dll (API version 3709383).
LogModuleManager: Display: Found up-to-date module file ../../../Engine/Plugins/Messaging/TcpMessaging/Binaries/Win64/UE4Editor-TcpMessaging.dll (API version 3709383).
LogModuleManager: Display: Found up-to-date module file ../../../Engine/Plugins/Messaging/UdpMessaging/Binaries/Win64/UE4Editor-UdpMessaging.dll (API version 3709383).
LogModuleManager: Display: Found up-to-date module file ../../../Engine/Plugins/MovieScene/ActorSequence/Binaries/Win64/UE4Editor-ActorSequence.dll (API version 3709383).
LogModuleManager: Display: Found up-to-date module file ../../../Engine/Plugins/MovieScene/LevelSequenceEditor/Binaries/Win64/UE4Editor-LevelSequenceEditor.dll (API version 3709383).
LogModuleManager: Display: Found up-to-date module file ../../../Engine/Plugins/MovieScene/MatineeToLevelSequence/Binaries/Win64/UE4Editor-MatineeToLevelSequence.dll (API version 3709383).
LogModuleManager: Display: Found up-to-date module file ../../../Engine/Plugins/Online/OnlineSubsystem/Binaries/Win64/UE4Editor-OnlineSubsystem.dll (API version 3709383).
LogModuleManager: Display: Found up-to-date module file ../../../Engine/Plugins/Runtime/AndroidPermission/Binaries/Win64/UE4Editor-AndroidPermission.dll (API version 3709383).
LogModuleManager: Display: Found up-to-date module file ../../../Engine/Plugins/Online/OnlineSubsystemNull/Binaries/Win64/UE4Editor-OnlineSubsystemNull.dll (API version 3709383).
LogModuleManager: Display: Found up-to-date module file ../../../Engine/Plugins/Online/OnlineSubsystemUtils/Binaries/Win64/UE4Editor-OnlineSubsystemUtils.dll (API version 3709383).
LogModuleManager: Display: Found up-to-date module file ../../../Engine/Plugins/Online/OnlineSubsystemUtils/Binaries/Win64/UE4Editor-OnlineBlueprintSupport.dll (API version 3709383).
LogModuleManager: Display: Found up-to-date module file ../../../Engine/Plugins/Runtime/AndroidDeviceProfileSelector/Binaries/Win64/UE4Editor-AndroidDeviceProfileSelector.dll (API version 3709383).
LogModuleManager: Display: Found up-to-date module file ../../../Engine/Plugins/Runtime/AppleARKit/Binaries/Win64/UE4Editor-AppleARKit.dll (API version 3709383).
LogModuleManager: Display: Found up-to-date module file ../../../Engine/Plugins/Runtime/ArchVisCharacter/Binaries/Win64/UE4Editor-ArchVisCharacter.dll (API version 3709383).
LogModuleManager: Display: Found up-to-date module file ../../../Engine/Plugins/Runtime/CableComponent/Binaries/Win64/UE4Editor-CableComponent.dll (API version 3709383).
LogModuleManager: Display: Found up-to-date module file ../../../Engine/Plugins/Runtime/CustomMeshComponent/Binaries/Win64/UE4Editor-CustomMeshComponent.dll (API version 3709383).
LogModuleManager: Display: Found up-to-date module file ../../../Engine/Plugins/Runtime/ExampleDeviceProfileSelector/Binaries/Win64/UE4Editor-ExampleDeviceProfileSelector.dll (API version 3709383).
LogModuleManager: Display: Found up-to-date module file ../../../Engine/Plugins/Runtime/ImmediatePhysics/Binaries/Win64/UE4Editor-ImmediatePhysics.dll (API version 3709383).
LogModuleManager: Display: Found up-to-date module file ../../../Engine/Plugins/Runtime/ImmediatePhysics/Binaries/Win64/UE4Editor-ImmediatePhysicsEditor.dll (API version 3709383).
LogModuleManager: Display: Found up-to-date module file ../../../Engine/Plugins/Runtime/LocationServicesBPLibrary/Binaries/Win64/UE4Editor-LocationServicesBPLibrary.dll (API version 3709383).
LogModuleManager: Display: Found up-to-date module file ../../../Engine/Plugins/Runtime/MobilePatchingUtils/Binaries/Win64/UE4Editor-MobilePatchingUtils.dll (API version 3709383).
LogModuleManager: Display: Found up-to-date module file ../../../Engine/Plugins/Runtime/Oculus/OculusVR/Binaries/Win64/UE4Editor-OculusHMD.dll (API version 3709383).
LogModuleManager: Display: Found up-to-date module file ../../../Engine/Plugins/Runtime/Oculus/OculusVR/Binaries/Win64/UE4Editor-OculusInput.dll (API version 3709383).
LogModuleManager: Display: Found up-to-date module file ../../../Engine/Plugins/Runtime/Oculus/OculusVR/Binaries/Win64/UE4Editor-OculusEditor.dll (API version 3709383).
LogModuleManager: Display: Found up-to-date module file ../../../Engine/Plugins/Runtime/PhysXVehicles/Binaries/Win64/UE4Editor-PhysXVehicles.dll (API version 3709383).
LogModuleManager: Display: Found up-to-date module file ../../../Engine/Plugins/Runtime/PhysXVehicles/Binaries/Win64/UE4Editor-PhysXVehiclesEditor.dll (API version 3709383).
LogModuleManager: Display: Found up-to-date module file ../../../Engine/Plugins/Runtime/ProceduralMeshComponent/Binaries/Win64/UE4Editor-ProceduralMeshComponent.dll (API version 3709383).
LogModuleManager: Display: Found up-to-date module file ../../../Engine/Plugins/Runtime/ProceduralMeshComponent/Binaries/Win64/UE4Editor-ProceduralMeshComponentEditor.dll (API version 3709383).
LogModuleManager: Display: Found up-to-date module file ../../../Engine/Plugins/Runtime/RuntimePhysXCooking/Binaries/Win64/UE4Editor-RuntimePhysXCooking.dll (API version 3709383).
LogModuleManager: Display: Found up-to-date module file ../../../Engine/Plugins/Runtime/Steam/SteamVR/Binaries/Win64/UE4Editor-SteamVR.dll (API version 3709383).
LogModuleManager: Display: Found up-to-date module file ../../../Engine/Plugins/Runtime/Steam/SteamVR/Binaries/Win64/UE4Editor-SteamVRController.dll (API version 3709383).
LogModuleManager: Display: Found up-to-date module file ../../../Engine/Plugins/Runtime/WindowsMoviePlayer/Binaries/Win64/UE4Editor-WindowsMoviePlayer.dll (API version 3709383).
LogPluginManager: Mounting plugin Paper2D
LogPluginManager: Mounting plugin LightPropagationVolume
LogPluginManager: Mounting plugin CodeLiteSourceCodeAccess
LogPluginManager: Mounting plugin GitSourceControl
LogPluginManager: Mounting plugin KDevelopSourceCodeAccess
LogPluginManager: Mounting plugin NullSourceCodeAccess
LogPluginManager: Mounting plugin PerforceSourceControl
LogPluginManager: Mounting plugin SubversionSourceControl
LogPluginManager: Mounting plugin UObjectPlugin
LogPluginManager: Mounting plugin VisualStudioCodeSourceCodeAccess
LogPluginManager: Mounting plugin VisualStudioSourceCodeAccess
LogPluginManager: Mounting plugin XCodeSourceCodeAccess
LogPluginManager: Mounting plugin AssetManagerEditor
LogPluginManager: Mounting plugin AudioCapture
LogPluginManager: Mounting plugin FacialAnimation
LogPluginManager: Mounting plugin GameplayTagsEditor
LogPluginManager: Mounting plugin MobileLauncherProfileWizard
LogPluginManager: Mounting plugin PluginBrowser
LogPluginManager: Mounting plugin SpeedTreeImporter
LogPluginManager: Mounting plugin AlembicImporter
LogPluginManager: Mounting plugin CharacterAI
LogPluginManager: Mounting plugin HTML5Networking
LogPluginManager: Mounting plugin AndroidMedia
LogPluginManager: Mounting plugin AvfMedia
LogPluginManager: Mounting plugin ImgMedia
LogPluginManager: Mounting plugin MediaCompositing
LogPluginManager: Mounting plugin MediaPlayerEditor
LogPluginManager: Mounting plugin WmfMedia
LogPluginManager: Mounting plugin TcpMessaging
LogPluginManager: Mounting plugin UdpMessaging
LogPluginManager: Mounting plugin ActorSequence
LogPluginManager: Mounting plugin LevelSequenceEditor
LogPluginManager: Mounting plugin MatineeToLevelSequence
LogPluginManager: Mounting plugin OnlineSubsystemGooglePlay
LogPluginManager: Mounting plugin OnlineSubsystemIOS
LogPluginManager: Mounting plugin OnlineSubsystem
LogPluginManager: Mounting plugin OnlineSubsystemNull
LogPluginManager: Mounting plugin OnlineSubsystemUtils
LogPluginManager: Mounting plugin AndroidDeviceProfileSelector
LogPluginManager: Mounting plugin AndroidMoviePlayer
LogPluginManager: Mounting plugin AndroidPermission
LogPluginManager: Mounting plugin AppleARKit
LogPluginManager: Mounting plugin AppleMoviePlayer
LogPluginManager: Mounting plugin ArchVisCharacter
LogPluginManager: Mounting plugin CableComponent
LogPluginManager: Mounting plugin CustomMeshComponent
LogPluginManager: Mounting plugin ExampleDeviceProfileSelector
LogPluginManager: Mounting plugin GoogleCloudMessaging
LogPluginManager: Mounting plugin ImmediatePhysics
LogPluginManager: Mounting plugin IOSDeviceProfileSelector
LogPluginManager: Mounting plugin LinuxDeviceProfileSelector
LogPluginManager: Mounting plugin LocationServicesBPLibrary
LogPluginManager: Mounting plugin MobilePatchingUtils
LogPluginManager: Mounting plugin OculusVR
LogPluginManager: Plugin shader directory ../../../Engine/Plugins/Runtime/Oculus/OculusVR/Shaders found
LogPluginManager: Mapping shader source directory ../../../Engine/Plugins/Runtime/Oculus/OculusVR/Shaders to virtual directory /Plugin/OculusVR
LogPluginManager: Mounting plugin PhysXVehicles
LogPluginManager: Mounting plugin ProceduralMeshComponent
LogPluginManager: Mounting plugin RuntimePhysXCooking
LogPluginManager: Mounting plugin SteamVR
LogPluginManager: Mounting plugin WindowsMoviePlayer
LogInit: Using libcurl 7.47.1
LogInit:  - built for x86_64-pc-win32
LogInit:  - supports SSL with OpenSSL/1.0.2g
LogInit:  - supports HTTP deflate (compression) using libz 1.2.8
LogInit:  - other features:
LogInit:      CURL_VERSION_SSL
LogInit:      CURL_VERSION_LIBZ
LogInit:      CURL_VERSION_IPV6
LogInit:      CURL_VERSION_ASYNCHDNS
LogInit:      CURL_VERSION_LARGEFILE
LogInit:      CURL_VERSION_IDN
LogInit:  CurlRequestOptions (configurable via config and command line):
LogInit:  - bVerifyPeer = false  - Libcurl will NOT verify peer certificate
LogInit:  - bUseHttpProxy = false  - Libcurl will NOT use HTTP proxy
LogInit:  - bDontReuseConnections = false  - Libcurl will reuse connections
LogInit:  - CertBundlePath = nullptr  - Libcurl will use whatever was configured at build time.
LogInit: Build: ++UE4+Release-4.18-CL-3794801
LogInit: Engine Version: 4.18.2-3794801+++UE4+Release-4.18
LogInit: Compatible Engine Version: 4.18.0-3709383+++UE4+Release-4.18
LogInit: Net CL: 3709383
LogDevObjectVersion: Number of dev versions registered: 16
LogDevObjectVersion:   Dev-Blueprints (B0D832E4-1F89-4F0D-ACCF-7EB736FD4AA2): 10
LogDevObjectVersion:   Dev-Build (E1C64328-A22C-4D53-A36C-8E866417BD8C): 0
LogDevObjectVersion:   Dev-Core (375EC13C-06E4-48FB-B500-84F0262A717E): 2
LogDevObjectVersion:   Dev-Editor (E4B068ED-F494-42E9-A231-DA0B2E46BB41): 20
LogDevObjectVersion:   Dev-Framework (CFFC743F-43B0-4480-9391-14DF171D2073): 30
LogDevObjectVersion:   Dev-Mobile (B02B49B5-BB20-44E9-A304-32B752E40360): 0
LogDevObjectVersion:   Dev-Networking (A4E4105C-59A1-49B5-A7C5-40C4547EDFEE): 0
LogDevObjectVersion:   Dev-Online (39C831C9-5AE6-47DC-9A44-9C173E1C8E7C): 0
LogDevObjectVersion:   Dev-Physics (78F01B33-EBEA-4F98-B9B4-84EACCB95AA2): 0
LogDevObjectVersion:   Dev-Platform (6631380F-2D4D-43E0-8009-CF276956A95A): 0
LogDevObjectVersion:   Dev-Rendering (12F88B9F-8875-4AFC-A67C-D90C383ABD29): 20
LogDevObjectVersion:   Dev-Sequencer (7B5AE74C-D270-4C10-A958-57980B212A5A): 4
LogDevObjectVersion:   Dev-VR (D7296918-1DD6-4BDD-9DE2-64A83CC13884): 0
LogDevObjectVersion:   Dev-LoadTimes (C2A15278-BFE7-4AFE-6C17-90FF531DF755): 1
LogDevObjectVersion:   Private-Geometry (6EACA3D4-40EC-4CC1-B786-8BED09428FC5): 1
LogDevObjectVersion:   Dev-AnimPhys (29E575DD-E0A3-4627-9D10-D276232CDCEA): 12
LogInit: Compiled (64-bit): Dec  8 2017 02:04:53
LogInit: Compiled with Visual C++: 19.00.24215.01
LogInit: Build Configuration: Development
LogInit: Branch Name: ++UE4+Release-4.18
LogInit: Command line:  
LogInit: Base directory: C:/Program Files/Epic Games/UE_4.18/Engine/Binaries/Win64/
LogInit: Installed Engine Build: 1
LogInit: Presizing for max 8388607 objects, including 0 objects not considered by GC, pre-allocating 0 bytes for permanent pool.
LogInit: Object subsystem initialized
[2017.12.28-18.20.36:816][  0]LogInit: Selected Device Profile: [Windows]
[2017.12.28-18.20.36:816][  0]LogInit: Applying CVar settings loaded from the selected device profile: [Windows]
[2017.12.28-18.20.36:866][  0]LogInit: Computer: ASUS
[2017.12.28-18.20.36:866][  0]LogInit: User: Pavel
[2017.12.28-18.20.36:866][  0]LogInit: CPU Page size=4096, Cores=4
[2017.12.28-18.20.36:866][  0]LogInit: High frequency timer resolution =3.125022 MHz
[2017.12.28-18.20.36:866][  0]LogMemory: Memory total: Physical=11.9GB (12GB approx)
[2017.12.28-18.20.36:866][  0]LogMemory: Platform Memory Stats for Windows
[2017.12.28-18.20.36:866][  0]LogMemory: Process Physical Memory: 273.60 MB used, 273.60 MB peak
[2017.12.28-18.20.36:866][  0]LogMemory: Process Virtual Memory: 271.53 MB used, 271.53 MB peak
[2017.12.28-18.20.36:866][  0]LogMemory: Physical Memory: 6880.97 MB used,  5340.50 MB free, 12221.47 MB total
[2017.12.28-18.20.36:866][  0]LogMemory: Virtual Memory: 645.50 MB used,  5340.50 MB free, 134217728.00 MB total
[2017.12.28-18.20.37:038][  0]LogInit: Using OS detected language (en-US).
[2017.12.28-18.20.37:038][  0]LogInit: Using OS detected locale (ru-RU).
[2017.12.28-18.20.37:041][  0]LogTextLocalizationManager: No specific localization for 'en-US' exists, so the 'en' localization will be used.
[2017.12.28-18.20.37:041][  0]LogTextLocalizationManager: No localization for 'ru-RU' exists, so 'en-US' will be used for the locale.
[2017.12.28-18.20.37:566][  0]LogInit: Setting process to per monitor DPI aware
[2017.12.28-18.20.42:154][  0]LogD3D11RHI: D3D11 adapters:
[2017.12.28-18.20.42:211][  0]LogD3D11RHI:    0. 'NVIDIA GeForce GTX 750 Ti' (Feature Level 11_0)
[2017.12.28-18.20.42:211][  0]LogD3D11RHI:       2017/0/6110 MB DedicatedVideo/DedicatedSystem/SharedSystem, Outputs:1, VendorId:0x10de
[2017.12.28-18.20.42:212][  0]LogD3D11RHI:    1. 'Microsoft Basic Render Driver' (Feature Level 11_0)
[2017.12.28-18.20.42:212][  0]LogD3D11RHI:       0/0/6110 MB DedicatedVideo/DedicatedSystem/SharedSystem, Outputs:0, VendorId:0x1414
[2017.12.28-18.20.42:212][  0]LogD3D11RHI: Chosen D3D11 Adapter: 0
[2017.12.28-18.20.42:218][  0]LogD3D11RHI: Creating new Direct3DDevice
[2017.12.28-18.20.42:218][  0]LogD3D11RHI:     GPU DeviceId: 0x1380 (for the marketing name, search the web for "GPU Device Id")
[2017.12.28-18.20.42:218][  0]LogWindows: EnumDisplayDevices:
[2017.12.28-18.20.42:218][  0]LogWindows:    0. 'NVIDIA GeForce GTX 750 Ti' (P:1 D:1)
[2017.12.28-18.20.42:218][  0]LogWindows:    1. 'NVIDIA GeForce GTX 750 Ti' (P:0 D:0)
[2017.12.28-18.20.42:218][  0]LogWindows:    2. 'NVIDIA GeForce GTX 750 Ti' (P:0 D:0)
[2017.12.28-18.20.42:219][  0]LogWindows:    3. 'NVIDIA GeForce GTX 750 Ti' (P:0 D:0)
[2017.12.28-18.20.42:219][  0]LogWindows: DebugString: FoundDriverCount:4 
[2017.12.28-18.20.42:219][  0]LogD3D11RHI:     Adapter Name: NVIDIA GeForce GTX 750 Ti
[2017.12.28-18.20.42:219][  0]LogD3D11RHI:   Driver Version: 388.13 (internal:23.21.13.8813, unified:388.13)
[2017.12.28-18.20.42:219][  0]LogD3D11RHI:      Driver Date: 10-27-2017
[2017.12.28-18.20.42:219][  0]LogRHI: Texture pool is 1412 MB (70% of 2017 MB)
[2017.12.28-18.20.42:257][  0]LogD3D11RHI: Async texture creation enabled
[2017.12.28-18.20.42:268][  0]LogD3D11RHI: GPU Timing Frequency: 1000.000000 (Debug: 2 1)
[2017.12.28-18.20.42:270][  0]LogShaderCompilers: Guid format shader working directory is -6 characters bigger than the processId version (../../../../../../Documents/GitHub/ResearchDisaster1/Intermediate/Shaders/WorkingDirectory/9076/).
[2017.12.28-18.20.42:270][  0]LogShaderCompilers: Cleaned the shader compiler working directory 'C:/Users/Павел/AppData/Local/Temp/UnrealShaderWorkingDir/DB43D4744D033F559EEC58BF1DBD8AAF/'.
[2017.12.28-18.20.42:270][  0]LogShaderCompilers: Display: Using Local Shader Compiler.
[2017.12.28-18.20.45:078][  0]LogTemp: Display: Loaded TP AllDesktopTargetPlatform
[2017.12.28-18.20.45:142][  0]LogTemp: Display: Loaded TP MacClientTargetPlatform
[2017.12.28-18.20.45:205][  0]LogTemp: Display: Loaded TP MacNoEditorTargetPlatform
[2017.12.28-18.20.45:269][  0]LogTemp: Display: Loaded TP MacServerTargetPlatform
[2017.12.28-18.20.45:344][  0]LogTemp: Display: Loaded TP MacTargetPlatform
[2017.12.28-18.20.45:407][  0]LogTemp: Display: Loaded TP WindowsClientTargetPlatform
[2017.12.28-18.20.45:471][  0]LogTemp: Display: Loaded TP WindowsNoEditorTargetPlatform
[2017.12.28-18.20.45:533][  0]LogTemp: Display: Loaded TP WindowsServerTargetPlatform
[2017.12.28-18.20.45:588][  0]LogTemp: Display: Loaded TP WindowsTargetPlatform
[2017.12.28-18.20.45:651][  0]LogTemp: Display: Loaded TP Android_ASTCTargetPlatform
[2017.12.28-18.20.45:714][  0]LogTemp: Display: Loaded TP Android_ATCTargetPlatform
[2017.12.28-18.20.45:775][  0]LogTemp: Display: Loaded TP Android_DXTTargetPlatform
[2017.12.28-18.20.45:838][  0]LogTemp: Display: Loaded TP Android_ETC1TargetPlatform
[2017.12.28-18.20.45:903][  0]LogTemp: Display: Loaded TP Android_ETC2TargetPlatform
[2017.12.28-18.20.46:029][  0]LogTemp: Display: Loaded TP Android_MultiTargetPlatform
[2017.12.28-18.20.46:030][  0]LogTemp: Display: Loaded TP Android_PVRTCTargetPlatform
[2017.12.28-18.20.46:104][  0]LogTemp: Display: Loaded TP AndroidTargetPlatform
[2017.12.28-18.20.46:153][  0]LogTemp: Display: Loaded TP HTML5TargetPlatform
[2017.12.28-18.20.46:274][  0]LogTemp: Display: Loaded TP IOSTargetPlatform
[2017.12.28-18.20.46:309][  0]LogTemp: Display: Loaded TP TVOSTargetPlatform
[2017.12.28-18.20.46:373][  0]LogTemp: Display: Loaded TP LinuxClientTargetPlatform
[2017.12.28-18.20.46:436][  0]LogTemp: Display: Loaded TP LinuxNoEditorTargetPlatform
[2017.12.28-18.20.46:500][  0]LogTemp: Display: Loaded TP LinuxServerTargetPlatform
[2017.12.28-18.20.46:574][  0]LogTemp: Display: Loaded TP LinuxTargetPlatform
[2017.12.28-18.20.46:574][  0]LogTargetPlatformManager: Display: Building Assets For Windows
[2017.12.28-18.20.47:158][  0]LogDerivedDataCache: Display: Max Cache Size: 512 MB
[2017.12.28-18.20.47:543][  0]LogDerivedDataCache: Loaded boot cache 0.38s 78MB C:/Users/Павел/AppData/Local/UnrealEngine/4.18/DerivedDataCache/Boot.ddc.
[2017.12.28-18.20.47:543][  0]LogDerivedDataCache: Display: Loaded Boot cache: C:/Users/Павел/AppData/Local/UnrealEngine/4.18/DerivedDataCache/Boot.ddc
[2017.12.28-18.20.47:543][  0]LogDerivedDataCache: FDerivedDataBackendGraph:  Pak pak cache file ../../../../../../Documents/GitHub/ResearchDisaster1/DerivedDataCache/DDC.ddp not found, will not use a pak cache.
[2017.12.28-18.20.47:543][  0]LogDerivedDataCache: Unable to find inner node Pak for hierarchical cache Hierarchy.
[2017.12.28-18.20.47:544][  0]LogDerivedDataCache: FDerivedDataBackendGraph:  CompressedPak pak cache file ../../../../../../Documents/GitHub/ResearchDisaster1/DerivedDataCache/Compressed.ddp not found, will not use a pak cache.
[2017.12.28-18.20.47:544][  0]LogDerivedDataCache: Unable to find inner node CompressedPak for hierarchical cache Hierarchy.
[2017.12.28-18.20.47:562][  0]LogDerivedDataCache: Display: Pak cache opened for reading ../../../Engine/DerivedDataCache/Compressed.ddp.
[2017.12.28-18.20.47:574][  0]LogDerivedDataCache: Using Local data cache path C:/Users/Павел/AppData/Local/UnrealEngine/Common/DerivedDataCache: Writable
[2017.12.28-18.20.47:587][  0]LogMaterial: Verifying Global Shaders for PCD3D_SM5
[2017.12.28-18.20.47:587][  0]LogSlate: Using Freetype 2.6.0
[2017.12.28-18.20.47:588][  0]LogSlate: SlateFontCache - WITH_FREETYPE: 1, WITH_HARFBUZZ: 1
[2017.12.28-18.20.47:588][  0]LogSlate: SlateFontCache - WITH_FREETYPE: 1, WITH_HARFBUZZ: 1
[2017.12.28-18.20.48:056][  0]LogInit: Selected Device Profile: [Windows]
[2017.12.28-18.20.48:455][  0]LogSimplygon: Simplygon DLL not present - disabling.
[2017.12.28-18.20.48:505][  0]LogMeshReduction: Using SimplygonSwarm for distributed automatic mesh merging
[2017.12.28-18.20.48:505][  0]LogMeshReduction: Using QuadricMeshReduction for automatic static mesh reduction
[2017.12.28-18.20.48:505][  0]LogMeshReduction: No automatic skeletal mesh reduction module available
[2017.12.28-18.20.48:505][  0]LogMeshReduction: No automatic mesh merging module available
[2017.12.28-18.20.48:505][  0]LogMeshMerging: No automatic mesh merging module available
[2017.12.28-18.20.48:538][  0]LogNetVersion: RNDYOUFUCK , NetCL: 3709383, EngineNetVer: 2, GameNetVer: 0 (Checksum: 762423528)
[2017.12.28-18.20.48:733][  0]LogAssetRegistry: FAssetRegistry took 0.0264 seconds to start up
[2017.12.28-18.20.49:335][  0]LogPackageLocalizationCache: Processed 7 localized package path(s) for 2 prioritized culture(s) in 0.080676 seconds
[2017.12.28-18.20.49:341][  0]LogUObjectArray: 35900 objects as part of root set at end of initial load.
[2017.12.28-18.20.49:341][  0]LogUObjectAllocator: 7372016 out of 0 bytes used by permanent object pool.
[2017.12.28-18.20.49:341][  0]LogUObjectArray: CloseDisregardForGC: 0/0 objects in disregard for GC pool
[2017.12.28-18.20.49:407][  0]LogInit: WinSock: version 1.1 (2.2), MaxSocks=32767, MaxUdp=65467
[2017.12.28-18.21.08:355][  0]LogTcpMessaging: Initializing TcpMessaging bridge
[2017.12.28-18.21.08:405][  0]LogUdpMessaging: Initializing bridge on interface 0.0.0.0:0 to multicast group 230.0.0.1:6666.
[2017.12.28-18.21.09:491][  0]LogMaterial: Uniform references updated for custom material expression Custom.
[2017.12.28-18.21.10:030][  0]SourceControl: Source control is disabled
[2017.12.28-18.21.10:030][  0]SourceControl: Source control is disabled
[2017.12.28-18.21.10:109][  0]SourceControl: Source control is disabled
[2017.12.28-18.21.10:182][  0]SourceControl: Source control is disabled
[2017.12.28-18.21.11:377][  0]LogAndroidPermission: UAndroidPermissionCallbackProxy::GetInstance
[2017.12.28-18.21.11:717][  0]LogOcInput: OculusInput pre-init called
[2017.12.28-18.21.12:107][  0]LogEngine: Initializing Engine...
[2017.12.28-18.21.12:111][  0]LogHMD: Failed to initialize OpenVR with code 105
[2017.12.28-18.21.12:390][  0]LogStats: UGameplayTagsManager::ConstructGameplayTagTree: Construct from data asset -  0.000 s
[2017.12.28-18.21.12:390][  0]LogStats: UGameplayTagsManager::ConstructGameplayTagTree: GameplayTagTreeChangedEvent.Broadcast -  0.000 s
[2017.12.28-18.21.12:565][  0]LogAIModule: Creating AISystem for world Untitled
[2017.12.28-18.21.12:573][  0]LogInit: XAudio2 using 'Динамики (VIA HD Audio(Win 10))' : 2 channels at 48 kHz using 32 bits per sample (channel mask 0x3)
[2017.12.28-18.21.12:588][  0]LogInit: FAudioDevice initialized.
[2017.12.28-18.21.12:760][  0]LogDerivedDataCache: Saved boot cache 0.17s 78MB C:/Users/Павел/AppData/Local/UnrealEngine/4.18/DerivedDataCache/Boot.ddc.
[2017.12.28-18.21.12:782][  0]LogInit: Texture streaming: Enabled
[2017.12.28-18.21.12:916][  0]LogEngineSessionManager: EngineSessionManager initialized
[2017.12.28-18.21.12:916][  0]LogEngineSessionManager: EngineSessionManager sent abnormal shutdown report. Type=Crashed, SessionId={B124351F-47B4-5784-963D-EEADF1F03C63}
[2017.12.28-18.21.13:084][  0]LogInit: Transaction tracking system initialized
[2017.12.28-18.21.13:510][  0]BlueprintLog: New page: Editor Load
[2017.12.28-18.21.14:851][  0]LocalizationService: Localization service is disabled
[2017.12.28-18.21.15:880][  0]LogConsoleResponse: Display: 
[2017.12.28-18.21.16:379][  0]LogCook: Display: Max memory allowance for cook 16384mb min free memory 0mb
[2017.12.28-18.21.16:379][  0]LogCook: Display: Mobile HDR setting 1
[2017.12.28-18.21.16:379][  0]LogGameplayTags: Display: UGameplayTagsManager::DoneAddingNativeTags. DelegateIsBound: 0
[2017.12.28-18.21.16:567][  0]LogFileCache: Scanning file cache for directory 'C:/Documents/GitHub/ResearchDisaster1/Content/' took 0.02s
[2017.12.28-18.21.18:069][  0]SourceControl: Source control is disabled
[2017.12.28-18.21.18:069][  0]Cmd: MAP LOAD FILE="../../../../../../Documents/GitHub/ResearchDisaster1/Content/ThirdPersonBP/Maps/ThirdPersonExampleMap.umap" TEMPLATE=0 SHOWPROGRESS=1 FEATURELEVEL=3
[2017.12.28-18.21.18:069][  0]LogEditorServer: Warning: Can't find file '../../../../../../Documents/GitHub/ResearchDisaster1/Content/ThirdPersonBP/Maps/ThirdPersonExampleMap.umap'
[2017.12.28-18.21.18:069][  0]Cmd: MAP CHECKDEP NOCLEARLOG
[2017.12.28-18.21.18:126][  0]MapCheck: Map check complete: 0 Error(s), 0 Warning(s), took 56.579ms to complete.
[2017.12.28-18.21.18:126][  0]LogFileHelpers: Loading map 'ThirdPersonExampleMap' took 0.057
[2017.12.28-18.21.18:342][  0]LogCollectionManager: Loaded 0 collections in 0.002182 seconds
[2017.12.28-18.21.18:422][  0]LogFileCache: Scanning file cache for directory 'C:/Documents/GitHub/ResearchDisaster1/Saved/Collections/' took 0.01s
[2017.12.28-18.21.18:422][  0]LogFileCache: Scanning file cache for directory 'C:/Documents/GitHub/ResearchDisaster1/Content/Developers/Pavel/Collections/' took 0.01s
[2017.12.28-18.21.18:422][  0]LogFileCache: Scanning file cache for directory 'C:/Documents/GitHub/ResearchDisaster1/Content/Collections/' took 0.00s
[2017.12.28-18.21.18:422][  0]LogCollectionManager: Rebuilt the GUID cache for 0 collections in 0.000001 seconds
[2017.12.28-18.21.18:432][  0]LogContentBrowser: Native class hierarchy populated in 0.0097 seconds. Added 2363 classes and 519 folders.
[2017.12.28-18.21.18:513][  0]LogContentBrowser: Native class hierarchy updated for 'WidgetCarousel' in 0.0002 seconds. Added 0 classes and 0 folders.
[2017.12.28-18.21.19:119][  0]LogContentBrowser: Native class hierarchy updated for 'AddContentDialog' in 0.0003 seconds. Added 0 classes and 0 folders.
[2017.12.28-18.21.19:235][  0]LogContentBrowser: Native class hierarchy updated for 'SceneOutliner' in 0.0003 seconds. Added 1 classes and 2 folders.
[2017.12.28-18.21.19:248][  0]LogSlate: Took 0.000195 seconds to synchronously load lazily loaded font '../../../Engine/Content/Slate/Fonts/Roboto-Regular.ttf' (155K)
[2017.12.28-18.21.19:251][  0]LogSlate: Took 0.000208 seconds to synchronously load lazily loaded font '../../../Engine/Content/Slate/Fonts/Roboto-Bold.ttf' (160K)
[2017.12.28-18.21.19:274][  0]LogSlate: Took 0.015974 seconds to synchronously load lazily loaded font '../../../Engine/Content/Editor/Slate/Fonts/FontAwesome.ttf' (139K)
[2017.12.28-18.21.19:460][  0]LogRenderer: Reallocating scene render targets to support 1208x724 Format 10 NumSamples 1 (Frame:1).
[2017.12.28-18.21.19:704][  0]LogContentBrowser: Native class hierarchy updated for 'HierarchicalLODOutliner' in 0.0003 seconds. Added 1 classes and 2 folders.
[2017.12.28-18.21.19:704][  0]LogLoad: (Engine Initialization) Total time: 47.31 seconds
[2017.12.28-18.21.19:704][  0]LogLoad: (Engine Initialization) Total Blueprint compile time: 0.00 seconds
[2017.12.28-18.21.19:704][  0]LogExternalProfiler: Found external profiler: VSPerf
[2017.12.28-18.21.19:704][  0]LogExternalProfiler: Using external profiler: VSPerf
[2017.12.28-18.21.20:063][  0]LogContentStreaming: Texture pool size now 1000 MB
[2017.12.28-18.21.20:390][  1]LogAssetRegistry: Asset discovery search completed in 31.6791 seconds
[2017.12.28-18.21.20:400][  1]LogCollectionManager: Rebuilt the object cache for 0 collections in 0.000000 seconds (found 0 objects)
[2017.12.28-18.21.20:400][  1]LogCollectionManager: Fixed up redirectors for 0 collections in 0.000075 seconds (updated 0 objects)
[2017.12.28-18.21.51:537][326]LogSlate: Took 0.000178 seconds to synchronously load lazily loaded font '../../../Engine/Content/Slate/Fonts/Roboto-Light.ttf' (159K)
[2017.12.28-18.21.52:396][326]LogAIModule: Creating AISystem for world B1
[2017.12.28-18.21.52:428][326]Cmd: MAP LOAD FILE="../../../../../../Documents/GitHub/ResearchDisaster1/Content/B1.umap" TEMPLATE=0 SHOWPROGRESS=1 FEATURELEVEL=3
[2017.12.28-18.21.52:429][326]LightingResults: New page: Lighting Build
[2017.12.28-18.21.52:477][326]LogContentBrowser: Native class hierarchy updated for 'StatsViewer' in 0.0003 seconds. Added 5 classes and 0 folders.
[2017.12.28-18.21.52:477][326]LoadErrors: New page: Loading map: B1.umap
[2017.12.28-18.21.52:478][326]MapCheck: New page: Map Check
[2017.12.28-18.21.52:478][326]LightingResults: New page: Lighting Build
[2017.12.28-18.21.52:555][326]LogEditorServer: Finished looking for orphan Actors (0.000 secs)
[2017.12.28-18.21.52:598][326]Cmd: MAP CHECKDEP NOCLEARLOG
[2017.12.28-18.21.52:656][326]MapCheck: Map check complete: 0 Error(s), 0 Warning(s), took 58.233ms to complete.
[2017.12.28-18.21.52:658][326]LogFileHelpers: Loading map 'B1' took 0.230
[2017.12.28-18.22.00:297][870]Cmd: TRANSACTION UNDO
[2017.12.28-18.22.00:297][870]LogEditorTransaction: Undo Move Actors
[2017.12.28-18.22.00:321][870]LogActorComponent: ~FComponentReregisterContext: (/Game/B1.B1:PersistentLevel.BoxBrush41.BrushComponent0) Component already registered.
[2017.12.28-18.22.00:335][870]LogActorComponent: ~FComponentReregisterContext: (/Game/B1.B1:PersistentLevel.BoxBrush9.BrushComponent0) Component already registered.
[2017.12.28-18.22.00:337][870]LogActorComponent: ~FComponentReregisterContext: (/Game/B1.B1:PersistentLevel.BoxBrush99.BrushComponent0) Component already registered.
[2017.12.28-18.22.00:339][870]LogActorComponent: ~FComponentReregisterContext: (/Game/B1.B1:PersistentLevel.BoxBrush60.BrushComponent0) Component already registered.
[2017.12.28-18.22.00:340][870]LogActorComponent: ~FComponentReregisterContext: (/Game/B1.B1:PersistentLevel.CylinderBrush5.BrushComponent0) Component already registered.
[2017.12.28-18.22.00:341][870]LogActorComponent: ~FComponentReregisterContext: (/Game/B1.B1:PersistentLevel.BoxBrush78.BrushComponent0) Component already registered.
[2017.12.28-18.22.00:827][870]LogSlate: Took 0.000223 seconds to synchronously load lazily loaded font '../../../Engine/Content/Slate/Fonts/Roboto-Light.ttf' (159K)
[2017.12.28-18.22.01:498][925]Cmd: TRANSACTION UNDO
[2017.12.28-18.22.01:498][925]LogEditorTransaction: Undo Move Actors
[2017.12.28-18.22.01:524][925]LogActorComponent: ~FComponentReregisterContext: (/Game/B1.B1:PersistentLevel.BoxBrush41.BrushComponent0) Component already registered.
[2017.12.28-18.22.01:537][925]LogActorComponent: ~FComponentReregisterContext: (/Game/B1.B1:PersistentLevel.BoxBrush9.BrushComponent0) Component already registered.
[2017.12.28-18.22.01:539][925]LogActorComponent: ~FComponentReregisterContext: (/Game/B1.B1:PersistentLevel.BoxBrush99.BrushComponent0) Component already registered.
[2017.12.28-18.22.01:542][925]LogActorComponent: ~FComponentReregisterContext: (/Game/B1.B1:PersistentLevel.BoxBrush60.BrushComponent0) Component already registered.
[2017.12.28-18.22.01:543][925]LogActorComponent: ~FComponentReregisterContext: (/Game/B1.B1:PersistentLevel.CylinderBrush5.BrushComponent0) Component already registered.
[2017.12.28-18.22.01:543][925]LogActorComponent: ~FComponentReregisterContext: (/Game/B1.B1:PersistentLevel.BoxBrush78.BrushComponent0) Component already registered.
[2017.12.28-18.22.09:507][722]Cmd: TRANSACTION UNDO
[2017.12.28-18.22.09:507][722]LogEditorTransaction: Undo Move Actors
[2017.12.28-18.22.09:531][722]LogActorComponent: ~FComponentReregisterContext: (/Game/B1.B1:PersistentLevel.BoxBrush41.BrushComponent0) Component already registered.
[2017.12.28-18.22.09:545][722]LogActorComponent: ~FComponentReregisterContext: (/Game/B1.B1:PersistentLevel.BoxBrush9.BrushComponent0) Component already registered.
[2017.12.28-18.22.09:547][722]LogActorComponent: ~FComponentReregisterContext: (/Game/B1.B1:PersistentLevel.BoxBrush99.BrushComponent0) Component already registered.
[2017.12.28-18.22.09:549][722]LogActorComponent: ~FComponentReregisterContext: (/Game/B1.B1:PersistentLevel.BoxBrush60.BrushComponent0) Component already registered.
[2017.12.28-18.22.09:550][722]LogActorComponent: ~FComponentReregisterContext: (/Game/B1.B1:PersistentLevel.CylinderBrush5.BrushComponent0) Component already registered.
[2017.12.28-18.22.09:551][722]LogActorComponent: ~FComponentReregisterContext: (/Game/B1.B1:PersistentLevel.BoxBrush78.BrushComponent0) Component already registered.
[2017.12.28-18.22.15:329][137]Cmd: TRANSACTION UNDO
[2017.12.28-18.22.15:330][137]LogEditorTransaction: Undo Move Actors
[2017.12.28-18.22.15:354][137]LogActorComponent: ~FComponentReregisterContext: (/Game/B1.B1:PersistentLevel.BoxBrush41.BrushComponent0) Component already registered.
[2017.12.28-18.22.15:368][137]LogActorComponent: ~FComponentReregisterContext: (/Game/B1.B1:PersistentLevel.BoxBrush9.BrushComponent0) Component already registered.
[2017.12.28-18.22.15:369][137]LogActorComponent: ~FComponentReregisterContext: (/Game/B1.B1:PersistentLevel.BoxBrush99.BrushComponent0) Component already registered.
[2017.12.28-18.22.15:372][137]LogActorComponent: ~FComponentReregisterContext: (/Game/B1.B1:PersistentLevel.BoxBrush60.BrushComponent0) Component already registered.
[2017.12.28-18.22.15:373][137]LogActorComponent: ~FComponentReregisterContext: (/Game/B1.B1:PersistentLevel.CylinderBrush5.BrushComponent0) Component already registered.
[2017.12.28-18.22.15:374][137]LogActorComponent: ~FComponentReregisterContext: (/Game/B1.B1:PersistentLevel.BoxBrush78.BrushComponent0) Component already registered.
[2017.12.28-18.22.36:526][649]Cmd: TRANSACTION UNDO
[2017.12.28-18.22.36:526][649]LogEditorTransaction: Undo Move Actors
[2017.12.28-18.22.36:551][649]LogActorComponent: ~FComponentReregisterContext: (/Game/B1.B1:PersistentLevel.BoxBrush41.BrushComponent0) Component already registered.
[2017.12.28-18.22.36:565][649]LogActorComponent: ~FComponentReregisterContext: (/Game/B1.B1:PersistentLevel.BoxBrush9.BrushComponent0) Component already registered.
[2017.12.28-18.22.36:566][649]LogActorComponent: ~FComponentReregisterContext: (/Game/B1.B1:PersistentLevel.BoxBrush99.BrushComponent0) Component already registered.
[2017.12.28-18.22.36:569][649]LogActorComponent: ~FComponentReregisterContext: (/Game/B1.B1:PersistentLevel.BoxBrush60.BrushComponent0) Component already registered.
[2017.12.28-18.22.36:570][649]LogActorComponent: ~FComponentReregisterContext: (/Game/B1.B1:PersistentLevel.CylinderBrush5.BrushComponent0) Component already registered.
[2017.12.28-18.22.36:570][649]LogActorComponent: ~FComponentReregisterContext: (/Game/B1.B1:PersistentLevel.BoxBrush78.BrushComponent0) Component already registered.
[2017.12.28-18.23.52:392][  5]LogEditorViewport: Clicking on Actor (LMB): BP_Sky_Sphere_C (BP_Sky_Sphere)
[2017.12.28-18.24.15:955][196]Cmd: TRANSACTION UNDO
[2017.12.28-18.24.15:955][196]LogEditorTransaction: Undo Scale Actors
[2017.12.28-18.24.15:980][196]LogActorComponent: ~FComponentReregisterContext: (/Game/B1.B1:PersistentLevel.BoxBrush41.BrushComponent0) Component already registered.
[2017.12.28-18.24.15:995][196]LogActorComponent: ~FComponentReregisterContext: (/Game/B1.B1:PersistentLevel.BoxBrush9.BrushComponent0) Component already registered.
[2017.12.28-18.24.15:997][196]LogActorComponent: ~FComponentReregisterContext: (/Game/B1.B1:PersistentLevel.BoxBrush99.BrushComponent0) Component already registered.
[2017.12.28-18.24.15:999][196]LogActorComponent: ~FComponentReregisterContext: (/Game/B1.B1:PersistentLevel.BoxBrush60.BrushComponent0) Component already registered.
[2017.12.28-18.24.16:001][196]LogActorComponent: ~FComponentReregisterContext: (/Game/B1.B1:PersistentLevel.CylinderBrush5.BrushComponent0) Component already registered.
[2017.12.28-18.24.16:001][196]LogActorComponent: ~FComponentReregisterContext: (/Game/B1.B1:PersistentLevel.BoxBrush78.BrushComponent0) Component already registered.
[2017.12.28-18.24.16:345][196]Cmd: TRANSACTION UNDO
[2017.12.28-18.24.16:345][196]LogEditorTransaction: Undo Clicking on Actors
[2017.12.28-18.24.17:899][371]Cmd: TRANSACTION UNDO
[2017.12.28-18.24.17:899][371]LogEditorTransaction: Undo Select Brush Surface
[2017.12.28-18.24.17:922][371]LogWindows: Windows GetLastError: The operation completed successfully. (0)
[2017.12.28-18.24.19:656][371]LogWindows: Error: === Critical error: ===
[2017.12.28-18.24.19:656][371]LogWindows: Error: 
[2017.12.28-18.24.19:657][371]LogWindows: Error: Assertion failed: (Index >= 0) & (Index < ArrayNum) [File:D:\Build\++UE4+Release-4.18+Compile\Sync\Engine\Source\Runtime\Core\Public\Containers/Array.h] [Line: 610] 
[2017.12.28-18.24.19:657][371]LogWindows: Error: Array index out of bounds: 3606 from an array of size 3447
[2017.12.28-18.24.19:657][371]LogWindows: Error: 
[2017.12.28-18.24.19:657][371]LogWindows: Error: 
[2017.12.28-18.24.19:657][371]LogWindows: Error: [Callstack] 0x00000000BA839D98 KERNELBASE.dll!UnknownFunction []
[2017.12.28-18.24.19:657][371]LogWindows: Error: [Callstack] 0x000000008F7D76D4 UE4Editor-ApplicationCore.dll!UnknownFunction []
[2017.12.28-18.24.19:657][371]LogWindows: Error: [Callstack] 0x0000000085ED330B UE4Editor-Core.dll!UnknownFunction []
[2017.12.28-18.24.19:657][371]LogWindows: Error: [Callstack] 0x0000000085E647F9 UE4Editor-Core.dll!UnknownFunction []
[2017.12.28-18.24.19:657][371]LogWindows: Error: [Callstack] 0x00000000669488C5 UE4Editor-Engine.dll!UnknownFunction []
[2017.12.28-18.24.19:657][371]LogWindows: Error: [Callstack] 0x0000000066D2DC99 UE4Editor-Engine.dll!UnknownFunction []
[2017.12.28-18.24.19:657][371]LogWindows: Error: [Callstack] 0x000000006768395B UE4Editor-Engine.dll!UnknownFunction []
[2017.12.28-18.24.19:657][371]LogWindows: Error: [Callstack] 0x0000000081C4702D UE4Editor-UnrealEd.dll!UnknownFunction []
[2017.12.28-18.24.19:657][371]LogWindows: Error: [Callstack] 0x00000000824F4AC6 UE4Editor-UnrealEd.dll!UnknownFunction []
[2017.12.28-18.24.19:657][371]LogWindows: Error: [Callstack] 0x0000000015C55A26 UE4Editor.exe!UnknownFunction []
[2017.12.28-18.24.19:657][371]LogWindows: Error: [Callstack] 0x0000000015C65430 UE4Editor.exe!UnknownFunction []
[2017.12.28-18.24.19:657][371]LogWindows: Error: [Callstack] 0x0000000015C654AA UE4Editor.exe!UnknownFunction []
[2017.12.28-18.24.19:657][371]LogWindows: Error: [Callstack] 0x0000000015C72379 UE4Editor.exe!UnknownFunction []
[2017.12.28-18.24.19:657][371]LogWindows: Error: [Callstack] 0x0000000015C73D57 UE4Editor.exe!UnknownFunction []
[2017.12.28-18.24.19:657][371]LogWindows: Error: [Callstack] 0x00000000BDBC2774 KERNEL32.DLL!UnknownFunction []
[2017.12.28-18.24.19:657][371]LogWindows: Error: [Callstack] 0x00000000BDFF0D51 ntdll.dll!UnknownFunction []
[2017.12.28-18.24.19:657][371]LogWindows: Error: [Callstack] 0x00000000BDFF0D51 ntdll.dll!UnknownFunction []
[2017.12.28-18.24.19:657][371]LogWindows: Error: 
[2017.12.28-18.24.19:667][371]LogExit: Executing StaticShutdownAfterError
[2017.12.28-18.24.19:690][371]LogWindows: FPlatformMisc::RequestExit(1)
[2017.12.28-18.24.19:690][371]Log file closed, 12/28/17 23:24:19
