Log file open, 01/10/18 16:39:10
LogWindows: Failed to load 'aqProf.dll' (GetLastError=126)
LogWindows: File 'aqProf.dll' does not exist
LogWindows: Failed to load 'VtuneApi.dll' (GetLastError=126)
LogWindows: File 'VtuneApi.dll' does not exist
LogWindows: Failed to load 'VtuneApi32e.dll' (GetLastError=126)
LogWindows: File 'VtuneApi32e.dll' does not exist
LogInit: Display: Running engine for game: RNDYOUFUCK
LogPlatformFile: Not using cached read wrapper
LogInit: Display: RandInit(1435438048) SRandInit(1435438048).
LogInit: Read version file with build ID '3709383'
LogInit: Overriding engine version to CL 3794801, compatible CL 3709383
LogInit: Registered custom module enumerator with build ID '3709383'
LogTaskGraph: Started task graph with 5 named threads and 14 total threads with 3 sets of task threads.
LogStats: Stats thread started at 0.276921
LogD3D11RHI: Aftermath initialized
LogModuleManager: Display: Found up-to-date module file ../../../../Disaster/ResearchDisaster/Plugins/VictoryPlug/Binaries/Win64/UE4Editor-VictoryBPLibrary.dll (API version 3709383).
LogModuleManager: Display: Found up-to-date module file ../../../Engine/Plugins/Runtime/ApexDestruction/Binaries/Win64/UE4Editor-ApexDestruction.dll (API version 3709383).
LogModuleManager: Display: Found up-to-date module file ../../../Engine/Plugins/Runtime/ApexDestruction/Binaries/Win64/UE4Editor-ApexDestructionEditor.dll (API version 3709383).
LogModuleManager: Display: Found up-to-date module file ../../../Engine/Plugins/Marketplace/Substance/Binaries/Win64/UE4Editor-SubstanceCore.dll (API version 3709383).
LogModuleManager: Display: Found up-to-date module file ../../../Engine/Plugins/Marketplace/Substance/Binaries/Win64/UE4Editor-SubstanceEditor.dll (API version 3709383).
LogModuleManager: Display: Found up-to-date module file ../../../Engine/Plugins/Marketplace/Substance/Binaries/Win64/UE4Editor-SubstanceSource.dll (API version 3709383).
LogModuleManager: Display: Found up-to-date module file ../../../Engine/Plugins/Marketplace/Substance/Binaries/Win64/UE4Editor-SubstanceLiveLink.dll (API version 3709383).
LogModuleManager: Display: Found up-to-date module file ../../../Engine/Plugins/2D/Paper2D/Binaries/Win64/UE4Editor-Paper2D.dll (API version 3709383).
LogModuleManager: Display: Found up-to-date module file ../../../Engine/Plugins/2D/Paper2D/Binaries/Win64/UE4Editor-Paper2DEditor.dll (API version 3709383).
LogModuleManager: Display: Found up-to-date module file ../../../Engine/Plugins/2D/Paper2D/Binaries/Win64/UE4Editor-PaperSpriteSheetImporter.dll (API version 3709383).
LogModuleManager: Display: Found up-to-date module file ../../../Engine/Plugins/2D/Paper2D/Binaries/Win64/UE4Editor-PaperTiledImporter.dll (API version 3709383).
LogModuleManager: Display: Found up-to-date module file ../../../Engine/Plugins/2D/Paper2D/Binaries/Win64/UE4Editor-SmartSnapping.dll (API version 3709383).
LogModuleManager: Display: Found up-to-date module file ../../../Engine/Plugins/Blendables/LightPropagationVolume/Binaries/Win64/UE4Editor-LightPropagationVolumeRuntime.dll (API version 3709383).
LogModuleManager: Display: Found up-to-date module file ../../../Engine/Plugins/Blendables/LightPropagationVolume/Binaries/Win64/UE4Editor-LightPropagationVolumeEditor.dll (API version 3709383).
LogModuleManager: Display: Found up-to-date module file ../../../Engine/Plugins/Developer/GitSourceControl/Binaries/Win64/UE4Editor-GitSourceControl.dll (API version 3709383).
LogModuleManager: Display: Found up-to-date module file ../../../Engine/Plugins/Developer/PerforceSourceControl/Binaries/Win64/UE4Editor-PerforceSourceControl.dll (API version 3709383).
LogModuleManager: Display: Found up-to-date module file ../../../Engine/Plugins/Developer/SubversionSourceControl/Binaries/Win64/UE4Editor-SubversionSourceControl.dll (API version 3709383).
LogModuleManager: Display: Found up-to-date module file ../../../Engine/Plugins/Developer/UObjectPlugin/Binaries/Win64/UE4Editor-UObjectPlugin.dll (API version 3709383).
LogModuleManager: Display: Found up-to-date module file ../../../Engine/Plugins/Developer/VisualStudioCodeSourceCodeAccess/Binaries/Win64/UE4Editor-VisualStudioCodeSourceCodeAccess.dll (API version 3709383).
LogModuleManager: Display: Found up-to-date module file ../../../Engine/Plugins/Developer/VisualStudioSourceCodeAccess/Binaries/Win64/UE4Editor-VisualStudioSourceCodeAccess.dll (API version 3709383).
LogModuleManager: Display: Found up-to-date module file ../../../Engine/Plugins/Editor/AssetManagerEditor/Binaries/Win64/UE4Editor-AssetManagerEditor.dll (API version 3709383).
LogModuleManager: Display: Found up-to-date module file ../../../Engine/Plugins/Editor/AudioCapture/Binaries/Win64/UE4Editor-AudioCapture.dll (API version 3709383).
LogModuleManager: Display: Found up-to-date module file ../../../Engine/Plugins/Editor/FacialAnimation/Binaries/Win64/UE4Editor-FacialAnimation.dll (API version 3709383).
LogModuleManager: Display: Found up-to-date module file ../../../Engine/Plugins/Editor/FacialAnimation/Binaries/Win64/UE4Editor-FacialAnimationEditor.dll (API version 3709383).
LogModuleManager: Display: Found up-to-date module file ../../../Engine/Plugins/Editor/GameplayTagsEditor/Binaries/Win64/UE4Editor-GameplayTagsEditor.dll (API version 3709383).
LogModuleManager: Display: Found up-to-date module file ../../../Engine/Plugins/Editor/MobileLauncherProfileWizard/Binaries/Win64/UE4Editor-MobileLauncherProfileWizard.dll (API version 3709383).
LogModuleManager: Display: Found up-to-date module file ../../../Engine/Plugins/Editor/PluginBrowser/Binaries/Win64/UE4Editor-PluginBrowser.dll (API version 3709383).
LogModuleManager: Display: Found up-to-date module file ../../../Engine/Plugins/Editor/SpeedTreeImporter/Binaries/Win64/UE4Editor-SpeedTreeImporter.dll (API version 3709383).
LogModuleManager: Display: Found up-to-date module file ../../../Engine/Plugins/Experimental/AlembicImporter/Binaries/Win64/UE4Editor-AlembicImporter.dll (API version 3709383).
LogModuleManager: Display: Found up-to-date module file ../../../Engine/Plugins/Experimental/AlembicImporter/Binaries/Win64/UE4Editor-AlembicLibrary.dll (API version 3709383).
LogModuleManager: Display: Found up-to-date module file ../../../Engine/Plugins/Experimental/CharacterAI/Binaries/Win64/UE4Editor-CharacterAI.dll (API version 3709383).
LogModuleManager: Display: Found up-to-date module file ../../../Engine/Plugins/Experimental/HTML5Networking/Binaries/Win64/UE4Editor-HTML5Networking.dll (API version 3709383).
LogModuleManager: Display: Found up-to-date module file ../../../Engine/Plugins/Media/AndroidMedia/Binaries/Win64/UE4Editor-AndroidMediaEditor.dll (API version 3709383).
LogModuleManager: Display: Found up-to-date module file ../../../Engine/Plugins/Media/AndroidMedia/Binaries/Win64/UE4Editor-AndroidMediaFactory.dll (API version 3709383).
LogModuleManager: Display: Found up-to-date module file ../../../Engine/Plugins/Media/AvfMedia/Binaries/Win64/UE4Editor-AvfMediaEditor.dll (API version 3709383).
LogModuleManager: Display: Found up-to-date module file ../../../Engine/Plugins/Media/AvfMedia/Binaries/Win64/UE4Editor-AvfMediaFactory.dll (API version 3709383).
LogModuleManager: Display: Found up-to-date module file ../../../Engine/Plugins/Media/AvfMedia/Binaries/Win64/UE4Editor-AvfMediaFactory.dll (API version 3709383).
LogModuleManager: Display: Found up-to-date module file ../../../Engine/Plugins/Media/ImgMedia/Binaries/Win64/UE4Editor-ImgMedia.dll (API version 3709383).
LogModuleManager: Display: Found up-to-date module file ../../../Engine/Plugins/Media/ImgMedia/Binaries/Win64/UE4Editor-ImgMediaEditor.dll (API version 3709383).
LogModuleManager: Display: Found up-to-date module file ../../../Engine/Plugins/Media/ImgMedia/Binaries/Win64/UE4Editor-ImgMediaFactory.dll (API version 3709383).
LogModuleManager: Display: Found up-to-date module file ../../../Engine/Plugins/Media/ImgMedia/Binaries/Win64/UE4Editor-ImgMediaFactory.dll (API version 3709383).
LogModuleManager: Display: Found up-to-date module file ../../../Engine/Plugins/Media/ImgMedia/Binaries/Win64/UE4Editor-OpenExrWrapper.dll (API version 3709383).
LogModuleManager: Display: Found up-to-date module file ../../../Engine/Plugins/Media/MediaCompositing/Binaries/Win64/UE4Editor-MediaCompositing.dll (API version 3709383).
LogModuleManager: Display: Found up-to-date module file ../../../Engine/Plugins/Media/MediaCompositing/Binaries/Win64/UE4Editor-MediaCompositingEditor.dll (API version 3709383).
LogModuleManager: Display: Found up-to-date module file ../../../Engine/Plugins/Media/MediaPlayerEditor/Binaries/Win64/UE4Editor-MediaPlayerEditor.dll (API version 3709383).
LogModuleManager: Display: Found up-to-date module file ../../../Engine/Plugins/Media/WmfMedia/Binaries/Win64/UE4Editor-WmfMedia.dll (API version 3709383).
LogModuleManager: Display: Found up-to-date module file ../../../Engine/Plugins/Media/WmfMedia/Binaries/Win64/UE4Editor-WmfMediaEditor.dll (API version 3709383).
LogModuleManager: Display: Found up-to-date module file ../../../Engine/Plugins/Media/WmfMedia/Binaries/Win64/UE4Editor-WmfMediaFactory.dll (API version 3709383).
LogModuleManager: Display: Found up-to-date module file ../../../Engine/Plugins/Media/WmfMedia/Binaries/Win64/UE4Editor-WmfMediaFactory.dll (API version 3709383).
LogModuleManager: Display: Found up-to-date module file ../../../Engine/Plugins/Messaging/TcpMessaging/Binaries/Win64/UE4Editor-TcpMessaging.dll (API version 3709383).
LogModuleManager: Display: Found up-to-date module file ../../../Engine/Plugins/Messaging/UdpMessaging/Binaries/Win64/UE4Editor-UdpMessaging.dll (API version 3709383).
LogModuleManager: Display: Found up-to-date module file ../../../Engine/Plugins/MovieScene/ActorSequence/Binaries/Win64/UE4Editor-ActorSequence.dll (API version 3709383).
LogModuleManager: Display: Found up-to-date module file ../../../Engine/Plugins/MovieScene/LevelSequenceEditor/Binaries/Win64/UE4Editor-LevelSequenceEditor.dll (API version 3709383).
LogModuleManager: Display: Found up-to-date module file ../../../Engine/Plugins/MovieScene/MatineeToLevelSequence/Binaries/Win64/UE4Editor-MatineeToLevelSequence.dll (API version 3709383).
LogModuleManager: Display: Found up-to-date module file ../../../Engine/Plugins/Online/OnlineSubsystem/Binaries/Win64/UE4Editor-OnlineSubsystem.dll (API version 3709383).
LogModuleManager: Display: Found up-to-date module file ../../../Engine/Plugins/Runtime/AndroidPermission/Binaries/Win64/UE4Editor-AndroidPermission.dll (API version 3709383).
LogModuleManager: Display: Found up-to-date module file ../../../Engine/Plugins/Online/OnlineSubsystemNull/Binaries/Win64/UE4Editor-OnlineSubsystemNull.dll (API version 3709383).
LogModuleManager: Display: Found up-to-date module file ../../../Engine/Plugins/Online/OnlineSubsystemUtils/Binaries/Win64/UE4Editor-OnlineSubsystemUtils.dll (API version 3709383).
LogModuleManager: Display: Found up-to-date module file ../../../Engine/Plugins/Online/OnlineSubsystemUtils/Binaries/Win64/UE4Editor-OnlineBlueprintSupport.dll (API version 3709383).
LogModuleManager: Display: Found up-to-date module file ../../../Engine/Plugins/Runtime/AndroidDeviceProfileSelector/Binaries/Win64/UE4Editor-AndroidDeviceProfileSelector.dll (API version 3709383).
LogModuleManager: Display: Found up-to-date module file ../../../Engine/Plugins/Runtime/AppleARKit/Binaries/Win64/UE4Editor-AppleARKit.dll (API version 3709383).
LogModuleManager: Display: Found up-to-date module file ../../../Engine/Plugins/Runtime/ArchVisCharacter/Binaries/Win64/UE4Editor-ArchVisCharacter.dll (API version 3709383).
LogModuleManager: Display: Found up-to-date module file ../../../Engine/Plugins/Runtime/CableComponent/Binaries/Win64/UE4Editor-CableComponent.dll (API version 3709383).
LogModuleManager: Display: Found up-to-date module file ../../../Engine/Plugins/Runtime/CustomMeshComponent/Binaries/Win64/UE4Editor-CustomMeshComponent.dll (API version 3709383).
LogModuleManager: Display: Found up-to-date module file ../../../Engine/Plugins/Runtime/ExampleDeviceProfileSelector/Binaries/Win64/UE4Editor-ExampleDeviceProfileSelector.dll (API version 3709383).
LogModuleManager: Display: Found up-to-date module file ../../../Engine/Plugins/Runtime/ImmediatePhysics/Binaries/Win64/UE4Editor-ImmediatePhysics.dll (API version 3709383).
LogModuleManager: Display: Found up-to-date module file ../../../Engine/Plugins/Runtime/ImmediatePhysics/Binaries/Win64/UE4Editor-ImmediatePhysicsEditor.dll (API version 3709383).
LogModuleManager: Display: Found up-to-date module file ../../../Engine/Plugins/Runtime/LocationServicesBPLibrary/Binaries/Win64/UE4Editor-LocationServicesBPLibrary.dll (API version 3709383).
LogModuleManager: Display: Found up-to-date module file ../../../Engine/Plugins/Runtime/MobilePatchingUtils/Binaries/Win64/UE4Editor-MobilePatchingUtils.dll (API version 3709383).
LogModuleManager: Display: Found up-to-date module file ../../../Engine/Plugins/Runtime/Oculus/OculusVR/Binaries/Win64/UE4Editor-OculusHMD.dll (API version 3709383).
LogModuleManager: Display: Found up-to-date module file ../../../Engine/Plugins/Runtime/Oculus/OculusVR/Binaries/Win64/UE4Editor-OculusInput.dll (API version 3709383).
LogModuleManager: Display: Found up-to-date module file ../../../Engine/Plugins/Runtime/Oculus/OculusVR/Binaries/Win64/UE4Editor-OculusEditor.dll (API version 3709383).
LogModuleManager: Display: Found up-to-date module file ../../../Engine/Plugins/Runtime/PhysXVehicles/Binaries/Win64/UE4Editor-PhysXVehicles.dll (API version 3709383).
LogModuleManager: Display: Found up-to-date module file ../../../Engine/Plugins/Runtime/PhysXVehicles/Binaries/Win64/UE4Editor-PhysXVehiclesEditor.dll (API version 3709383).
LogModuleManager: Display: Found up-to-date module file ../../../Engine/Plugins/Runtime/ProceduralMeshComponent/Binaries/Win64/UE4Editor-ProceduralMeshComponent.dll (API version 3709383).
LogModuleManager: Display: Found up-to-date module file ../../../Engine/Plugins/Runtime/ProceduralMeshComponent/Binaries/Win64/UE4Editor-ProceduralMeshComponentEditor.dll (API version 3709383).
LogModuleManager: Display: Found up-to-date module file ../../../Engine/Plugins/Runtime/RuntimePhysXCooking/Binaries/Win64/UE4Editor-RuntimePhysXCooking.dll (API version 3709383).
LogModuleManager: Display: Found up-to-date module file ../../../Engine/Plugins/Runtime/Steam/SteamVR/Binaries/Win64/UE4Editor-SteamVR.dll (API version 3709383).
LogModuleManager: Display: Found up-to-date module file ../../../Engine/Plugins/Runtime/Steam/SteamVR/Binaries/Win64/UE4Editor-SteamVRController.dll (API version 3709383).
LogModuleManager: Display: Found up-to-date module file ../../../Engine/Plugins/Runtime/WindowsMoviePlayer/Binaries/Win64/UE4Editor-WindowsMoviePlayer.dll (API version 3709383).
LogPluginManager: Mounting plugin Paper2D
LogPluginManager: Mounting plugin LightPropagationVolume
LogPluginManager: Mounting plugin CodeLiteSourceCodeAccess
LogPluginManager: Mounting plugin GitSourceControl
LogPluginManager: Mounting plugin KDevelopSourceCodeAccess
LogPluginManager: Mounting plugin NullSourceCodeAccess
LogPluginManager: Mounting plugin PerforceSourceControl
LogPluginManager: Mounting plugin SubversionSourceControl
LogPluginManager: Mounting plugin UObjectPlugin
LogPluginManager: Mounting plugin VisualStudioCodeSourceCodeAccess
LogPluginManager: Mounting plugin VisualStudioSourceCodeAccess
LogPluginManager: Mounting plugin XCodeSourceCodeAccess
LogPluginManager: Mounting plugin AssetManagerEditor
LogPluginManager: Mounting plugin AudioCapture
LogPluginManager: Mounting plugin FacialAnimation
LogPluginManager: Mounting plugin GameplayTagsEditor
LogPluginManager: Mounting plugin MobileLauncherProfileWizard
LogPluginManager: Mounting plugin PluginBrowser
LogPluginManager: Mounting plugin SpeedTreeImporter
LogPluginManager: Mounting plugin AlembicImporter
LogPluginManager: Mounting plugin CharacterAI
LogPluginManager: Mounting plugin HTML5Networking
LogPluginManager: Mounting plugin Substance
LogPluginManager: Mounting plugin AndroidMedia
LogPluginManager: Mounting plugin AvfMedia
LogPluginManager: Mounting plugin ImgMedia
LogPluginManager: Mounting plugin MediaCompositing
LogPluginManager: Mounting plugin MediaPlayerEditor
LogPluginManager: Mounting plugin WmfMedia
LogPluginManager: Mounting plugin TcpMessaging
LogPluginManager: Mounting plugin UdpMessaging
LogPluginManager: Mounting plugin ActorSequence
LogPluginManager: Mounting plugin LevelSequenceEditor
LogPluginManager: Mounting plugin MatineeToLevelSequence
LogPluginManager: Mounting plugin OnlineSubsystemGooglePlay
LogPluginManager: Mounting plugin OnlineSubsystemIOS
LogPluginManager: Mounting plugin OnlineSubsystem
LogPluginManager: Mounting plugin OnlineSubsystemNull
LogPluginManager: Mounting plugin OnlineSubsystemUtils
LogPluginManager: Mounting plugin AndroidDeviceProfileSelector
LogPluginManager: Mounting plugin AndroidMoviePlayer
LogPluginManager: Mounting plugin AndroidPermission
LogPluginManager: Mounting plugin ApexDestruction
LogPluginManager: Mounting plugin AppleARKit
LogPluginManager: Mounting plugin AppleMoviePlayer
LogPluginManager: Mounting plugin ArchVisCharacter
LogPluginManager: Mounting plugin CableComponent
LogPluginManager: Mounting plugin CustomMeshComponent
LogPluginManager: Mounting plugin ExampleDeviceProfileSelector
LogPluginManager: Mounting plugin GoogleCloudMessaging
LogPluginManager: Mounting plugin ImmediatePhysics
LogPluginManager: Mounting plugin IOSDeviceProfileSelector
LogPluginManager: Mounting plugin LinuxDeviceProfileSelector
LogPluginManager: Mounting plugin LocationServicesBPLibrary
LogPluginManager: Mounting plugin MobilePatchingUtils
LogPluginManager: Mounting plugin OculusVR
LogPluginManager: Plugin shader directory ../../../Engine/Plugins/Runtime/Oculus/OculusVR/Shaders found
LogPluginManager: Mapping shader source directory ../../../Engine/Plugins/Runtime/Oculus/OculusVR/Shaders to virtual directory /Plugin/OculusVR
LogPluginManager: Mounting plugin PhysXVehicles
LogPluginManager: Mounting plugin ProceduralMeshComponent
LogPluginManager: Mounting plugin RuntimePhysXCooking
LogPluginManager: Mounting plugin SteamVR
LogPluginManager: Mounting plugin WindowsMoviePlayer
LogPluginManager: Mounting plugin VictoryBPLibrary
LogPluginManager: Mounting plugin VictoryPlug1
LogInit: Using libcurl 7.47.1
LogInit:  - built for x86_64-pc-win32
LogInit:  - supports SSL with OpenSSL/1.0.2g
LogInit:  - supports HTTP deflate (compression) using libz 1.2.8
LogInit:  - other features:
LogInit:      CURL_VERSION_SSL
LogInit:      CURL_VERSION_LIBZ
LogInit:      CURL_VERSION_IPV6
LogInit:      CURL_VERSION_ASYNCHDNS
LogInit:      CURL_VERSION_LARGEFILE
LogInit:      CURL_VERSION_IDN
LogInit:  CurlRequestOptions (configurable via config and command line):
LogInit:  - bVerifyPeer = false  - Libcurl will NOT verify peer certificate
LogInit:  - bUseHttpProxy = false  - Libcurl will NOT use HTTP proxy
LogInit:  - bDontReuseConnections = false  - Libcurl will reuse connections
LogInit:  - CertBundlePath = nullptr  - Libcurl will use whatever was configured at build time.
LogModuleManager: Warning: No filename provided for module OnlineSubsystemSteam
LogModuleManager: Warning: ModuleManager: Unable to load module 'OnlineSubsystemSteam' because the file 'F:/UE_4.18/Engine/Binaries/Win64/' was not found.
LogInit: WinSock: version 1.1 (2.2), MaxSocks=32767, MaxUdp=65467
LogInit: Build: ++UE4+Release-4.18-CL-3794801
LogInit: Engine Version: 4.18.2-3794801+++UE4+Release-4.18
LogInit: Compatible Engine Version: 4.18.0-3709383+++UE4+Release-4.18
LogInit: Net CL: 3709383
LogDevObjectVersion: Number of dev versions registered: 16
LogDevObjectVersion:   Dev-Blueprints (B0D832E4-1F89-4F0D-ACCF-7EB736FD4AA2): 10
LogDevObjectVersion:   Dev-Build (E1C64328-A22C-4D53-A36C-8E866417BD8C): 0
LogDevObjectVersion:   Dev-Core (375EC13C-06E4-48FB-B500-84F0262A717E): 2
LogDevObjectVersion:   Dev-Editor (E4B068ED-F494-42E9-A231-DA0B2E46BB41): 20
LogDevObjectVersion:   Dev-Framework (CFFC743F-43B0-4480-9391-14DF171D2073): 30
LogDevObjectVersion:   Dev-Mobile (B02B49B5-BB20-44E9-A304-32B752E40360): 0
LogDevObjectVersion:   Dev-Networking (A4E4105C-59A1-49B5-A7C5-40C4547EDFEE): 0
LogDevObjectVersion:   Dev-Online (39C831C9-5AE6-47DC-9A44-9C173E1C8E7C): 0
LogDevObjectVersion:   Dev-Physics (78F01B33-EBEA-4F98-B9B4-84EACCB95AA2): 0
LogDevObjectVersion:   Dev-Platform (6631380F-2D4D-43E0-8009-CF276956A95A): 0
LogDevObjectVersion:   Dev-Rendering (12F88B9F-8875-4AFC-A67C-D90C383ABD29): 20
LogDevObjectVersion:   Dev-Sequencer (7B5AE74C-D270-4C10-A958-57980B212A5A): 4
LogDevObjectVersion:   Dev-VR (D7296918-1DD6-4BDD-9DE2-64A83CC13884): 0
LogDevObjectVersion:   Dev-LoadTimes (C2A15278-BFE7-4AFE-6C17-90FF531DF755): 1
LogDevObjectVersion:   Private-Geometry (6EACA3D4-40EC-4CC1-B786-8BED09428FC5): 1
LogDevObjectVersion:   Dev-AnimPhys (29E575DD-E0A3-4627-9D10-D276232CDCEA): 12
LogInit: Compiled (64-bit): Dec  8 2017 02:04:53
LogInit: Compiled with Visual C++: 19.00.24215.01
LogInit: Build Configuration: Development
LogInit: Branch Name: ++UE4+Release-4.18
LogInit: Command line:  
LogInit: Base directory: F:/UE_4.18/Engine/Binaries/Win64/
LogInit: Installed Engine Build: 1
LogInit: Presizing for max 8388607 objects, including 0 objects not considered by GC, pre-allocating 0 bytes for permanent pool.
LogInit: Object subsystem initialized
[2018.01.10-13.39.17:439][  0]LogInit: Selected Device Profile: [Windows]
[2018.01.10-13.39.17:439][  0]LogInit: Applying CVar settings loaded from the selected device profile: [Windows]
[2018.01.10-13.39.17:518][  0]LogInit: Computer: 1111-1
[2018.01.10-13.39.17:518][  0]LogInit: User: 111
[2018.01.10-13.39.17:518][  0]LogInit: CPU Page size=4096, Cores=4
[2018.01.10-13.39.17:518][  0]LogInit: High frequency timer resolution =3.036262 MHz
[2018.01.10-13.39.17:518][  0]LogMemory: Memory total: Physical=15.9GB (16GB approx)
[2018.01.10-13.39.17:518][  0]LogMemory: Platform Memory Stats for Windows
[2018.01.10-13.39.17:518][  0]LogMemory: Process Physical Memory: 273.98 MB used, 273.98 MB peak
[2018.01.10-13.39.17:518][  0]LogMemory: Process Virtual Memory: 269.70 MB used, 269.70 MB peak
[2018.01.10-13.39.17:518][  0]LogMemory: Physical Memory: 5224.57 MB used,  11101.65 MB free, 16326.22 MB total
[2018.01.10-13.39.17:518][  0]LogMemory: Virtual Memory: 678.96 MB used,  11101.65 MB free, 134217728.00 MB total
[2018.01.10-13.39.19:208][  0]LogInit: Using OS detected language (ru-RU).
[2018.01.10-13.39.19:208][  0]LogInit: Using OS detected locale (ru-RU).
[2018.01.10-13.39.19:468][  0]LogTextLocalizationManager: No localization for 'ru-RU' exists, so 'en' will be used for the language.
[2018.01.10-13.39.19:468][  0]LogTextLocalizationManager: No localization for 'ru-RU' exists, so 'en' will be used for the locale.
[2018.01.10-13.39.20:484][  0]LogInit: Setting process to per monitor DPI aware
[2018.01.10-13.39.25:239][  0]LogD3D11RHI: D3D11 adapters:
[2018.01.10-13.39.25:309][  0]LogD3D11RHI:    0. 'NVIDIA GeForce GTX 750 Ti' (Feature Level 11_0)
[2018.01.10-13.39.25:309][  0]LogD3D11RHI:       2017/0/8163 MB DedicatedVideo/DedicatedSystem/SharedSystem, Outputs:1, VendorId:0x10de
[2018.01.10-13.39.25:396][  0]LogD3D11RHI:    1. 'Microsoft Basic Render Driver' (Feature Level 11_0)
[2018.01.10-13.39.25:396][  0]LogD3D11RHI:       0/0/8163 MB DedicatedVideo/DedicatedSystem/SharedSystem, Outputs:0, VendorId:0x1414
[2018.01.10-13.39.25:396][  0]LogD3D11RHI: Chosen D3D11 Adapter: 0
[2018.01.10-13.39.25:401][  0]LogD3D11RHI: Creating new Direct3DDevice
[2018.01.10-13.39.25:402][  0]LogD3D11RHI:     GPU DeviceId: 0x1380 (for the marketing name, search the web for "GPU Device Id")
[2018.01.10-13.39.25:402][  0]LogWindows: EnumDisplayDevices:
[2018.01.10-13.39.25:402][  0]LogWindows:    0. 'NVIDIA GeForce GTX 750 Ti' (P:1 D:1)
[2018.01.10-13.39.25:402][  0]LogWindows:    1. 'NVIDIA GeForce GTX 750 Ti' (P:0 D:0)
[2018.01.10-13.39.25:402][  0]LogWindows:    2. 'NVIDIA GeForce GTX 750 Ti' (P:0 D:0)
[2018.01.10-13.39.25:402][  0]LogWindows:    3. 'NVIDIA GeForce GTX 750 Ti' (P:0 D:0)
[2018.01.10-13.39.25:402][  0]LogWindows: DebugString: GetVideoDriverDetailsInvalid PrimaryIsNotTheChoosenAdapter GetVideoDriverDetailsInvalid PrimaryIsNotTheChoosenAdapter GetVideoDriverDetailsInvalid PrimaryIsNotTheChoosenAdapter GetVideoDriverDetailsInvalid PrimaryIsNotTheChoosenAdapter FoundDriverCount:0 
[2018.01.10-13.39.25:402][  0]LogD3D11RHI:     Adapter Name: NVIDIA GeForce GTX 750 Ti
[2018.01.10-13.39.25:402][  0]LogD3D11RHI:   Driver Version: Unknown (internal:Unknown, unified:Unknown)
[2018.01.10-13.39.25:402][  0]LogD3D11RHI:      Driver Date: Unknown
[2018.01.10-13.39.25:402][  0]LogRHI: Texture pool is 1412 MB (70% of 2017 MB)
[2018.01.10-13.39.25:439][  0]LogD3D11RHI: Async texture creation enabled
[2018.01.10-13.39.25:707][  0]LogD3D11RHI: GPU Timing Frequency: 1000.000000 (Debug: 2 1)
[2018.01.10-13.39.25:708][  0]LogShaderCompilers: Guid format shader working directory is 7 characters bigger than the processId version (../../../../Disaster/ResearchDisaster/Intermediate/Shaders/WorkingDirectory/6152/).
[2018.01.10-13.39.25:709][  0]LogShaderCompilers: Cleaned the shader compiler working directory 'C:/Users/111/AppData/Local/Temp/UnrealShaderWorkingDir/BCF4EC2146A9785915024AA7BD9404A5/'.
[2018.01.10-13.39.25:709][  0]LogShaderCompilers: Display: Using Local Shader Compiler.
[2018.01.10-13.39.31:854][  0]LogTemp: Display: Loaded TP AllDesktopTargetPlatform
[2018.01.10-13.39.31:934][  0]LogTemp: Display: Loaded TP MacClientTargetPlatform
[2018.01.10-13.39.31:987][  0]LogTemp: Display: Loaded TP MacNoEditorTargetPlatform
[2018.01.10-13.39.32:039][  0]LogTemp: Display: Loaded TP MacServerTargetPlatform
[2018.01.10-13.39.32:118][  0]LogTemp: Display: Loaded TP MacTargetPlatform
[2018.01.10-13.39.32:169][  0]LogTemp: Display: Loaded TP WindowsClientTargetPlatform
[2018.01.10-13.39.32:221][  0]LogTemp: Display: Loaded TP WindowsNoEditorTargetPlatform
[2018.01.10-13.39.32:273][  0]LogTemp: Display: Loaded TP WindowsServerTargetPlatform
[2018.01.10-13.39.32:316][  0]LogTemp: Display: Loaded TP WindowsTargetPlatform
[2018.01.10-13.39.32:372][  0]LogTemp: Display: Loaded TP Android_ASTCTargetPlatform
[2018.01.10-13.39.32:423][  0]LogTemp: Display: Loaded TP Android_ATCTargetPlatform
[2018.01.10-13.39.32:473][  0]LogTemp: Display: Loaded TP Android_DXTTargetPlatform
[2018.01.10-13.39.32:525][  0]LogTemp: Display: Loaded TP Android_ETC1TargetPlatform
[2018.01.10-13.39.32:575][  0]LogTemp: Display: Loaded TP Android_ETC2TargetPlatform
[2018.01.10-13.39.32:685][  0]LogTemp: Display: Loaded TP Android_MultiTargetPlatform
[2018.01.10-13.39.32:686][  0]LogTemp: Display: Loaded TP Android_PVRTCTargetPlatform
[2018.01.10-13.39.32:775][  0]LogTemp: Display: Loaded TP AndroidTargetPlatform
[2018.01.10-13.39.32:827][  0]LogTemp: Display: Loaded TP HTML5TargetPlatform
[2018.01.10-13.39.33:044][  0]LogTemp: Display: Loaded TP IOSTargetPlatform
[2018.01.10-13.39.33:094][  0]LogTemp: Display: Loaded TP TVOSTargetPlatform
[2018.01.10-13.39.33:147][  0]LogTemp: Display: Loaded TP LinuxClientTargetPlatform
[2018.01.10-13.39.33:221][  0]LogTemp: Display: Loaded TP LinuxNoEditorTargetPlatform
[2018.01.10-13.39.33:276][  0]LogTemp: Display: Loaded TP LinuxServerTargetPlatform
[2018.01.10-13.39.33:387][  0]LogTemp: Display: Loaded TP LinuxTargetPlatform
[2018.01.10-13.39.33:387][  0]LogTargetPlatformManager: Display: Building Assets For Windows
[2018.01.10-13.39.35:291][  0]LogDerivedDataCache: Display: Max Cache Size: 512 MB
[2018.01.10-13.39.36:145][  0]LogDerivedDataCache: Loaded boot cache 0.83s 78MB C:/Users/111/AppData/Local/UnrealEngine/4.18/DerivedDataCache/Boot.ddc.
[2018.01.10-13.39.36:145][  0]LogDerivedDataCache: Display: Loaded Boot cache: C:/Users/111/AppData/Local/UnrealEngine/4.18/DerivedDataCache/Boot.ddc
[2018.01.10-13.39.36:145][  0]LogDerivedDataCache: FDerivedDataBackendGraph:  Pak pak cache file ../../../../Disaster/ResearchDisaster/DerivedDataCache/DDC.ddp not found, will not use a pak cache.
[2018.01.10-13.39.36:145][  0]LogDerivedDataCache: Unable to find inner node Pak for hierarchical cache Hierarchy.
[2018.01.10-13.39.36:145][  0]LogDerivedDataCache: FDerivedDataBackendGraph:  CompressedPak pak cache file ../../../../Disaster/ResearchDisaster/DerivedDataCache/Compressed.ddp not found, will not use a pak cache.
[2018.01.10-13.39.36:145][  0]LogDerivedDataCache: Unable to find inner node CompressedPak for hierarchical cache Hierarchy.
[2018.01.10-13.39.36:219][  0]LogDerivedDataCache: Display: Pak cache opened for reading ../../../Engine/DerivedDataCache/Compressed.ddp.
[2018.01.10-13.39.36:260][  0]LogDerivedDataCache: Using Local data cache path C:/Users/111/AppData/Local/UnrealEngine/Common/DerivedDataCache: Writable
[2018.01.10-13.39.36:273][  0]LogMaterial: Verifying Global Shaders for PCD3D_SM5
[2018.01.10-13.39.36:274][  0]LogSlate: Using Freetype 2.6.0
[2018.01.10-13.39.36:353][  0]LogSlate: SlateFontCache - WITH_FREETYPE: 1, WITH_HARFBUZZ: 1
[2018.01.10-13.39.36:353][  0]LogSlate: SlateFontCache - WITH_FREETYPE: 1, WITH_HARFBUZZ: 1
[2018.01.10-13.39.45:013][  0]LogInit: Selected Device Profile: [Windows]
[2018.01.10-13.39.46:277][  0]LogSimplygon: Simplygon DLL not present - disabling.
[2018.01.10-13.39.46:354][  0]LogMeshReduction: Using SimplygonSwarm for distributed automatic mesh merging
[2018.01.10-13.39.46:354][  0]LogMeshReduction: Using QuadricMeshReduction for automatic static mesh reduction
[2018.01.10-13.39.46:354][  0]LogMeshReduction: No automatic skeletal mesh reduction module available
[2018.01.10-13.39.46:354][  0]LogMeshReduction: No automatic mesh merging module available
[2018.01.10-13.39.46:354][  0]LogMeshMerging: No automatic mesh merging module available
[2018.01.10-13.39.46:503][  0]LogNetVersion: RNDYOUFUCK , NetCL: 3709383, EngineNetVer: 2, GameNetVer: 0 (Checksum: 762423528)
[2018.01.10-13.39.47:281][  0]LogAssetRegistry: FAssetRegistry took 0.0265 seconds to start up
[2018.01.10-13.39.51:106][  0]LogPackageLocalizationCache: Processed 8 localized package path(s) for 1 prioritized culture(s) in 0.126656 seconds
[2018.01.10-13.39.51:112][  0]LogUObjectArray: 35900 objects as part of root set at end of initial load.
[2018.01.10-13.39.51:112][  0]LogUObjectAllocator: 7372024 out of 0 bytes used by permanent object pool.
[2018.01.10-13.39.51:112][  0]LogUObjectArray: CloseDisregardForGC: 0/0 objects in disregard for GC pool
[2018.01.10-13.40.03:872][  0]LogSubstanceCoreModule: Substance [CPU] Engine Loaded, Max Texture Size = 2048
[2018.01.10-13.40.03:941][  0]LogTcpMessaging: Initializing TcpMessaging bridge
[2018.01.10-13.40.03:982][  0]LogUdpMessaging: Initializing bridge on interface 0.0.0.0:0 to multicast group 230.0.0.1:6666.
[2018.01.10-13.40.05:621][  0]LogMaterial: Uniform references updated for custom material expression Custom.
[2018.01.10-13.40.06:245][  0]SourceControl: Source control is disabled
[2018.01.10-13.40.06:245][  0]SourceControl: Source control is disabled
[2018.01.10-13.40.06:296][  0]SourceControl: Source control is disabled
[2018.01.10-13.40.06:347][  0]SourceControl: Source control is disabled
[2018.01.10-13.40.07:343][  0]LogAndroidPermission: UAndroidPermissionCallbackProxy::GetInstance
[2018.01.10-13.40.07:601][  0]LogOcInput: OculusInput pre-init called
[2018.01.10-13.40.08:460][  0]LogEngine: Initializing Engine...
[2018.01.10-13.40.08:467][  0]LogHMD: Failed to initialize OpenVR with code 100
[2018.01.10-13.40.09:285][  0]LogStats: UGameplayTagsManager::ConstructGameplayTagTree: Construct from data asset -  0.000 s
[2018.01.10-13.40.09:285][  0]LogStats: UGameplayTagsManager::ConstructGameplayTagTree: GameplayTagTreeChangedEvent.Broadcast -  0.000 s
[2018.01.10-13.40.09:538][  0]LogAIModule: Creating AISystem for world Untitled
[2018.01.10-13.40.09:578][  0]LogInit: XAudio2 using 'Динамики (Realtek High Definition Audio)' : 2 channels at 48 kHz using 16 bits per sample (channel mask 0x3)
[2018.01.10-13.40.09:597][  0]LogInit: FAudioDevice initialized.
[2018.01.10-13.40.09:778][  0]LogDerivedDataCache: Saved boot cache 0.18s 78MB C:/Users/111/AppData/Local/UnrealEngine/4.18/DerivedDataCache/Boot.ddc.
[2018.01.10-13.40.09:786][  0]LogInit: Texture streaming: Enabled
[2018.01.10-13.40.09:878][  0]LogEngineSessionManager: EngineSessionManager initialized
[2018.01.10-13.40.10:016][  0]LogInit: Transaction tracking system initialized
[2018.01.10-13.40.10:349][  0]BlueprintLog: New page: Editor Load
[2018.01.10-13.40.11:905][  0]LocalizationService: Localization service is disabled
[2018.01.10-13.40.12:968][  0]LogLinker: Warning: Can't find file '/Game/ThirdPersonBP/ThirdPersonOverview'
[2018.01.10-13.40.12:968][  0]LogLinker: Warning: Can't find file '/Game/ThirdPersonBP/ThirdPersonOverview'
[2018.01.10-13.40.12:968][  0]LogUObjectGlobals: Warning: Failed to find object 'Class /Game/ThirdPersonBP/ThirdPersonOverview.ThirdPersonOverview_C'
[2018.01.10-13.40.13:428][  0]LogConsoleResponse: Display: 
[2018.01.10-13.40.15:981][  0]LogCook: Display: Max memory allowance for cook 16384mb min free memory 0mb
[2018.01.10-13.40.15:981][  0]LogCook: Display: Mobile HDR setting 1
[2018.01.10-13.40.15:981][  0]LogGameplayTags: Display: UGameplayTagsManager::DoneAddingNativeTags. DelegateIsBound: 0
[2018.01.10-13.40.16:817][  0]LogFileCache: Scanning file cache for directory 'F:/Disaster/ResearchDisaster/Content/' took 0.02s
[2018.01.10-13.40.17:980][  0]SourceControl: Source control is disabled
[2018.01.10-13.40.17:980][  0]Cmd: MAP LOAD FILE="../../../../Disaster/ResearchDisaster/Content/Maps/MainMenu.umap" TEMPLATE=0 SHOWPROGRESS=1 FEATURELEVEL=3
[2018.01.10-13.40.18:015][  0]LightingResults: New page: Lighting Build
[2018.01.10-13.40.18:054][  0]MapCheck: New page: Map Check
[2018.01.10-13.40.18:054][  0]LightingResults: New page: Lighting Build
[2018.01.10-13.40.18:466][  0]LogProperty: Error: UStructProperty::Serialize Loading: Property 'StructProperty /Game/ThirdPersonBP/Blueprints/BasicCodingSetup/PlayerSaveGame.PlayerSaveGame_C:S_PlayerInfo'. Unknown structure.
[2018.01.10-13.40.18:466][  0]LogClass: Warning: Property S_PlayerInfo of S_PlayerInfo has a struct type mismatch (tag STRUCT_REINST_PlayerInfo_10 != prop FallbackStruct) in package:  ../../../../Disaster/ResearchDisaster/Content/ThirdPersonBP/Blueprints/BasicCodingSetup/PlayerSaveGame.uasset. If that struct got renamed, add an entry to ActiveStructRedirects.
[2018.01.10-13.40.18:703][  0]LogClass: Warning: Property S_PlayerInfo of S_PlayerInfo has a struct type mismatch (tag FallbackStruct != prop PlayerInfo) in package:  FObjectReader. If that struct got renamed, add an entry to ActiveStructRedirects.
[2018.01.10-13.40.18:900][  0]LogAIModule: Creating AISystem for world MainMenu
[2018.01.10-13.40.18:902][  0]LogEditorServer: Finished looking for orphan Actors (0.000 secs)
[2018.01.10-13.40.18:916][  0]Cmd: MAP CHECKDEP NOCLEARLOG
[2018.01.10-13.40.18:966][  0]MapCheck: Map check complete: 0 Error(s), 0 Warning(s), took 49.586ms to complete.
[2018.01.10-13.40.18:966][  0]LogFileHelpers: Loading map 'MainMenu' took 0.986
[2018.01.10-13.40.19:031][  0]LogWindowsTextInputMethodSystem: Display: IME system now deactivated.
[2018.01.10-13.40.19:306][  0]LogCollectionManager: Loaded 0 collections in 0.010960 seconds
[2018.01.10-13.40.19:384][  0]LogFileCache: Scanning file cache for directory 'F:/Disaster/ResearchDisaster/Saved/Collections/' took 0.01s
[2018.01.10-13.40.19:384][  0]LogFileCache: Scanning file cache for directory 'F:/Disaster/ResearchDisaster/Content/Developers/111/Collections/' took 0.01s
[2018.01.10-13.40.19:384][  0]LogFileCache: Scanning file cache for directory 'F:/Disaster/ResearchDisaster/Content/Collections/' took 0.01s
[2018.01.10-13.40.19:384][  0]LogCollectionManager: Rebuilt the GUID cache for 0 collections in 0.000000 seconds
[2018.01.10-13.40.19:395][  0]LogContentBrowser: Native class hierarchy populated in 0.0115 seconds. Added 2392 classes and 533 folders.
[2018.01.10-13.40.19:457][  0]LogContentBrowser: Native class hierarchy updated for 'WidgetCarousel' in 0.0003 seconds. Added 0 classes and 0 folders.
[2018.01.10-13.40.20:469][  0]LogContentBrowser: Native class hierarchy updated for 'AddContentDialog' in 0.0003 seconds. Added 0 classes and 0 folders.
[2018.01.10-13.40.20:540][  0]LogContentBrowser: Native class hierarchy updated for 'SceneOutliner' in 0.0003 seconds. Added 1 classes and 2 folders.
[2018.01.10-13.40.20:716][  0]LogSlate: Took 0.020989 seconds to synchronously load lazily loaded font '../../../Engine/Content/Slate/Fonts/Roboto-Regular.ttf' (155K)
[2018.01.10-13.40.20:737][  0]LogSlate: Took 0.016239 seconds to synchronously load lazily loaded font '../../../Engine/Content/Slate/Fonts/Roboto-Bold.ttf' (160K)
[2018.01.10-13.40.20:768][  0]LogSlate: Took 0.027229 seconds to synchronously load lazily loaded font '../../../Engine/Content/Editor/Slate/Fonts/FontAwesome.ttf' (139K)
[2018.01.10-13.40.21:120][  0]LogRenderer: Reallocating scene render targets to support 1244x700 Format 10 NumSamples 1 (Frame:1).
[2018.01.10-13.40.21:443][  0]LogContentBrowser: Native class hierarchy updated for 'HierarchicalLODOutliner' in 0.0003 seconds. Added 1 classes and 2 folders.
[2018.01.10-13.40.21:443][  0]LogLoad: (Engine Initialization) Total time: 79.65 seconds
[2018.01.10-13.40.21:443][  0]LogLoad: (Engine Initialization) Total Blueprint compile time: 0.00 seconds
[2018.01.10-13.40.21:443][  0]LogExternalProfiler: Found external profiler: VSPerf
[2018.01.10-13.40.21:443][  0]LogExternalProfiler: Using external profiler: VSPerf
[2018.01.10-13.40.21:473][  0]LogContentStreaming: Texture pool size now 1000 MB
[2018.01.10-13.40.21:568][  1]LogSubstanceLiveLink: Warning: Unable to send data along socket, closing connection
[2018.01.10-13.40.21:584][  1]LogAssetRegistry: Asset discovery search completed in 34.3240 seconds
[2018.01.10-13.40.21:586][  1]LogCollectionManager: Rebuilt the object cache for 0 collections in 0.000001 seconds (found 0 objects)
[2018.01.10-13.40.21:586][  1]LogCollectionManager: Fixed up redirectors for 0 collections in 0.000062 seconds (updated 0 objects)
[2018.01.10-13.40.22:512][ 87]LogSlate: Took 0.028129 seconds to synchronously load lazily loaded font '../../../Engine/Content/Slate/Fonts/Roboto-Light.ttf' (159K)
[2018.01.10-13.40.27:358][158]LogBlueprint: Warning: [Compiler ThirdPerson_AnimBP] Idle/Run to Idle_crouch  will never be taken, please connect something to  Can Enter Transition
[2018.01.10-13.40.27:358][158]LogBlueprint: Warning: [Compiler ThirdPerson_AnimBP] Idle_crouch to Idle/Run  will never be taken, please connect something to  Can Enter Transition
[2018.01.10-13.40.27:516][158]LogBlueprint: Warning: [Compiler ThirdPerson_AnimBP] [0085.72] Compile of ThirdPerson_AnimBP successful, but with 2 Warning(s) [in 206 ms] (/Game/Mannequin/Animations/ThirdPerson_AnimBP.ThirdPerson_AnimBP)
[2018.01.10-13.40.28:222][158]LogSlate: Took 0.000214 seconds to synchronously load lazily loaded font '../../../Engine/Content/Slate/Fonts/Roboto-Light.ttf' (159K)
[2018.01.10-13.40.28:881][158]LogContentBrowser: Native class hierarchy updated for 'BlueprintGraph' in 0.0008 seconds. Added 116 classes and 0 folders.
[2018.01.10-13.40.31:919][158]LogSlate: Took 0.028204 seconds to synchronously load lazily loaded font '../../../Engine/Content/Editor/Slate/Fonts/Roboto-BoldCondensed.ttf' (158K)
[2018.01.10-13.40.31:933][158]LogSlate: Took 0.000333 seconds to synchronously load lazily loaded font '../../../Engine/Content/Slate/Fonts/Roboto-Light.ttf' (159K)
[2018.01.10-13.40.36:117][227]LogSlate: Took 0.020261 seconds to synchronously load lazily loaded font '../../../Engine/Content/Editor/Slate/Fonts/Roboto-Italic.ttf' (157K)
[2018.01.10-13.40.43:609][676]LogAIModule: Creating AISystem for world LoadingWorld
[2018.01.10-13.40.43:645][676]Cmd: MAP LOAD FILE="../../../../Disaster/ResearchDisaster/Content/Maps/LoadingWorld.umap" TEMPLATE=0 SHOWPROGRESS=1 FEATURELEVEL=3
[2018.01.10-13.40.43:645][676]LightingResults: New page: Lighting Build
[2018.01.10-13.40.43:646][676]LoadErrors: New page: Loading map: LoadingWorld.umap
[2018.01.10-13.40.43:646][676]MapCheck: New page: Map Check
[2018.01.10-13.40.43:646][676]LightingResults: New page: Lighting Build
[2018.01.10-13.40.43:735][676]LogEditorServer: Finished looking for orphan Actors (0.000 secs)
[2018.01.10-13.40.43:797][676]Cmd: MAP CHECKDEP NOCLEARLOG
[2018.01.10-13.40.43:854][676]MapCheck: Map check complete: 0 Error(s), 0 Warning(s), took 57.132ms to complete.
[2018.01.10-13.40.43:855][676]LogFileHelpers: Loading map 'LoadingWorld' took 0.211
[2018.01.10-13.40.48:177][736]LogAIModule: Creating AISystem for world B1
[2018.01.10-13.40.48:231][736]LogSlate: Took 0.000202 seconds to synchronously load lazily loaded font '../../../Engine/Content/Slate/Fonts/Roboto-Regular.ttf' (155K)
[2018.01.10-13.40.48:294][736]Cmd: MAP LOAD FILE="../../../../Disaster/ResearchDisaster/Content/Maps/B1.umap" TEMPLATE=0 SHOWPROGRESS=1 FEATURELEVEL=3
[2018.01.10-13.40.48:294][736]LightingResults: New page: Lighting Build
[2018.01.10-13.40.48:295][736]LoadErrors: New page: Loading map: B1.umap
[2018.01.10-13.40.48:295][736]MapCheck: New page: Map Check
[2018.01.10-13.40.48:295][736]LightingResults: New page: Lighting Build
[2018.01.10-13.40.48:549][736]LogEditorServer: Finished looking for orphan Actors (0.000 secs)
[2018.01.10-13.40.48:616][736]Cmd: MAP CHECKDEP NOCLEARLOG
[2018.01.10-13.40.48:675][736]MapCheck: Map check complete: 0 Error(s), 0 Warning(s), took 58.725ms to complete.
[2018.01.10-13.40.48:675][736]LogFileHelpers: Loading map 'B1' took 0.382
[2018.01.10-13.40.56:074][167]Cmd: OBJ SAVEPACKAGE PACKAGE="/Game/Maps/B1" FILE="../../../../Disaster/ResearchDisaster/Content/Maps/B1.umap" SILENT=true AUTOSAVING=false KEEPDIRTY=false
[2018.01.10-13.40.57:213][167]LogSavePackage: Save=810.68ms
[2018.01.10-13.40.57:213][167]LogSavePackage: Moving '../../../../Disaster/ResearchDisaster/Saved/B116B619914FAD2E65B9D85DA20FD2C0CD.tmp' to '../../../../Disaster/ResearchDisaster/Content/Maps/B1.umap'
[2018.01.10-13.40.57:216][167]LogSavePackage: Display: Finished SavePackage ../../../../Disaster/ResearchDisaster/Content/Maps/B1.umap
[2018.01.10-13.40.58:689][210]LogAIModule: Creating AISystem for world MainMenu
[2018.01.10-13.40.58:713][210]Cmd: MAP LOAD FILE="../../../../Disaster/ResearchDisaster/Content/Maps/MainMenu.umap" TEMPLATE=0 SHOWPROGRESS=1 FEATURELEVEL=3
[2018.01.10-13.40.58:713][210]LightingResults: New page: Lighting Build
[2018.01.10-13.40.58:714][210]LoadErrors: New page: Loading map: MainMenu.umap
[2018.01.10-13.40.58:717][210]MapCheck: New page: Map Check
[2018.01.10-13.40.58:717][210]LightingResults: New page: Lighting Build
[2018.01.10-13.40.58:879][210]LogEditorServer: Finished looking for orphan Actors (0.000 secs)
[2018.01.10-13.40.58:944][210]Cmd: MAP CHECKDEP NOCLEARLOG
[2018.01.10-13.40.59:003][210]MapCheck: Map check complete: 0 Error(s), 0 Warning(s), took 59.135ms to complete.
[2018.01.10-13.40.59:003][210]LogFileHelpers: Loading map 'MainMenu' took 0.292
[2018.01.10-13.42.55:344][167]LogWindowsTextInputMethodSystem: Display: IME system now deactivated.
[2018.01.10-13.42.55:344][167]LogWindowsTextInputMethodSystem: Display: IME system now deactivated.
[2018.01.10-15.25.15:603][ 20]LogWindowsTextInputMethodSystem: Display: IME system now deactivated.
[2018.01.10-15.25.15:603][ 20]LogWindowsTextInputMethodSystem: Display: IME system now deactivated.
[2018.01.10-15.31.21:733][437]LogHttp: Warning: 000002358BB5DF00: request has been successfully processed. URL: https://datarouter.ol.epicgames.com/datarouter/api/v1/public/data?SessionID=%7BCD9F4381-4817-4728-30EA-94A8BE6C2A95%7D&AppID=UEEditor.Rocket.Release&AppVersion=4.18.2-3794801%2B%2B%2BUE4%2BRelease-4.18&UserID=6b6a77274cc338fa6ef90595812d0ae9%7C1b705a668847480aa0156731dd50e538%7C6a312f09-eca8-4b10-8272-497b4c1626b1&AppEnvironment=datacollector-binary&UploadType=eteventstream, HTTP code: 500, content length: 186, actual payload size: 186
[2018.01.10-15.31.21:733][437]LogHttp: Warning: 000002358BB5DF00 Response Header Content-Type: text/html
[2018.01.10-15.31.21:733][437]LogHttp: Warning: 000002358BB5DF00 Response Header Date: Wed, 10 Jan 2018 15:31:22 GMT
[2018.01.10-15.31.21:733][437]LogHttp: Warning: 000002358BB5DF00 Response Header Content-Length: 186
[2018.01.10-15.31.21:733][437]LogHttp: Warning: 000002358BB5DF00 Response Header Connection: keep-alive
[2018.01.10-16.36.40:419][258]Cmd: OBJ SAVEPACKAGE PACKAGE="/Game/Maps/MainMenu" FILE="../../../../Disaster/ResearchDisaster/Content/Maps/MainMenu.umap" SILENT=true AUTOSAVING=false KEEPDIRTY=false
[2018.01.10-16.36.40:900][258]LogSavePackage: Save=230.16ms
[2018.01.10-16.36.40:900][258]LogSavePackage: Moving '../../../../Disaster/ResearchDisaster/Saved/MainMenu2F096B5848C935019DD1F9B62F0479A5.tmp' to '../../../../Disaster/ResearchDisaster/Content/Maps/MainMenu.umap'
[2018.01.10-16.36.40:902][258]LogSavePackage: Display: Finished SavePackage ../../../../Disaster/ResearchDisaster/Content/Maps/MainMenu.umap
[2018.01.10-16.36.42:987][353]Cmd: QUIT_EDITOR
[2018.01.10-16.36.43:229][353]LogWindowsTextInputMethodSystem: Display: IME system now deactivated.
[2018.01.10-16.36.43:252][353]LogExit: Preparing to exit.
[2018.01.10-16.36.43:770][353]LogDirectoryWatcher: A directory notification for 'F:/Disaster/ResearchDisaster/Content/' was aborted.
[2018.01.10-16.36.43:902][353]LogExit: Editor shut down
[2018.01.10-16.36.43:934][353]LogExit: Transaction tracking system shut down
[2018.01.10-16.36.44:146][353]LogDirectoryWatcher: A directory notification for '../../../Engine/Content/' was aborted.
[2018.01.10-16.36.44:146][353]LogDirectoryWatcher: A directory notification for '../../../../Disaster/ResearchDisaster/Content/' was aborted.
[2018.01.10-16.36.44:146][353]LogDirectoryWatcher: A directory notification for '../../../Engine/Plugins/2D/Paper2D/Content/' was aborted.
[2018.01.10-16.36.44:146][353]LogDirectoryWatcher: A directory notification for '../../../Engine/Plugins/Media/MediaCompositing/Content/' was aborted.
[2018.01.10-16.36.44:146][353]LogDirectoryWatcher: A directory notification for '../../../Engine/Plugins/Runtime/AppleARKit/Content/' was aborted.
[2018.01.10-16.36.44:146][353]LogDirectoryWatcher: A directory notification for '../../../Engine/Plugins/Runtime/Oculus/OculusVR/Content/' was aborted.
[2018.01.10-16.36.44:146][353]LogDirectoryWatcher: A directory notification for '../../../Engine/Plugins/Runtime/Steam/SteamVR/Content/' was aborted.
[2018.01.10-16.36.44:146][353]LogDirectoryWatcher: A directory notification for '../../../../Disaster/ResearchDisaster/Plugins/VictoryPlug1/Content/' was aborted.
[2018.01.10-16.36.44:490][353]LogExit: Object subsystem successfully closed.
[2018.01.10-16.36.44:512][353]LogD3D11RHI: Shutdown
[2018.01.10-16.36.44:512][353]LogD3D11RHI: CleanupD3DDevice
[2018.01.10-16.36.44:530][353]LogD3D11RHI: ~FD3D11DynamicRHI
[2018.01.10-16.36.45:148][353]LogModuleManager: Shutting down and abandoning module SequencerWidgets (567)
[2018.01.10-16.36.45:148][353]LogModuleManager: Shutting down and abandoning module BlueprintGraph (565)
[2018.01.10-16.36.45:148][353]LogModuleManager: Shutting down and abandoning module HierarchicalLODOutliner (563)
[2018.01.10-16.36.45:148][353]LogModuleManager: Shutting down and abandoning module SceneOutliner (561)
[2018.01.10-16.36.45:149][353]LogModuleManager: Shutting down and abandoning module AddContentDialog (559)
[2018.01.10-16.36.45:159][353]LogDirectoryWatcher: A directory notification for 'F:/UE_4.18/FeaturePacks/' was aborted.
[2018.01.10-16.36.45:167][353]LogModuleManager: Shutting down and abandoning module WidgetCarousel (558)
[2018.01.10-16.36.45:167][353]LogModuleManager: Shutting down and abandoning module EditorWidgets (555)
[2018.01.10-16.36.45:167][353]LogModuleManager: Shutting down and abandoning module CollectionManager (553)
[2018.01.10-16.36.45:167][353]LogDirectoryWatcher: A directory notification for 'F:/Disaster/ResearchDisaster/Content/Collections/' was aborted.
[2018.01.10-16.36.45:167][353]LogDirectoryWatcher: A directory notification for 'F:/Disaster/ResearchDisaster/Content/Developers/111/Collections/' was aborted.
[2018.01.10-16.36.45:167][353]LogDirectoryWatcher: A directory notification for 'F:/Disaster/ResearchDisaster/Saved/Collections/' was aborted.
[2018.01.10-16.36.45:168][353]LogModuleManager: Shutting down and abandoning module StatsViewer (551)
[2018.01.10-16.36.45:191][353]LogModuleManager: Shutting down and abandoning module FoliageEdit (549)
[2018.01.10-16.36.45:202][353]LogModuleManager: Shutting down and abandoning module LandscapeEditor (547)
[2018.01.10-16.36.45:217][353]LogModuleManager: Shutting down and abandoning module MeshPaintMode (545)
[2018.01.10-16.36.45:223][353]LogModuleManager: Shutting down and abandoning module SceneDepthPickerMode (543)
[2018.01.10-16.36.45:223][353]LogModuleManager: Shutting down and abandoning module ActorPickerMode (541)
[2018.01.10-16.36.45:223][353]LogModuleManager: Shutting down and abandoning module GeometryMode (539)
[2018.01.10-16.36.45:223][353]LogModuleManager: Shutting down and abandoning module TextureAlignMode (537)
[2018.01.10-16.36.45:223][353]LogModuleManager: Shutting down and abandoning module BspMode (535)
[2018.01.10-16.36.45:223][353]LogModuleManager: Shutting down and abandoning module PIEPreviewDeviceProfileSelector (533)
[2018.01.10-16.36.45:223][353]LogModuleManager: Shutting down and abandoning module HardwareSurvey (531)
[2018.01.10-16.36.45:223][353]LogModuleManager: Shutting down and abandoning module SequenceRecorderSections (529)
[2018.01.10-16.36.45:223][353]LogModuleManager: Shutting down and abandoning module AutomationWorker (527)
[2018.01.10-16.36.45:223][353]LogModuleManager: Shutting down and abandoning module MatineeToLevelSequence (525)
[2018.01.10-16.36.45:223][353]LogModuleManager: Shutting down and abandoning module LevelSequenceEditor (523)
[2018.01.10-16.36.45:253][353]LogModuleManager: Shutting down and abandoning module PlacementMode (522)
[2018.01.10-16.36.45:254][353]LogModuleManager: Shutting down and abandoning module WmfMediaFactory (519)
[2018.01.10-16.36.45:254][353]LogModuleManager: Shutting down and abandoning module WmfMediaEditor (517)
[2018.01.10-16.36.45:254][353]LogModuleManager: Shutting down and abandoning module OpenExrWrapper (515)
[2018.01.10-16.36.45:254][353]LogModuleManager: Shutting down and abandoning module ImgMediaFactory (513)
[2018.01.10-16.36.45:254][353]LogModuleManager: Shutting down and abandoning module ImgMediaEditor (511)
[2018.01.10-16.36.45:254][353]LogModuleManager: Shutting down and abandoning module AvfMediaFactory (509)
[2018.01.10-16.36.45:254][353]LogModuleManager: Shutting down and abandoning module AvfMediaEditor (507)
[2018.01.10-16.36.45:254][353]LogModuleManager: Shutting down and abandoning module AndroidMediaFactory (505)
[2018.01.10-16.36.45:254][353]LogModuleManager: Shutting down and abandoning module AndroidMediaEditor (503)
[2018.01.10-16.36.45:254][353]LogModuleManager: Shutting down and abandoning module CharacterAI (501)
[2018.01.10-16.36.45:254][353]LogModuleManager: Shutting down and abandoning module AudioCapture (499)
[2018.01.10-16.36.45:254][353]LogModuleManager: Shutting down and abandoning module SequenceRecorder (498)
[2018.01.10-16.36.45:254][353]LogModuleManager: Shutting down and abandoning module SmartSnapping (495)
[2018.01.10-16.36.45:254][353]LogModuleManager: Shutting down and abandoning module SessionServices (493)
[2018.01.10-16.36.45:254][353]LogModuleManager: Shutting down and abandoning module ViewportSnapping (491)
[2018.01.10-16.36.45:254][353]LogModuleManager: Shutting down and abandoning module ViewportInteraction (489)
[2018.01.10-16.36.45:254][353]LogModuleManager: Shutting down and abandoning module ClothPainter (487)
[2018.01.10-16.36.45:269][353]LogModuleManager: Shutting down and abandoning module SkeletalMeshEditor (486)
[2018.01.10-16.36.45:292][353]LogModuleManager: Shutting down and abandoning module LogVisualizer (483)
[2018.01.10-16.36.45:322][353]LogModuleManager: Shutting down and abandoning module IntroTutorials (481)
[2018.01.10-16.36.45:342][353]LogModuleManager: Shutting down and abandoning module GameProjectGeneration (480)
[2018.01.10-16.36.45:374][353]LogModuleManager: Shutting down and abandoning module IOSPlatformEditor (477)
[2018.01.10-16.36.45:374][353]LogModuleManager: Shutting down and abandoning module HTML5PlatformEditor (475)
[2018.01.10-16.36.45:374][353]LogModuleManager: Shutting down and abandoning module AndroidPlatformEditor (473)
[2018.01.10-16.36.45:374][353]LogModuleManager: Shutting down and abandoning module AndroidDeviceDetection (472)
[2018.01.10-16.36.45:846][353]LogModuleManager: Shutting down and abandoning module WindowsPlatformEditor (469)
[2018.01.10-16.36.45:846][353]LogModuleManager: Shutting down and abandoning module IOSRuntimeSettings (467)
[2018.01.10-16.36.45:846][353]LogModuleManager: Shutting down and abandoning module AndroidRuntimeSettings (465)
[2018.01.10-16.36.45:846][353]LogModuleManager: Shutting down and abandoning module InputBindingEditor (463)
[2018.01.10-16.36.45:857][353]LogModuleManager: Shutting down and abandoning module MergeActors (461)
[2018.01.10-16.36.45:892][353]LogModuleManager: Shutting down and abandoning module SizeMap (459)
[2018.01.10-16.36.45:892][353]LogModuleManager: Shutting down and abandoning module TreeMap (457)
[2018.01.10-16.36.45:904][353]LogModuleManager: Shutting down and abandoning module ReferenceViewer (455)
[2018.01.10-16.36.45:904][353]LogModuleManager: Shutting down and abandoning module LocalizationDashboard (453)
[2018.01.10-16.36.45:917][353]LogModuleManager: Shutting down and abandoning module LocalizationService (452)
[2018.01.10-16.36.45:924][353]LogModuleManager: Shutting down and abandoning module HardwareTargeting (449)
[2018.01.10-16.36.45:924][353]LogModuleManager: Shutting down and abandoning module DeviceProfileEditor (447)
[2018.01.10-16.36.45:924][353]LogModuleManager: Shutting down and abandoning module UndoHistory (445)
[2018.01.10-16.36.45:924][353]LogModuleManager: Shutting down and abandoning module XmlParser (443)
[2018.01.10-16.36.45:925][353]LogModuleManager: Shutting down and abandoning module Blutility (441)
[2018.01.10-16.36.45:925][353]LogModuleManager: Shutting down and abandoning module ProjectSettingsViewer (439)
[2018.01.10-16.36.45:925][353]LogModuleManager: Shutting down and abandoning module ProjectTargetPlatformEditor (438)
[2018.01.10-16.36.45:925][353]LogModuleManager: Shutting down and abandoning module EditorSettingsViewer (435)
[2018.01.10-16.36.45:925][353]LogModuleManager: Shutting down and abandoning module SettingsEditor (433)
[2018.01.10-16.36.45:934][353]LogModuleManager: Shutting down and abandoning module ProjectLauncher (431)
[2018.01.10-16.36.45:949][353]LogModuleManager: Shutting down and abandoning module SessionFrontend (429)
[2018.01.10-16.36.45:967][353]LogModuleManager: Shutting down and abandoning module ProfilerClient (427)
[2018.01.10-16.36.45:979][353]LogModuleManager: Shutting down and abandoning module DeviceManager (425)
[2018.01.10-16.36.45:991][353]LogModuleManager: Shutting down and abandoning module TargetDeviceServices (424)
[2018.01.10-16.36.46:055][353]LogModuleManager: Shutting down and abandoning module AutomationController (421)
[2018.01.10-16.36.46:055][353]LogModuleManager: Shutting down and abandoning module AutomationWindow (419)
[2018.01.10-16.36.46:086][353]LogModuleManager: Shutting down and abandoning module Layers (417)
[2018.01.10-16.36.46:118][353]LogModuleManager: Shutting down and abandoning module ComponentVisualizers (415)
[2018.01.10-16.36.46:118][353]LogModuleManager: Shutting down and abandoning module DetailCustomizations (413)
[2018.01.10-16.36.46:128][353]LogModuleManager: Shutting down and abandoning module PackagesDialog (411)
[2018.01.10-16.36.46:145][353]LogModuleManager: Shutting down and abandoning module Persona (409)
[2018.01.10-16.36.46:181][353]LogModuleManager: Shutting down and abandoning module AdvancedPreviewScene (408)
[2018.01.10-16.36.46:181][353]LogModuleManager: Shutting down and abandoning module AnimGraph (406)
[2018.01.10-16.36.46:181][353]LogModuleManager: Shutting down and abandoning module Kismet (403)
[2018.01.10-16.36.46:221][353]LogModuleManager: Shutting down and abandoning module ClassViewer (401)
[2018.01.10-16.36.46:221][353]LogModuleManager: Shutting down and abandoning module Toolbox (399)
[2018.01.10-16.36.46:221][353]LogModuleManager: Shutting down and abandoning module ModuleUI (397)
[2018.01.10-16.36.46:229][353]LogModuleManager: Shutting down and abandoning module MovieSceneTools (395)
[2018.01.10-16.36.46:251][353]LogModuleManager: Shutting down and abandoning module OutputLog (393)
[2018.01.10-16.36.46:274][353]LogModuleManager: Shutting down and abandoning module GammaUI (391)
[2018.01.10-16.36.46:286][353]LogModuleManager: Shutting down and abandoning module Documentation (389)
[2018.01.10-16.36.46:286][353]LogModuleManager: Shutting down and abandoning module MovieSceneTracks (387)
[2018.01.10-16.36.46:286][353]LogModuleManager: Shutting down and abandoning module MovieScene (385)
[2018.01.10-16.36.46:286][353]LogModuleManager: Shutting down and abandoning module StreamingPauseRendering (383)
[2018.01.10-16.36.46:286][353]LogModuleManager: Shutting down and abandoning module LauncherPlatform (381)
[2018.01.10-16.36.46:287][353]LogModuleManager: Shutting down and abandoning module AnalyticsET (379)
[2018.01.10-16.36.46:287][353]LogModuleManager: Shutting down and abandoning module PortalServices (377)
[2018.01.10-16.36.46:287][353]LogModuleManager: Shutting down and abandoning module PortalRpc (375)
[2018.01.10-16.36.46:287][353]LogModuleManager: Shutting down and abandoning module MessagingRpc (373)
[2018.01.10-16.36.46:287][353]LogModuleManager: Shutting down and abandoning module AIModule (371)
[2018.01.10-16.36.46:287][353]LogModuleManager: Shutting down and abandoning module GameplayDebugger (370)
[2018.01.10-16.36.46:287][353]LogModuleManager: Shutting down and abandoning module AITestSuite (368)
[2018.01.10-16.36.46:287][353]LogModuleManager: Shutting down and abandoning module DesktopPlatform (365)
[2018.01.10-16.36.46:287][353]LogModuleManager: Shutting down and abandoning module ProfilerService (363)
[2018.01.10-16.36.46:449][353]LogModuleManager: Shutting down and abandoning module TaskGraph (361)
[2018.01.10-16.36.46:449][353]LogModuleManager: Shutting down and abandoning module SubstanceLiveLink (359)
[2018.01.10-16.36.46:464][353]LogModuleManager: Shutting down and abandoning module SubstanceSource (357)
[2018.01.10-16.36.46:502][353]LogModuleManager: Shutting down and abandoning module SubstanceEditor (355)
[2018.01.10-16.36.46:509][353]LogModuleManager: Shutting down and abandoning module SteamVRController (353)
[2018.01.10-16.36.46:509][353]LogModuleManager: Shutting down and abandoning module ProceduralMeshComponentEditor (351)
[2018.01.10-16.36.46:509][353]LogModuleManager: Shutting down and abandoning module ProceduralMeshComponent (349)
[2018.01.10-16.36.46:509][353]LogModuleManager: Shutting down and abandoning module OculusInput (347)
[2018.01.10-16.36.46:509][353]LogModuleManager: Shutting down and abandoning module MobilePatchingUtils (345)
[2018.01.10-16.36.46:509][353]LogModuleManager: Shutting down and abandoning module CustomMeshComponent (343)
[2018.01.10-16.36.46:509][353]LogModuleManager: Shutting down and abandoning module CableComponent (341)
[2018.01.10-16.36.46:509][353]LogModuleManager: Shutting down and abandoning module ArchVisCharacter (339)
[2018.01.10-16.36.46:509][353]LogModuleManager: Shutting down and abandoning module AndroidPermission (337)
[2018.01.10-16.36.46:509][353]LogModuleManager: Shutting down and abandoning module ActorSequence (335)
[2018.01.10-16.36.46:509][353]LogModuleManager: Shutting down and abandoning module MediaPlayerEditor (333)
[2018.01.10-16.36.46:544][353]LogModuleManager: Shutting down and abandoning module MediaCompositingEditor (331)
[2018.01.10-16.36.46:545][353]LogModuleManager: Shutting down and abandoning module MediaCompositing (329)
[2018.01.10-16.36.46:545][353]LogModuleManager: Shutting down and abandoning module HTML5Networking (327)
[2018.01.10-16.36.46:545][353]LogModuleManager: Shutting down and abandoning module AlembicImporter (325)
[2018.01.10-16.36.46:558][353]LogModuleManager: Shutting down and abandoning module AlembicLibrary (324)
[2018.01.10-16.36.46:559][353]LogModuleManager: Shutting down and abandoning module GeometryCache (323)
[2018.01.10-16.36.46:559][353]LogModuleManager: Shutting down and abandoning module GeometryCacheEd (322)
[2018.01.10-16.36.46:559][353]LogModuleManager: Shutting down and abandoning module SpeedTreeImporter (317)
[2018.01.10-16.36.46:559][353]LogModuleManager: Shutting down and abandoning module PluginBrowser (315)
[2018.01.10-16.36.46:595][353]LogModuleManager: Shutting down and abandoning module MobileLauncherProfileWizard (313)
[2018.01.10-16.36.46:611][353]LogModuleManager: Shutting down and abandoning module VisualStudioSourceCodeAccess (311)
[2018.01.10-16.36.46:611][353]LogModuleManager: Shutting down and abandoning module VisualStudioCodeSourceCodeAccess (309)
[2018.01.10-16.36.46:611][353]LogModuleManager: Shutting down and abandoning module UObjectPlugin (307)
[2018.01.10-16.36.46:611][353]LogModuleManager: Shutting down and abandoning module SubversionSourceControl (305)
[2018.01.10-16.36.46:611][353]LogModuleManager: Shutting down and abandoning module PerforceSourceControl (303)
[2018.01.10-16.36.46:611][353]LogModuleManager: Shutting down and abandoning module GitSourceControl (301)
[2018.01.10-16.36.46:628][353]LogModuleManager: Shutting down and abandoning module SourceControl (300)
[2018.01.10-16.36.46:629][353]LogModuleManager: Shutting down and abandoning module LightPropagationVolumeEditor (297)
[2018.01.10-16.36.46:629][353]LogModuleManager: Shutting down and abandoning module PaperTiledImporter (295)
[2018.01.10-16.36.46:629][353]LogModuleManager: Shutting down and abandoning module PaperSpriteSheetImporter (293)
[2018.01.10-16.36.46:629][353]LogModuleManager: Shutting down and abandoning module Paper2DEditor (291)
[2018.01.10-16.36.46:651][353]LogModuleManager: Shutting down and abandoning module MeshPaint (290)
[2018.01.10-16.36.46:662][353]LogModuleManager: Shutting down and abandoning module LevelEditor (288)
[2018.01.10-16.36.46:679][353]LogModuleManager: Shutting down and abandoning module PixelInspectorModule (287)
[2018.01.10-16.36.46:692][353]LogModuleManager: Shutting down and abandoning module MainFrame (285)
[2018.01.10-16.36.46:692][353]LogModuleManager: Shutting down and abandoning module HotReload (284)
[2018.01.10-16.36.46:692][353]LogDirectoryWatcher: A directory notification for 'F:/Disaster/ResearchDisaster/Plugins/VictoryPlug/Binaries/Win64' was aborted.
[2018.01.10-16.36.46:692][353]LogModuleManager: Shutting down and abandoning module VictoryBPLibrary (279)
[2018.01.10-16.36.46:692][353]LogModuleManager: Shutting down and abandoning module RuntimePhysXCooking (277)
[2018.01.10-16.36.46:692][353]LogModuleManager: Shutting down and abandoning module PhysXVehiclesEditor (275)
[2018.01.10-16.36.46:692][353]LogModuleManager: Shutting down and abandoning module PhysXVehicles (273)
[2018.01.10-16.36.46:692][353]LogModuleManager: Shutting down and abandoning module OculusEditor (271)
[2018.01.10-16.36.46:692][353]LogModuleManager: Shutting down and abandoning module LocationServicesBPLibrary (269)
[2018.01.10-16.36.46:692][353]LogModuleManager: Shutting down and abandoning module ImmediatePhysicsEditor (267)
[2018.01.10-16.36.46:692][353]LogModuleManager: Shutting down and abandoning module ImmediatePhysics (265)
[2018.01.10-16.36.46:692][353]LogModuleManager: Shutting down and abandoning module ApexDestructionEditor (263)
[2018.01.10-16.36.46:692][353]LogModuleManager: Shutting down and abandoning module ApexDestruction (261)
[2018.01.10-16.36.46:692][353]LogModuleManager: Shutting down and abandoning module UdpMessaging (259)
[2018.01.10-16.36.46:793][353]LogModuleManager: Shutting down and abandoning module TcpMessaging (257)
[2018.01.10-16.36.46:894][353]LogModuleManager: Shutting down and abandoning module SubstanceCore (255)
[2018.01.10-16.36.46:894][353]LogModuleManager: Shutting down and abandoning module GameplayTagsEditor (253)
[2018.01.10-16.36.46:905][353]LogModuleManager: Shutting down and abandoning module FacialAnimationEditor (251)
[2018.01.10-16.36.46:905][353]LogModuleManager: Shutting down and abandoning module FacialAnimation (249)
[2018.01.10-16.36.46:905][353]LogModuleManager: Shutting down and abandoning module AssetManagerEditor (247)
[2018.01.10-16.36.46:905][353]LogModuleManager: Shutting down and abandoning module GraphEditor (246)
[2018.01.10-16.36.46:905][353]LogModuleManager: Shutting down and abandoning module ContentBrowser (244)
[2018.01.10-16.36.46:907][353]LogModuleManager: Shutting down and abandoning module LightPropagationVolumeRuntime (241)
[2018.01.10-16.36.46:907][353]LogModuleManager: Shutting down and abandoning module Paper2D (239)
[2018.01.10-16.36.46:907][353]LogModuleManager: Shutting down and abandoning module WindowsMoviePlayer (237)
[2018.01.10-16.36.46:907][353]LogModuleManager: Shutting down and abandoning module WmfMedia (235)
[2018.01.10-16.36.46:909][353]LogModuleManager: Shutting down and abandoning module ImgMedia (233)
[2018.01.10-16.36.46:909][353]LogModuleManager: Shutting down and abandoning module PacketHandler (231)
[2018.01.10-16.36.46:909][353]LogModuleManager: Shutting down and abandoning module ClothingSystemEditor (229)
[2018.01.10-16.36.46:909][353]LogModuleManager: Shutting down and abandoning module ClothingSystemRuntime (227)
[2018.01.10-16.36.46:909][353]LogModuleManager: Shutting down and abandoning module MediaAssets (225)
[2018.01.10-16.36.46:909][353]LogModuleManager: Shutting down and abandoning module Media (224)
[2018.01.10-16.36.46:915][353]LogModuleManager: Shutting down and abandoning module Overlay (221)
[2018.01.10-16.36.46:915][353]LogModuleManager: Shutting down and abandoning module OverlayEditor (220)
[2018.01.10-16.36.46:915][353]LogModuleManager: Shutting down and abandoning module VREditor (217)
[2018.01.10-16.36.46:927][353]LogModuleManager: Shutting down and abandoning module StringTableEditor (215)
[2018.01.10-16.36.46:927][353]LogModuleManager: Shutting down and abandoning module GameplayTasksEditor (213)
[2018.01.10-16.36.46:927][353]LogModuleManager: Shutting down and abandoning module BehaviorTreeEditor (211)
[2018.01.10-16.36.46:927][353]LogModuleManager: Shutting down and abandoning module FunctionalTesting (209)
[2018.01.10-16.36.46:927][353]LogModuleManager: Shutting down and abandoning module CollisionAnalyzer (207)
[2018.01.10-16.36.46:927][353]LogModuleManager: Shutting down and abandoning module WorkspaceMenuStructure (206)
[2018.01.10-16.36.46:927][353]LogModuleManager: Shutting down and abandoning module UMG (203)
[2018.01.10-16.36.46:936][353]LogModuleManager: Shutting down and abandoning module UMGEditor (202)
[2018.01.10-16.36.46:936][353]LogModuleManager: Shutting down and abandoning module Sequencer (201)
[2018.01.10-16.36.46:936][353]LogModuleManager: Shutting down and abandoning module MessageLog (198)
[2018.01.10-16.36.46:936][353]LogModuleManager: Shutting down and abandoning module SlateReflector (193)
[2018.01.10-16.36.46:936][353]LogModuleManager: Shutting down and abandoning module Slate (191)
[2018.01.10-16.36.46:936][353]LogModuleManager: Shutting down and abandoning module EditorStyle (189)
[2018.01.10-16.36.46:939][353]LogModuleManager: Shutting down and abandoning module MRMesh (187)
[2018.01.10-16.36.46:939][353]LogModuleManager: Shutting down and abandoning module SourceCodeAccess (185)
[2018.01.10-16.36.46:939][353]LogModuleManager: Shutting down and abandoning module HeadMountedDisplay (183)
[2018.01.10-16.36.46:939][353]LogModuleManager: Shutting down and abandoning module XAudio2 (181)
[2018.01.10-16.36.46:939][353]LogModuleManager: Shutting down and abandoning module Networking (179)
[2018.01.10-16.36.46:939][353]LogModuleManager: Shutting down and abandoning module Core (177)
[2018.01.10-16.36.46:939][353]LogModuleManager: Shutting down and abandoning module LevelSequence (173)
[2018.01.10-16.36.46:939][353]LogModuleManager: Shutting down and abandoning module DirectoryWatcher (171)
[2018.01.10-16.36.46:947][353]LogModuleManager: Shutting down and abandoning module KismetCompiler (169)
[2018.01.10-16.36.46:948][353]LogModuleManager: Shutting down and abandoning module MeshUtilities (167)
[2018.01.10-16.36.46:948][353]LogModuleManager: Shutting down and abandoning module MeshMergeUtilities (166)
[2018.01.10-16.36.46:948][353]LogModuleManager: Shutting down and abandoning module MeshReductionInterface (165)
[2018.01.10-16.36.46:948][353]LogModuleManager: Shutting down and abandoning module SimplygonSwarm (164)
[2018.01.10-16.36.46:948][353]LogModuleManager: Shutting down and abandoning module SimplygonMeshReduction (162)
[2018.01.10-16.36.46:948][353]LogModuleManager: Shutting down and abandoning module QuadricMeshReduction (160)
[2018.01.10-16.36.46:948][353]LogModuleManager: Shutting down and abandoning module MaterialBaking (156)
[2018.01.10-16.36.46:948][353]LogModuleManager: Shutting down and abandoning module DerivedDataCache (153)
[2018.01.10-16.36.46:998][353]LogDerivedDataCache: Shutdown
[2018.01.10-16.36.46:998][353]LogModuleManager: Shutting down and abandoning module TargetPlatform (151)
[2018.01.10-16.36.46:998][353]LogModuleManager: Shutting down and abandoning module VulkanShaderFormat (150)
[2018.01.10-16.36.46:998][353]LogModuleManager: Shutting down and abandoning module ShaderFormatVectorVM (148)
[2018.01.10-16.36.46:998][353]LogModuleManager: Shutting down and abandoning module ShaderFormatOpenGL (146)
[2018.01.10-16.36.46:998][353]LogModuleManager: Shutting down and abandoning module ShaderFormatD3D (144)
[2018.01.10-16.36.46:998][353]LogModuleManager: Shutting down and abandoning module MetalShaderFormat (142)
[2018.01.10-16.36.46:998][353]LogModuleManager: Shutting down and abandoning module TextureFormatUncompressed (140)
[2018.01.10-16.36.46:998][353]LogModuleManager: Shutting down and abandoning module TextureFormatPVR (138)
[2018.01.10-16.36.46:998][353]LogModuleManager: Shutting down and abandoning module TextureFormatDXT (136)
[2018.01.10-16.36.46:999][353]LogModuleManager: Shutting down and abandoning module TextureFormatIntelISPCTexComp (134)
[2018.01.10-16.36.46:999][353]LogModuleManager: Shutting down and abandoning module TextureFormatASTC (132)
[2018.01.10-16.36.46:999][353]LogModuleManager: Shutting down and abandoning module ImageWrapper (131)
[2018.01.10-16.36.46:999][353]LogModuleManager: Shutting down and abandoning module TextureFormatAndroid (128)
[2018.01.10-16.36.46:999][353]LogModuleManager: Shutting down and abandoning module AudioFormatOpus (126)
[2018.01.10-16.36.46:999][353]LogModuleManager: Shutting down and abandoning module AudioFormatOgg (124)
[2018.01.10-16.36.46:999][353]LogModuleManager: Shutting down and abandoning module AudioFormatADPCM (122)
[2018.01.10-16.36.46:999][353]LogModuleManager: Shutting down and abandoning module LinuxTargetPlatform (120)
[2018.01.10-16.36.46:999][353]LogModuleManager: Shutting down and abandoning module LinuxServerTargetPlatform (118)
[2018.01.10-16.36.46:999][353]LogModuleManager: Shutting down and abandoning module LinuxNoEditorTargetPlatform (116)
[2018.01.10-16.36.46:999][353]LogModuleManager: Shutting down and abandoning module LinuxClientTargetPlatform (114)
[2018.01.10-16.36.46:999][353]LogModuleManager: Shutting down and abandoning module TVOSTargetPlatform (112)
[2018.01.10-16.36.46:999][353]LogModuleManager: Shutting down and abandoning module Messaging (110)
[2018.01.10-16.36.46:999][353]LogModuleManager: Shutting down and abandoning module IOSTargetPlatform (108)
[2018.01.10-16.36.46:999][353]LogModuleManager: Shutting down and abandoning module HTML5TargetPlatform (106)
[2018.01.10-16.36.46:999][353]LogModuleManager: Shutting down and abandoning module AndroidTargetPlatform (104)
[2018.01.10-16.36.46:999][353]LogModuleManager: Shutting down and abandoning module Android_PVRTCTargetPlatform (102)
[2018.01.10-16.36.46:999][353]LogModuleManager: Shutting down and abandoning module Android_MultiTargetPlatform (100)
[2018.01.10-16.36.46:999][353]LogModuleManager: Shutting down and abandoning module Android_ETC2TargetPlatform (98)
[2018.01.10-16.36.46:999][353]LogModuleManager: Shutting down and abandoning module Android_ETC1TargetPlatform (96)
[2018.01.10-16.36.46:999][353]LogModuleManager: Shutting down and abandoning module Android_DXTTargetPlatform (94)
[2018.01.10-16.36.46:999][353]LogModuleManager: Shutting down and abandoning module Android_ATCTargetPlatform (92)
[2018.01.10-16.36.47:000][353]LogModuleManager: Shutting down and abandoning module Android_ASTCTargetPlatform (90)
[2018.01.10-16.36.47:000][353]LogModuleManager: Shutting down and abandoning module WindowsTargetPlatform (88)
[2018.01.10-16.36.47:000][353]LogModuleManager: Shutting down and abandoning module WindowsServerTargetPlatform (86)
[2018.01.10-16.36.47:000][353]LogModuleManager: Shutting down and abandoning module WindowsNoEditorTargetPlatform (84)
[2018.01.10-16.36.47:000][353]LogModuleManager: Shutting down and abandoning module WindowsClientTargetPlatform (82)
[2018.01.10-16.36.47:000][353]LogModuleManager: Shutting down and abandoning module MacTargetPlatform (80)
[2018.01.10-16.36.47:000][353]LogModuleManager: Shutting down and abandoning module MacServerTargetPlatform (78)
[2018.01.10-16.36.47:000][353]LogModuleManager: Shutting down and abandoning module MacNoEditorTargetPlatform (76)
[2018.01.10-16.36.47:000][353]LogModuleManager: Shutting down and abandoning module MacClientTargetPlatform (74)
[2018.01.10-16.36.47:000][353]LogModuleManager: Shutting down and abandoning module AllDesktopTargetPlatform (72)
[2018.01.10-16.36.47:000][353]LogModuleManager: Shutting down and abandoning module InputCore (69)
[2018.01.10-16.36.47:000][353]LogModuleManager: Shutting down and abandoning module Settings (67)
[2018.01.10-16.36.47:000][353]LogModuleManager: Shutting down and abandoning module PhysXCooking (65)
[2018.01.10-16.36.47:000][353]LogModuleManager: Shutting down and abandoning module SteamVR (63)
[2018.01.10-16.36.47:000][353]LogModuleManager: Shutting down and abandoning module OculusHMD (61)
[2018.01.10-16.36.47:000][353]LogModuleManager: Shutting down and abandoning module ExampleDeviceProfileSelector (59)
[2018.01.10-16.36.47:000][353]LogModuleManager: Shutting down and abandoning module AppleARKit (57)
[2018.01.10-16.36.47:000][353]LogModuleManager: Shutting down and abandoning module AugmentedReality (56)
[2018.01.10-16.36.47:000][353]LogModuleManager: Shutting down and abandoning module OnlineBlueprintSupport (53)
[2018.01.10-16.36.47:000][353]LogModuleManager: Shutting down and abandoning module OnlineSubsystem (49)
[2018.01.10-16.36.47:000][353]LogOnline: Display: OSS: FOnlineSubsystemNull::Shutdown()
[2018.01.10-16.36.47:000][353]LogOnline: Display: OSS: FOnlineAsyncTaskManager::Stop() ActiveTask:0000000000000000 Tasks[0/0]
[2018.01.10-16.36.47:001][353]LogOnline: Display: OSS: FOnlineAsyncTaskManager::Exit() started
[2018.01.10-16.36.47:001][353]LogOnline: Display: OSS: FOnlineAsyncTaskManager::Exit() finished
[2018.01.10-16.36.47:001][353]LogModuleManager: Shutting down and abandoning module XMPP (43)
[2018.01.10-16.36.47:001][353]LogModuleManager: Shutting down and abandoning module HTTP (41)
[2018.01.10-16.36.47:001][353]LogHttp: Display: Http module shutting down, but needs to wait on 1 outstanding Http requests:
[2018.01.10-16.36.47:012][353]LogHttp: Display: 	verb=[POST] url=[https://datarouter.ol.epicgames.com/datarouter/api/v1/public/data?SessionID=%7BCD9F4381-4817-4728-30EA-94A8BE6C2A95%7D&AppID=UEEditor.Rocket.Release&AppVersion=4.18.2-3794801%2B%2B%2BUE4%2BRelease-4.18&UserID=6b6a77274cc338fa6ef90595812d0ae9%7C1b705a668847480aa0156731dd50e538%7C6a312f09-eca8-4b10-8272-497b4c1626b1&AppEnvironment=datacollector-binary&UploadType=eteventstream] status=Processing
[2018.01.10-16.36.47:047][353]LogModuleManager: Shutting down and abandoning module SSL (40)
[2018.01.10-16.36.47:049][353]LogModuleManager: Shutting down and abandoning module AnimationModifiers (36)
[2018.01.10-16.36.47:049][353]LogModuleManager: Shutting down and abandoning module PropertyEditor (35)
[2018.01.10-16.36.47:049][353]LogModuleManager: Shutting down and abandoning module AudioEditor (32)
[2018.01.10-16.36.47:049][353]LogModuleManager: Shutting down and abandoning module TextureCompressor (30)
[2018.01.10-16.36.47:049][353]LogModuleManager: Shutting down and abandoning module ShaderCore (28)
[2018.01.10-16.36.47:049][353]LogModuleManager: Shutting down and abandoning module Landscape (26)
[2018.01.10-16.36.47:049][353]LogModuleManager: Shutting down and abandoning module SlateRHIRenderer (24)
[2018.01.10-16.36.47:054][353]LogModuleManager: Shutting down and abandoning module OpenGLDrv (22)
[2018.01.10-16.36.47:054][353]LogModuleManager: Shutting down and abandoning module D3D11RHI (20)
[2018.01.10-16.36.47:054][353]LogModuleManager: Shutting down and abandoning module AnimGraphRuntime (18)
[2018.01.10-16.36.47:054][353]LogModuleManager: Shutting down and abandoning module Renderer (16)
[2018.01.10-16.36.47:055][353]LogModuleManager: Shutting down and abandoning module Engine (14)
[2018.01.10-16.36.47:055][353]LogModuleManager: Shutting down and abandoning module CoreUObject (12)
[2018.01.10-16.36.47:055][353]LogModuleManager: Shutting down and abandoning module NetworkFile (10)
[2018.01.10-16.36.47:055][353]LogModuleManager: Shutting down and abandoning module CookedIterativeFile (8)
[2018.01.10-16.36.47:055][353]LogModuleManager: Shutting down and abandoning module StreamingFile (6)
[2018.01.10-16.36.47:055][353]LogModuleManager: Shutting down and abandoning module SandboxFile (4)
[2018.01.10-16.36.47:055][353]LogModuleManager: Shutting down and abandoning module PakFile (2)
[2018.01.10-16.36.47:058][353]LogExit: Exiting.
[2018.01.10-16.36.47:083][353]Log file closed, 01/10/18 19:36:47
