Log file open, 12/28/17 01:31:13
LogWindows: Failed to load 'aqProf.dll' (GetLastError=126)
LogWindows: File 'aqProf.dll' does not exist
LogWindows: Failed to load 'VtuneApi.dll' (GetLastError=126)
LogWindows: File 'VtuneApi.dll' does not exist
LogWindows: Failed to load 'VtuneApi32e.dll' (GetLastError=126)
LogWindows: File 'VtuneApi32e.dll' does not exist
LogInit: Display: Running engine for game: RNDYOUFUCK
LogPlatformFile: Not using cached read wrapper
LogInit: Display: RandInit(754056254) SRandInit(754056254).
LogInit: Read version file with build ID '3709383'
LogInit: Overriding engine version to CL 3794801, compatible CL 3709383
LogInit: Registered custom module enumerator with build ID '3709383'
LogTaskGraph: Started task graph with 5 named threads and 14 total threads with 3 sets of task threads.
LogStats: Stats thread started at 0.185460
LogD3D11RHI: Aftermath initialized
LogModuleManager: Display: Found up-to-date module file ../../../Engine/Plugins/2D/Paper2D/Binaries/Win64/UE4Editor-Paper2D.dll (API version 3709383).
LogModuleManager: Display: Found up-to-date module file ../../../Engine/Plugins/2D/Paper2D/Binaries/Win64/UE4Editor-Paper2DEditor.dll (API version 3709383).
LogModuleManager: Display: Found up-to-date module file ../../../Engine/Plugins/2D/Paper2D/Binaries/Win64/UE4Editor-PaperSpriteSheetImporter.dll (API version 3709383).
LogModuleManager: Display: Found up-to-date module file ../../../Engine/Plugins/2D/Paper2D/Binaries/Win64/UE4Editor-PaperTiledImporter.dll (API version 3709383).
LogModuleManager: Display: Found up-to-date module file ../../../Engine/Plugins/2D/Paper2D/Binaries/Win64/UE4Editor-SmartSnapping.dll (API version 3709383).
LogModuleManager: Display: Found up-to-date module file ../../../Engine/Plugins/Blendables/LightPropagationVolume/Binaries/Win64/UE4Editor-LightPropagationVolumeRuntime.dll (API version 3709383).
LogModuleManager: Display: Found up-to-date module file ../../../Engine/Plugins/Blendables/LightPropagationVolume/Binaries/Win64/UE4Editor-LightPropagationVolumeEditor.dll (API version 3709383).
LogModuleManager: Display: Found up-to-date module file ../../../Engine/Plugins/Developer/GitSourceControl/Binaries/Win64/UE4Editor-GitSourceControl.dll (API version 3709383).
LogModuleManager: Display: Found up-to-date module file ../../../Engine/Plugins/Developer/PerforceSourceControl/Binaries/Win64/UE4Editor-PerforceSourceControl.dll (API version 3709383).
LogModuleManager: Display: Found up-to-date module file ../../../Engine/Plugins/Developer/SubversionSourceControl/Binaries/Win64/UE4Editor-SubversionSourceControl.dll (API version 3709383).
LogModuleManager: Display: Found up-to-date module file ../../../Engine/Plugins/Developer/UObjectPlugin/Binaries/Win64/UE4Editor-UObjectPlugin.dll (API version 3709383).
LogModuleManager: Display: Found up-to-date module file ../../../Engine/Plugins/Developer/VisualStudioCodeSourceCodeAccess/Binaries/Win64/UE4Editor-VisualStudioCodeSourceCodeAccess.dll (API version 3709383).
LogModuleManager: Display: Found up-to-date module file ../../../Engine/Plugins/Developer/VisualStudioSourceCodeAccess/Binaries/Win64/UE4Editor-VisualStudioSourceCodeAccess.dll (API version 3709383).
LogModuleManager: Display: Found up-to-date module file ../../../Engine/Plugins/Editor/AssetManagerEditor/Binaries/Win64/UE4Editor-AssetManagerEditor.dll (API version 3709383).
LogModuleManager: Display: Found up-to-date module file ../../../Engine/Plugins/Editor/AudioCapture/Binaries/Win64/UE4Editor-AudioCapture.dll (API version 3709383).
LogModuleManager: Display: Found up-to-date module file ../../../Engine/Plugins/Editor/FacialAnimation/Binaries/Win64/UE4Editor-FacialAnimation.dll (API version 3709383).
LogModuleManager: Display: Found up-to-date module file ../../../Engine/Plugins/Editor/FacialAnimation/Binaries/Win64/UE4Editor-FacialAnimationEditor.dll (API version 3709383).
LogModuleManager: Display: Found up-to-date module file ../../../Engine/Plugins/Editor/GameplayTagsEditor/Binaries/Win64/UE4Editor-GameplayTagsEditor.dll (API version 3709383).
LogModuleManager: Display: Found up-to-date module file ../../../Engine/Plugins/Editor/MobileLauncherProfileWizard/Binaries/Win64/UE4Editor-MobileLauncherProfileWizard.dll (API version 3709383).
LogModuleManager: Display: Found up-to-date module file ../../../Engine/Plugins/Editor/PluginBrowser/Binaries/Win64/UE4Editor-PluginBrowser.dll (API version 3709383).
LogModuleManager: Display: Found up-to-date module file ../../../Engine/Plugins/Editor/SpeedTreeImporter/Binaries/Win64/UE4Editor-SpeedTreeImporter.dll (API version 3709383).
LogModuleManager: Display: Found up-to-date module file ../../../Engine/Plugins/Experimental/AlembicImporter/Binaries/Win64/UE4Editor-AlembicImporter.dll (API version 3709383).
LogModuleManager: Display: Found up-to-date module file ../../../Engine/Plugins/Experimental/AlembicImporter/Binaries/Win64/UE4Editor-AlembicLibrary.dll (API version 3709383).
LogModuleManager: Display: Found up-to-date module file ../../../Engine/Plugins/Experimental/CharacterAI/Binaries/Win64/UE4Editor-CharacterAI.dll (API version 3709383).
LogModuleManager: Display: Found up-to-date module file ../../../Engine/Plugins/Experimental/HTML5Networking/Binaries/Win64/UE4Editor-HTML5Networking.dll (API version 3709383).
LogModuleManager: Display: Found up-to-date module file ../../../Engine/Plugins/Media/AndroidMedia/Binaries/Win64/UE4Editor-AndroidMediaEditor.dll (API version 3709383).
LogModuleManager: Display: Found up-to-date module file ../../../Engine/Plugins/Media/AndroidMedia/Binaries/Win64/UE4Editor-AndroidMediaFactory.dll (API version 3709383).
LogModuleManager: Display: Found up-to-date module file ../../../Engine/Plugins/Media/AvfMedia/Binaries/Win64/UE4Editor-AvfMediaEditor.dll (API version 3709383).
LogModuleManager: Display: Found up-to-date module file ../../../Engine/Plugins/Media/AvfMedia/Binaries/Win64/UE4Editor-AvfMediaFactory.dll (API version 3709383).
LogModuleManager: Display: Found up-to-date module file ../../../Engine/Plugins/Media/AvfMedia/Binaries/Win64/UE4Editor-AvfMediaFactory.dll (API version 3709383).
LogModuleManager: Display: Found up-to-date module file ../../../Engine/Plugins/Media/ImgMedia/Binaries/Win64/UE4Editor-ImgMedia.dll (API version 3709383).
LogModuleManager: Display: Found up-to-date module file ../../../Engine/Plugins/Media/ImgMedia/Binaries/Win64/UE4Editor-ImgMediaEditor.dll (API version 3709383).
LogModuleManager: Display: Found up-to-date module file ../../../Engine/Plugins/Media/ImgMedia/Binaries/Win64/UE4Editor-ImgMediaFactory.dll (API version 3709383).
LogModuleManager: Display: Found up-to-date module file ../../../Engine/Plugins/Media/ImgMedia/Binaries/Win64/UE4Editor-ImgMediaFactory.dll (API version 3709383).
LogModuleManager: Display: Found up-to-date module file ../../../Engine/Plugins/Media/ImgMedia/Binaries/Win64/UE4Editor-OpenExrWrapper.dll (API version 3709383).
LogModuleManager: Display: Found up-to-date module file ../../../Engine/Plugins/Media/MediaCompositing/Binaries/Win64/UE4Editor-MediaCompositing.dll (API version 3709383).
LogModuleManager: Display: Found up-to-date module file ../../../Engine/Plugins/Media/MediaCompositing/Binaries/Win64/UE4Editor-MediaCompositingEditor.dll (API version 3709383).
LogModuleManager: Display: Found up-to-date module file ../../../Engine/Plugins/Media/MediaPlayerEditor/Binaries/Win64/UE4Editor-MediaPlayerEditor.dll (API version 3709383).
LogModuleManager: Display: Found up-to-date module file ../../../Engine/Plugins/Media/WmfMedia/Binaries/Win64/UE4Editor-WmfMedia.dll (API version 3709383).
LogModuleManager: Display: Found up-to-date module file ../../../Engine/Plugins/Media/WmfMedia/Binaries/Win64/UE4Editor-WmfMediaEditor.dll (API version 3709383).
LogModuleManager: Display: Found up-to-date module file ../../../Engine/Plugins/Media/WmfMedia/Binaries/Win64/UE4Editor-WmfMediaFactory.dll (API version 3709383).
LogModuleManager: Display: Found up-to-date module file ../../../Engine/Plugins/Media/WmfMedia/Binaries/Win64/UE4Editor-WmfMediaFactory.dll (API version 3709383).
LogModuleManager: Display: Found up-to-date module file ../../../Engine/Plugins/Messaging/TcpMessaging/Binaries/Win64/UE4Editor-TcpMessaging.dll (API version 3709383).
LogModuleManager: Display: Found up-to-date module file ../../../Engine/Plugins/Messaging/UdpMessaging/Binaries/Win64/UE4Editor-UdpMessaging.dll (API version 3709383).
LogModuleManager: Display: Found up-to-date module file ../../../Engine/Plugins/MovieScene/ActorSequence/Binaries/Win64/UE4Editor-ActorSequence.dll (API version 3709383).
LogModuleManager: Display: Found up-to-date module file ../../../Engine/Plugins/MovieScene/LevelSequenceEditor/Binaries/Win64/UE4Editor-LevelSequenceEditor.dll (API version 3709383).
LogModuleManager: Display: Found up-to-date module file ../../../Engine/Plugins/MovieScene/MatineeToLevelSequence/Binaries/Win64/UE4Editor-MatineeToLevelSequence.dll (API version 3709383).
LogModuleManager: Display: Found up-to-date module file ../../../Engine/Plugins/Online/OnlineSubsystem/Binaries/Win64/UE4Editor-OnlineSubsystem.dll (API version 3709383).
LogModuleManager: Display: Found up-to-date module file ../../../Engine/Plugins/Runtime/AndroidPermission/Binaries/Win64/UE4Editor-AndroidPermission.dll (API version 3709383).
LogModuleManager: Display: Found up-to-date module file ../../../Engine/Plugins/Online/OnlineSubsystemNull/Binaries/Win64/UE4Editor-OnlineSubsystemNull.dll (API version 3709383).
LogModuleManager: Display: Found up-to-date module file ../../../Engine/Plugins/Online/OnlineSubsystemUtils/Binaries/Win64/UE4Editor-OnlineSubsystemUtils.dll (API version 3709383).
LogModuleManager: Display: Found up-to-date module file ../../../Engine/Plugins/Online/OnlineSubsystemUtils/Binaries/Win64/UE4Editor-OnlineBlueprintSupport.dll (API version 3709383).
LogModuleManager: Display: Found up-to-date module file ../../../Engine/Plugins/Runtime/AndroidDeviceProfileSelector/Binaries/Win64/UE4Editor-AndroidDeviceProfileSelector.dll (API version 3709383).
LogModuleManager: Display: Found up-to-date module file ../../../Engine/Plugins/Runtime/AppleARKit/Binaries/Win64/UE4Editor-AppleARKit.dll (API version 3709383).
LogModuleManager: Display: Found up-to-date module file ../../../Engine/Plugins/Runtime/ArchVisCharacter/Binaries/Win64/UE4Editor-ArchVisCharacter.dll (API version 3709383).
LogModuleManager: Display: Found up-to-date module file ../../../Engine/Plugins/Runtime/CableComponent/Binaries/Win64/UE4Editor-CableComponent.dll (API version 3709383).
LogModuleManager: Display: Found up-to-date module file ../../../Engine/Plugins/Runtime/CustomMeshComponent/Binaries/Win64/UE4Editor-CustomMeshComponent.dll (API version 3709383).
LogModuleManager: Display: Found up-to-date module file ../../../Engine/Plugins/Runtime/ExampleDeviceProfileSelector/Binaries/Win64/UE4Editor-ExampleDeviceProfileSelector.dll (API version 3709383).
LogModuleManager: Display: Found up-to-date module file ../../../Engine/Plugins/Runtime/ImmediatePhysics/Binaries/Win64/UE4Editor-ImmediatePhysics.dll (API version 3709383).
LogModuleManager: Display: Found up-to-date module file ../../../Engine/Plugins/Runtime/ImmediatePhysics/Binaries/Win64/UE4Editor-ImmediatePhysicsEditor.dll (API version 3709383).
LogModuleManager: Display: Found up-to-date module file ../../../Engine/Plugins/Runtime/LocationServicesBPLibrary/Binaries/Win64/UE4Editor-LocationServicesBPLibrary.dll (API version 3709383).
LogModuleManager: Display: Found up-to-date module file ../../../Engine/Plugins/Runtime/MobilePatchingUtils/Binaries/Win64/UE4Editor-MobilePatchingUtils.dll (API version 3709383).
LogModuleManager: Display: Found up-to-date module file ../../../Engine/Plugins/Runtime/Oculus/OculusVR/Binaries/Win64/UE4Editor-OculusHMD.dll (API version 3709383).
LogModuleManager: Display: Found up-to-date module file ../../../Engine/Plugins/Runtime/Oculus/OculusVR/Binaries/Win64/UE4Editor-OculusInput.dll (API version 3709383).
LogModuleManager: Display: Found up-to-date module file ../../../Engine/Plugins/Runtime/Oculus/OculusVR/Binaries/Win64/UE4Editor-OculusEditor.dll (API version 3709383).
LogModuleManager: Display: Found up-to-date module file ../../../Engine/Plugins/Runtime/PhysXVehicles/Binaries/Win64/UE4Editor-PhysXVehicles.dll (API version 3709383).
LogModuleManager: Display: Found up-to-date module file ../../../Engine/Plugins/Runtime/PhysXVehicles/Binaries/Win64/UE4Editor-PhysXVehiclesEditor.dll (API version 3709383).
LogModuleManager: Display: Found up-to-date module file ../../../Engine/Plugins/Runtime/ProceduralMeshComponent/Binaries/Win64/UE4Editor-ProceduralMeshComponent.dll (API version 3709383).
LogModuleManager: Display: Found up-to-date module file ../../../Engine/Plugins/Runtime/ProceduralMeshComponent/Binaries/Win64/UE4Editor-ProceduralMeshComponentEditor.dll (API version 3709383).
LogModuleManager: Display: Found up-to-date module file ../../../Engine/Plugins/Runtime/RuntimePhysXCooking/Binaries/Win64/UE4Editor-RuntimePhysXCooking.dll (API version 3709383).
LogModuleManager: Display: Found up-to-date module file ../../../Engine/Plugins/Runtime/Steam/SteamVR/Binaries/Win64/UE4Editor-SteamVR.dll (API version 3709383).
LogModuleManager: Display: Found up-to-date module file ../../../Engine/Plugins/Runtime/Steam/SteamVR/Binaries/Win64/UE4Editor-SteamVRController.dll (API version 3709383).
LogModuleManager: Display: Found up-to-date module file ../../../Engine/Plugins/Runtime/WindowsMoviePlayer/Binaries/Win64/UE4Editor-WindowsMoviePlayer.dll (API version 3709383).
LogPluginManager: Mounting plugin Paper2D
LogPluginManager: Mounting plugin LightPropagationVolume
LogPluginManager: Mounting plugin CodeLiteSourceCodeAccess
LogPluginManager: Mounting plugin GitSourceControl
LogPluginManager: Mounting plugin KDevelopSourceCodeAccess
LogPluginManager: Mounting plugin NullSourceCodeAccess
LogPluginManager: Mounting plugin PerforceSourceControl
LogPluginManager: Mounting plugin SubversionSourceControl
LogPluginManager: Mounting plugin UObjectPlugin
LogPluginManager: Mounting plugin VisualStudioCodeSourceCodeAccess
LogPluginManager: Mounting plugin VisualStudioSourceCodeAccess
LogPluginManager: Mounting plugin XCodeSourceCodeAccess
LogPluginManager: Mounting plugin AssetManagerEditor
LogPluginManager: Mounting plugin AudioCapture
LogPluginManager: Mounting plugin FacialAnimation
LogPluginManager: Mounting plugin GameplayTagsEditor
LogPluginManager: Mounting plugin MobileLauncherProfileWizard
LogPluginManager: Mounting plugin PluginBrowser
LogPluginManager: Mounting plugin SpeedTreeImporter
LogPluginManager: Mounting plugin AlembicImporter
LogPluginManager: Mounting plugin CharacterAI
LogPluginManager: Mounting plugin HTML5Networking
LogPluginManager: Mounting plugin AndroidMedia
LogPluginManager: Mounting plugin AvfMedia
LogPluginManager: Mounting plugin ImgMedia
LogPluginManager: Mounting plugin MediaCompositing
LogPluginManager: Mounting plugin MediaPlayerEditor
LogPluginManager: Mounting plugin WmfMedia
LogPluginManager: Mounting plugin TcpMessaging
LogPluginManager: Mounting plugin UdpMessaging
LogPluginManager: Mounting plugin ActorSequence
LogPluginManager: Mounting plugin LevelSequenceEditor
LogPluginManager: Mounting plugin MatineeToLevelSequence
LogPluginManager: Mounting plugin OnlineSubsystemGooglePlay
LogPluginManager: Mounting plugin OnlineSubsystemIOS
LogPluginManager: Mounting plugin OnlineSubsystem
LogPluginManager: Mounting plugin OnlineSubsystemNull
LogPluginManager: Mounting plugin OnlineSubsystemUtils
LogPluginManager: Mounting plugin AndroidDeviceProfileSelector
LogPluginManager: Mounting plugin AndroidMoviePlayer
LogPluginManager: Mounting plugin AndroidPermission
LogPluginManager: Mounting plugin AppleARKit
LogPluginManager: Mounting plugin AppleMoviePlayer
LogPluginManager: Mounting plugin ArchVisCharacter
LogPluginManager: Mounting plugin CableComponent
LogPluginManager: Mounting plugin CustomMeshComponent
LogPluginManager: Mounting plugin ExampleDeviceProfileSelector
LogPluginManager: Mounting plugin GoogleCloudMessaging
LogPluginManager: Mounting plugin ImmediatePhysics
LogPluginManager: Mounting plugin IOSDeviceProfileSelector
LogPluginManager: Mounting plugin LinuxDeviceProfileSelector
LogPluginManager: Mounting plugin LocationServicesBPLibrary
LogPluginManager: Mounting plugin MobilePatchingUtils
LogPluginManager: Mounting plugin OculusVR
LogPluginManager: Plugin shader directory ../../../Engine/Plugins/Runtime/Oculus/OculusVR/Shaders found
LogPluginManager: Mapping shader source directory ../../../Engine/Plugins/Runtime/Oculus/OculusVR/Shaders to virtual directory /Plugin/OculusVR
LogPluginManager: Mounting plugin PhysXVehicles
LogPluginManager: Mounting plugin ProceduralMeshComponent
LogPluginManager: Mounting plugin RuntimePhysXCooking
LogPluginManager: Mounting plugin SteamVR
LogPluginManager: Mounting plugin WindowsMoviePlayer
LogInit: Using libcurl 7.47.1
LogInit:  - built for x86_64-pc-win32
LogInit:  - supports SSL with OpenSSL/1.0.2g
LogInit:  - supports HTTP deflate (compression) using libz 1.2.8
LogInit:  - other features:
LogInit:      CURL_VERSION_SSL
LogInit:      CURL_VERSION_LIBZ
LogInit:      CURL_VERSION_IPV6
LogInit:      CURL_VERSION_ASYNCHDNS
LogInit:      CURL_VERSION_LARGEFILE
LogInit:      CURL_VERSION_IDN
LogInit:  CurlRequestOptions (configurable via config and command line):
LogInit:  - bVerifyPeer = false  - Libcurl will NOT verify peer certificate
LogInit:  - bUseHttpProxy = false  - Libcurl will NOT use HTTP proxy
LogInit:  - bDontReuseConnections = false  - Libcurl will reuse connections
LogInit:  - CertBundlePath = nullptr  - Libcurl will use whatever was configured at build time.
LogInit: Build: ++UE4+Release-4.18-CL-3794801
LogInit: Engine Version: 4.18.2-3794801+++UE4+Release-4.18
LogInit: Compatible Engine Version: 4.18.0-3709383+++UE4+Release-4.18
LogInit: Net CL: 3709383
LogDevObjectVersion: Number of dev versions registered: 16
LogDevObjectVersion:   Dev-Blueprints (B0D832E4-1F89-4F0D-ACCF-7EB736FD4AA2): 10
LogDevObjectVersion:   Dev-Build (E1C64328-A22C-4D53-A36C-8E866417BD8C): 0
LogDevObjectVersion:   Dev-Core (375EC13C-06E4-48FB-B500-84F0262A717E): 2
LogDevObjectVersion:   Dev-Editor (E4B068ED-F494-42E9-A231-DA0B2E46BB41): 20
LogDevObjectVersion:   Dev-Framework (CFFC743F-43B0-4480-9391-14DF171D2073): 30
LogDevObjectVersion:   Dev-Mobile (B02B49B5-BB20-44E9-A304-32B752E40360): 0
LogDevObjectVersion:   Dev-Networking (A4E4105C-59A1-49B5-A7C5-40C4547EDFEE): 0
LogDevObjectVersion:   Dev-Online (39C831C9-5AE6-47DC-9A44-9C173E1C8E7C): 0
LogDevObjectVersion:   Dev-Physics (78F01B33-EBEA-4F98-B9B4-84EACCB95AA2): 0
LogDevObjectVersion:   Dev-Platform (6631380F-2D4D-43E0-8009-CF276956A95A): 0
LogDevObjectVersion:   Dev-Rendering (12F88B9F-8875-4AFC-A67C-D90C383ABD29): 20
LogDevObjectVersion:   Dev-Sequencer (7B5AE74C-D270-4C10-A958-57980B212A5A): 4
LogDevObjectVersion:   Dev-VR (D7296918-1DD6-4BDD-9DE2-64A83CC13884): 0
LogDevObjectVersion:   Dev-LoadTimes (C2A15278-BFE7-4AFE-6C17-90FF531DF755): 1
LogDevObjectVersion:   Private-Geometry (6EACA3D4-40EC-4CC1-B786-8BED09428FC5): 1
LogDevObjectVersion:   Dev-AnimPhys (29E575DD-E0A3-4627-9D10-D276232CDCEA): 12
LogInit: Compiled (64-bit): Dec  8 2017 02:04:53
LogInit: Compiled with Visual C++: 19.00.24215.01
LogInit: Build Configuration: Development
LogInit: Branch Name: ++UE4+Release-4.18
LogInit: Command line:  
LogInit: Base directory: C:/Program Files/Epic Games/UE_4.18/Engine/Binaries/Win64/
LogInit: Installed Engine Build: 1
LogInit: Presizing for max 8388607 objects, including 0 objects not considered by GC, pre-allocating 0 bytes for permanent pool.
LogInit: Object subsystem initialized
[2017.12.27-20.31.15:714][  0]LogInit: Selected Device Profile: [Windows]
[2017.12.27-20.31.15:714][  0]LogInit: Applying CVar settings loaded from the selected device profile: [Windows]
[2017.12.27-20.31.15:872][  0]LogInit: Computer: ASUS
[2017.12.27-20.31.15:872][  0]LogInit: User: Pavel
[2017.12.27-20.31.15:872][  0]LogInit: CPU Page size=4096, Cores=4
[2017.12.27-20.31.15:872][  0]LogInit: High frequency timer resolution =3.125026 MHz
[2017.12.27-20.31.15:873][  0]LogMemory: Memory total: Physical=11.9GB (12GB approx)
[2017.12.27-20.31.15:873][  0]LogMemory: Platform Memory Stats for Windows
[2017.12.27-20.31.15:873][  0]LogMemory: Process Physical Memory: 272.93 MB used, 272.93 MB peak
[2017.12.27-20.31.15:873][  0]LogMemory: Process Virtual Memory: 269.48 MB used, 269.48 MB peak
[2017.12.27-20.31.15:873][  0]LogMemory: Physical Memory: 7137.08 MB used,  5084.39 MB free, 12221.47 MB total
[2017.12.27-20.31.15:873][  0]LogMemory: Virtual Memory: 643.44 MB used,  5084.39 MB free, 134217728.00 MB total
[2017.12.27-20.31.16:065][  0]LogInit: Using OS detected language (en-US).
[2017.12.27-20.31.16:065][  0]LogInit: Using OS detected locale (ru-RU).
[2017.12.27-20.31.16:194][  0]LogTextLocalizationManager: No specific localization for 'en-US' exists, so the 'en' localization will be used.
[2017.12.27-20.31.16:194][  0]LogTextLocalizationManager: No localization for 'ru-RU' exists, so 'en-US' will be used for the locale.
[2017.12.27-20.31.16:700][  0]LogInit: Setting process to per monitor DPI aware
[2017.12.27-20.31.21:412][  0]LogD3D11RHI: D3D11 adapters:
[2017.12.27-20.31.21:471][  0]LogD3D11RHI:    0. 'NVIDIA GeForce GTX 750 Ti' (Feature Level 11_0)
[2017.12.27-20.31.21:471][  0]LogD3D11RHI:       2017/0/6110 MB DedicatedVideo/DedicatedSystem/SharedSystem, Outputs:1, VendorId:0x10de
[2017.12.27-20.31.21:472][  0]LogD3D11RHI:    1. 'Microsoft Basic Render Driver' (Feature Level 11_0)
[2017.12.27-20.31.21:472][  0]LogD3D11RHI:       0/0/6110 MB DedicatedVideo/DedicatedSystem/SharedSystem, Outputs:0, VendorId:0x1414
[2017.12.27-20.31.21:472][  0]LogD3D11RHI: Chosen D3D11 Adapter: 0
[2017.12.27-20.31.21:479][  0]LogD3D11RHI: Creating new Direct3DDevice
[2017.12.27-20.31.21:479][  0]LogD3D11RHI:     GPU DeviceId: 0x1380 (for the marketing name, search the web for "GPU Device Id")
[2017.12.27-20.31.21:479][  0]LogWindows: EnumDisplayDevices:
[2017.12.27-20.31.21:479][  0]LogWindows:    0. 'NVIDIA GeForce GTX 750 Ti' (P:1 D:1)
[2017.12.27-20.31.21:479][  0]LogWindows:    1. 'NVIDIA GeForce GTX 750 Ti' (P:0 D:0)
[2017.12.27-20.31.21:479][  0]LogWindows:    2. 'NVIDIA GeForce GTX 750 Ti' (P:0 D:0)
[2017.12.27-20.31.21:479][  0]LogWindows:    3. 'NVIDIA GeForce GTX 750 Ti' (P:0 D:0)
[2017.12.27-20.31.21:480][  0]LogWindows: DebugString: FoundDriverCount:4 
[2017.12.27-20.31.21:480][  0]LogD3D11RHI:     Adapter Name: NVIDIA GeForce GTX 750 Ti
[2017.12.27-20.31.21:480][  0]LogD3D11RHI:   Driver Version: 388.13 (internal:23.21.13.8813, unified:388.13)
[2017.12.27-20.31.21:480][  0]LogD3D11RHI:      Driver Date: 10-27-2017
[2017.12.27-20.31.21:480][  0]LogRHI: Texture pool is 1412 MB (70% of 2017 MB)
[2017.12.27-20.31.21:520][  0]LogD3D11RHI: Async texture creation enabled
[2017.12.27-20.31.21:530][  0]LogD3D11RHI: GPU Timing Frequency: 1000.000000 (Debug: 2 1)
[2017.12.27-20.31.21:532][  0]LogShaderCompilers: Guid format shader working directory is -6 characters bigger than the processId version (../../../../../../Documents/GitHub/ResearchDisaster1/Intermediate/Shaders/WorkingDirectory/3252/).
[2017.12.27-20.31.21:532][  0]LogShaderCompilers: Cleaned the shader compiler working directory 'C:/Users/Павел/AppData/Local/Temp/UnrealShaderWorkingDir/0EE5028D4BDCF91EC96DDF936F178073/'.
[2017.12.27-20.31.21:532][  0]LogShaderCompilers: Display: Using Local Shader Compiler.
[2017.12.27-20.31.24:500][  0]LogTemp: Display: Loaded TP AllDesktopTargetPlatform
[2017.12.27-20.31.24:567][  0]LogTemp: Display: Loaded TP MacClientTargetPlatform
[2017.12.27-20.31.24:636][  0]LogTemp: Display: Loaded TP MacNoEditorTargetPlatform
[2017.12.27-20.31.24:710][  0]LogTemp: Display: Loaded TP MacServerTargetPlatform
[2017.12.27-20.31.24:798][  0]LogTemp: Display: Loaded TP MacTargetPlatform
[2017.12.27-20.31.24:869][  0]LogTemp: Display: Loaded TP WindowsClientTargetPlatform
[2017.12.27-20.31.24:942][  0]LogTemp: Display: Loaded TP WindowsNoEditorTargetPlatform
[2017.12.27-20.31.25:018][  0]LogTemp: Display: Loaded TP WindowsServerTargetPlatform
[2017.12.27-20.31.25:079][  0]LogTemp: Display: Loaded TP WindowsTargetPlatform
[2017.12.27-20.31.25:148][  0]LogTemp: Display: Loaded TP Android_ASTCTargetPlatform
[2017.12.27-20.31.25:220][  0]LogTemp: Display: Loaded TP Android_ATCTargetPlatform
[2017.12.27-20.31.25:285][  0]LogTemp: Display: Loaded TP Android_DXTTargetPlatform
[2017.12.27-20.31.25:353][  0]LogTemp: Display: Loaded TP Android_ETC1TargetPlatform
[2017.12.27-20.31.25:424][  0]LogTemp: Display: Loaded TP Android_ETC2TargetPlatform
[2017.12.27-20.31.25:558][  0]LogTemp: Display: Loaded TP Android_MultiTargetPlatform
[2017.12.27-20.31.25:558][  0]LogTemp: Display: Loaded TP Android_PVRTCTargetPlatform
[2017.12.27-20.31.25:687][  0]LogTemp: Display: Loaded TP AndroidTargetPlatform
[2017.12.27-20.31.25:741][  0]LogTemp: Display: Loaded TP HTML5TargetPlatform
[2017.12.27-20.31.25:939][  0]LogTemp: Display: Loaded TP IOSTargetPlatform
[2017.12.27-20.31.25:978][  0]LogTemp: Display: Loaded TP TVOSTargetPlatform
[2017.12.27-20.31.26:043][  0]LogTemp: Display: Loaded TP LinuxClientTargetPlatform
[2017.12.27-20.31.26:112][  0]LogTemp: Display: Loaded TP LinuxNoEditorTargetPlatform
[2017.12.27-20.31.26:181][  0]LogTemp: Display: Loaded TP LinuxServerTargetPlatform
[2017.12.27-20.31.26:272][  0]LogTemp: Display: Loaded TP LinuxTargetPlatform
[2017.12.27-20.31.26:272][  0]LogTargetPlatformManager: Display: Building Assets For Windows
[2017.12.27-20.31.26:880][  0]LogDerivedDataCache: Display: Max Cache Size: 512 MB
[2017.12.27-20.31.27:267][  0]LogDerivedDataCache: Loaded boot cache 0.39s 78MB C:/Users/Павел/AppData/Local/UnrealEngine/4.18/DerivedDataCache/Boot.ddc.
[2017.12.27-20.31.27:268][  0]LogDerivedDataCache: Display: Loaded Boot cache: C:/Users/Павел/AppData/Local/UnrealEngine/4.18/DerivedDataCache/Boot.ddc
[2017.12.27-20.31.27:268][  0]LogDerivedDataCache: FDerivedDataBackendGraph:  Pak pak cache file ../../../../../../Documents/GitHub/ResearchDisaster1/DerivedDataCache/DDC.ddp not found, will not use a pak cache.
[2017.12.27-20.31.27:268][  0]LogDerivedDataCache: Unable to find inner node Pak for hierarchical cache Hierarchy.
[2017.12.27-20.31.27:268][  0]LogDerivedDataCache: FDerivedDataBackendGraph:  CompressedPak pak cache file ../../../../../../Documents/GitHub/ResearchDisaster1/DerivedDataCache/Compressed.ddp not found, will not use a pak cache.
[2017.12.27-20.31.27:268][  0]LogDerivedDataCache: Unable to find inner node CompressedPak for hierarchical cache Hierarchy.
[2017.12.27-20.31.27:285][  0]LogDerivedDataCache: Display: Pak cache opened for reading ../../../Engine/DerivedDataCache/Compressed.ddp.
[2017.12.27-20.31.27:297][  0]LogDerivedDataCache: Using Local data cache path C:/Users/Павел/AppData/Local/UnrealEngine/Common/DerivedDataCache: Writable
[2017.12.27-20.31.27:309][  0]LogMaterial: Verifying Global Shaders for PCD3D_SM5
[2017.12.27-20.31.27:310][  0]LogSlate: Using Freetype 2.6.0
[2017.12.27-20.31.27:337][  0]LogSlate: SlateFontCache - WITH_FREETYPE: 1, WITH_HARFBUZZ: 1
[2017.12.27-20.31.27:337][  0]LogSlate: SlateFontCache - WITH_FREETYPE: 1, WITH_HARFBUZZ: 1
[2017.12.27-20.31.28:774][  0]LogInit: Selected Device Profile: [Windows]
[2017.12.27-20.31.29:200][  0]LogSimplygon: Simplygon DLL not present - disabling.
[2017.12.27-20.31.29:255][  0]LogMeshReduction: Using SimplygonSwarm for distributed automatic mesh merging
[2017.12.27-20.31.29:255][  0]LogMeshReduction: Using QuadricMeshReduction for automatic static mesh reduction
[2017.12.27-20.31.29:255][  0]LogMeshReduction: No automatic skeletal mesh reduction module available
[2017.12.27-20.31.29:255][  0]LogMeshReduction: No automatic mesh merging module available
[2017.12.27-20.31.29:255][  0]LogMeshMerging: No automatic mesh merging module available
[2017.12.27-20.31.29:288][  0]LogNetVersion: RNDYOUFUCK , NetCL: 3709383, EngineNetVer: 2, GameNetVer: 0 (Checksum: 762423528)
[2017.12.27-20.31.29:484][  0]LogAssetRegistry: FAssetRegistry took 0.0282 seconds to start up
[2017.12.27-20.31.30:115][  0]LogPackageLocalizationCache: Processed 7 localized package path(s) for 2 prioritized culture(s) in 0.095952 seconds
[2017.12.27-20.31.30:121][  0]LogUObjectArray: 35900 objects as part of root set at end of initial load.
[2017.12.27-20.31.30:121][  0]LogUObjectAllocator: 7372016 out of 0 bytes used by permanent object pool.
[2017.12.27-20.31.30:121][  0]LogUObjectArray: CloseDisregardForGC: 0/0 objects in disregard for GC pool
[2017.12.27-20.31.30:202][  0]LogInit: WinSock: version 1.1 (2.2), MaxSocks=32767, MaxUdp=65467
[2017.12.27-20.31.49:551][  0]LogTcpMessaging: Initializing TcpMessaging bridge
[2017.12.27-20.31.49:606][  0]LogUdpMessaging: Initializing bridge on interface 0.0.0.0:0 to multicast group 230.0.0.1:6666.
[2017.12.27-20.31.50:731][  0]LogMaterial: Uniform references updated for custom material expression Custom.
[2017.12.27-20.31.51:280][  0]SourceControl: Source control is disabled
[2017.12.27-20.31.51:280][  0]SourceControl: Source control is disabled
[2017.12.27-20.31.51:352][  0]SourceControl: Source control is disabled
[2017.12.27-20.31.51:427][  0]SourceControl: Source control is disabled
[2017.12.27-20.31.52:677][  0]LogAndroidPermission: UAndroidPermissionCallbackProxy::GetInstance
[2017.12.27-20.31.53:027][  0]LogOcInput: OculusInput pre-init called
[2017.12.27-20.31.53:436][  0]LogEngine: Initializing Engine...
[2017.12.27-20.31.53:440][  0]LogHMD: Failed to initialize OpenVR with code 105
[2017.12.27-20.31.53:692][  0]LogStats: UGameplayTagsManager::ConstructGameplayTagTree: Construct from data asset -  0.000 s
[2017.12.27-20.31.53:692][  0]LogStats: UGameplayTagsManager::ConstructGameplayTagTree: GameplayTagTreeChangedEvent.Broadcast -  0.000 s
[2017.12.27-20.31.53:859][  0]LogAIModule: Creating AISystem for world Untitled
[2017.12.27-20.31.53:867][  0]LogInit: XAudio2 using 'Динамики (VIA HD Audio(Win 10))' : 2 channels at 48 kHz using 32 bits per sample (channel mask 0x3)
[2017.12.27-20.31.53:882][  0]LogInit: FAudioDevice initialized.
[2017.12.27-20.31.54:043][  0]LogDerivedDataCache: Saved boot cache 0.16s 78MB C:/Users/Павел/AppData/Local/UnrealEngine/4.18/DerivedDataCache/Boot.ddc.
[2017.12.27-20.31.54:062][  0]LogInit: Texture streaming: Enabled
[2017.12.27-20.31.54:220][  0]LogEngineSessionManager: EngineSessionManager initialized
[2017.12.27-20.31.54:221][  0]LogEngineSessionManager: EngineSessionManager sent abnormal shutdown report. Type=AbnormalShutdown, SessionId={25FA6337-4457-1745-EA95-5A93BDDD63F4}
[2017.12.27-20.31.54:410][  0]LogInit: Transaction tracking system initialized
[2017.12.27-20.31.54:837][  0]BlueprintLog: New page: Editor Load
[2017.12.27-20.31.56:021][  0]LocalizationService: Localization service is disabled
[2017.12.27-20.31.57:081][  0]LogConsoleResponse: Display: 
[2017.12.27-20.31.58:014][  0]LogCook: Display: Max memory allowance for cook 16384mb min free memory 0mb
[2017.12.27-20.31.58:015][  0]LogCook: Display: Mobile HDR setting 1
[2017.12.27-20.31.58:015][  0]LogGameplayTags: Display: UGameplayTagsManager::DoneAddingNativeTags. DelegateIsBound: 0
[2017.12.27-20.31.59:020][  0]LogFileCache: Scanning file cache for directory 'C:/Documents/GitHub/ResearchDisaster1/Content/' took 0.02s
[2017.12.27-20.32.00:172][  0]SourceControl: Source control is disabled
[2017.12.27-20.32.00:269][  0]LogSlate: Took 0.000189 seconds to synchronously load lazily loaded font '../../../Engine/Content/Slate/Fonts/Roboto-Regular.ttf' (155K)
[2017.12.27-20.32.35:686][  0]LogWindowsTextInputMethodSystem: Display: IME system now deactivated.
[2017.12.27-20.32.35:686][  0]LogWindowsTextInputMethodSystem: Display: IME system now deactivated.
[2017.12.27-20.32.35:727][  0]LogWindowsTextInputMethodSystem: Display: IME system now deactivated.
[2017.12.27-20.32.35:727][  0]LogWindowsTextInputMethodSystem: Display: IME system now deactivated.
[2017.12.27-20.32.38:296][  0]LogWindowsTextInputMethodSystem: Display: IME system now deactivated.
[2017.12.27-20.32.38:296][  0]LogWindowsTextInputMethodSystem: Display: IME system now deactivated.
[2017.12.27-20.32.38:717][  0]LogWindowsTextInputMethodSystem: Display: IME system now deactivated.
[2017.12.27-20.32.38:717][  0]LogWindowsTextInputMethodSystem: Display: IME system now deactivated.
[2017.12.27-20.32.38:717][  0]Cmd: MAP LOAD FILE="../../../../../../Documents/GitHub/ResearchDisaster1/Content/ThirdPersonBP/Maps/ThirdPersonExampleMap.umap" TEMPLATE=0 SHOWPROGRESS=1 FEATURELEVEL=3
[2017.12.27-20.32.38:718][  0]LogEditorServer: Warning: Can't find file '../../../../../../Documents/GitHub/ResearchDisaster1/Content/ThirdPersonBP/Maps/ThirdPersonExampleMap.umap'
[2017.12.27-20.32.38:718][  0]Cmd: MAP CHECKDEP NOCLEARLOG
[2017.12.27-20.32.38:780][  0]MapCheck: Map check complete: 0 Error(s), 0 Warning(s), took 61.567ms to complete.
[2017.12.27-20.32.38:780][  0]LogFileHelpers: Loading map 'ThirdPersonExampleMap' took 0.062
[2017.12.27-20.32.39:065][  0]LogStats: Warning: MetaData mismatch. Did you assign a stat to two groups? New //STATGROUP_Threads//SplashScreenThread///Thread_3734_0///####STATCAT_Advanced#### old //STATGROUP_Threads//SplashScreenThread///Thread_ac8_0///####STATCAT_Advanced####
[2017.12.27-20.32.39:065][  0]LogCollectionManager: Loaded 0 collections in 0.002160 seconds
[2017.12.27-20.32.39:171][  0]LogFileCache: Scanning file cache for directory 'C:/Documents/GitHub/ResearchDisaster1/Saved/Collections/' took 0.01s
[2017.12.27-20.32.39:171][  0]LogFileCache: Scanning file cache for directory 'C:/Documents/GitHub/ResearchDisaster1/Content/Developers/Pavel/Collections/' took 0.01s
[2017.12.27-20.32.39:171][  0]LogFileCache: Scanning file cache for directory 'C:/Documents/GitHub/ResearchDisaster1/Content/Collections/' took 0.01s
[2017.12.27-20.32.39:171][  0]LogCollectionManager: Rebuilt the GUID cache for 0 collections in 0.000000 seconds
[2017.12.27-20.32.39:182][  0]LogContentBrowser: Native class hierarchy populated in 0.0114 seconds. Added 2363 classes and 519 folders.
[2017.12.27-20.32.39:280][  0]LogContentBrowser: Native class hierarchy updated for 'WidgetCarousel' in 0.0003 seconds. Added 0 classes and 0 folders.
[2017.12.27-20.32.40:013][  0]LogContentBrowser: Native class hierarchy updated for 'AddContentDialog' in 0.0003 seconds. Added 0 classes and 0 folders.
[2017.12.27-20.32.40:129][  0]LogContentBrowser: Native class hierarchy updated for 'SceneOutliner' in 0.0003 seconds. Added 1 classes and 2 folders.
[2017.12.27-20.32.40:138][  0]LogSlate: Took 0.000225 seconds to synchronously load lazily loaded font '../../../Engine/Content/Slate/Fonts/Roboto-Bold.ttf' (160K)
[2017.12.27-20.32.40:175][  0]LogSlate: Took 0.031568 seconds to synchronously load lazily loaded font '../../../Engine/Content/Editor/Slate/Fonts/FontAwesome.ttf' (139K)
[2017.12.27-20.32.40:337][  0]LogRenderer: Reallocating scene render targets to support 1208x724 Format 10 NumSamples 1 (Frame:1).
[2017.12.27-20.32.40:644][  0]LogContentBrowser: Native class hierarchy updated for 'HierarchicalLODOutliner' in 0.0003 seconds. Added 1 classes and 2 folders.
[2017.12.27-20.32.40:644][  0]LogLoad: (Engine Initialization) Total time: 89.71 seconds
[2017.12.27-20.32.40:644][  0]LogLoad: (Engine Initialization) Total Blueprint compile time: 0.00 seconds
[2017.12.27-20.32.40:644][  0]LogExternalProfiler: Found external profiler: VSPerf
[2017.12.27-20.32.40:644][  0]LogExternalProfiler: Using external profiler: VSPerf
[2017.12.27-20.32.41:002][  0]LogContentStreaming: Texture pool size now 1000 MB
[2017.12.27-20.32.41:328][  1]LogAssetRegistry: Asset discovery search completed in 71.8665 seconds
[2017.12.27-20.32.41:330][  1]LogCollectionManager: Rebuilt the object cache for 0 collections in 0.000001 seconds (found 0 objects)
[2017.12.27-20.32.41:330][  1]LogCollectionManager: Fixed up redirectors for 0 collections in 0.000042 seconds (updated 0 objects)
[2017.12.27-20.33.07:056][391]LogSlate: Took 0.000199 seconds to synchronously load lazily loaded font '../../../Engine/Content/Slate/Fonts/Roboto-Light.ttf' (159K)
[2017.12.27-20.33.07:401][391]LogAIModule: Creating AISystem for world B1
[2017.12.27-20.33.07:437][391]Cmd: MAP LOAD FILE="../../../../../../Documents/GitHub/ResearchDisaster1/Content/B1.umap" TEMPLATE=0 SHOWPROGRESS=1 FEATURELEVEL=3
[2017.12.27-20.33.07:437][391]LightingResults: New page: Lighting Build
[2017.12.27-20.33.07:497][391]LogContentBrowser: Native class hierarchy updated for 'StatsViewer' in 0.0003 seconds. Added 5 classes and 0 folders.
[2017.12.27-20.33.07:498][391]LoadErrors: New page: Loading map: B1.umap
[2017.12.27-20.33.07:499][391]MapCheck: New page: Map Check
[2017.12.27-20.33.07:499][391]LightingResults: New page: Lighting Build
[2017.12.27-20.33.07:582][391]LogEditorServer: Finished looking for orphan Actors (0.000 secs)
[2017.12.27-20.33.07:625][391]Cmd: MAP CHECKDEP NOCLEARLOG
[2017.12.27-20.33.07:688][391]MapCheck: Map check complete: 0 Error(s), 0 Warning(s), took 62.747ms to complete.
[2017.12.27-20.33.07:688][391]LogFileHelpers: Loading map 'B1' took 0.253
[2017.12.27-20.33.28:825][636]LogEditorViewport: Clicking on Actor (LMB): Brush (Box Brush106)
[2017.12.27-20.33.54:630][512]Cmd: DELETE
[2017.12.27-20.33.54:630][512]Cmd: ACTOR DELETE
[2017.12.27-20.33.54:642][512]LogEditorActor: Deleted Actor: Brush
[2017.12.27-20.33.54:783][512]LogEditorActor: Deleted 1 Actors (0.153 secs)
[2017.12.27-20.33.59:192][909]Cmd: TRANSACTION UNDO
[2017.12.27-20.33.59:192][909]LogEditorTransaction: Undo Move Actors
[2017.12.27-20.33.59:241][909]LogActorComponent: ~FComponentReregisterContext: (/Game/B1.B1:PersistentLevel.BoxBrush70.BrushComponent0) Component already registered.
[2017.12.27-20.33.59:408][909]LogSlate: Took 0.000168 seconds to synchronously load lazily loaded font '../../../Engine/Content/Slate/Fonts/Roboto-Light.ttf' (159K)
[2017.12.27-20.34.06:884][558]Cmd: DELETE
[2017.12.27-20.34.06:884][558]Cmd: ACTOR DELETE
[2017.12.27-20.34.06:902][558]LogEditorActor: Deleted Actor: Brush
[2017.12.27-20.34.07:058][558]LogEditorActor: Deleted 1 Actors (0.174 secs)
[2017.12.27-20.34.59:895][986]LogWindowsTextInputMethodSystem: Display: IME system now deactivated.
[2017.12.27-20.34.59:895][986]LogWindowsTextInputMethodSystem: Display: IME system now deactivated.
[2017.12.27-20.35.10:402][941]Cmd: TRANSACTION UNDO
[2017.12.27-20.35.10:402][941]LogEditorTransaction: Undo Scale Actors
[2017.12.27-20.35.10:429][941]LogActorComponent: ~FComponentReregisterContext: (/Game/B1.B1:PersistentLevel.BoxBrush39.BrushComponent0) Component already registered.
[2017.12.27-20.35.10:446][941]LogActorComponent: ~FComponentReregisterContext: (/Game/B1.B1:PersistentLevel.BoxBrush7.BrushComponent0) Component already registered.
[2017.12.27-20.35.10:447][941]LogActorComponent: ~FComponentReregisterContext: (/Game/B1.B1:PersistentLevel.LinearStairBrush2.BrushComponent0) Component already registered.
[2017.12.27-20.35.10:449][941]LogActorComponent: ~FComponentReregisterContext: (/Game/B1.B1:PersistentLevel.BoxBrush101.BrushComponent0) Component already registered.
[2017.12.27-20.35.10:451][941]LogActorComponent: ~FComponentReregisterContext: (/Game/B1.B1:PersistentLevel.BoxBrush81.BrushComponent0) Component already registered.
[2017.12.27-20.35.10:452][941]LogActorComponent: ~FComponentReregisterContext: (/Game/B1.B1:PersistentLevel.BoxBrush76.BrushComponent0) Component already registered.
[2017.12.27-20.35.13:954][265]Cmd: TRANSACTION UNDO
[2017.12.27-20.35.13:954][265]LogEditorTransaction: Undo Edit Y
[2017.12.27-20.35.13:981][265]LogActorComponent: ~FComponentReregisterContext: (/Game/B1.B1:PersistentLevel.BoxBrush39.BrushComponent0) Component already registered.
[2017.12.27-20.35.13:982][265]LogActorComponent: ~FComponentReregisterContext: (/Game/B1.B1:PersistentLevel.BoxBrush34.BrushComponent0) Component already registered.
[2017.12.27-20.35.13:984][265]LogActorComponent: ~FComponentReregisterContext: (/Game/B1.B1:PersistentLevel.BoxBrush2.BrushComponent0) Component already registered.
[2017.12.27-20.35.14:003][265]LogActorComponent: ~FComponentReregisterContext: (/Game/B1.B1:PersistentLevel.BoxBrush101.BrushComponent0) Component already registered.
[2017.12.27-20.35.14:005][265]LogActorComponent: ~FComponentReregisterContext: (/Game/B1.B1:PersistentLevel.BoxBrush81.BrushComponent0) Component already registered.
[2017.12.27-20.35.14:007][265]LogActorComponent: ~FComponentReregisterContext: (/Game/B1.B1:PersistentLevel.BoxBrush76.BrushComponent0) Component already registered.
[2017.12.27-20.35.16:359][486]Cmd: TRANSACTION UNDO
[2017.12.27-20.35.16:359][486]LogEditorTransaction: Undo Edit X
[2017.12.27-20.35.16:385][486]LogActorComponent: ~FComponentReregisterContext: (/Game/B1.B1:PersistentLevel.BoxBrush39.BrushComponent0) Component already registered.
[2017.12.27-20.35.16:386][486]LogActorComponent: ~FComponentReregisterContext: (/Game/B1.B1:PersistentLevel.BoxBrush34.BrushComponent0) Component already registered.
[2017.12.27-20.35.16:388][486]LogActorComponent: ~FComponentReregisterContext: (/Game/B1.B1:PersistentLevel.BoxBrush2.BrushComponent0) Component already registered.
[2017.12.27-20.35.16:405][486]LogActorComponent: ~FComponentReregisterContext: (/Game/B1.B1:PersistentLevel.BoxBrush101.BrushComponent0) Component already registered.
[2017.12.27-20.35.16:408][486]LogActorComponent: ~FComponentReregisterContext: (/Game/B1.B1:PersistentLevel.BoxBrush81.BrushComponent0) Component already registered.
[2017.12.27-20.35.16:409][486]LogActorComponent: ~FComponentReregisterContext: (/Game/B1.B1:PersistentLevel.BoxBrush76.BrushComponent0) Component already registered.
[2017.12.27-20.35.36:401][439]Cmd: TRANSACTION UNDO
[2017.12.27-20.35.36:401][439]LogEditorTransaction: Undo Move Actors
[2017.12.27-20.35.36:427][439]LogActorComponent: ~FComponentReregisterContext: (/Game/B1.B1:PersistentLevel.BoxBrush39.BrushComponent0) Component already registered.
[2017.12.27-20.35.36:444][439]LogActorComponent: ~FComponentReregisterContext: (/Game/B1.B1:PersistentLevel.BoxBrush7.BrushComponent0) Component already registered.
[2017.12.27-20.35.36:446][439]LogActorComponent: ~FComponentReregisterContext: (/Game/B1.B1:PersistentLevel.LinearStairBrush2.BrushComponent0) Component already registered.
[2017.12.27-20.35.36:447][439]LogActorComponent: ~FComponentReregisterContext: (/Game/B1.B1:PersistentLevel.BoxBrush101.BrushComponent0) Component already registered.
[2017.12.27-20.35.36:450][439]LogActorComponent: ~FComponentReregisterContext: (/Game/B1.B1:PersistentLevel.BoxBrush81.BrushComponent0) Component already registered.
[2017.12.27-20.35.36:451][439]LogActorComponent: ~FComponentReregisterContext: (/Game/B1.B1:PersistentLevel.BoxBrush76.BrushComponent0) Component already registered.
[2017.12.27-20.35.59:871][454]LogWindowsTextInputMethodSystem: Display: IME system now deactivated.
[2017.12.27-20.35.59:871][454]LogWindowsTextInputMethodSystem: Display: IME system now deactivated.
[2017.12.27-20.36.04:361][855]LogActorFactory: Actor Factory created Cylinder
[2017.12.27-20.36.05:634][957]LogActorFactory: Actor Factory created Cylinder
[2017.12.27-20.36.06:033][992]Cmd: TRANSACTION UNDO
[2017.12.27-20.36.06:033][992]LogEditorTransaction: Undo Create Actors
[2017.12.27-20.36.09:226][260]Cmd: BRUSH ADD SELECTNEWBRUSH
[2017.12.27-20.36.36:228][802]Cmd: OBJ SAVEPACKAGE PACKAGE="/Game/B1" FILE="../../../../../../Documents/GitHub/ResearchDisaster1/Content/B1.umap" SILENT=true AUTOSAVING=false KEEPDIRTY=false
[2017.12.27-20.36.37:048][802]LogSavePackage: Save=761.97ms
[2017.12.27-20.36.37:048][802]LogSavePackage: Moving '../../../../../../Documents/GitHub/ResearchDisaster1/Saved/B13FE1DDA3461619A0E26F938D9A0B16A2.tmp' to '../../../../../../Documents/GitHub/ResearchDisaster1/Content/B1.umap'
[2017.12.27-20.36.37:068][802]LogSavePackage: Display: Finished SavePackage ../../../../../../Documents/GitHub/ResearchDisaster1/Content/B1.umap
[2017.12.27-20.38.06:976][439]Cmd: BRUSH ADD SELECTNEWBRUSH
[2017.12.27-20.38.42:426][148]LogFileManager: Error: Error writing to file: C:/Users/Павел/AppData/Local/UnrealEngine/Common/DerivedDataCache/0/8/5/temp.E1F15E2A421F50A844A06785F57B9C70 (There is not enough space on the disk.)
[2017.12.27-20.38.42:451][151]LogDerivedDataCache: Warning: FFileSystemDerivedDataBackend: Temp file is short C:/Users/Павел/AppData/Local/UnrealEngine/Common/DerivedDataCache/0/8/5/temp.E1F15E2A421F50A844A06785F57B9C70!
[2017.12.27-20.38.42:451][151]LogFileManager: Error: Error writing to file: C:/Users/Павел/AppData/Local/UnrealEngine/Common/DerivedDataCache/3/6/9/temp.6E8B8F934ECECA52AA49E2BC0E1C8C91 (There is not enough space on the disk.)
[2017.12.27-20.38.42:451][151]LogDerivedDataCache: Warning: FFileSystemDerivedDataBackend: Temp file is short C:/Users/Павел/AppData/Local/UnrealEngine/Common/DerivedDataCache/3/6/9/temp.6E8B8F934ECECA52AA49E2BC0E1C8C91!
[2017.12.27-20.38.42:451][151]LogFileManager: Error: Error writing to file: C:/Users/Павел/AppData/Local/UnrealEngine/Common/DerivedDataCache/0/8/5/temp.75B2438E47C76A4EB1C829ABF2DBBBC3 (There is not enough space on the disk.)
[2017.12.27-20.38.42:451][151]LogDerivedDataCache: Warning: FFileSystemDerivedDataBackend: Temp file is short C:/Users/Павел/AppData/Local/UnrealEngine/Common/DerivedDataCache/0/8/5/temp.75B2438E47C76A4EB1C829ABF2DBBBC3!
[2017.12.27-20.38.42:451][151]LogDerivedDataCache: Warning: FDerivedDataBackendAsyncPutWrapper: Put failed, keeping in memory copy PhysX_3B0AB674B19F4A698B28F7025C031EA2_PhysXPC_B13980B942E568D745582AB1C4EF2389__1_0_0_0_3_13315_0.
[2017.12.27-20.38.42:451][151]LogFileManager: Error: Error writing to file: C:/Users/Павел/AppData/Local/UnrealEngine/Common/DerivedDataCache/3/6/9/temp.A7F2BBC94A4EBCBC7F739992E0A1E292 (There is not enough space on the disk.)
[2017.12.27-20.38.42:451][151]LogDerivedDataCache: Warning: FFileSystemDerivedDataBackend: Temp file is short C:/Users/Павел/AppData/Local/UnrealEngine/Common/DerivedDataCache/3/6/9/temp.A7F2BBC94A4EBCBC7F739992E0A1E292!
[2017.12.27-20.38.42:451][151]LogFileManager: Error: Error writing to file: C:/Users/Павел/AppData/Local/UnrealEngine/Common/DerivedDataCache/3/1/0/temp.0789561E43B94BC97AA5DBA36FAC6406 (There is not enough space on the disk.)
[2017.12.27-20.38.42:451][151]LogDerivedDataCache: Warning: FFileSystemDerivedDataBackend: Temp file is short C:/Users/Павел/AppData/Local/UnrealEngine/Common/DerivedDataCache/3/1/0/temp.0789561E43B94BC97AA5DBA36FAC6406!
[2017.12.27-20.38.42:451][151]LogDerivedDataCache: Warning: FDerivedDataBackendAsyncPutWrapper: Put failed, keeping in memory copy PhysX_3B0AB674B19F4A698B28F7025C031EA2_PhysXPC_D4536FA34260838B228E9888F542B3AD__1_0_0_0_3_13315_0.
[2017.12.27-20.38.42:451][151]LogFileManager: Error: Error writing to file: C:/Users/Павел/AppData/Local/UnrealEngine/Common/DerivedDataCache/4/8/6/temp.C39BF565412D746C030725B9ABDD842D (There is not enough space on the disk.)
[2017.12.27-20.38.42:451][151]LogFileManager: Error: Error writing to file: C:/Users/Павел/AppData/Local/UnrealEngine/Common/DerivedDataCache/3/1/0/temp.46A8AD5C45AAE3615CA1BA993C910343 (There is not enough space on the disk.)
[2017.12.27-20.38.42:451][151]LogDerivedDataCache: Warning: FFileSystemDerivedDataBackend: Temp file is short C:/Users/Павел/AppData/Local/UnrealEngine/Common/DerivedDataCache/4/8/6/temp.C39BF565412D746C030725B9ABDD842D!
[2017.12.27-20.38.42:451][151]LogDerivedDataCache: Warning: FFileSystemDerivedDataBackend: Temp file is short C:/Users/Павел/AppData/Local/UnrealEngine/Common/DerivedDataCache/3/1/0/temp.46A8AD5C45AAE3615CA1BA993C910343!
[2017.12.27-20.38.42:451][151]LogFileManager: Error: Error writing to file: C:/Users/Павел/AppData/Local/UnrealEngine/Common/DerivedDataCache/2/0/6/temp.DC0C31CE469513F7E4DBE6A2B4D4CF77 (There is not enough space on the disk.)
[2017.12.27-20.38.42:464][152]LogDerivedDataCache: Warning: FFileSystemDerivedDataBackend: Temp file is short C:/Users/Павел/AppData/Local/UnrealEngine/Common/DerivedDataCache/2/0/6/temp.DC0C31CE469513F7E4DBE6A2B4D4CF77!
[2017.12.27-20.38.42:464][152]LogDerivedDataCache: Warning: FDerivedDataBackendAsyncPutWrapper: Put failed, keeping in memory copy PhysX_3B0AB674B19F4A698B28F7025C031EA2_PhysXPC_5FD125984A4D4245507D1483286DD9BA__1_0_0_0_3_13315_0.
[2017.12.27-20.38.42:464][152]LogFileManager: Error: Error writing to file: C:/Users/Павел/AppData/Local/UnrealEngine/Common/DerivedDataCache/4/8/6/temp.567FAC7E4A557B735E7F12AA9138ED11 (There is not enough space on the disk.)
[2017.12.27-20.38.42:464][152]LogFileManager: Error: Error writing to file: C:/Users/Павел/AppData/Local/UnrealEngine/Common/DerivedDataCache/2/0/6/temp.559CA3924493BD5424F0E187781B2B0D (There is not enough space on the disk.)
[2017.12.27-20.38.42:464][152]LogDerivedDataCache: Warning: FFileSystemDerivedDataBackend: Temp file is short C:/Users/Павел/AppData/Local/UnrealEngine/Common/DerivedDataCache/4/8/6/temp.567FAC7E4A557B735E7F12AA9138ED11!
[2017.12.27-20.38.42:464][152]LogDerivedDataCache: Warning: FFileSystemDerivedDataBackend: Temp file is short C:/Users/Павел/AppData/Local/UnrealEngine/Common/DerivedDataCache/2/0/6/temp.559CA3924493BD5424F0E187781B2B0D!
[2017.12.27-20.38.42:464][152]LogFileManager: Error: Error writing to file: C:/Users/Павел/AppData/Local/UnrealEngine/Common/DerivedDataCache/8/4/1/temp.BD86420B4426C088CDC1E3AA3FBFE400 (There is not enough space on the disk.)
[2017.12.27-20.38.42:464][152]LogDerivedDataCache: Warning: FFileSystemDerivedDataBackend: Temp file is short C:/Users/Павел/AppData/Local/UnrealEngine/Common/DerivedDataCache/8/4/1/temp.BD86420B4426C088CDC1E3AA3FBFE400!
[2017.12.27-20.38.42:465][152]LogDerivedDataCache: Warning: FDerivedDataBackendAsyncPutWrapper: Put failed, keeping in memory copy PhysX_3B0AB674B19F4A698B28F7025C031EA2_PhysXPC_4F386A5A482A066967E8DC898A44465E__1_0_0_0_3_13315_0.
[2017.12.27-20.38.42:465][152]LogDerivedDataCache: Warning: FDerivedDataBackendAsyncPutWrapper: Put failed, keeping in memory copy PhysX_3B0AB674B19F4A698B28F7025C031EA2_PhysXPC_024B9B324B2821223340EBBB360B8D55__1_0_0_0_3_13315_0.
[2017.12.27-20.38.42:465][152]LogFileManager: Error: Error writing to file: C:/Users/Павел/AppData/Local/UnrealEngine/Common/DerivedDataCache/8/4/1/temp.A58103704B55458695176A97BA258995 (There is not enough space on the disk.)
[2017.12.27-20.38.42:465][152]LogFileManager: Error: Error writing to file: C:/Users/Павел/AppData/Local/UnrealEngine/Common/DerivedDataCache/7/9/7/temp.74C17C3A41E149D128ECC3827AAF99A0 (There is not enough space on the disk.)
[2017.12.27-20.38.42:465][152]LogDerivedDataCache: Warning: FFileSystemDerivedDataBackend: Temp file is short C:/Users/Павел/AppData/Local/UnrealEngine/Common/DerivedDataCache/8/4/1/temp.A58103704B55458695176A97BA258995!
[2017.12.27-20.38.42:465][152]LogDerivedDataCache: Warning: FFileSystemDerivedDataBackend: Temp file is short C:/Users/Павел/AppData/Local/UnrealEngine/Common/DerivedDataCache/7/9/7/temp.74C17C3A41E149D128ECC3827AAF99A0!
[2017.12.27-20.38.42:465][152]LogDerivedDataCache: Warning: FDerivedDataBackendAsyncPutWrapper: Put failed, keeping in memory copy PhysX_3B0AB674B19F4A698B28F7025C031EA2_PhysXPC_1628323E443ED91D47E3E790FB21935F__1_0_0_0_3_13315_0.
[2017.12.27-20.38.42:465][152]LogFileManager: Error: Error writing to file: C:/Users/Павел/AppData/Local/UnrealEngine/Common/DerivedDataCache/8/4/6/temp.87A9B6024B0AE97BEB780EB4A4B046DF (There is not enough space on the disk.)
[2017.12.27-20.38.42:465][152]LogDerivedDataCache: Warning: FFileSystemDerivedDataBackend: Temp file is short C:/Users/Павел/AppData/Local/UnrealEngine/Common/DerivedDataCache/8/4/6/temp.87A9B6024B0AE97BEB780EB4A4B046DF!
[2017.12.27-20.38.42:465][152]LogFileManager: Error: Error writing to file: C:/Users/Павел/AppData/Local/UnrealEngine/Common/DerivedDataCache/7/9/7/temp.789322764F32161F9650BE9E146C5363 (There is not enough space on the disk.)
[2017.12.27-20.38.42:465][152]LogDerivedDataCache: Warning: FFileSystemDerivedDataBackend: Temp file is short C:/Users/Павел/AppData/Local/UnrealEngine/Common/DerivedDataCache/7/9/7/temp.789322764F32161F9650BE9E146C5363!
[2017.12.27-20.38.42:465][152]LogFileManager: Error: Error writing to file: C:/Users/Павел/AppData/Local/UnrealEngine/Common/DerivedDataCache/0/7/0/temp.A53C89CD498BC09454FFBF991903C260 (There is not enough space on the disk.)
[2017.12.27-20.38.42:465][152]LogDerivedDataCache: Warning: FFileSystemDerivedDataBackend: Temp file is short C:/Users/Павел/AppData/Local/UnrealEngine/Common/DerivedDataCache/0/7/0/temp.A53C89CD498BC09454FFBF991903C260!
[2017.12.27-20.38.42:465][152]LogDerivedDataCache: Warning: FDerivedDataBackendAsyncPutWrapper: Put failed, keeping in memory copy PhysX_3B0AB674B19F4A698B28F7025C031EA2_PhysXPC_F16783D643A248B4C3E797B4FA658A65__1_0_0_0_3_13315_0.
[2017.12.27-20.38.42:465][152]LogFileManager: Error: Error writing to file: C:/Users/Павел/AppData/Local/UnrealEngine/Common/DerivedDataCache/8/4/6/temp.3E9CDB184CB87336D47C91831964A19E (There is not enough space on the disk.)
[2017.12.27-20.38.42:465][152]LogDerivedDataCache: Warning: FFileSystemDerivedDataBackend: Temp file is short C:/Users/Павел/AppData/Local/UnrealEngine/Common/DerivedDataCache/8/4/6/temp.3E9CDB184CB87336D47C91831964A19E!
[2017.12.27-20.38.42:465][152]LogDerivedDataCache: Warning: FDerivedDataBackendAsyncPutWrapper: Put failed, keeping in memory copy PhysX_3B0AB674B19F4A698B28F7025C031EA2_PhysXPC_4EA992B0411CFC8AEAD83F8DD7D7F49A__1_0_0_0_3_13315_0.
[2017.12.27-20.38.42:465][152]LogFileManager: Error: Error writing to file: C:/Users/Павел/AppData/Local/UnrealEngine/Common/DerivedDataCache/8/3/4/temp.E93692DA45AB2FBC7BFB3F9B65D4CF9E (There is not enough space on the disk.)
[2017.12.27-20.38.42:465][152]LogDerivedDataCache: Warning: FFileSystemDerivedDataBackend: Temp file is short C:/Users/Павел/AppData/Local/UnrealEngine/Common/DerivedDataCache/8/3/4/temp.E93692DA45AB2FBC7BFB3F9B65D4CF9E!
[2017.12.27-20.38.42:465][152]LogFileManager: Error: Error writing to file: C:/Users/Павел/AppData/Local/UnrealEngine/Common/DerivedDataCache/0/7/0/temp.0DADC17D4B3EDFD01C8AC7A338C608E4 (There is not enough space on the disk.)
[2017.12.27-20.38.42:465][152]LogDerivedDataCache: Warning: FFileSystemDerivedDataBackend: Temp file is short C:/Users/Павел/AppData/Local/UnrealEngine/Common/DerivedDataCache/0/7/0/temp.0DADC17D4B3EDFD01C8AC7A338C608E4!
[2017.12.27-20.38.42:465][152]LogFileManager: Error: Error writing to file: C:/Users/Павел/AppData/Local/UnrealEngine/Common/DerivedDataCache/1/5/5/temp.E34793974352FD4772D7F5A35E7C0781 (There is not enough space on the disk.)
[2017.12.27-20.38.42:465][152]LogDerivedDataCache: Warning: FFileSystemDerivedDataBackend: Temp file is short C:/Users/Павел/AppData/Local/UnrealEngine/Common/DerivedDataCache/1/5/5/temp.E34793974352FD4772D7F5A35E7C0781!
[2017.12.27-20.38.42:465][152]LogDerivedDataCache: Warning: FDerivedDataBackendAsyncPutWrapper: Put failed, keeping in memory copy PhysX_3B0AB674B19F4A698B28F7025C031EA2_PhysXPC_9CBE6A704DADAC478033CD8DD0BE9CAA__1_0_0_0_3_13315_0.
[2017.12.27-20.38.42:465][152]LogFileManager: Error: Error writing to file: C:/Users/Павел/AppData/Local/UnrealEngine/Common/DerivedDataCache/8/3/4/temp.4C1811604E33649118E6BF905B79838B (There is not enough space on the disk.)
[2017.12.27-20.38.42:465][152]LogDerivedDataCache: Warning: FFileSystemDerivedDataBackend: Temp file is short C:/Users/Павел/AppData/Local/UnrealEngine/Common/DerivedDataCache/8/3/4/temp.4C1811604E33649118E6BF905B79838B!
[2017.12.27-20.38.42:465][152]LogFileManager: Error: Error writing to file: C:/Users/Павел/AppData/Local/UnrealEngine/Common/DerivedDataCache/9/8/1/temp.CC01C264456111772744E8B7537419FD (There is not enough space on the disk.)
[2017.12.27-20.38.42:465][152]LogDerivedDataCache: Warning: FFileSystemDerivedDataBackend: Temp file is short C:/Users/Павел/AppData/Local/UnrealEngine/Common/DerivedDataCache/9/8/1/temp.CC01C264456111772744E8B7537419FD!
[2017.12.27-20.38.42:465][152]LogDerivedDataCache: Warning: FDerivedDataBackendAsyncPutWrapper: Put failed, keeping in memory copy PhysX_3B0AB674B19F4A698B28F7025C031EA2_PhysXPC_A4239FB2402BC80041EFDBBDEB15E3A9__1_0_0_0_3_13315_0.
[2017.12.27-20.38.42:465][152]LogFileManager: Error: Error writing to file: C:/Users/Павел/AppData/Local/UnrealEngine/Common/DerivedDataCache/1/5/5/temp.F349798B4FB6FEE176B886B196DFBB69 (There is not enough space on the disk.)
[2017.12.27-20.38.42:465][152]LogDerivedDataCache: Warning: FFileSystemDerivedDataBackend: Temp file is short C:/Users/Павел/AppData/Local/UnrealEngine/Common/DerivedDataCache/1/5/5/temp.F349798B4FB6FEE176B886B196DFBB69!
[2017.12.27-20.38.42:465][152]LogFileManager: Error: Error writing to file: C:/Users/Павел/AppData/Local/UnrealEngine/Common/DerivedDataCache/0/7/8/temp.74322F404DDC2A2515EE51B318A4A12F (There is not enough space on the disk.)
[2017.12.27-20.38.42:465][152]LogDerivedDataCache: Warning: FDerivedDataBackendAsyncPutWrapper: Put failed, keeping in memory copy PhysX_3B0AB674B19F4A698B28F7025C031EA2_PhysXPC_A248C50644AF10F4C399658EC53F22EC__1_0_0_0_3_13315_0.
[2017.12.27-20.38.42:465][152]LogDerivedDataCache: Warning: FFileSystemDerivedDataBackend: Temp file is short C:/Users/Павел/AppData/Local/UnrealEngine/Common/DerivedDataCache/0/7/8/temp.74322F404DDC2A2515EE51B318A4A12F!
[2017.12.27-20.38.42:465][152]LogFileManager: Error: Error writing to file: C:/Users/Павел/AppData/Local/UnrealEngine/Common/DerivedDataCache/9/8/1/temp.52F46DE24BD3EDACE4DCC3AFACC22462 (There is not enough space on the disk.)
[2017.12.27-20.38.42:465][152]LogDerivedDataCache: Warning: FFileSystemDerivedDataBackend: Temp file is short C:/Users/Павел/AppData/Local/UnrealEngine/Common/DerivedDataCache/9/8/1/temp.52F46DE24BD3EDACE4DCC3AFACC22462!
[2017.12.27-20.38.42:465][152]LogFileManager: Error: Error writing to file: C:/Users/Павел/AppData/Local/UnrealEngine/Common/DerivedDataCache/6/0/2/temp.2A1304AE4F9F30FA2B7901B60E8D4C7A (There is not enough space on the disk.)
[2017.12.27-20.38.42:465][152]LogDerivedDataCache: Warning: FDerivedDataBackendAsyncPutWrapper: Put failed, keeping in memory copy PhysX_3B0AB674B19F4A698B28F7025C031EA2_PhysXPC_270333014D00F04B59D814883D1086F6__1_0_0_0_3_13315_0.
[2017.12.27-20.38.42:465][152]LogDerivedDataCache: Warning: FFileSystemDerivedDataBackend: Temp file is short C:/Users/Павел/AppData/Local/UnrealEngine/Common/DerivedDataCache/6/0/2/temp.2A1304AE4F9F30FA2B7901B60E8D4C7A!
[2017.12.27-20.38.42:465][152]LogFileManager: Error: Error writing to file: C:/Users/Павел/AppData/Local/UnrealEngine/Common/DerivedDataCache/0/7/8/temp.C084EE474797ECEC8FDF769CE1F6A8B9 (There is not enough space on the disk.)
[2017.12.27-20.38.42:465][152]LogDerivedDataCache: Warning: FFileSystemDerivedDataBackend: Temp file is short C:/Users/Павел/AppData/Local/UnrealEngine/Common/DerivedDataCache/0/7/8/temp.C084EE474797ECEC8FDF769CE1F6A8B9!
[2017.12.27-20.38.42:465][152]LogFileManager: Error: Error writing to file: C:/Users/Павел/AppData/Local/UnrealEngine/Common/DerivedDataCache/5/2/3/temp.A76243EB4BBF15D825C4E8BB42C88B0C (There is not enough space on the disk.)
[2017.12.27-20.38.42:465][152]LogDerivedDataCache: Warning: FDerivedDataBackendAsyncPutWrapper: Put failed, keeping in memory copy PhysX_3B0AB674B19F4A698B28F7025C031EA2_PhysXPC_133941DF420ED1D43D718F9DAB9A1380__1_0_0_0_3_13315_0.
[2017.12.27-20.38.42:465][152]LogDerivedDataCache: Warning: FFileSystemDerivedDataBackend: Temp file is short C:/Users/Павел/AppData/Local/UnrealEngine/Common/DerivedDataCache/5/2/3/temp.A76243EB4BBF15D825C4E8BB42C88B0C!
[2017.12.27-20.38.42:465][152]LogFileManager: Error: Error writing to file: C:/Users/Павел/AppData/Local/UnrealEngine/Common/DerivedDataCache/6/0/2/temp.3976ADA5429E4490B97FB3A5C4A628D1 (There is not enough space on the disk.)
[2017.12.27-20.38.42:465][152]LogDerivedDataCache: Warning: FFileSystemDerivedDataBackend: Temp file is short C:/Users/Павел/AppData/Local/UnrealEngine/Common/DerivedDataCache/6/0/2/temp.3976ADA5429E4490B97FB3A5C4A628D1!
[2017.12.27-20.38.42:465][152]LogDerivedDataCache: Warning: FDerivedDataBackendAsyncPutWrapper: Put failed, keeping in memory copy PhysX_3B0AB674B19F4A698B28F7025C031EA2_PhysXPC_8B2486BD41D963627C1E3C98283EEF0A__1_0_0_0_3_13315_0.
[2017.12.27-20.38.42:465][152]LogFileManager: Error: Error writing to file: C:/Users/Павел/AppData/Local/UnrealEngine/Common/DerivedDataCache/5/2/3/temp.B8C43728440396C19F951BB603E6229C (There is not enough space on the disk.)
[2017.12.27-20.38.42:465][152]LogDerivedDataCache: Warning: FFileSystemDerivedDataBackend: Temp file is short C:/Users/Павел/AppData/Local/UnrealEngine/Common/DerivedDataCache/5/2/3/temp.B8C43728440396C19F951BB603E6229C!
[2017.12.27-20.38.42:465][152]LogDerivedDataCache: Warning: FDerivedDataBackendAsyncPutWrapper: Put failed, keeping in memory copy PhysX_3B0AB674B19F4A698B28F7025C031EA2_PhysXPC_2BF452354F862AFA3306D991380B36B3__1_0_0_0_3_13315_0.
87242B067C (There is not enough space on the disk.)
[2017.12.27-20.38.50:010][899]LogDerivedDataCache: Warning: FFileSystemDerivedDataBackend: Temp file is short C:/Users/Павел/AppData/Local/UnrealEngine/Common/DerivedDataCache/4/3/8/temp.891B1C054C83502E14152187242B067C!
[2017.12.27-20.38.50:017][900]LogFileManager: Error: Error flushing file: ../../../../../../Documents/GitHub/ResearchDisaster1/Saved/Logs/RNDYOUFUCK.log (There is not enough space on the disk.)
[2017.12.27-20.38.50:201][922]LogFileManager: Error: Error writing to file: C:/Users/Павел/AppData/Local/UnrealEngine/Common/DerivedDataCache/8/1/7/temp.97F02BD64458C5AC970F1C90B5CBEA56 (There is not enough space on the disk.)
[2017.12.27-20.38.50:249][925]LogDerivedDataCache: Warning: FFileSystemDerivedDataBackend: Temp file is short C:/Users/Павел/AppData/Local/UnrealEngine/Common/DerivedDataCache/0/5/5/temp.AC54777948ECBEFDBB812D92FB3CB9F7!
[2017.12.27-20.38.50:249][925]LogDerivedDataCache: Warning: FFileSystemDerivedDataBackend: Temp file is short C:/Users/Павел/AppData/Local/UnrealEngine/Common/DerivedDataCache/3/5/9/temp.03FB381B4CBA59BFAC8504B9468C1B64!
[2017.12.27-20.38.50:249][925]LogFileManager: Error: Error writing to file: C:/Users/Павел/AppData/Local/UnrealEngine/Common/DerivedDataCache/1/4/7/temp.46976F464B48E293DF75F2AB47FE5F42 (There is not enough space on the disk.)
[2017.12.27-20.38.50:249][925]LogDerivedDataCache: Warning: FFileSystemDerivedDataBackend: Temp file is short C:/Users/Павел/AppData/Local/UnrealEngine/Common/DerivedDataCache/1/4/7/temp.46976F464B48E293DF75F2AB47FE5F42!
[2017.12.27-20.38.50:250][925]LogFileManager: Error: Error writing to file: C:/Users/Павел/AppData/Local/UnrealEngine/Common/DerivedDataCache/0/5/5/temp.E84C3F6D4B0B144FA8ADC3A558341C15 (There is not enough space on the disk.)
[2017.12.27-20.38.50:250][925]LogDerivedDataCache: Warning: FFileSystemDerivedDataBackend: Temp file is short C:/Users/Павел/AppData/Local/UnrealEngine/Common/DerivedDataCache/0/5/5/temp.E84C3F6D4B0B144FA8ADC3A558341C15!
[2017.12.27-20.38.50:251][925]LogDerivedDataCache: Warning: FDerivedDataBackendAsyncPutWrapper: Put failed, keeping in memory copy PhysX_3B0AB674B19F4A698B28F7025C031EA2_PhysXPC_F151BC694881ABC6A6A45E847755F87C__1_0_0_0_3_13315_0.
[2017.12.27-20.38.50:251][925]LogFileManager: Error: Error writing to file: C:/Users/Павел/AppData/Local/UnrealEngine/Common/DerivedDataCache/3/5/9/temp.E494C9C14943C22F9F5B23A8AE2A2FF4 (There is not enough space on the disk.)
[2017.12.27-20.38.50:251][925]LogDerivedDataCache: Warning: FDerivedDataBackendAsyncPutWrapper: Put failed, keeping in memory copy PhysX_3B0AB674B19F4A698B28F7025C031EA2_PhysXPC_B96B577B4320A568F97349BDE9A114BB__1_0_0_0_3_13315_0.
l/UnrealEngine/Common/DerivedDataCache/3/4/5/temp.6DC56150434C0AD41B1814B29D34190C!
[2017.12.27-20.38.50:260][925]LogDerivedDataCache: Warning: FFileSystemDerivedDataBackend: Temp file is short C:/Users/Павел/AppData/Local/UnrealEngine/Common/DerivedDataCache/2/2/7/temp.292E94B949D71FF010843195F2C3717B!
.38.50:388][935]LogFileManager: Error: Error writing to file: C:/Users/Павел/AppData/Local/UnrealEngine/Common/DerivedDataCache/2/9/2/temp.61BB4F8441788C719CE5DFBCA9DCA699 (There is not enough space on the disk.)
[2017.12.27-20.38.50:596][956]LogFileManager: Error: Error flushing file: ../../../../../../Documents/GitHub/ResearchDisaster1/Saved/Logs/RNDYOUFUCK.log (There is not enough space on the disk.)
[2017.12.27-20.40.32:822][940]LogFileManager: Error: Error flushing file: ../../../../../../Documents/GitHub/ResearchDisaster1/Saved/Logs/RNDYOUFUCK.log (There is not enough space on the disk.)
[2017.12.27-20.40.32:822][940]LogFileManager: Error: Error writing to file: C:/Documents/GitHub/ResearchDisaster1/Saved/Crashes/UE4CC-Windows-8AC0B6D54E95C35A3B4FEC92C54844E7_0000/CrashContext.runtime-xml (There is not enough space on the disk.)
[2017.12.27-20.40.32:822][940]LogWindows: Error: === Critical error: ===
[2017.12.27-20.40.32:822][940]LogWindows: Error: 
[2017.12.27-20.40.32:822][940]LogWindows: Error: Assertion failed: (Index >= 0) & (Index < ArrayNum) [File:D:\Build\++UE4+Release-4.18+Compile\Sync\Engine\Source\Runtime\Core\Public\Containers/Array.h] [Line: 610] 
[2017.12.27-20.40.32:822][940]LogWindows: Error: Array index out of bounds: 4443 from an array of size 4257
[2017.12.27-20.40.32:822][940]LogWindows: Error: 
[2017.12.27-20.40.32:822][940]LogWindows: Error: 
[2017.12.27-20.40.32:822][940]LogWindows: Error: [Callstack] 0x0000000058339D98 KERNELBASE.dll!UnknownFunction []
[2017.12.27-20.40.32:822][940]LogWindows: Error: [Callstack] 0x000000004B0276D4 UE4Editor-ApplicationCore.dll!UnknownFunction []
[2017.12.27-20.40.32:822][940]LogWindows: Error: [Callstack] 0x00000000FFFF330B UE4Editor-Core.dll!UnknownFunction []
[2017.12.27-20.40.32:822][940]LogWindows: Error: [Callstack] 0x00000000FFF847F9 UE4Editor-Core.dll!UnknownFunction []
[2017.12.27-20.40.32:822][940]LogWindows: Error: [Callstack] 0x00000000FD9888C5 UE4Editor-Engine.dll!UnknownFunction []
[2017.12.27-20.40.32:822][940]LogWindows: Error: [Callstack] 0x00000000FDD6DC99 UE4Editor-Engine.dll!UnknownFunction []
[2017.12.27-20.40.32:822][940]LogWindows: Error: [Callstack] 0x00000000FE6C395B UE4Editor-Engine.dll!UnknownFunction []
[2017.12.27-20.40.32:822][940]LogWindows: Error: [Callstack] 0x00000000FBAE702D UE4Editor-UnrealEd.dll!UnknownFunction []
[2017.12.27-20.40.32:822][940]LogWindows: Error: [Callstack] 0x00000000FC394AC6 UE4Editor-UnrealEd.dll!UnknownFunction []
[2017.12.27-20.40.32:822][940]LogWindows: Error: [Callstack] 0x00000000B77A5A26 UE4Editor.exe!UnknownFunction []
[2017.12.27-20.40.32:822][940]LogWindows: Error: [Callstack] 0x00000000B77B5430 UE4Editor.exe!UnknownFunction []
[2017.12.27-20.40.32:822][940]LogWindows: Error: [Callstack] 0x00000000B77B54AA UE4Editor.exe!UnknownFunction []
[2017.12.27-20.40.32:822][940]LogWindows: Error: [Callstack] 0x00000000B77C2379 UE4Editor.exe!UnknownFunction []
[2017.12.27-20.40.32:822][940]LogWindows: Error: [Callstack] 0x00000000B77C3D57 UE4Editor.exe!UnknownFunction []
[2017.12.27-20.40.32:822][940]LogWindows: Error: [Callstack] 0x000000005A482774 KERNEL32.DLL!UnknownFunction []
[2017.12.27-20.40.32:822][940]LogWindows: Error: [Callstack] 0x000000005B1C0D51 ntdll.dll!UnknownFunction []
[2017.12.27-20.40.32:822][940]LogWindows: Error: [Callstack] 0x000000005B1C0D51 ntdll.dll!UnknownFunction []
[2017.12.27-20.40.32:822][940]LogWindows: Error: 
[2017.12.27-20.40.32:834][940]LogExit: Executing StaticShutdownAfterError
[2017.12.27-20.40.32:860][940]LogWindows: FPlatformMisc::RequestExit(1)
[2017.12.27-20.40.32:861][940]Log file closed, 12/28/17 01:40:32
