Log file open, 12/28/17 02:09:00
LogWindows: Failed to load 'aqProf.dll' (GetLastError=126)
LogWindows: File 'aqProf.dll' does not exist
LogWindows: Failed to load 'VtuneApi.dll' (GetLastError=126)
LogWindows: File 'VtuneApi.dll' does not exist
LogWindows: Failed to load 'VtuneApi32e.dll' (GetLastError=126)
LogWindows: File 'VtuneApi32e.dll' does not exist
LogInit: Display: Running engine for game: RNDYOUFUCK
LogPlatformFile: Not using cached read wrapper
LogInit: Display: RandInit(-775623936) SRandInit(-775623936).
LogInit: Read version file with build ID '3709383'
LogInit: Overriding engine version to CL 3794801, compatible CL 3709383
LogInit: Registered custom module enumerator with build ID '3709383'
LogTaskGraph: Started task graph with 5 named threads and 14 total threads with 3 sets of task threads.
LogStats: Stats thread started at 0.179871
LogD3D11RHI: Aftermath initialized
LogModuleManager: Display: Found up-to-date module file ../../../Engine/Plugins/2D/Paper2D/Binaries/Win64/UE4Editor-Paper2D.dll (API version 3709383).
LogModuleManager: Display: Found up-to-date module file ../../../Engine/Plugins/2D/Paper2D/Binaries/Win64/UE4Editor-Paper2DEditor.dll (API version 3709383).
LogModuleManager: Display: Found up-to-date module file ../../../Engine/Plugins/2D/Paper2D/Binaries/Win64/UE4Editor-PaperSpriteSheetImporter.dll (API version 3709383).
LogModuleManager: Display: Found up-to-date module file ../../../Engine/Plugins/2D/Paper2D/Binaries/Win64/UE4Editor-PaperTiledImporter.dll (API version 3709383).
LogModuleManager: Display: Found up-to-date module file ../../../Engine/Plugins/2D/Paper2D/Binaries/Win64/UE4Editor-SmartSnapping.dll (API version 3709383).
LogModuleManager: Display: Found up-to-date module file ../../../Engine/Plugins/Blendables/LightPropagationVolume/Binaries/Win64/UE4Editor-LightPropagationVolumeRuntime.dll (API version 3709383).
LogModuleManager: Display: Found up-to-date module file ../../../Engine/Plugins/Blendables/LightPropagationVolume/Binaries/Win64/UE4Editor-LightPropagationVolumeEditor.dll (API version 3709383).
LogModuleManager: Display: Found up-to-date module file ../../../Engine/Plugins/Developer/GitSourceControl/Binaries/Win64/UE4Editor-GitSourceControl.dll (API version 3709383).
LogModuleManager: Display: Found up-to-date module file ../../../Engine/Plugins/Developer/PerforceSourceControl/Binaries/Win64/UE4Editor-PerforceSourceControl.dll (API version 3709383).
LogModuleManager: Display: Found up-to-date module file ../../../Engine/Plugins/Developer/SubversionSourceControl/Binaries/Win64/UE4Editor-SubversionSourceControl.dll (API version 3709383).
LogModuleManager: Display: Found up-to-date module file ../../../Engine/Plugins/Developer/UObjectPlugin/Binaries/Win64/UE4Editor-UObjectPlugin.dll (API version 3709383).
LogModuleManager: Display: Found up-to-date module file ../../../Engine/Plugins/Developer/VisualStudioCodeSourceCodeAccess/Binaries/Win64/UE4Editor-VisualStudioCodeSourceCodeAccess.dll (API version 3709383).
LogModuleManager: Display: Found up-to-date module file ../../../Engine/Plugins/Developer/VisualStudioSourceCodeAccess/Binaries/Win64/UE4Editor-VisualStudioSourceCodeAccess.dll (API version 3709383).
LogModuleManager: Display: Found up-to-date module file ../../../Engine/Plugins/Editor/AssetManagerEditor/Binaries/Win64/UE4Editor-AssetManagerEditor.dll (API version 3709383).
LogModuleManager: Display: Found up-to-date module file ../../../Engine/Plugins/Editor/AudioCapture/Binaries/Win64/UE4Editor-AudioCapture.dll (API version 3709383).
LogModuleManager: Display: Found up-to-date module file ../../../Engine/Plugins/Editor/FacialAnimation/Binaries/Win64/UE4Editor-FacialAnimation.dll (API version 3709383).
LogModuleManager: Display: Found up-to-date module file ../../../Engine/Plugins/Editor/FacialAnimation/Binaries/Win64/UE4Editor-FacialAnimationEditor.dll (API version 3709383).
LogModuleManager: Display: Found up-to-date module file ../../../Engine/Plugins/Editor/GameplayTagsEditor/Binaries/Win64/UE4Editor-GameplayTagsEditor.dll (API version 3709383).
LogModuleManager: Display: Found up-to-date module file ../../../Engine/Plugins/Editor/MobileLauncherProfileWizard/Binaries/Win64/UE4Editor-MobileLauncherProfileWizard.dll (API version 3709383).
LogModuleManager: Display: Found up-to-date module file ../../../Engine/Plugins/Editor/PluginBrowser/Binaries/Win64/UE4Editor-PluginBrowser.dll (API version 3709383).
LogModuleManager: Display: Found up-to-date module file ../../../Engine/Plugins/Editor/SpeedTreeImporter/Binaries/Win64/UE4Editor-SpeedTreeImporter.dll (API version 3709383).
LogModuleManager: Display: Found up-to-date module file ../../../Engine/Plugins/Experimental/AlembicImporter/Binaries/Win64/UE4Editor-AlembicImporter.dll (API version 3709383).
LogModuleManager: Display: Found up-to-date module file ../../../Engine/Plugins/Experimental/AlembicImporter/Binaries/Win64/UE4Editor-AlembicLibrary.dll (API version 3709383).
LogModuleManager: Display: Found up-to-date module file ../../../Engine/Plugins/Experimental/CharacterAI/Binaries/Win64/UE4Editor-CharacterAI.dll (API version 3709383).
LogModuleManager: Display: Found up-to-date module file ../../../Engine/Plugins/Experimental/HTML5Networking/Binaries/Win64/UE4Editor-HTML5Networking.dll (API version 3709383).
LogModuleManager: Display: Found up-to-date module file ../../../Engine/Plugins/Media/AndroidMedia/Binaries/Win64/UE4Editor-AndroidMediaEditor.dll (API version 3709383).
LogModuleManager: Display: Found up-to-date module file ../../../Engine/Plugins/Media/AndroidMedia/Binaries/Win64/UE4Editor-AndroidMediaFactory.dll (API version 3709383).
LogModuleManager: Display: Found up-to-date module file ../../../Engine/Plugins/Media/AvfMedia/Binaries/Win64/UE4Editor-AvfMediaEditor.dll (API version 3709383).
LogModuleManager: Display: Found up-to-date module file ../../../Engine/Plugins/Media/AvfMedia/Binaries/Win64/UE4Editor-AvfMediaFactory.dll (API version 3709383).
LogModuleManager: Display: Found up-to-date module file ../../../Engine/Plugins/Media/AvfMedia/Binaries/Win64/UE4Editor-AvfMediaFactory.dll (API version 3709383).
LogModuleManager: Display: Found up-to-date module file ../../../Engine/Plugins/Media/ImgMedia/Binaries/Win64/UE4Editor-ImgMedia.dll (API version 3709383).
LogModuleManager: Display: Found up-to-date module file ../../../Engine/Plugins/Media/ImgMedia/Binaries/Win64/UE4Editor-ImgMediaEditor.dll (API version 3709383).
LogModuleManager: Display: Found up-to-date module file ../../../Engine/Plugins/Media/ImgMedia/Binaries/Win64/UE4Editor-ImgMediaFactory.dll (API version 3709383).
LogModuleManager: Display: Found up-to-date module file ../../../Engine/Plugins/Media/ImgMedia/Binaries/Win64/UE4Editor-ImgMediaFactory.dll (API version 3709383).
LogModuleManager: Display: Found up-to-date module file ../../../Engine/Plugins/Media/ImgMedia/Binaries/Win64/UE4Editor-OpenExrWrapper.dll (API version 3709383).
LogModuleManager: Display: Found up-to-date module file ../../../Engine/Plugins/Media/MediaCompositing/Binaries/Win64/UE4Editor-MediaCompositing.dll (API version 3709383).
LogModuleManager: Display: Found up-to-date module file ../../../Engine/Plugins/Media/MediaCompositing/Binaries/Win64/UE4Editor-MediaCompositingEditor.dll (API version 3709383).
LogModuleManager: Display: Found up-to-date module file ../../../Engine/Plugins/Media/MediaPlayerEditor/Binaries/Win64/UE4Editor-MediaPlayerEditor.dll (API version 3709383).
LogModuleManager: Display: Found up-to-date module file ../../../Engine/Plugins/Media/WmfMedia/Binaries/Win64/UE4Editor-WmfMedia.dll (API version 3709383).
LogModuleManager: Display: Found up-to-date module file ../../../Engine/Plugins/Media/WmfMedia/Binaries/Win64/UE4Editor-WmfMediaEditor.dll (API version 3709383).
LogModuleManager: Display: Found up-to-date module file ../../../Engine/Plugins/Media/WmfMedia/Binaries/Win64/UE4Editor-WmfMediaFactory.dll (API version 3709383).
LogModuleManager: Display: Found up-to-date module file ../../../Engine/Plugins/Media/WmfMedia/Binaries/Win64/UE4Editor-WmfMediaFactory.dll (API version 3709383).
LogModuleManager: Display: Found up-to-date module file ../../../Engine/Plugins/Messaging/TcpMessaging/Binaries/Win64/UE4Editor-TcpMessaging.dll (API version 3709383).
LogModuleManager: Display: Found up-to-date module file ../../../Engine/Plugins/Messaging/UdpMessaging/Binaries/Win64/UE4Editor-UdpMessaging.dll (API version 3709383).
LogModuleManager: Display: Found up-to-date module file ../../../Engine/Plugins/MovieScene/ActorSequence/Binaries/Win64/UE4Editor-ActorSequence.dll (API version 3709383).
LogModuleManager: Display: Found up-to-date module file ../../../Engine/Plugins/MovieScene/LevelSequenceEditor/Binaries/Win64/UE4Editor-LevelSequenceEditor.dll (API version 3709383).
LogModuleManager: Display: Found up-to-date module file ../../../Engine/Plugins/MovieScene/MatineeToLevelSequence/Binaries/Win64/UE4Editor-MatineeToLevelSequence.dll (API version 3709383).
LogModuleManager: Display: Found up-to-date module file ../../../Engine/Plugins/Online/OnlineSubsystem/Binaries/Win64/UE4Editor-OnlineSubsystem.dll (API version 3709383).
LogModuleManager: Display: Found up-to-date module file ../../../Engine/Plugins/Runtime/AndroidPermission/Binaries/Win64/UE4Editor-AndroidPermission.dll (API version 3709383).
LogModuleManager: Display: Found up-to-date module file ../../../Engine/Plugins/Online/OnlineSubsystemNull/Binaries/Win64/UE4Editor-OnlineSubsystemNull.dll (API version 3709383).
LogModuleManager: Display: Found up-to-date module file ../../../Engine/Plugins/Online/OnlineSubsystemUtils/Binaries/Win64/UE4Editor-OnlineSubsystemUtils.dll (API version 3709383).
LogModuleManager: Display: Found up-to-date module file ../../../Engine/Plugins/Online/OnlineSubsystemUtils/Binaries/Win64/UE4Editor-OnlineBlueprintSupport.dll (API version 3709383).
LogModuleManager: Display: Found up-to-date module file ../../../Engine/Plugins/Runtime/AndroidDeviceProfileSelector/Binaries/Win64/UE4Editor-AndroidDeviceProfileSelector.dll (API version 3709383).
LogModuleManager: Display: Found up-to-date module file ../../../Engine/Plugins/Runtime/AppleARKit/Binaries/Win64/UE4Editor-AppleARKit.dll (API version 3709383).
LogModuleManager: Display: Found up-to-date module file ../../../Engine/Plugins/Runtime/ArchVisCharacter/Binaries/Win64/UE4Editor-ArchVisCharacter.dll (API version 3709383).
LogModuleManager: Display: Found up-to-date module file ../../../Engine/Plugins/Runtime/CableComponent/Binaries/Win64/UE4Editor-CableComponent.dll (API version 3709383).
LogModuleManager: Display: Found up-to-date module file ../../../Engine/Plugins/Runtime/CustomMeshComponent/Binaries/Win64/UE4Editor-CustomMeshComponent.dll (API version 3709383).
LogModuleManager: Display: Found up-to-date module file ../../../Engine/Plugins/Runtime/ExampleDeviceProfileSelector/Binaries/Win64/UE4Editor-ExampleDeviceProfileSelector.dll (API version 3709383).
LogModuleManager: Display: Found up-to-date module file ../../../Engine/Plugins/Runtime/ImmediatePhysics/Binaries/Win64/UE4Editor-ImmediatePhysics.dll (API version 3709383).
LogModuleManager: Display: Found up-to-date module file ../../../Engine/Plugins/Runtime/ImmediatePhysics/Binaries/Win64/UE4Editor-ImmediatePhysicsEditor.dll (API version 3709383).
LogModuleManager: Display: Found up-to-date module file ../../../Engine/Plugins/Runtime/LocationServicesBPLibrary/Binaries/Win64/UE4Editor-LocationServicesBPLibrary.dll (API version 3709383).
LogModuleManager: Display: Found up-to-date module file ../../../Engine/Plugins/Runtime/MobilePatchingUtils/Binaries/Win64/UE4Editor-MobilePatchingUtils.dll (API version 3709383).
LogModuleManager: Display: Found up-to-date module file ../../../Engine/Plugins/Runtime/Oculus/OculusVR/Binaries/Win64/UE4Editor-OculusHMD.dll (API version 3709383).
LogModuleManager: Display: Found up-to-date module file ../../../Engine/Plugins/Runtime/Oculus/OculusVR/Binaries/Win64/UE4Editor-OculusInput.dll (API version 3709383).
LogModuleManager: Display: Found up-to-date module file ../../../Engine/Plugins/Runtime/Oculus/OculusVR/Binaries/Win64/UE4Editor-OculusEditor.dll (API version 3709383).
LogModuleManager: Display: Found up-to-date module file ../../../Engine/Plugins/Runtime/PhysXVehicles/Binaries/Win64/UE4Editor-PhysXVehicles.dll (API version 3709383).
LogModuleManager: Display: Found up-to-date module file ../../../Engine/Plugins/Runtime/PhysXVehicles/Binaries/Win64/UE4Editor-PhysXVehiclesEditor.dll (API version 3709383).
LogModuleManager: Display: Found up-to-date module file ../../../Engine/Plugins/Runtime/ProceduralMeshComponent/Binaries/Win64/UE4Editor-ProceduralMeshComponent.dll (API version 3709383).
LogModuleManager: Display: Found up-to-date module file ../../../Engine/Plugins/Runtime/ProceduralMeshComponent/Binaries/Win64/UE4Editor-ProceduralMeshComponentEditor.dll (API version 3709383).
LogModuleManager: Display: Found up-to-date module file ../../../Engine/Plugins/Runtime/RuntimePhysXCooking/Binaries/Win64/UE4Editor-RuntimePhysXCooking.dll (API version 3709383).
LogModuleManager: Display: Found up-to-date module file ../../../Engine/Plugins/Runtime/Steam/SteamVR/Binaries/Win64/UE4Editor-SteamVR.dll (API version 3709383).
LogModuleManager: Display: Found up-to-date module file ../../../Engine/Plugins/Runtime/Steam/SteamVR/Binaries/Win64/UE4Editor-SteamVRController.dll (API version 3709383).
LogModuleManager: Display: Found up-to-date module file ../../../Engine/Plugins/Runtime/WindowsMoviePlayer/Binaries/Win64/UE4Editor-WindowsMoviePlayer.dll (API version 3709383).
LogPluginManager: Mounting plugin Paper2D
LogPluginManager: Mounting plugin LightPropagationVolume
LogPluginManager: Mounting plugin CodeLiteSourceCodeAccess
LogPluginManager: Mounting plugin GitSourceControl
LogPluginManager: Mounting plugin KDevelopSourceCodeAccess
LogPluginManager: Mounting plugin NullSourceCodeAccess
LogPluginManager: Mounting plugin PerforceSourceControl
LogPluginManager: Mounting plugin SubversionSourceControl
LogPluginManager: Mounting plugin UObjectPlugin
LogPluginManager: Mounting plugin VisualStudioCodeSourceCodeAccess
LogPluginManager: Mounting plugin VisualStudioSourceCodeAccess
LogPluginManager: Mounting plugin XCodeSourceCodeAccess
LogPluginManager: Mounting plugin AssetManagerEditor
LogPluginManager: Mounting plugin AudioCapture
LogPluginManager: Mounting plugin FacialAnimation
LogPluginManager: Mounting plugin GameplayTagsEditor
LogPluginManager: Mounting plugin MobileLauncherProfileWizard
LogPluginManager: Mounting plugin PluginBrowser
LogPluginManager: Mounting plugin SpeedTreeImporter
LogPluginManager: Mounting plugin AlembicImporter
LogPluginManager: Mounting plugin CharacterAI
LogPluginManager: Mounting plugin HTML5Networking
LogPluginManager: Mounting plugin AndroidMedia
LogPluginManager: Mounting plugin AvfMedia
LogPluginManager: Mounting plugin ImgMedia
LogPluginManager: Mounting plugin MediaCompositing
LogPluginManager: Mounting plugin MediaPlayerEditor
LogPluginManager: Mounting plugin WmfMedia
LogPluginManager: Mounting plugin TcpMessaging
LogPluginManager: Mounting plugin UdpMessaging
LogPluginManager: Mounting plugin ActorSequence
LogPluginManager: Mounting plugin LevelSequenceEditor
LogPluginManager: Mounting plugin MatineeToLevelSequence
LogPluginManager: Mounting plugin OnlineSubsystemGooglePlay
LogPluginManager: Mounting plugin OnlineSubsystemIOS
LogPluginManager: Mounting plugin OnlineSubsystem
LogPluginManager: Mounting plugin OnlineSubsystemNull
LogPluginManager: Mounting plugin OnlineSubsystemUtils
LogPluginManager: Mounting plugin AndroidDeviceProfileSelector
LogPluginManager: Mounting plugin AndroidMoviePlayer
LogPluginManager: Mounting plugin AndroidPermission
LogPluginManager: Mounting plugin AppleARKit
LogPluginManager: Mounting plugin AppleMoviePlayer
LogPluginManager: Mounting plugin ArchVisCharacter
LogPluginManager: Mounting plugin CableComponent
LogPluginManager: Mounting plugin CustomMeshComponent
LogPluginManager: Mounting plugin ExampleDeviceProfileSelector
LogPluginManager: Mounting plugin GoogleCloudMessaging
LogPluginManager: Mounting plugin ImmediatePhysics
LogPluginManager: Mounting plugin IOSDeviceProfileSelector
LogPluginManager: Mounting plugin LinuxDeviceProfileSelector
LogPluginManager: Mounting plugin LocationServicesBPLibrary
LogPluginManager: Mounting plugin MobilePatchingUtils
LogPluginManager: Mounting plugin OculusVR
LogPluginManager: Plugin shader directory ../../../Engine/Plugins/Runtime/Oculus/OculusVR/Shaders found
LogPluginManager: Mapping shader source directory ../../../Engine/Plugins/Runtime/Oculus/OculusVR/Shaders to virtual directory /Plugin/OculusVR
LogPluginManager: Mounting plugin PhysXVehicles
LogPluginManager: Mounting plugin ProceduralMeshComponent
LogPluginManager: Mounting plugin RuntimePhysXCooking
LogPluginManager: Mounting plugin SteamVR
LogPluginManager: Mounting plugin WindowsMoviePlayer
LogInit: Using libcurl 7.47.1
LogInit:  - built for x86_64-pc-win32
LogInit:  - supports SSL with OpenSSL/1.0.2g
LogInit:  - supports HTTP deflate (compression) using libz 1.2.8
LogInit:  - other features:
LogInit:      CURL_VERSION_SSL
LogInit:      CURL_VERSION_LIBZ
LogInit:      CURL_VERSION_IPV6
LogInit:      CURL_VERSION_ASYNCHDNS
LogInit:      CURL_VERSION_LARGEFILE
LogInit:      CURL_VERSION_IDN
LogInit:  CurlRequestOptions (configurable via config and command line):
LogInit:  - bVerifyPeer = false  - Libcurl will NOT verify peer certificate
LogInit:  - bUseHttpProxy = false  - Libcurl will NOT use HTTP proxy
LogInit:  - bDontReuseConnections = false  - Libcurl will reuse connections
LogInit:  - CertBundlePath = nullptr  - Libcurl will use whatever was configured at build time.
LogInit: Build: ++UE4+Release-4.18-CL-3794801
LogInit: Engine Version: 4.18.2-3794801+++UE4+Release-4.18
LogInit: Compatible Engine Version: 4.18.0-3709383+++UE4+Release-4.18
LogInit: Net CL: 3709383
LogDevObjectVersion: Number of dev versions registered: 16
LogDevObjectVersion:   Dev-Blueprints (B0D832E4-1F89-4F0D-ACCF-7EB736FD4AA2): 10
LogDevObjectVersion:   Dev-Build (E1C64328-A22C-4D53-A36C-8E866417BD8C): 0
LogDevObjectVersion:   Dev-Core (375EC13C-06E4-48FB-B500-84F0262A717E): 2
LogDevObjectVersion:   Dev-Editor (E4B068ED-F494-42E9-A231-DA0B2E46BB41): 20
LogDevObjectVersion:   Dev-Framework (CFFC743F-43B0-4480-9391-14DF171D2073): 30
LogDevObjectVersion:   Dev-Mobile (B02B49B5-BB20-44E9-A304-32B752E40360): 0
LogDevObjectVersion:   Dev-Networking (A4E4105C-59A1-49B5-A7C5-40C4547EDFEE): 0
LogDevObjectVersion:   Dev-Online (39C831C9-5AE6-47DC-9A44-9C173E1C8E7C): 0
LogDevObjectVersion:   Dev-Physics (78F01B33-EBEA-4F98-B9B4-84EACCB95AA2): 0
LogDevObjectVersion:   Dev-Platform (6631380F-2D4D-43E0-8009-CF276956A95A): 0
LogDevObjectVersion:   Dev-Rendering (12F88B9F-8875-4AFC-A67C-D90C383ABD29): 20
LogDevObjectVersion:   Dev-Sequencer (7B5AE74C-D270-4C10-A958-57980B212A5A): 4
LogDevObjectVersion:   Dev-VR (D7296918-1DD6-4BDD-9DE2-64A83CC13884): 0
LogDevObjectVersion:   Dev-LoadTimes (C2A15278-BFE7-4AFE-6C17-90FF531DF755): 1
LogDevObjectVersion:   Private-Geometry (6EACA3D4-40EC-4CC1-B786-8BED09428FC5): 1
LogDevObjectVersion:   Dev-AnimPhys (29E575DD-E0A3-4627-9D10-D276232CDCEA): 12
LogInit: Compiled (64-bit): Dec  8 2017 02:04:53
LogInit: Compiled with Visual C++: 19.00.24215.01
LogInit: Build Configuration: Development
LogInit: Branch Name: ++UE4+Release-4.18
LogInit: Command line: 
LogInit: Base directory: C:/Program Files/Epic Games/UE_4.18/Engine/Binaries/Win64/
LogInit: Installed Engine Build: 1
LogInit: Presizing for max 8388607 objects, including 0 objects not considered by GC, pre-allocating 0 bytes for permanent pool.
LogInit: Object subsystem initialized
[2017.12.27-21.09.03:433][  0]LogInit: Selected Device Profile: [Windows]
[2017.12.27-21.09.03:433][  0]LogInit: Applying CVar settings loaded from the selected device profile: [Windows]
[2017.12.27-21.09.03:471][  0]LogInit: Computer: ASUS
[2017.12.27-21.09.03:471][  0]LogInit: User: Pavel
[2017.12.27-21.09.03:471][  0]LogInit: CPU Page size=4096, Cores=4
[2017.12.27-21.09.03:471][  0]LogInit: High frequency timer resolution =3.125026 MHz
[2017.12.27-21.09.03:472][  0]LogMemory: Memory total: Physical=11.9GB (12GB approx)
[2017.12.27-21.09.03:472][  0]LogMemory: Platform Memory Stats for Windows
[2017.12.27-21.09.03:472][  0]LogMemory: Process Physical Memory: 273.55 MB used, 273.55 MB peak
[2017.12.27-21.09.03:472][  0]LogMemory: Process Virtual Memory: 271.54 MB used, 271.54 MB peak
[2017.12.27-21.09.03:472][  0]LogMemory: Physical Memory: 6407.53 MB used,  5813.94 MB free, 12221.47 MB total
[2017.12.27-21.09.03:472][  0]LogMemory: Virtual Memory: 645.50 MB used,  5813.94 MB free, 134217728.00 MB total
[2017.12.27-21.09.03:814][  0]LogInit: Using OS detected language (en-US).
[2017.12.27-21.09.03:814][  0]LogInit: Using OS detected locale (ru-RU).
[2017.12.27-21.09.03:824][  0]LogTextLocalizationManager: No specific localization for 'en-US' exists, so the 'en' localization will be used.
[2017.12.27-21.09.03:824][  0]LogTextLocalizationManager: No localization for 'ru-RU' exists, so 'en-US' will be used for the locale.
[2017.12.27-21.09.04:510][  0]LogInit: Setting process to per monitor DPI aware
[2017.12.27-21.09.07:558][  0]LogD3D11RHI: D3D11 adapters:
[2017.12.27-21.09.07:637][  0]LogD3D11RHI:    0. 'NVIDIA GeForce GTX 750 Ti' (Feature Level 11_0)
[2017.12.27-21.09.07:637][  0]LogD3D11RHI:       2017/0/6110 MB DedicatedVideo/DedicatedSystem/SharedSystem, Outputs:1, VendorId:0x10de
[2017.12.27-21.09.07:649][  0]LogD3D11RHI:    1. 'Microsoft Basic Render Driver' (Feature Level 11_0)
[2017.12.27-21.09.07:649][  0]LogD3D11RHI:       0/0/6110 MB DedicatedVideo/DedicatedSystem/SharedSystem, Outputs:0, VendorId:0x1414
[2017.12.27-21.09.07:649][  0]LogD3D11RHI: Chosen D3D11 Adapter: 0
[2017.12.27-21.09.07:655][  0]LogD3D11RHI: Creating new Direct3DDevice
[2017.12.27-21.09.07:655][  0]LogD3D11RHI:     GPU DeviceId: 0x1380 (for the marketing name, search the web for "GPU Device Id")
[2017.12.27-21.09.07:655][  0]LogWindows: EnumDisplayDevices:
[2017.12.27-21.09.07:655][  0]LogWindows:    0. 'NVIDIA GeForce GTX 750 Ti' (P:1 D:1)
[2017.12.27-21.09.07:655][  0]LogWindows:    1. 'NVIDIA GeForce GTX 750 Ti' (P:0 D:0)
[2017.12.27-21.09.07:656][  0]LogWindows:    2. 'NVIDIA GeForce GTX 750 Ti' (P:0 D:0)
[2017.12.27-21.09.07:656][  0]LogWindows:    3. 'NVIDIA GeForce GTX 750 Ti' (P:0 D:0)
[2017.12.27-21.09.07:656][  0]LogWindows: DebugString: FoundDriverCount:4 
[2017.12.27-21.09.07:656][  0]LogD3D11RHI:     Adapter Name: NVIDIA GeForce GTX 750 Ti
[2017.12.27-21.09.07:656][  0]LogD3D11RHI:   Driver Version: 388.13 (internal:23.21.13.8813, unified:388.13)
[2017.12.27-21.09.07:656][  0]LogD3D11RHI:      Driver Date: 10-27-2017
[2017.12.27-21.09.07:656][  0]LogRHI: Texture pool is 1412 MB (70% of 2017 MB)
[2017.12.27-21.09.07:692][  0]LogD3D11RHI: Async texture creation enabled
[2017.12.27-21.09.07:704][  0]LogD3D11RHI: GPU Timing Frequency: 1000.000000 (Debug: 2 1)
[2017.12.27-21.09.07:705][  0]LogShaderCompilers: Guid format shader working directory is -6 characters bigger than the processId version (../../../../../../Documents/GitHub/ResearchDisaster1/Intermediate/Shaders/WorkingDirectory/8848/).
[2017.12.27-21.09.07:705][  0]LogShaderCompilers: Cleaned the shader compiler working directory 'C:/Users/Павел/AppData/Local/Temp/UnrealShaderWorkingDir/9D9770814B4116EA68C7589684C51E54/'.
[2017.12.27-21.09.07:706][  0]LogShaderCompilers: Display: Using Local Shader Compiler.
[2017.12.27-21.09.10:520][  0]LogTemp: Display: Loaded TP AllDesktopTargetPlatform
[2017.12.27-21.09.10:583][  0]LogTemp: Display: Loaded TP MacClientTargetPlatform
[2017.12.27-21.09.10:651][  0]LogTemp: Display: Loaded TP MacNoEditorTargetPlatform
[2017.12.27-21.09.10:721][  0]LogTemp: Display: Loaded TP MacServerTargetPlatform
[2017.12.27-21.09.10:822][  0]LogTemp: Display: Loaded TP MacTargetPlatform
[2017.12.27-21.09.10:906][  0]LogTemp: Display: Loaded TP WindowsClientTargetPlatform
[2017.12.27-21.09.10:980][  0]LogTemp: Display: Loaded TP WindowsNoEditorTargetPlatform
[2017.12.27-21.09.11:047][  0]LogTemp: Display: Loaded TP WindowsServerTargetPlatform
[2017.12.27-21.09.11:103][  0]LogTemp: Display: Loaded TP WindowsTargetPlatform
[2017.12.27-21.09.11:170][  0]LogTemp: Display: Loaded TP Android_ASTCTargetPlatform
[2017.12.27-21.09.11:241][  0]LogTemp: Display: Loaded TP Android_ATCTargetPlatform
[2017.12.27-21.09.11:309][  0]LogTemp: Display: Loaded TP Android_DXTTargetPlatform
[2017.12.27-21.09.11:377][  0]LogTemp: Display: Loaded TP Android_ETC1TargetPlatform
[2017.12.27-21.09.11:454][  0]LogTemp: Display: Loaded TP Android_ETC2TargetPlatform
[2017.12.27-21.09.11:604][  0]LogTemp: Display: Loaded TP Android_MultiTargetPlatform
[2017.12.27-21.09.11:604][  0]LogTemp: Display: Loaded TP Android_PVRTCTargetPlatform
[2017.12.27-21.09.11:725][  0]LogTemp: Display: Loaded TP AndroidTargetPlatform
[2017.12.27-21.09.11:831][  0]LogTemp: Display: Loaded TP HTML5TargetPlatform
[2017.12.27-21.09.12:001][  0]LogTemp: Display: Loaded TP IOSTargetPlatform
[2017.12.27-21.09.12:040][  0]LogTemp: Display: Loaded TP TVOSTargetPlatform
[2017.12.27-21.09.12:122][  0]LogTemp: Display: Loaded TP LinuxClientTargetPlatform
[2017.12.27-21.09.12:198][  0]LogTemp: Display: Loaded TP LinuxNoEditorTargetPlatform
[2017.12.27-21.09.12:272][  0]LogTemp: Display: Loaded TP LinuxServerTargetPlatform
[2017.12.27-21.09.12:354][  0]LogTemp: Display: Loaded TP LinuxTargetPlatform
[2017.12.27-21.09.12:354][  0]LogTargetPlatformManager: Display: Building Assets For Windows
[2017.12.27-21.09.13:330][  0]LogDerivedDataCache: Display: Max Cache Size: 512 MB
[2017.12.27-21.09.13:983][  0]LogDerivedDataCache: Loaded boot cache 0.65s 78MB C:/Users/Павел/AppData/Local/UnrealEngine/4.18/DerivedDataCache/Boot.ddc.
[2017.12.27-21.09.13:983][  0]LogDerivedDataCache: Display: Loaded Boot cache: C:/Users/Павел/AppData/Local/UnrealEngine/4.18/DerivedDataCache/Boot.ddc
[2017.12.27-21.09.13:983][  0]LogDerivedDataCache: FDerivedDataBackendGraph:  Pak pak cache file ../../../../../../Documents/GitHub/ResearchDisaster1/DerivedDataCache/DDC.ddp not found, will not use a pak cache.
[2017.12.27-21.09.13:983][  0]LogDerivedDataCache: Unable to find inner node Pak for hierarchical cache Hierarchy.
[2017.12.27-21.09.13:983][  0]LogDerivedDataCache: FDerivedDataBackendGraph:  CompressedPak pak cache file ../../../../../../Documents/GitHub/ResearchDisaster1/DerivedDataCache/Compressed.ddp not found, will not use a pak cache.
[2017.12.27-21.09.13:983][  0]LogDerivedDataCache: Unable to find inner node CompressedPak for hierarchical cache Hierarchy.
[2017.12.27-21.09.14:001][  0]LogDerivedDataCache: Display: Pak cache opened for reading ../../../Engine/DerivedDataCache/Compressed.ddp.
[2017.12.27-21.09.14:013][  0]LogDerivedDataCache: Using Local data cache path C:/Users/Павел/AppData/Local/UnrealEngine/Common/DerivedDataCache: Writable
[2017.12.27-21.09.14:027][  0]LogMaterial: Verifying Global Shaders for PCD3D_SM5
[2017.12.27-21.09.14:027][  0]LogSlate: Using Freetype 2.6.0
[2017.12.27-21.09.14:027][  0]LogSlate: SlateFontCache - WITH_FREETYPE: 1, WITH_HARFBUZZ: 1
[2017.12.27-21.09.14:027][  0]LogSlate: SlateFontCache - WITH_FREETYPE: 1, WITH_HARFBUZZ: 1
[2017.12.27-21.09.16:404][  0]LogInit: Selected Device Profile: [Windows]
[2017.12.27-21.09.16:936][  0]LogSimplygon: Simplygon DLL not present - disabling.
[2017.12.27-21.09.17:000][  0]LogMeshReduction: Using SimplygonSwarm for distributed automatic mesh merging
[2017.12.27-21.09.17:000][  0]LogMeshReduction: Using QuadricMeshReduction for automatic static mesh reduction
[2017.12.27-21.09.17:000][  0]LogMeshReduction: No automatic skeletal mesh reduction module available
[2017.12.27-21.09.17:000][  0]LogMeshReduction: No automatic mesh merging module available
[2017.12.27-21.09.17:000][  0]LogMeshMerging: No automatic mesh merging module available
[2017.12.27-21.09.17:034][  0]LogNetVersion: RNDYOUFUCK , NetCL: 3709383, EngineNetVer: 2, GameNetVer: 0 (Checksum: 762423528)
[2017.12.27-21.09.17:229][  0]LogAssetRegistry: FAssetRegistry took 0.0263 seconds to start up
[2017.12.27-21.09.17:889][  0]LogPackageLocalizationCache: Processed 7 localized package path(s) for 2 prioritized culture(s) in 0.126975 seconds
[2017.12.27-21.09.17:895][  0]LogUObjectArray: 35900 objects as part of root set at end of initial load.
[2017.12.27-21.09.17:895][  0]LogUObjectAllocator: 7372016 out of 0 bytes used by permanent object pool.
[2017.12.27-21.09.17:895][  0]LogUObjectArray: CloseDisregardForGC: 0/0 objects in disregard for GC pool
[2017.12.27-21.09.17:977][  0]LogInit: WinSock: version 1.1 (2.2), MaxSocks=32767, MaxUdp=65467
[2017.12.27-21.09.38:644][  0]LogTcpMessaging: Initializing TcpMessaging bridge
[2017.12.27-21.09.38:703][  0]LogUdpMessaging: Initializing bridge on interface 0.0.0.0:0 to multicast group 230.0.0.1:6666.
[2017.12.27-21.09.39:913][  0]LogMaterial: Uniform references updated for custom material expression Custom.
[2017.12.27-21.09.40:556][  0]SourceControl: Source control is disabled
[2017.12.27-21.09.40:556][  0]SourceControl: Source control is disabled
[2017.12.27-21.09.40:643][  0]SourceControl: Source control is disabled
[2017.12.27-21.09.40:720][  0]SourceControl: Source control is disabled
[2017.12.27-21.09.42:110][  0]LogAndroidPermission: UAndroidPermissionCallbackProxy::GetInstance
[2017.12.27-21.09.42:499][  0]LogOcInput: OculusInput pre-init called
[2017.12.27-21.09.42:922][  0]LogEngine: Initializing Engine...
[2017.12.27-21.09.42:926][  0]LogHMD: Failed to initialize OpenVR with code 105
[2017.12.27-21.09.43:180][  0]LogStats: UGameplayTagsManager::ConstructGameplayTagTree: Construct from data asset -  0.000 s
[2017.12.27-21.09.43:180][  0]LogStats: UGameplayTagsManager::ConstructGameplayTagTree: GameplayTagTreeChangedEvent.Broadcast -  0.000 s
[2017.12.27-21.09.43:372][  0]LogAIModule: Creating AISystem for world Untitled
[2017.12.27-21.09.43:392][  0]LogInit: XAudio2 using 'Динамики (VIA HD Audio(Win 10))' : 2 channels at 48 kHz using 32 bits per sample (channel mask 0x3)
[2017.12.27-21.09.43:407][  0]LogInit: FAudioDevice initialized.
[2017.12.27-21.09.43:556][  0]LogDerivedDataCache: Saved boot cache 0.15s 78MB C:/Users/Павел/AppData/Local/UnrealEngine/4.18/DerivedDataCache/Boot.ddc.
[2017.12.27-21.09.43:572][  0]LogInit: Texture streaming: Enabled
[2017.12.27-21.09.43:769][  0]LogEngineSessionManager: EngineSessionManager initialized
[2017.12.27-21.09.43:769][  0]LogEngineSessionManager: EngineSessionManager sent abnormal shutdown report. Type=Crashed, SessionId={AD9C9BA7-42D9-EA8E-74F5-6295DA175286}
[2017.12.27-21.09.43:942][  0]LogInit: Transaction tracking system initialized
[2017.12.27-21.09.44:399][  0]BlueprintLog: New page: Editor Load
[2017.12.27-21.09.45:787][  0]LocalizationService: Localization service is disabled
[2017.12.27-21.09.46:976][  0]LogConsoleResponse: Display: 
[2017.12.27-21.09.47:854][  0]LogCook: Display: Max memory allowance for cook 16384mb min free memory 0mb
[2017.12.27-21.09.47:855][  0]LogCook: Display: Mobile HDR setting 1
[2017.12.27-21.09.47:855][  0]LogGameplayTags: Display: UGameplayTagsManager::DoneAddingNativeTags. DelegateIsBound: 0
[2017.12.27-21.09.48:989][  0]LogFileCache: Scanning file cache for directory 'C:/Documents/GitHub/ResearchDisaster1/Content/' took 0.02s
[2017.12.27-21.09.50:331][  0]SourceControl: Source control is disabled
[2017.12.27-21.09.50:331][  0]Cmd: MAP LOAD FILE="../../../../../../Documents/GitHub/ResearchDisaster1/Content/ThirdPersonBP/Maps/ThirdPersonExampleMap.umap" TEMPLATE=0 SHOWPROGRESS=1 FEATURELEVEL=3
[2017.12.27-21.09.50:332][  0]LogEditorServer: Warning: Can't find file '../../../../../../Documents/GitHub/ResearchDisaster1/Content/ThirdPersonBP/Maps/ThirdPersonExampleMap.umap'
[2017.12.27-21.09.50:332][  0]Cmd: MAP CHECKDEP NOCLEARLOG
[2017.12.27-21.09.50:390][  0]MapCheck: Map check complete: 0 Error(s), 0 Warning(s), took 58.287ms to complete.
[2017.12.27-21.09.50:390][  0]LogFileHelpers: Loading map 'ThirdPersonExampleMap' took 0.059
[2017.12.27-21.09.50:700][  0]LogCollectionManager: Loaded 0 collections in 0.002664 seconds
[2017.12.27-21.09.50:802][  0]LogFileCache: Scanning file cache for directory 'C:/Documents/GitHub/ResearchDisaster1/Saved/Collections/' took 0.01s
[2017.12.27-21.09.50:802][  0]LogFileCache: Scanning file cache for directory 'C:/Documents/GitHub/ResearchDisaster1/Content/Developers/Pavel/Collections/' took 0.01s
[2017.12.27-21.09.50:802][  0]LogFileCache: Scanning file cache for directory 'C:/Documents/GitHub/ResearchDisaster1/Content/Collections/' took 0.01s
[2017.12.27-21.09.50:802][  0]LogCollectionManager: Rebuilt the GUID cache for 0 collections in 0.000000 seconds
[2017.12.27-21.09.50:813][  0]LogContentBrowser: Native class hierarchy populated in 0.0106 seconds. Added 2363 classes and 519 folders.
[2017.12.27-21.09.50:911][  0]LogContentBrowser: Native class hierarchy updated for 'WidgetCarousel' in 0.0003 seconds. Added 0 classes and 0 folders.
[2017.12.27-21.09.52:264][  0]LogContentBrowser: Native class hierarchy updated for 'AddContentDialog' in 0.0002 seconds. Added 0 classes and 0 folders.
[2017.12.27-21.09.52:435][  0]LogContentBrowser: Native class hierarchy updated for 'SceneOutliner' in 0.0003 seconds. Added 1 classes and 2 folders.
[2017.12.27-21.09.52:446][  0]LogSlate: Took 0.000432 seconds to synchronously load lazily loaded font '../../../Engine/Content/Slate/Fonts/Roboto-Regular.ttf' (155K)
[2017.12.27-21.09.52:450][  0]LogSlate: Took 0.000323 seconds to synchronously load lazily loaded font '../../../Engine/Content/Slate/Fonts/Roboto-Bold.ttf' (160K)
[2017.12.27-21.09.52:483][  0]LogSlate: Took 0.025055 seconds to synchronously load lazily loaded font '../../../Engine/Content/Editor/Slate/Fonts/FontAwesome.ttf' (139K)
[2017.12.27-21.09.52:642][  0]LogRenderer: Reallocating scene render targets to support 1208x724 Format 10 NumSamples 1 (Frame:1).
[2017.12.27-21.09.52:831][  0]LogContentBrowser: Native class hierarchy updated for 'HierarchicalLODOutliner' in 0.0003 seconds. Added 1 classes and 2 folders.
[2017.12.27-21.09.52:831][  0]LogLoad: (Engine Initialization) Total time: 62.63 seconds
[2017.12.27-21.09.52:831][  0]LogLoad: (Engine Initialization) Total Blueprint compile time: 0.00 seconds
[2017.12.27-21.09.52:831][  0]LogExternalProfiler: Found external profiler: VSPerf
[2017.12.27-21.09.52:831][  0]LogExternalProfiler: Using external profiler: VSPerf
[2017.12.27-21.09.53:191][  0]LogContentStreaming: Texture pool size now 1000 MB
[2017.12.27-21.09.53:518][  1]LogAssetRegistry: Asset discovery search completed in 36.3102 seconds
[2017.12.27-21.09.53:520][  1]LogCollectionManager: Rebuilt the object cache for 0 collections in 0.000000 seconds (found 0 objects)
[2017.12.27-21.09.53:520][  1]LogCollectionManager: Fixed up redirectors for 0 collections in 0.000042 seconds (updated 0 objects)
[2017.12.27-21.09.53:540][  2]LogWindowsTextInputMethodSystem: Display: IME system now deactivated.
[2017.12.27-21.09.53:540][  2]LogWindowsTextInputMethodSystem: Display: IME system now deactivated.
[2017.12.27-21.10.00:687][841]LogSlate: Took 0.007735 seconds to synchronously load lazily loaded font '../../../Engine/Content/Slate/Fonts/Roboto-Light.ttf' (159K)
[2017.12.27-21.10.01:222][841]LogAIModule: Creating AISystem for world B1
[2017.12.27-21.10.01:272][841]Cmd: MAP LOAD FILE="../../../../../../Documents/GitHub/ResearchDisaster1/Content/B1.umap" TEMPLATE=0 SHOWPROGRESS=1 FEATURELEVEL=3
[2017.12.27-21.10.01:273][841]LightingResults: New page: Lighting Build
[2017.12.27-21.10.01:326][841]LogContentBrowser: Native class hierarchy updated for 'StatsViewer' in 0.0003 seconds. Added 5 classes and 0 folders.
[2017.12.27-21.10.01:327][841]LoadErrors: New page: Loading map: B1.umap
[2017.12.27-21.10.01:328][841]MapCheck: New page: Map Check
[2017.12.27-21.10.01:328][841]LightingResults: New page: Lighting Build
[2017.12.27-21.10.01:408][841]LogEditorServer: Finished looking for orphan Actors (0.000 secs)
[2017.12.27-21.10.01:441][841]Cmd: MAP CHECKDEP NOCLEARLOG
[2017.12.27-21.10.01:501][841]MapCheck: Map check complete: 0 Error(s), 0 Warning(s), took 59.63ms to complete.
[2017.12.27-21.10.01:502][841]LogFileHelpers: Loading map 'B1' took 0.230
[2017.12.27-21.10.09:377][702]LogWindowsTextInputMethodSystem: Display: IME system now deactivated.
[2017.12.27-21.10.09:377][702]LogWindowsTextInputMethodSystem: Display: IME system now deactivated.
[2017.12.27-21.10.09:989][703]Cmd: QUIT_EDITOR
[2017.12.27-21.10.10:333][703]LogExit: Preparing to exit.
[2017.12.27-21.10.11:102][703]LogDirectoryWatcher: A directory notification for 'C:/Documents/GitHub/ResearchDisaster1/Content/' was aborted.
[2017.12.27-21.10.11:589][703]LogExit: Editor shut down
[2017.12.27-21.10.11:593][703]LogExit: Transaction tracking system shut down
[2017.12.27-21.10.12:009][703]LogDirectoryWatcher: A directory notification for '../../../Engine/Content/' was aborted.
[2017.12.27-21.10.12:009][703]LogDirectoryWatcher: A directory notification for '../../../../../../Documents/GitHub/ResearchDisaster1/Content/' was aborted.
[2017.12.27-21.10.12:009][703]LogDirectoryWatcher: A directory notification for '../../../Engine/Plugins/2D/Paper2D/Content/' was aborted.
[2017.12.27-21.10.12:009][703]LogDirectoryWatcher: A directory notification for '../../../Engine/Plugins/Media/MediaCompositing/Content/' was aborted.
[2017.12.27-21.10.12:010][703]LogDirectoryWatcher: A directory notification for '../../../Engine/Plugins/Runtime/AppleARKit/Content/' was aborted.
[2017.12.27-21.10.12:010][703]LogDirectoryWatcher: A directory notification for '../../../Engine/Plugins/Runtime/Oculus/OculusVR/Content/' was aborted.
[2017.12.27-21.10.12:010][703]LogDirectoryWatcher: A directory notification for '../../../Engine/Plugins/Runtime/Steam/SteamVR/Content/' was aborted.
[2017.12.27-21.10.14:156][703]LogExit: Object subsystem successfully closed.
[2017.12.27-21.10.14:229][703]LogD3D11RHI: Shutdown
[2017.12.27-21.10.14:247][703]LogD3D11RHI: CleanupD3DDevice
[2017.12.27-21.10.14:267][703]LogD3D11RHI: ~FD3D11DynamicRHI
[2017.12.27-21.10.15:076][703]LogModuleManager: Shutting down and abandoning module StatsViewer (548)
[2017.12.27-21.10.15:117][703]LogModuleManager: Shutting down and abandoning module HierarchicalLODOutliner (546)
[2017.12.27-21.10.15:117][703]LogModuleManager: Shutting down and abandoning module SceneOutliner (544)
[2017.12.27-21.10.15:117][703]LogModuleManager: Shutting down and abandoning module AddContentDialog (542)
[2017.12.27-21.10.15:164][703]LogDirectoryWatcher: A directory notification for 'C:/Program Files/Epic Games/UE_4.18/FeaturePacks/' was aborted.
[2017.12.27-21.10.15:165][703]LogModuleManager: Shutting down and abandoning module WidgetCarousel (541)
[2017.12.27-21.10.15:166][703]LogModuleManager: Shutting down and abandoning module EditorWidgets (538)
[2017.12.27-21.10.15:166][703]LogModuleManager: Shutting down and abandoning module CollectionManager (536)
[2017.12.27-21.10.15:169][703]LogDirectoryWatcher: A directory notification for 'C:/Documents/GitHub/ResearchDisaster1/Content/Collections/' was aborted.
[2017.12.27-21.10.15:169][703]LogDirectoryWatcher: A directory notification for 'C:/Documents/GitHub/ResearchDisaster1/Content/Developers/Pavel/Collections/' was aborted.
[2017.12.27-21.10.15:169][703]LogDirectoryWatcher: A directory notification for 'C:/Documents/GitHub/ResearchDisaster1/Saved/Collections/' was aborted.
[2017.12.27-21.10.15:169][703]LogModuleManager: Shutting down and abandoning module FoliageEdit (534)
[2017.12.27-21.10.15:176][703]LogModuleManager: Shutting down and abandoning module LandscapeEditor (532)
[2017.12.27-21.10.15:217][703]LogModuleManager: Shutting down and abandoning module MeshPaintMode (530)
[2017.12.27-21.10.15:226][703]LogModuleManager: Shutting down and abandoning module SceneDepthPickerMode (528)
[2017.12.27-21.10.15:226][703]LogModuleManager: Shutting down and abandoning module ActorPickerMode (526)
[2017.12.27-21.10.15:226][703]LogModuleManager: Shutting down and abandoning module GeometryMode (524)
[2017.12.27-21.10.15:226][703]LogModuleManager: Shutting down and abandoning module TextureAlignMode (522)
[2017.12.27-21.10.15:226][703]LogModuleManager: Shutting down and abandoning module BspMode (520)
[2017.12.27-21.10.15:226][703]LogModuleManager: Shutting down and abandoning module PIEPreviewDeviceProfileSelector (518)
[2017.12.27-21.10.15:226][703]LogModuleManager: Shutting down and abandoning module HardwareSurvey (516)
[2017.12.27-21.10.15:226][703]LogModuleManager: Shutting down and abandoning module SequenceRecorderSections (514)
[2017.12.27-21.10.15:226][703]LogModuleManager: Shutting down and abandoning module AutomationWorker (512)
[2017.12.27-21.10.15:235][703]LogModuleManager: Shutting down and abandoning module MatineeToLevelSequence (510)
[2017.12.27-21.10.15:239][703]LogModuleManager: Shutting down and abandoning module LevelSequenceEditor (508)
[2017.12.27-21.10.15:315][703]LogModuleManager: Shutting down and abandoning module PlacementMode (507)
[2017.12.27-21.10.15:315][703]LogModuleManager: Shutting down and abandoning module WmfMediaFactory (504)
[2017.12.27-21.10.15:315][703]LogModuleManager: Shutting down and abandoning module WmfMediaEditor (502)
[2017.12.27-21.10.15:315][703]LogModuleManager: Shutting down and abandoning module OpenExrWrapper (500)
[2017.12.27-21.10.15:315][703]LogModuleManager: Shutting down and abandoning module ImgMediaFactory (498)
[2017.12.27-21.10.15:315][703]LogModuleManager: Shutting down and abandoning module ImgMediaEditor (496)
[2017.12.27-21.10.15:316][703]LogModuleManager: Shutting down and abandoning module AvfMediaFactory (494)
[2017.12.27-21.10.15:316][703]LogModuleManager: Shutting down and abandoning module AvfMediaEditor (492)
[2017.12.27-21.10.15:316][703]LogModuleManager: Shutting down and abandoning module AndroidMediaFactory (490)
[2017.12.27-21.10.15:316][703]LogModuleManager: Shutting down and abandoning module AndroidMediaEditor (488)
[2017.12.27-21.10.15:316][703]LogModuleManager: Shutting down and abandoning module CharacterAI (486)
[2017.12.27-21.10.15:316][703]LogModuleManager: Shutting down and abandoning module AudioCapture (484)
[2017.12.27-21.10.15:326][703]LogModuleManager: Shutting down and abandoning module SequenceRecorder (483)
[2017.12.27-21.10.15:342][703]LogModuleManager: Shutting down and abandoning module SmartSnapping (480)
[2017.12.27-21.10.15:342][703]LogModuleManager: Shutting down and abandoning module SessionServices (478)
[2017.12.27-21.10.15:342][703]LogModuleManager: Shutting down and abandoning module ViewportSnapping (476)
[2017.12.27-21.10.15:342][703]LogModuleManager: Shutting down and abandoning module ViewportInteraction (474)
[2017.12.27-21.10.15:342][703]LogModuleManager: Shutting down and abandoning module ClothPainter (472)
[2017.12.27-21.10.15:383][703]LogModuleManager: Shutting down and abandoning module SkeletalMeshEditor (471)
[2017.12.27-21.10.15:386][703]LogModuleManager: Shutting down and abandoning module LogVisualizer (468)
[2017.12.27-21.10.15:394][703]LogModuleManager: Shutting down and abandoning module IntroTutorials (466)
[2017.12.27-21.10.15:435][703]LogModuleManager: Shutting down and abandoning module GameProjectGeneration (465)
[2017.12.27-21.10.15:450][703]LogModuleManager: Shutting down and abandoning module IOSPlatformEditor (462)
[2017.12.27-21.10.15:450][703]LogModuleManager: Shutting down and abandoning module HTML5PlatformEditor (460)
[2017.12.27-21.10.15:450][703]LogModuleManager: Shutting down and abandoning module AndroidPlatformEditor (458)
[2017.12.27-21.10.15:450][703]LogModuleManager: Shutting down and abandoning module AndroidDeviceDetection (457)
[2017.12.27-21.10.16:430][703]LogModuleManager: Shutting down and abandoning module WindowsPlatformEditor (454)
[2017.12.27-21.10.16:430][703]LogModuleManager: Shutting down and abandoning module IOSRuntimeSettings (452)
[2017.12.27-21.10.16:430][703]LogModuleManager: Shutting down and abandoning module AndroidRuntimeSettings (450)
[2017.12.27-21.10.16:430][703]LogModuleManager: Shutting down and abandoning module InputBindingEditor (448)
[2017.12.27-21.10.16:448][703]LogModuleManager: Shutting down and abandoning module MergeActors (446)
[2017.12.27-21.10.16:458][703]LogModuleManager: Shutting down and abandoning module SizeMap (444)
[2017.12.27-21.10.16:458][703]LogModuleManager: Shutting down and abandoning module TreeMap (442)
[2017.12.27-21.10.16:459][703]LogModuleManager: Shutting down and abandoning module ReferenceViewer (440)
[2017.12.27-21.10.16:459][703]LogModuleManager: Shutting down and abandoning module LocalizationDashboard (438)
[2017.12.27-21.10.16:460][703]LogModuleManager: Shutting down and abandoning module LocalizationService (437)
[2017.12.27-21.10.16:468][703]LogModuleManager: Shutting down and abandoning module HardwareTargeting (434)
[2017.12.27-21.10.16:468][703]LogModuleManager: Shutting down and abandoning module DeviceProfileEditor (432)
[2017.12.27-21.10.16:468][703]LogModuleManager: Shutting down and abandoning module UndoHistory (430)
[2017.12.27-21.10.16:468][703]LogModuleManager: Shutting down and abandoning module XmlParser (428)
[2017.12.27-21.10.16:474][703]LogModuleManager: Shutting down and abandoning module Blutility (426)
[2017.12.27-21.10.16:475][703]LogModuleManager: Shutting down and abandoning module ProjectSettingsViewer (424)
[2017.12.27-21.10.16:475][703]LogModuleManager: Shutting down and abandoning module ProjectTargetPlatformEditor (423)
[2017.12.27-21.10.16:475][703]LogModuleManager: Shutting down and abandoning module EditorSettingsViewer (420)
[2017.12.27-21.10.16:475][703]LogModuleManager: Shutting down and abandoning module SettingsEditor (418)
[2017.12.27-21.10.16:479][703]LogModuleManager: Shutting down and abandoning module ProjectLauncher (416)
[2017.12.27-21.10.16:488][703]LogModuleManager: Shutting down and abandoning module SessionFrontend (414)
[2017.12.27-21.10.16:495][703]LogModuleManager: Shutting down and abandoning module ProfilerClient (412)
[2017.12.27-21.10.16:496][703]LogModuleManager: Shutting down and abandoning module DeviceManager (410)
[2017.12.27-21.10.16:499][703]LogModuleManager: Shutting down and abandoning module TargetDeviceServices (409)
[2017.12.27-21.10.16:562][703]LogModuleManager: Shutting down and abandoning module AutomationController (406)
[2017.12.27-21.10.16:704][703]LogModuleManager: Shutting down and abandoning module AutomationWindow (404)
[2017.12.27-21.10.16:716][703]LogModuleManager: Shutting down and abandoning module Layers (402)
[2017.12.27-21.10.16:722][703]LogModuleManager: Shutting down and abandoning module ComponentVisualizers (400)
[2017.12.27-21.10.16:722][703]LogModuleManager: Shutting down and abandoning module DetailCustomizations (398)
[2017.12.27-21.10.16:728][703]LogModuleManager: Shutting down and abandoning module PackagesDialog (396)
[2017.12.27-21.10.16:738][703]LogModuleManager: Shutting down and abandoning module Persona (394)
[2017.12.27-21.10.16:751][703]LogModuleManager: Shutting down and abandoning module AdvancedPreviewScene (393)
[2017.12.27-21.10.16:751][703]LogModuleManager: Shutting down and abandoning module AnimGraph (391)
[2017.12.27-21.10.16:751][703]LogModuleManager: Shutting down and abandoning module Kismet (388)
[2017.12.27-21.10.16:770][703]LogModuleManager: Shutting down and abandoning module ClassViewer (386)
[2017.12.27-21.10.16:770][703]LogModuleManager: Shutting down and abandoning module Toolbox (384)
[2017.12.27-21.10.16:770][703]LogModuleManager: Shutting down and abandoning module ModuleUI (382)
[2017.12.27-21.10.16:780][703]LogModuleManager: Shutting down and abandoning module MovieSceneTools (380)
[2017.12.27-21.10.16:793][703]LogModuleManager: Shutting down and abandoning module OutputLog (378)
[2017.12.27-21.10.16:802][703]LogModuleManager: Shutting down and abandoning module GammaUI (376)
[2017.12.27-21.10.16:811][703]LogModuleManager: Shutting down and abandoning module Documentation (374)
[2017.12.27-21.10.16:811][703]LogModuleManager: Shutting down and abandoning module MovieSceneTracks (372)
[2017.12.27-21.10.16:811][703]LogModuleManager: Shutting down and abandoning module MovieScene (370)
[2017.12.27-21.10.16:811][703]LogModuleManager: Shutting down and abandoning module StreamingPauseRendering (368)
[2017.12.27-21.10.16:811][703]LogModuleManager: Shutting down and abandoning module LauncherPlatform (366)
[2017.12.27-21.10.16:811][703]LogModuleManager: Shutting down and abandoning module AnalyticsET (364)
[2017.12.27-21.10.16:811][703]LogModuleManager: Shutting down and abandoning module PortalServices (362)
[2017.12.27-21.10.16:811][703]LogModuleManager: Shutting down and abandoning module PortalRpc (360)
[2017.12.27-21.10.16:811][703]LogModuleManager: Shutting down and abandoning module MessagingRpc (358)
[2017.12.27-21.10.16:811][703]LogModuleManager: Shutting down and abandoning module AIModule (356)
[2017.12.27-21.10.16:811][703]LogModuleManager: Shutting down and abandoning module GameplayDebugger (355)
[2017.12.27-21.10.16:821][703]LogModuleManager: Shutting down and abandoning module AITestSuite (353)
[2017.12.27-21.10.16:829][703]LogModuleManager: Shutting down and abandoning module DesktopPlatform (350)
[2017.12.27-21.10.16:829][703]LogModuleManager: Shutting down and abandoning module ProfilerService (348)
[2017.12.27-21.10.16:978][703]LogModuleManager: Shutting down and abandoning module TaskGraph (346)
[2017.12.27-21.10.16:999][703]LogModuleManager: Shutting down and abandoning module SteamVRController (344)
[2017.12.27-21.10.16:999][703]LogModuleManager: Shutting down and abandoning module ProceduralMeshComponentEditor (342)
[2017.12.27-21.10.16:999][703]LogModuleManager: Shutting down and abandoning module ProceduralMeshComponent (340)
[2017.12.27-21.10.17:008][703]LogModuleManager: Shutting down and abandoning module OculusInput (338)
[2017.12.27-21.10.17:015][703]LogModuleManager: Shutting down and abandoning module MobilePatchingUtils (336)
[2017.12.27-21.10.17:015][703]LogModuleManager: Shutting down and abandoning module CustomMeshComponent (334)
[2017.12.27-21.10.17:015][703]LogModuleManager: Shutting down and abandoning module CableComponent (332)
[2017.12.27-21.10.17:023][703]LogModuleManager: Shutting down and abandoning module ArchVisCharacter (330)
[2017.12.27-21.10.17:023][703]LogModuleManager: Shutting down and abandoning module AndroidPermission (328)
[2017.12.27-21.10.17:023][703]LogModuleManager: Shutting down and abandoning module ActorSequence (324)
[2017.12.27-21.10.17:023][703]LogModuleManager: Shutting down and abandoning module MediaPlayerEditor (322)
[2017.12.27-21.10.17:041][703]LogModuleManager: Shutting down and abandoning module MediaCompositingEditor (320)
[2017.12.27-21.10.17:041][703]LogModuleManager: Shutting down and abandoning module MediaCompositing (318)
[2017.12.27-21.10.17:041][703]LogModuleManager: Shutting down and abandoning module HTML5Networking (316)
[2017.12.27-21.10.17:041][703]LogModuleManager: Shutting down and abandoning module AlembicImporter (314)
[2017.12.27-21.10.17:050][703]LogModuleManager: Shutting down and abandoning module AlembicLibrary (313)
[2017.12.27-21.10.17:050][703]LogModuleManager: Shutting down and abandoning module GeometryCache (312)
[2017.12.27-21.10.17:059][703]LogModuleManager: Shutting down and abandoning module GeometryCacheEd (311)
[2017.12.27-21.10.17:059][703]LogModuleManager: Shutting down and abandoning module SpeedTreeImporter (306)
[2017.12.27-21.10.17:059][703]LogModuleManager: Shutting down and abandoning module PluginBrowser (304)
[2017.12.27-21.10.17:070][703]LogModuleManager: Shutting down and abandoning module MobileLauncherProfileWizard (302)
[2017.12.27-21.10.17:086][703]LogModuleManager: Shutting down and abandoning module VisualStudioSourceCodeAccess (300)
[2017.12.27-21.10.17:086][703]LogModuleManager: Shutting down and abandoning module VisualStudioCodeSourceCodeAccess (298)
[2017.12.27-21.10.17:086][703]LogModuleManager: Shutting down and abandoning module UObjectPlugin (296)
[2017.12.27-21.10.17:086][703]LogModuleManager: Shutting down and abandoning module SubversionSourceControl (294)
[2017.12.27-21.10.17:091][703]LogModuleManager: Shutting down and abandoning module PerforceSourceControl (292)
[2017.12.27-21.10.17:098][703]LogModuleManager: Shutting down and abandoning module GitSourceControl (290)
[2017.12.27-21.10.17:109][703]LogModuleManager: Shutting down and abandoning module SourceControl (289)
[2017.12.27-21.10.17:116][703]LogModuleManager: Shutting down and abandoning module LightPropagationVolumeEditor (286)
[2017.12.27-21.10.17:116][703]LogModuleManager: Shutting down and abandoning module PaperTiledImporter (284)
[2017.12.27-21.10.17:116][703]LogModuleManager: Shutting down and abandoning module PaperSpriteSheetImporter (282)
[2017.12.27-21.10.17:116][703]LogModuleManager: Shutting down and abandoning module Paper2DEditor (280)
[2017.12.27-21.10.17:125][703]LogModuleManager: Shutting down and abandoning module MeshPaint (279)
[2017.12.27-21.10.17:132][703]LogModuleManager: Shutting down and abandoning module LevelEditor (277)
[2017.12.27-21.10.17:147][703]LogModuleManager: Shutting down and abandoning module PixelInspectorModule (276)
[2017.12.27-21.10.17:153][703]LogModuleManager: Shutting down and abandoning module MainFrame (274)
[2017.12.27-21.10.17:154][703]LogModuleManager: Shutting down and abandoning module HotReload (273)
[2017.12.27-21.10.17:161][703]LogModuleManager: Shutting down and abandoning module RuntimePhysXCooking (268)
[2017.12.27-21.10.17:161][703]LogModuleManager: Shutting down and abandoning module PhysXVehiclesEditor (266)
[2017.12.27-21.10.17:161][703]LogModuleManager: Shutting down and abandoning module PhysXVehicles (264)
[2017.12.27-21.10.17:161][703]LogModuleManager: Shutting down and abandoning module OculusEditor (262)
[2017.12.27-21.10.17:161][703]LogModuleManager: Shutting down and abandoning module LocationServicesBPLibrary (260)
[2017.12.27-21.10.17:161][703]LogModuleManager: Shutting down and abandoning module ImmediatePhysicsEditor (258)
[2017.12.27-21.10.17:161][703]LogModuleManager: Shutting down and abandoning module ImmediatePhysics (256)
[2017.12.27-21.10.17:173][703]LogModuleManager: Shutting down and abandoning module UdpMessaging (254)
[2017.12.27-21.10.17:289][703]LogModuleManager: Shutting down and abandoning module TcpMessaging (252)
[2017.12.27-21.10.17:394][703]LogModuleManager: Shutting down and abandoning module GameplayTagsEditor (250)
[2017.12.27-21.10.17:548][703]LogModuleManager: Shutting down and abandoning module FacialAnimationEditor (248)
[2017.12.27-21.10.17:548][703]LogModuleManager: Shutting down and abandoning module FacialAnimation (246)
[2017.12.27-21.10.17:548][703]LogModuleManager: Shutting down and abandoning module AssetManagerEditor (244)
[2017.12.27-21.10.17:551][703]LogModuleManager: Shutting down and abandoning module GraphEditor (243)
[2017.12.27-21.10.17:574][703]LogModuleManager: Shutting down and abandoning module ContentBrowser (241)
[2017.12.27-21.10.17:575][703]LogModuleManager: Shutting down and abandoning module LightPropagationVolumeRuntime (238)
[2017.12.27-21.10.17:575][703]LogModuleManager: Shutting down and abandoning module Paper2D (236)
[2017.12.27-21.10.17:575][703]LogModuleManager: Shutting down and abandoning module WindowsMoviePlayer (234)
[2017.12.27-21.10.17:584][703]LogModuleManager: Shutting down and abandoning module WmfMedia (232)
[2017.12.27-21.10.17:586][703]LogModuleManager: Shutting down and abandoning module ImgMedia (230)
[2017.12.27-21.10.17:586][703]LogModuleManager: Shutting down and abandoning module PacketHandler (228)
[2017.12.27-21.10.17:586][703]LogModuleManager: Shutting down and abandoning module ClothingSystemEditor (226)
[2017.12.27-21.10.17:586][703]LogModuleManager: Shutting down and abandoning module ClothingSystemRuntime (224)
[2017.12.27-21.10.17:592][703]LogModuleManager: Shutting down and abandoning module MediaAssets (222)
[2017.12.27-21.10.17:592][703]LogModuleManager: Shutting down and abandoning module Media (221)
[2017.12.27-21.10.17:598][703]LogModuleManager: Shutting down and abandoning module Overlay (218)
[2017.12.27-21.10.17:598][703]LogModuleManager: Shutting down and abandoning module OverlayEditor (217)
[2017.12.27-21.10.17:598][703]LogModuleManager: Shutting down and abandoning module VREditor (214)
[2017.12.27-21.10.17:608][703]LogModuleManager: Shutting down and abandoning module StringTableEditor (212)
[2017.12.27-21.10.17:610][703]LogModuleManager: Shutting down and abandoning module GameplayTasksEditor (210)
[2017.12.27-21.10.17:610][703]LogModuleManager: Shutting down and abandoning module BehaviorTreeEditor (208)
[2017.12.27-21.10.17:629][703]LogModuleManager: Shutting down and abandoning module FunctionalTesting (206)
[2017.12.27-21.10.17:635][703]LogModuleManager: Shutting down and abandoning module CollisionAnalyzer (204)
[2017.12.27-21.10.17:646][703]LogModuleManager: Shutting down and abandoning module WorkspaceMenuStructure (203)
[2017.12.27-21.10.17:646][703]LogModuleManager: Shutting down and abandoning module UMG (200)
[2017.12.27-21.10.17:651][703]LogModuleManager: Shutting down and abandoning module UMGEditor (199)
[2017.12.27-21.10.17:669][703]LogModuleManager: Shutting down and abandoning module Sequencer (198)
[2017.12.27-21.10.17:686][703]LogModuleManager: Shutting down and abandoning module MessageLog (195)
[2017.12.27-21.10.17:686][703]LogModuleManager: Shutting down and abandoning module SlateReflector (190)
[2017.12.27-21.10.17:706][703]LogModuleManager: Shutting down and abandoning module Slate (188)
[2017.12.27-21.10.17:706][703]LogModuleManager: Shutting down and abandoning module EditorStyle (186)
[2017.12.27-21.10.17:709][703]LogModuleManager: Shutting down and abandoning module MRMesh (184)
[2017.12.27-21.10.17:709][703]LogModuleManager: Shutting down and abandoning module SourceCodeAccess (182)
[2017.12.27-21.10.17:709][703]LogModuleManager: Shutting down and abandoning module HeadMountedDisplay (180)
[2017.12.27-21.10.17:709][703]LogModuleManager: Shutting down and abandoning module XAudio2 (178)
[2017.12.27-21.10.17:709][703]LogModuleManager: Shutting down and abandoning module Networking (176)
[2017.12.27-21.10.17:709][703]LogModuleManager: Shutting down and abandoning module Core (172)
[2017.12.27-21.10.17:709][703]LogModuleManager: Shutting down and abandoning module LevelSequence (168)
[2017.12.27-21.10.17:714][703]LogModuleManager: Shutting down and abandoning module DirectoryWatcher (166)
[2017.12.27-21.10.17:715][703]LogModuleManager: Shutting down and abandoning module KismetCompiler (164)
[2017.12.27-21.10.17:715][703]LogModuleManager: Shutting down and abandoning module MeshUtilities (162)
[2017.12.27-21.10.17:731][703]LogModuleManager: Shutting down and abandoning module MeshMergeUtilities (161)
[2017.12.27-21.10.17:735][703]LogModuleManager: Shutting down and abandoning module MeshReductionInterface (160)
[2017.12.27-21.10.17:735][703]LogModuleManager: Shutting down and abandoning module SimplygonSwarm (159)
[2017.12.27-21.10.17:741][703]LogModuleManager: Shutting down and abandoning module SimplygonMeshReduction (157)
[2017.12.27-21.10.17:741][703]LogModuleManager: Shutting down and abandoning module QuadricMeshReduction (155)
[2017.12.27-21.10.17:751][703]LogModuleManager: Shutting down and abandoning module MaterialBaking (151)
[2017.12.27-21.10.17:755][703]LogModuleManager: Shutting down and abandoning module DerivedDataCache (148)
[2017.12.27-21.10.18:067][703]LogDerivedDataCache: Shutdown
[2017.12.27-21.10.18:067][703]LogModuleManager: Shutting down and abandoning module TargetPlatform (146)
[2017.12.27-21.10.18:067][703]LogModuleManager: Shutting down and abandoning module VulkanShaderFormat (145)
[2017.12.27-21.10.18:073][703]LogModuleManager: Shutting down and abandoning module ShaderFormatVectorVM (143)
[2017.12.27-21.10.18:081][703]LogModuleManager: Shutting down and abandoning module ShaderFormatOpenGL (141)
[2017.12.27-21.10.18:094][703]LogModuleManager: Shutting down and abandoning module ShaderFormatD3D (139)
[2017.12.27-21.10.18:102][703]LogModuleManager: Shutting down and abandoning module MetalShaderFormat (137)
[2017.12.27-21.10.18:107][703]LogModuleManager: Shutting down and abandoning module TextureFormatUncompressed (135)
[2017.12.27-21.10.18:107][703]LogModuleManager: Shutting down and abandoning module TextureFormatPVR (133)
[2017.12.27-21.10.18:107][703]LogModuleManager: Shutting down and abandoning module TextureFormatDXT (131)
[2017.12.27-21.10.18:110][703]LogModuleManager: Shutting down and abandoning module TextureFormatIntelISPCTexComp (129)
[2017.12.27-21.10.18:114][703]LogModuleManager: Shutting down and abandoning module TextureFormatASTC (127)
[2017.12.27-21.10.18:114][703]LogModuleManager: Shutting down and abandoning module ImageWrapper (126)
[2017.12.27-21.10.18:114][703]LogModuleManager: Shutting down and abandoning module TextureFormatAndroid (123)
[2017.12.27-21.10.18:115][703]LogModuleManager: Shutting down and abandoning module AudioFormatOpus (121)
[2017.12.27-21.10.18:115][703]LogModuleManager: Shutting down and abandoning module AudioFormatOgg (119)
[2017.12.27-21.10.18:115][703]LogModuleManager: Shutting down and abandoning module AudioFormatADPCM (117)
[2017.12.27-21.10.18:115][703]LogModuleManager: Shutting down and abandoning module LinuxTargetPlatform (115)
[2017.12.27-21.10.18:115][703]LogModuleManager: Shutting down and abandoning module LinuxServerTargetPlatform (113)
[2017.12.27-21.10.18:115][703]LogModuleManager: Shutting down and abandoning module LinuxNoEditorTargetPlatform (111)
[2017.12.27-21.10.18:115][703]LogModuleManager: Shutting down and abandoning module LinuxClientTargetPlatform (109)
[2017.12.27-21.10.18:115][703]LogModuleManager: Shutting down and abandoning module TVOSTargetPlatform (107)
[2017.12.27-21.10.18:115][703]LogModuleManager: Shutting down and abandoning module Messaging (105)
[2017.12.27-21.10.18:115][703]LogModuleManager: Shutting down and abandoning module IOSTargetPlatform (103)
[2017.12.27-21.10.18:115][703]LogModuleManager: Shutting down and abandoning module HTML5TargetPlatform (101)
[2017.12.27-21.10.18:115][703]LogModuleManager: Shutting down and abandoning module AndroidTargetPlatform (99)
[2017.12.27-21.10.18:115][703]LogModuleManager: Shutting down and abandoning module Android_PVRTCTargetPlatform (97)
[2017.12.27-21.10.18:115][703]LogModuleManager: Shutting down and abandoning module Android_MultiTargetPlatform (95)
[2017.12.27-21.10.18:115][703]LogModuleManager: Shutting down and abandoning module Android_ETC2TargetPlatform (93)
[2017.12.27-21.10.18:115][703]LogModuleManager: Shutting down and abandoning module Android_ETC1TargetPlatform (91)
[2017.12.27-21.10.18:115][703]LogModuleManager: Shutting down and abandoning module Android_DXTTargetPlatform (89)
[2017.12.27-21.10.18:115][703]LogModuleManager: Shutting down and abandoning module Android_ATCTargetPlatform (87)
[2017.12.27-21.10.18:115][703]LogModuleManager: Shutting down and abandoning module Android_ASTCTargetPlatform (85)
[2017.12.27-21.10.18:115][703]LogModuleManager: Shutting down and abandoning module WindowsTargetPlatform (83)
[2017.12.27-21.10.18:115][703]LogModuleManager: Shutting down and abandoning module WindowsServerTargetPlatform (81)
[2017.12.27-21.10.18:115][703]LogModuleManager: Shutting down and abandoning module WindowsNoEditorTargetPlatform (79)
[2017.12.27-21.10.18:115][703]LogModuleManager: Shutting down and abandoning module WindowsClientTargetPlatform (77)
[2017.12.27-21.10.18:115][703]LogModuleManager: Shutting down and abandoning module MacTargetPlatform (75)
[2017.12.27-21.10.18:115][703]LogModuleManager: Shutting down and abandoning module MacServerTargetPlatform (73)
[2017.12.27-21.10.18:115][703]LogModuleManager: Shutting down and abandoning module MacNoEditorTargetPlatform (71)
[2017.12.27-21.10.18:115][703]LogModuleManager: Shutting down and abandoning module MacClientTargetPlatform (69)
[2017.12.27-21.10.18:115][703]LogModuleManager: Shutting down and abandoning module AllDesktopTargetPlatform (67)
[2017.12.27-21.10.18:115][703]LogModuleManager: Shutting down and abandoning module InputCore (64)
[2017.12.27-21.10.18:115][703]LogModuleManager: Shutting down and abandoning module Settings (62)
[2017.12.27-21.10.18:115][703]LogModuleManager: Shutting down and abandoning module PhysXCooking (60)
[2017.12.27-21.10.18:115][703]LogModuleManager: Shutting down and abandoning module SteamVR (58)
[2017.12.27-21.10.18:115][703]LogModuleManager: Shutting down and abandoning module OculusHMD (56)
[2017.12.27-21.10.18:120][703]LogModuleManager: Shutting down and abandoning module ExampleDeviceProfileSelector (54)
[2017.12.27-21.10.18:120][703]LogModuleManager: Shutting down and abandoning module AppleARKit (52)
[2017.12.27-21.10.18:120][703]LogModuleManager: Shutting down and abandoning module AugmentedReality (51)
[2017.12.27-21.10.18:120][703]LogModuleManager: Shutting down and abandoning module OnlineBlueprintSupport (48)
[2017.12.27-21.10.18:120][703]LogModuleManager: Shutting down and abandoning module OnlineSubsystem (44)
[2017.12.27-21.10.18:144][703]LogModuleManager: Shutting down and abandoning module XMPP (43)
[2017.12.27-21.10.18:155][703]LogModuleManager: Shutting down and abandoning module HTTP (41)
[2017.12.27-21.10.18:155][703]LogHttp: Display: Http module shutting down, but needs to wait on 1 outstanding Http requests:
[2017.12.27-21.10.18:164][703]LogHttp: Display: 	verb=[POST] url=[https://datarouter.ol.epicgames.com/datarouter/api/v1/public/data?SessionID=%7B01ECC2EB-47FB-9AAD-CDC5-909B732F347E%7D&AppID=UEEditor.Rocket.Release&AppVersion=4.18.2-3794801%2B%2B%2BUE4%2BRelease-4.18&UserID=8e325ac34c0346e8ef308a979e34b533%7C8c65940194ba4b4abca504ce05b9e393%7C03b00af2-5cc2-4280-a0db-ed51caae0bf4&AppEnvironment=datacollector-binary&UploadType=eteventstream] status=Processing
[2017.12.27-21.10.18:180][703]LogModuleManager: Shutting down and abandoning module SSL (40)
[2017.12.27-21.10.18:186][703]LogModuleManager: Shutting down and abandoning module AnimationModifiers (36)
[2017.12.27-21.10.18:193][703]LogModuleManager: Shutting down and abandoning module PropertyEditor (35)
[2017.12.27-21.10.18:193][703]LogModuleManager: Shutting down and abandoning module AudioEditor (32)
[2017.12.27-21.10.18:202][703]LogModuleManager: Shutting down and abandoning module TextureCompressor (30)
[2017.12.27-21.10.18:213][703]LogModuleManager: Shutting down and abandoning module ShaderCore (28)
[2017.12.27-21.10.18:213][703]LogModuleManager: Shutting down and abandoning module Landscape (26)
[2017.12.27-21.10.18:213][703]LogModuleManager: Shutting down and abandoning module SlateRHIRenderer (24)
[2017.12.27-21.10.18:225][703]LogModuleManager: Shutting down and abandoning module OpenGLDrv (22)
[2017.12.27-21.10.18:231][703]LogModuleManager: Shutting down and abandoning module D3D11RHI (20)
[2017.12.27-21.10.18:231][703]LogModuleManager: Shutting down and abandoning module AnimGraphRuntime (18)
[2017.12.27-21.10.18:239][703]LogModuleManager: Shutting down and abandoning module Renderer (16)
[2017.12.27-21.10.18:239][703]LogModuleManager: Shutting down and abandoning module Engine (14)
[2017.12.27-21.10.18:253][703]LogModuleManager: Shutting down and abandoning module CoreUObject (12)
[2017.12.27-21.10.18:253][703]LogModuleManager: Shutting down and abandoning module NetworkFile (10)
[2017.12.27-21.10.18:253][703]LogModuleManager: Shutting down and abandoning module CookedIterativeFile (8)
[2017.12.27-21.10.18:253][703]LogModuleManager: Shutting down and abandoning module StreamingFile (6)
[2017.12.27-21.10.18:253][703]LogModuleManager: Shutting down and abandoning module SandboxFile (4)
[2017.12.27-21.10.18:253][703]LogModuleManager: Shutting down and abandoning module PakFile (2)
[2017.12.27-21.10.18:278][703]LogExit: Exiting.
[2017.12.27-21.10.18:291][703]Log file closed, 12/28/17 02:10:18
