Log file open, 01/03/18 23:07:36
LogWindows: Failed to load 'aqProf.dll' (GetLastError=126)
LogWindows: File 'aqProf.dll' does not exist
LogWindows: Failed to load 'VtuneApi.dll' (GetLastError=126)
LogWindows: File 'VtuneApi.dll' does not exist
LogWindows: Failed to load 'VtuneApi32e.dll' (GetLastError=126)
LogWindows: File 'VtuneApi32e.dll' does not exist
LogInit: Display: Running engine for game: RNDYOUFUCK
LogPlatformFile: Not using cached read wrapper
LogInit: Display: RandInit(769451117) SRandInit(769451117).
LogInit: Read version file with build ID '3709383'
LogInit: Overriding engine version to CL 3794801, compatible CL 3709383
LogInit: Registered custom module enumerator with build ID '3709383'
LogTaskGraph: Started task graph with 5 named threads and 14 total threads with 3 sets of task threads.
LogStats: Stats thread started at 0.180187
LogD3D11RHI: Aftermath initialized
LogModuleManager: Display: Found up-to-date module file ../../../../Disaster/ResearchDisaster/Plugins/VictoryPlug/Binaries/Win64/UE4Editor-VictoryBPLibrary.dll (API version 3709383).
LogModuleManager: Display: Found up-to-date module file ../../../Engine/Plugins/Runtime/ApexDestruction/Binaries/Win64/UE4Editor-ApexDestruction.dll (API version 3709383).
LogModuleManager: Display: Found up-to-date module file ../../../Engine/Plugins/Runtime/ApexDestruction/Binaries/Win64/UE4Editor-ApexDestructionEditor.dll (API version 3709383).
LogModuleManager: Display: Found up-to-date module file ../../../Engine/Plugins/Marketplace/Substance/Binaries/Win64/UE4Editor-SubstanceCore.dll (API version 3709383).
LogModuleManager: Display: Found up-to-date module file ../../../Engine/Plugins/Marketplace/Substance/Binaries/Win64/UE4Editor-SubstanceEditor.dll (API version 3709383).
LogModuleManager: Display: Found up-to-date module file ../../../Engine/Plugins/Marketplace/Substance/Binaries/Win64/UE4Editor-SubstanceSource.dll (API version 3709383).
LogModuleManager: Display: Found up-to-date module file ../../../Engine/Plugins/Marketplace/Substance/Binaries/Win64/UE4Editor-SubstanceLiveLink.dll (API version 3709383).
LogModuleManager: Display: Found up-to-date module file ../../../Engine/Plugins/2D/Paper2D/Binaries/Win64/UE4Editor-Paper2D.dll (API version 3709383).
LogModuleManager: Display: Found up-to-date module file ../../../Engine/Plugins/2D/Paper2D/Binaries/Win64/UE4Editor-Paper2DEditor.dll (API version 3709383).
LogModuleManager: Display: Found up-to-date module file ../../../Engine/Plugins/2D/Paper2D/Binaries/Win64/UE4Editor-PaperSpriteSheetImporter.dll (API version 3709383).
LogModuleManager: Display: Found up-to-date module file ../../../Engine/Plugins/2D/Paper2D/Binaries/Win64/UE4Editor-PaperTiledImporter.dll (API version 3709383).
LogModuleManager: Display: Found up-to-date module file ../../../Engine/Plugins/2D/Paper2D/Binaries/Win64/UE4Editor-SmartSnapping.dll (API version 3709383).
LogModuleManager: Display: Found up-to-date module file ../../../Engine/Plugins/Blendables/LightPropagationVolume/Binaries/Win64/UE4Editor-LightPropagationVolumeRuntime.dll (API version 3709383).
LogModuleManager: Display: Found up-to-date module file ../../../Engine/Plugins/Blendables/LightPropagationVolume/Binaries/Win64/UE4Editor-LightPropagationVolumeEditor.dll (API version 3709383).
LogModuleManager: Display: Found up-to-date module file ../../../Engine/Plugins/Developer/GitSourceControl/Binaries/Win64/UE4Editor-GitSourceControl.dll (API version 3709383).
LogModuleManager: Display: Found up-to-date module file ../../../Engine/Plugins/Developer/PerforceSourceControl/Binaries/Win64/UE4Editor-PerforceSourceControl.dll (API version 3709383).
LogModuleManager: Display: Found up-to-date module file ../../../Engine/Plugins/Developer/SubversionSourceControl/Binaries/Win64/UE4Editor-SubversionSourceControl.dll (API version 3709383).
LogModuleManager: Display: Found up-to-date module file ../../../Engine/Plugins/Developer/UObjectPlugin/Binaries/Win64/UE4Editor-UObjectPlugin.dll (API version 3709383).
LogModuleManager: Display: Found up-to-date module file ../../../Engine/Plugins/Developer/VisualStudioCodeSourceCodeAccess/Binaries/Win64/UE4Editor-VisualStudioCodeSourceCodeAccess.dll (API version 3709383).
LogModuleManager: Display: Found up-to-date module file ../../../Engine/Plugins/Developer/VisualStudioSourceCodeAccess/Binaries/Win64/UE4Editor-VisualStudioSourceCodeAccess.dll (API version 3709383).
LogModuleManager: Display: Found up-to-date module file ../../../Engine/Plugins/Editor/AssetManagerEditor/Binaries/Win64/UE4Editor-AssetManagerEditor.dll (API version 3709383).
LogModuleManager: Display: Found up-to-date module file ../../../Engine/Plugins/Editor/AudioCapture/Binaries/Win64/UE4Editor-AudioCapture.dll (API version 3709383).
LogModuleManager: Display: Found up-to-date module file ../../../Engine/Plugins/Editor/FacialAnimation/Binaries/Win64/UE4Editor-FacialAnimation.dll (API version 3709383).
LogModuleManager: Display: Found up-to-date module file ../../../Engine/Plugins/Editor/FacialAnimation/Binaries/Win64/UE4Editor-FacialAnimationEditor.dll (API version 3709383).
LogModuleManager: Display: Found up-to-date module file ../../../Engine/Plugins/Editor/GameplayTagsEditor/Binaries/Win64/UE4Editor-GameplayTagsEditor.dll (API version 3709383).
LogModuleManager: Display: Found up-to-date module file ../../../Engine/Plugins/Editor/MobileLauncherProfileWizard/Binaries/Win64/UE4Editor-MobileLauncherProfileWizard.dll (API version 3709383).
LogModuleManager: Display: Found up-to-date module file ../../../Engine/Plugins/Editor/PluginBrowser/Binaries/Win64/UE4Editor-PluginBrowser.dll (API version 3709383).
LogModuleManager: Display: Found up-to-date module file ../../../Engine/Plugins/Editor/SpeedTreeImporter/Binaries/Win64/UE4Editor-SpeedTreeImporter.dll (API version 3709383).
LogModuleManager: Display: Found up-to-date module file ../../../Engine/Plugins/Experimental/AlembicImporter/Binaries/Win64/UE4Editor-AlembicImporter.dll (API version 3709383).
LogModuleManager: Display: Found up-to-date module file ../../../Engine/Plugins/Experimental/AlembicImporter/Binaries/Win64/UE4Editor-AlembicLibrary.dll (API version 3709383).
LogModuleManager: Display: Found up-to-date module file ../../../Engine/Plugins/Experimental/CharacterAI/Binaries/Win64/UE4Editor-CharacterAI.dll (API version 3709383).
LogModuleManager: Display: Found up-to-date module file ../../../Engine/Plugins/Experimental/HTML5Networking/Binaries/Win64/UE4Editor-HTML5Networking.dll (API version 3709383).
LogModuleManager: Display: Found up-to-date module file ../../../Engine/Plugins/Media/AndroidMedia/Binaries/Win64/UE4Editor-AndroidMediaEditor.dll (API version 3709383).
LogModuleManager: Display: Found up-to-date module file ../../../Engine/Plugins/Media/AndroidMedia/Binaries/Win64/UE4Editor-AndroidMediaFactory.dll (API version 3709383).
LogModuleManager: Display: Found up-to-date module file ../../../Engine/Plugins/Media/AvfMedia/Binaries/Win64/UE4Editor-AvfMediaEditor.dll (API version 3709383).
LogModuleManager: Display: Found up-to-date module file ../../../Engine/Plugins/Media/AvfMedia/Binaries/Win64/UE4Editor-AvfMediaFactory.dll (API version 3709383).
LogModuleManager: Display: Found up-to-date module file ../../../Engine/Plugins/Media/AvfMedia/Binaries/Win64/UE4Editor-AvfMediaFactory.dll (API version 3709383).
LogModuleManager: Display: Found up-to-date module file ../../../Engine/Plugins/Media/ImgMedia/Binaries/Win64/UE4Editor-ImgMedia.dll (API version 3709383).
LogModuleManager: Display: Found up-to-date module file ../../../Engine/Plugins/Media/ImgMedia/Binaries/Win64/UE4Editor-ImgMediaEditor.dll (API version 3709383).
LogModuleManager: Display: Found up-to-date module file ../../../Engine/Plugins/Media/ImgMedia/Binaries/Win64/UE4Editor-ImgMediaFactory.dll (API version 3709383).
LogModuleManager: Display: Found up-to-date module file ../../../Engine/Plugins/Media/ImgMedia/Binaries/Win64/UE4Editor-ImgMediaFactory.dll (API version 3709383).
LogModuleManager: Display: Found up-to-date module file ../../../Engine/Plugins/Media/ImgMedia/Binaries/Win64/UE4Editor-OpenExrWrapper.dll (API version 3709383).
LogModuleManager: Display: Found up-to-date module file ../../../Engine/Plugins/Media/MediaCompositing/Binaries/Win64/UE4Editor-MediaCompositing.dll (API version 3709383).
LogModuleManager: Display: Found up-to-date module file ../../../Engine/Plugins/Media/MediaCompositing/Binaries/Win64/UE4Editor-MediaCompositingEditor.dll (API version 3709383).
LogModuleManager: Display: Found up-to-date module file ../../../Engine/Plugins/Media/MediaPlayerEditor/Binaries/Win64/UE4Editor-MediaPlayerEditor.dll (API version 3709383).
LogModuleManager: Display: Found up-to-date module file ../../../Engine/Plugins/Media/WmfMedia/Binaries/Win64/UE4Editor-WmfMedia.dll (API version 3709383).
LogModuleManager: Display: Found up-to-date module file ../../../Engine/Plugins/Media/WmfMedia/Binaries/Win64/UE4Editor-WmfMediaEditor.dll (API version 3709383).
LogModuleManager: Display: Found up-to-date module file ../../../Engine/Plugins/Media/WmfMedia/Binaries/Win64/UE4Editor-WmfMediaFactory.dll (API version 3709383).
LogModuleManager: Display: Found up-to-date module file ../../../Engine/Plugins/Media/WmfMedia/Binaries/Win64/UE4Editor-WmfMediaFactory.dll (API version 3709383).
LogModuleManager: Display: Found up-to-date module file ../../../Engine/Plugins/Messaging/TcpMessaging/Binaries/Win64/UE4Editor-TcpMessaging.dll (API version 3709383).
LogModuleManager: Display: Found up-to-date module file ../../../Engine/Plugins/Messaging/UdpMessaging/Binaries/Win64/UE4Editor-UdpMessaging.dll (API version 3709383).
LogModuleManager: Display: Found up-to-date module file ../../../Engine/Plugins/MovieScene/ActorSequence/Binaries/Win64/UE4Editor-ActorSequence.dll (API version 3709383).
LogModuleManager: Display: Found up-to-date module file ../../../Engine/Plugins/MovieScene/LevelSequenceEditor/Binaries/Win64/UE4Editor-LevelSequenceEditor.dll (API version 3709383).
LogModuleManager: Display: Found up-to-date module file ../../../Engine/Plugins/MovieScene/MatineeToLevelSequence/Binaries/Win64/UE4Editor-MatineeToLevelSequence.dll (API version 3709383).
LogModuleManager: Display: Found up-to-date module file ../../../Engine/Plugins/Online/OnlineSubsystem/Binaries/Win64/UE4Editor-OnlineSubsystem.dll (API version 3709383).
LogModuleManager: Display: Found up-to-date module file ../../../Engine/Plugins/Runtime/AndroidPermission/Binaries/Win64/UE4Editor-AndroidPermission.dll (API version 3709383).
LogModuleManager: Display: Found up-to-date module file ../../../Engine/Plugins/Online/OnlineSubsystemNull/Binaries/Win64/UE4Editor-OnlineSubsystemNull.dll (API version 3709383).
LogModuleManager: Display: Found up-to-date module file ../../../Engine/Plugins/Online/OnlineSubsystemUtils/Binaries/Win64/UE4Editor-OnlineSubsystemUtils.dll (API version 3709383).
LogModuleManager: Display: Found up-to-date module file ../../../Engine/Plugins/Online/OnlineSubsystemUtils/Binaries/Win64/UE4Editor-OnlineBlueprintSupport.dll (API version 3709383).
LogModuleManager: Display: Found up-to-date module file ../../../Engine/Plugins/Runtime/AndroidDeviceProfileSelector/Binaries/Win64/UE4Editor-AndroidDeviceProfileSelector.dll (API version 3709383).
LogModuleManager: Display: Found up-to-date module file ../../../Engine/Plugins/Runtime/AppleARKit/Binaries/Win64/UE4Editor-AppleARKit.dll (API version 3709383).
LogModuleManager: Display: Found up-to-date module file ../../../Engine/Plugins/Runtime/ArchVisCharacter/Binaries/Win64/UE4Editor-ArchVisCharacter.dll (API version 3709383).
LogModuleManager: Display: Found up-to-date module file ../../../Engine/Plugins/Runtime/CableComponent/Binaries/Win64/UE4Editor-CableComponent.dll (API version 3709383).
LogModuleManager: Display: Found up-to-date module file ../../../Engine/Plugins/Runtime/CustomMeshComponent/Binaries/Win64/UE4Editor-CustomMeshComponent.dll (API version 3709383).
LogModuleManager: Display: Found up-to-date module file ../../../Engine/Plugins/Runtime/ExampleDeviceProfileSelector/Binaries/Win64/UE4Editor-ExampleDeviceProfileSelector.dll (API version 3709383).
LogModuleManager: Display: Found up-to-date module file ../../../Engine/Plugins/Runtime/ImmediatePhysics/Binaries/Win64/UE4Editor-ImmediatePhysics.dll (API version 3709383).
LogModuleManager: Display: Found up-to-date module file ../../../Engine/Plugins/Runtime/ImmediatePhysics/Binaries/Win64/UE4Editor-ImmediatePhysicsEditor.dll (API version 3709383).
LogModuleManager: Display: Found up-to-date module file ../../../Engine/Plugins/Runtime/LocationServicesBPLibrary/Binaries/Win64/UE4Editor-LocationServicesBPLibrary.dll (API version 3709383).
LogModuleManager: Display: Found up-to-date module file ../../../Engine/Plugins/Runtime/MobilePatchingUtils/Binaries/Win64/UE4Editor-MobilePatchingUtils.dll (API version 3709383).
LogModuleManager: Display: Found up-to-date module file ../../../Engine/Plugins/Runtime/Oculus/OculusVR/Binaries/Win64/UE4Editor-OculusHMD.dll (API version 3709383).
LogModuleManager: Display: Found up-to-date module file ../../../Engine/Plugins/Runtime/Oculus/OculusVR/Binaries/Win64/UE4Editor-OculusInput.dll (API version 3709383).
LogModuleManager: Display: Found up-to-date module file ../../../Engine/Plugins/Runtime/Oculus/OculusVR/Binaries/Win64/UE4Editor-OculusEditor.dll (API version 3709383).
LogModuleManager: Display: Found up-to-date module file ../../../Engine/Plugins/Runtime/PhysXVehicles/Binaries/Win64/UE4Editor-PhysXVehicles.dll (API version 3709383).
LogModuleManager: Display: Found up-to-date module file ../../../Engine/Plugins/Runtime/PhysXVehicles/Binaries/Win64/UE4Editor-PhysXVehiclesEditor.dll (API version 3709383).
LogModuleManager: Display: Found up-to-date module file ../../../Engine/Plugins/Runtime/ProceduralMeshComponent/Binaries/Win64/UE4Editor-ProceduralMeshComponent.dll (API version 3709383).
LogModuleManager: Display: Found up-to-date module file ../../../Engine/Plugins/Runtime/ProceduralMeshComponent/Binaries/Win64/UE4Editor-ProceduralMeshComponentEditor.dll (API version 3709383).
LogModuleManager: Display: Found up-to-date module file ../../../Engine/Plugins/Runtime/RuntimePhysXCooking/Binaries/Win64/UE4Editor-RuntimePhysXCooking.dll (API version 3709383).
LogModuleManager: Display: Found up-to-date module file ../../../Engine/Plugins/Runtime/Steam/SteamVR/Binaries/Win64/UE4Editor-SteamVR.dll (API version 3709383).
LogModuleManager: Display: Found up-to-date module file ../../../Engine/Plugins/Runtime/Steam/SteamVR/Binaries/Win64/UE4Editor-SteamVRController.dll (API version 3709383).
LogModuleManager: Display: Found up-to-date module file ../../../Engine/Plugins/Runtime/WindowsMoviePlayer/Binaries/Win64/UE4Editor-WindowsMoviePlayer.dll (API version 3709383).
LogPluginManager: Mounting plugin Paper2D
LogPluginManager: Mounting plugin LightPropagationVolume
LogPluginManager: Mounting plugin CodeLiteSourceCodeAccess
LogPluginManager: Mounting plugin GitSourceControl
LogPluginManager: Mounting plugin KDevelopSourceCodeAccess
LogPluginManager: Mounting plugin NullSourceCodeAccess
LogPluginManager: Mounting plugin PerforceSourceControl
LogPluginManager: Mounting plugin SubversionSourceControl
LogPluginManager: Mounting plugin UObjectPlugin
LogPluginManager: Mounting plugin VisualStudioCodeSourceCodeAccess
LogPluginManager: Mounting plugin VisualStudioSourceCodeAccess
LogPluginManager: Mounting plugin XCodeSourceCodeAccess
LogPluginManager: Mounting plugin AssetManagerEditor
LogPluginManager: Mounting plugin AudioCapture
LogPluginManager: Mounting plugin FacialAnimation
LogPluginManager: Mounting plugin GameplayTagsEditor
LogPluginManager: Mounting plugin MobileLauncherProfileWizard
LogPluginManager: Mounting plugin PluginBrowser
LogPluginManager: Mounting plugin SpeedTreeImporter
LogPluginManager: Mounting plugin AlembicImporter
LogPluginManager: Mounting plugin CharacterAI
LogPluginManager: Mounting plugin HTML5Networking
LogPluginManager: Mounting plugin Substance
LogPluginManager: Mounting plugin AndroidMedia
LogPluginManager: Mounting plugin AvfMedia
LogPluginManager: Mounting plugin ImgMedia
LogPluginManager: Mounting plugin MediaCompositing
LogPluginManager: Mounting plugin MediaPlayerEditor
LogPluginManager: Mounting plugin WmfMedia
LogPluginManager: Mounting plugin TcpMessaging
LogPluginManager: Mounting plugin UdpMessaging
LogPluginManager: Mounting plugin ActorSequence
LogPluginManager: Mounting plugin LevelSequenceEditor
LogPluginManager: Mounting plugin MatineeToLevelSequence
LogPluginManager: Mounting plugin OnlineSubsystemGooglePlay
LogPluginManager: Mounting plugin OnlineSubsystemIOS
LogPluginManager: Mounting plugin OnlineSubsystem
LogPluginManager: Mounting plugin OnlineSubsystemNull
LogPluginManager: Mounting plugin OnlineSubsystemUtils
LogPluginManager: Mounting plugin AndroidDeviceProfileSelector
LogPluginManager: Mounting plugin AndroidMoviePlayer
LogPluginManager: Mounting plugin AndroidPermission
LogPluginManager: Mounting plugin ApexDestruction
LogPluginManager: Mounting plugin AppleARKit
LogPluginManager: Mounting plugin AppleMoviePlayer
LogPluginManager: Mounting plugin ArchVisCharacter
LogPluginManager: Mounting plugin CableComponent
LogPluginManager: Mounting plugin CustomMeshComponent
LogPluginManager: Mounting plugin ExampleDeviceProfileSelector
LogPluginManager: Mounting plugin GoogleCloudMessaging
LogPluginManager: Mounting plugin ImmediatePhysics
LogPluginManager: Mounting plugin IOSDeviceProfileSelector
LogPluginManager: Mounting plugin LinuxDeviceProfileSelector
LogPluginManager: Mounting plugin LocationServicesBPLibrary
LogPluginManager: Mounting plugin MobilePatchingUtils
LogPluginManager: Mounting plugin OculusVR
LogPluginManager: Plugin shader directory ../../../Engine/Plugins/Runtime/Oculus/OculusVR/Shaders found
LogPluginManager: Mapping shader source directory ../../../Engine/Plugins/Runtime/Oculus/OculusVR/Shaders to virtual directory /Plugin/OculusVR
LogPluginManager: Mounting plugin PhysXVehicles
LogPluginManager: Mounting plugin ProceduralMeshComponent
LogPluginManager: Mounting plugin RuntimePhysXCooking
LogPluginManager: Mounting plugin SteamVR
LogPluginManager: Mounting plugin WindowsMoviePlayer
LogPluginManager: Mounting plugin VictoryBPLibrary
LogPluginManager: Mounting plugin VictoryPlug1
LogInit: Using libcurl 7.47.1
LogInit:  - built for x86_64-pc-win32
LogInit:  - supports SSL with OpenSSL/1.0.2g
LogInit:  - supports HTTP deflate (compression) using libz 1.2.8
LogInit:  - other features:
LogInit:      CURL_VERSION_SSL
LogInit:      CURL_VERSION_LIBZ
LogInit:      CURL_VERSION_IPV6
LogInit:      CURL_VERSION_ASYNCHDNS
LogInit:      CURL_VERSION_LARGEFILE
LogInit:      CURL_VERSION_IDN
LogInit:  CurlRequestOptions (configurable via config and command line):
LogInit:  - bVerifyPeer = false  - Libcurl will NOT verify peer certificate
LogInit:  - bUseHttpProxy = false  - Libcurl will NOT use HTTP proxy
LogInit:  - bDontReuseConnections = false  - Libcurl will reuse connections
LogInit:  - CertBundlePath = nullptr  - Libcurl will use whatever was configured at build time.
LogInit: Build: ++UE4+Release-4.18-CL-3794801
LogInit: Engine Version: 4.18.2-3794801+++UE4+Release-4.18
LogInit: Compatible Engine Version: 4.18.0-3709383+++UE4+Release-4.18
LogInit: Net CL: 3709383
LogDevObjectVersion: Number of dev versions registered: 16
LogDevObjectVersion:   Dev-Blueprints (B0D832E4-1F89-4F0D-ACCF-7EB736FD4AA2): 10
LogDevObjectVersion:   Dev-Build (E1C64328-A22C-4D53-A36C-8E866417BD8C): 0
LogDevObjectVersion:   Dev-Core (375EC13C-06E4-48FB-B500-84F0262A717E): 2
LogDevObjectVersion:   Dev-Editor (E4B068ED-F494-42E9-A231-DA0B2E46BB41): 20
LogDevObjectVersion:   Dev-Framework (CFFC743F-43B0-4480-9391-14DF171D2073): 30
LogDevObjectVersion:   Dev-Mobile (B02B49B5-BB20-44E9-A304-32B752E40360): 0
LogDevObjectVersion:   Dev-Networking (A4E4105C-59A1-49B5-A7C5-40C4547EDFEE): 0
LogDevObjectVersion:   Dev-Online (39C831C9-5AE6-47DC-9A44-9C173E1C8E7C): 0
LogDevObjectVersion:   Dev-Physics (78F01B33-EBEA-4F98-B9B4-84EACCB95AA2): 0
LogDevObjectVersion:   Dev-Platform (6631380F-2D4D-43E0-8009-CF276956A95A): 0
LogDevObjectVersion:   Dev-Rendering (12F88B9F-8875-4AFC-A67C-D90C383ABD29): 20
LogDevObjectVersion:   Dev-Sequencer (7B5AE74C-D270-4C10-A958-57980B212A5A): 4
LogDevObjectVersion:   Dev-VR (D7296918-1DD6-4BDD-9DE2-64A83CC13884): 0
LogDevObjectVersion:   Dev-LoadTimes (C2A15278-BFE7-4AFE-6C17-90FF531DF755): 1
LogDevObjectVersion:   Private-Geometry (6EACA3D4-40EC-4CC1-B786-8BED09428FC5): 1
LogDevObjectVersion:   Dev-AnimPhys (29E575DD-E0A3-4627-9D10-D276232CDCEA): 12
LogInit: Compiled (64-bit): Dec  8 2017 02:04:53
LogInit: Compiled with Visual C++: 19.00.24215.01
LogInit: Build Configuration: Development
LogInit: Branch Name: ++UE4+Release-4.18
LogInit: Command line:  
LogInit: Base directory: F:/UE_4.18/Engine/Binaries/Win64/
LogInit: Installed Engine Build: 1
LogInit: Presizing for max 8388607 objects, including 0 objects not considered by GC, pre-allocating 0 bytes for permanent pool.
LogInit: Object subsystem initialized
[2018.01.03-20.07.38:787][  0]LogInit: Selected Device Profile: [Windows]
[2018.01.03-20.07.38:788][  0]LogInit: Applying CVar settings loaded from the selected device profile: [Windows]
[2018.01.03-20.07.38:853][  0]LogInit: Computer: 1111-1
[2018.01.03-20.07.38:853][  0]LogInit: User: 111
[2018.01.03-20.07.38:853][  0]LogInit: CPU Page size=4096, Cores=4
[2018.01.03-20.07.38:853][  0]LogInit: High frequency timer resolution =3.036262 MHz
[2018.01.03-20.07.38:853][  0]LogMemory: Memory total: Physical=15.9GB (16GB approx)
[2018.01.03-20.07.38:853][  0]LogMemory: Platform Memory Stats for Windows
[2018.01.03-20.07.38:853][  0]LogMemory: Process Physical Memory: 271.99 MB used, 271.99 MB peak
[2018.01.03-20.07.38:853][  0]LogMemory: Process Virtual Memory: 269.38 MB used, 269.38 MB peak
[2018.01.03-20.07.38:853][  0]LogMemory: Physical Memory: 6300.66 MB used,  10025.56 MB free, 16326.22 MB total
[2018.01.03-20.07.38:853][  0]LogMemory: Virtual Memory: 676.80 MB used,  10025.56 MB free, 134217728.00 MB total
[2018.01.03-20.07.39:022][  0]LogInit: Using OS detected language (ru-RU).
[2018.01.03-20.07.39:022][  0]LogInit: Using OS detected locale (ru-RU).
[2018.01.03-20.07.39:216][  0]LogTextLocalizationManager: No localization for 'ru-RU' exists, so 'en' will be used for the language.
[2018.01.03-20.07.39:216][  0]LogTextLocalizationManager: No localization for 'ru-RU' exists, so 'en' will be used for the locale.
[2018.01.03-20.07.40:140][  0]LogInit: Setting process to per monitor DPI aware
[2018.01.03-20.07.43:680][  0]LogD3D11RHI: D3D11 adapters:
[2018.01.03-20.07.43:776][  0]LogD3D11RHI:    0. 'NVIDIA GeForce GTX 750 Ti' (Feature Level 11_0)
[2018.01.03-20.07.43:776][  0]LogD3D11RHI:       2017/0/8163 MB DedicatedVideo/DedicatedSystem/SharedSystem, Outputs:1, VendorId:0x10de
[2018.01.03-20.07.43:778][  0]LogD3D11RHI:    1. 'Microsoft Basic Render Driver' (Feature Level 11_0)
[2018.01.03-20.07.43:778][  0]LogD3D11RHI:       0/0/8163 MB DedicatedVideo/DedicatedSystem/SharedSystem, Outputs:0, VendorId:0x1414
[2018.01.03-20.07.43:778][  0]LogD3D11RHI: Chosen D3D11 Adapter: 0
[2018.01.03-20.07.43:785][  0]LogD3D11RHI: Creating new Direct3DDevice
[2018.01.03-20.07.43:785][  0]LogD3D11RHI:     GPU DeviceId: 0x1380 (for the marketing name, search the web for "GPU Device Id")
[2018.01.03-20.07.43:785][  0]LogWindows: EnumDisplayDevices:
[2018.01.03-20.07.43:785][  0]LogWindows:    0. 'NVIDIA GeForce GTX 750 Ti' (P:1 D:1)
[2018.01.03-20.07.43:785][  0]LogWindows:    1. 'NVIDIA GeForce GTX 750 Ti' (P:0 D:0)
[2018.01.03-20.07.43:785][  0]LogWindows:    2. 'NVIDIA GeForce GTX 750 Ti' (P:0 D:0)
[2018.01.03-20.07.43:786][  0]LogWindows:    3. 'NVIDIA GeForce GTX 750 Ti' (P:0 D:0)
[2018.01.03-20.07.43:786][  0]LogWindows: DebugString: GetVideoDriverDetailsInvalid PrimaryIsNotTheChoosenAdapter GetVideoDriverDetailsInvalid PrimaryIsNotTheChoosenAdapter GetVideoDriverDetailsInvalid PrimaryIsNotTheChoosenAdapter GetVideoDriverDetailsInvalid PrimaryIsNotTheChoosenAdapter FoundDriverCount:0 
[2018.01.03-20.07.43:786][  0]LogD3D11RHI:     Adapter Name: NVIDIA GeForce GTX 750 Ti
[2018.01.03-20.07.43:786][  0]LogD3D11RHI:   Driver Version: Unknown (internal:Unknown, unified:Unknown)
[2018.01.03-20.07.43:786][  0]LogD3D11RHI:      Driver Date: Unknown
[2018.01.03-20.07.43:786][  0]LogRHI: Texture pool is 1412 MB (70% of 2017 MB)
[2018.01.03-20.07.43:828][  0]LogD3D11RHI: Async texture creation enabled
[2018.01.03-20.07.43:844][  0]LogD3D11RHI: GPU Timing Frequency: 1000.000000 (Debug: 2 1)
[2018.01.03-20.07.43:847][  0]LogShaderCompilers: Guid format shader working directory is 6 characters bigger than the processId version (../../../../Disaster/ResearchDisaster/Intermediate/Shaders/WorkingDirectory/12792/).
[2018.01.03-20.07.43:847][  0]LogShaderCompilers: Cleaned the shader compiler working directory 'C:/Users/111/AppData/Local/Temp/UnrealShaderWorkingDir/77992BC1474F55329B19E99A813B76D2/'.
[2018.01.03-20.07.43:847][  0]LogShaderCompilers: Display: Using Local Shader Compiler.
[2018.01.03-20.07.47:119][  0]LogTemp: Display: Loaded TP AllDesktopTargetPlatform
[2018.01.03-20.07.47:172][  0]LogTemp: Display: Loaded TP MacClientTargetPlatform
[2018.01.03-20.07.47:224][  0]LogTemp: Display: Loaded TP MacNoEditorTargetPlatform
[2018.01.03-20.07.47:278][  0]LogTemp: Display: Loaded TP MacServerTargetPlatform
[2018.01.03-20.07.47:345][  0]LogTemp: Display: Loaded TP MacTargetPlatform
[2018.01.03-20.07.47:398][  0]LogTemp: Display: Loaded TP WindowsClientTargetPlatform
[2018.01.03-20.07.47:477][  0]LogTemp: Display: Loaded TP WindowsNoEditorTargetPlatform
[2018.01.03-20.07.47:537][  0]LogTemp: Display: Loaded TP WindowsServerTargetPlatform
[2018.01.03-20.07.47:582][  0]LogTemp: Display: Loaded TP WindowsTargetPlatform
[2018.01.03-20.07.47:637][  0]LogTemp: Display: Loaded TP Android_ASTCTargetPlatform
[2018.01.03-20.07.47:702][  0]LogTemp: Display: Loaded TP Android_ATCTargetPlatform
[2018.01.03-20.07.47:761][  0]LogTemp: Display: Loaded TP Android_DXTTargetPlatform
[2018.01.03-20.07.47:819][  0]LogTemp: Display: Loaded TP Android_ETC1TargetPlatform
[2018.01.03-20.07.47:874][  0]LogTemp: Display: Loaded TP Android_ETC2TargetPlatform
[2018.01.03-20.07.48:010][  0]LogTemp: Display: Loaded TP Android_MultiTargetPlatform
[2018.01.03-20.07.48:010][  0]LogTemp: Display: Loaded TP Android_PVRTCTargetPlatform
[2018.01.03-20.07.48:085][  0]LogTemp: Display: Loaded TP AndroidTargetPlatform
[2018.01.03-20.07.48:135][  0]LogTemp: Display: Loaded TP HTML5TargetPlatform
[2018.01.03-20.07.48:265][  0]LogTemp: Display: Loaded TP IOSTargetPlatform
[2018.01.03-20.07.48:307][  0]LogTemp: Display: Loaded TP TVOSTargetPlatform
[2018.01.03-20.07.48:363][  0]LogTemp: Display: Loaded TP LinuxClientTargetPlatform
[2018.01.03-20.07.48:415][  0]LogTemp: Display: Loaded TP LinuxNoEditorTargetPlatform
[2018.01.03-20.07.48:467][  0]LogTemp: Display: Loaded TP LinuxServerTargetPlatform
[2018.01.03-20.07.48:532][  0]LogTemp: Display: Loaded TP LinuxTargetPlatform
[2018.01.03-20.07.48:532][  0]LogTargetPlatformManager: Display: Building Assets For Windows
[2018.01.03-20.07.49:184][  0]LogDerivedDataCache: Display: Max Cache Size: 512 MB
[2018.01.03-20.07.49:882][  0]LogDerivedDataCache: Loaded boot cache 0.70s 78MB C:/Users/111/AppData/Local/UnrealEngine/4.18/DerivedDataCache/Boot.ddc.
[2018.01.03-20.07.49:882][  0]LogDerivedDataCache: Display: Loaded Boot cache: C:/Users/111/AppData/Local/UnrealEngine/4.18/DerivedDataCache/Boot.ddc
[2018.01.03-20.07.49:882][  0]LogDerivedDataCache: FDerivedDataBackendGraph:  Pak pak cache file ../../../../Disaster/ResearchDisaster/DerivedDataCache/DDC.ddp not found, will not use a pak cache.
[2018.01.03-20.07.49:882][  0]LogDerivedDataCache: Unable to find inner node Pak for hierarchical cache Hierarchy.
[2018.01.03-20.07.49:882][  0]LogDerivedDataCache: FDerivedDataBackendGraph:  CompressedPak pak cache file ../../../../Disaster/ResearchDisaster/DerivedDataCache/Compressed.ddp not found, will not use a pak cache.
[2018.01.03-20.07.49:882][  0]LogDerivedDataCache: Unable to find inner node CompressedPak for hierarchical cache Hierarchy.
[2018.01.03-20.07.49:963][  0]LogDerivedDataCache: Display: Pak cache opened for reading ../../../Engine/DerivedDataCache/Compressed.ddp.
[2018.01.03-20.07.49:975][  0]LogDerivedDataCache: Using Local data cache path C:/Users/111/AppData/Local/UnrealEngine/Common/DerivedDataCache: Writable
[2018.01.03-20.07.49:992][  0]LogMaterial: Verifying Global Shaders for PCD3D_SM5
[2018.01.03-20.07.49:992][  0]LogSlate: Using Freetype 2.6.0
[2018.01.03-20.07.50:025][  0]LogSlate: SlateFontCache - WITH_FREETYPE: 1, WITH_HARFBUZZ: 1
[2018.01.03-20.07.50:025][  0]LogSlate: SlateFontCache - WITH_FREETYPE: 1, WITH_HARFBUZZ: 1
[2018.01.03-20.07.54:264][  0]LogInit: Selected Device Profile: [Windows]
[2018.01.03-20.07.54:880][  0]LogSimplygon: Simplygon DLL not present - disabling.
[2018.01.03-20.07.54:922][  0]LogMeshReduction: Using SimplygonSwarm for distributed automatic mesh merging
[2018.01.03-20.07.54:922][  0]LogMeshReduction: Using QuadricMeshReduction for automatic static mesh reduction
[2018.01.03-20.07.54:922][  0]LogMeshReduction: No automatic skeletal mesh reduction module available
[2018.01.03-20.07.54:922][  0]LogMeshReduction: No automatic mesh merging module available
[2018.01.03-20.07.54:922][  0]LogMeshMerging: No automatic mesh merging module available
[2018.01.03-20.07.54:974][  0]LogNetVersion: RNDYOUFUCK , NetCL: 3709383, EngineNetVer: 2, GameNetVer: 0 (Checksum: 762423528)
[2018.01.03-20.07.55:428][  0]LogAssetRegistry: FAssetRegistry took 0.0277 seconds to start up
[2018.01.03-20.07.57:381][  0]LogPackageLocalizationCache: Processed 8 localized package path(s) for 1 prioritized culture(s) in 0.040135 seconds
[2018.01.03-20.07.57:387][  0]LogUObjectArray: 35900 objects as part of root set at end of initial load.
[2018.01.03-20.07.57:387][  0]LogUObjectAllocator: 7372024 out of 0 bytes used by permanent object pool.
[2018.01.03-20.07.57:387][  0]LogUObjectArray: CloseDisregardForGC: 0/0 objects in disregard for GC pool
[2018.01.03-20.07.57:435][  0]LogInit: WinSock: version 1.1 (2.2), MaxSocks=32767, MaxUdp=65467
[2018.01.03-20.08.07:171][  0]LogSubstanceCoreModule: Substance [CPU] Engine Loaded, Max Texture Size = 2048
[2018.01.03-20.08.07:241][  0]LogTcpMessaging: Initializing TcpMessaging bridge
[2018.01.03-20.08.07:282][  0]LogUdpMessaging: Initializing bridge on interface 0.0.0.0:0 to multicast group 230.0.0.1:6666.
[2018.01.03-20.08.08:617][  0]LogMaterial: Uniform references updated for custom material expression Custom.
[2018.01.03-20.08.09:142][  0]SourceControl: Source control is disabled
[2018.01.03-20.08.09:142][  0]SourceControl: Source control is disabled
[2018.01.03-20.08.09:193][  0]SourceControl: Source control is disabled
[2018.01.03-20.08.09:255][  0]SourceControl: Source control is disabled
[2018.01.03-20.08.10:206][  0]LogAndroidPermission: UAndroidPermissionCallbackProxy::GetInstance
[2018.01.03-20.08.10:490][  0]LogOcInput: OculusInput pre-init called
[2018.01.03-20.08.11:312][  0]LogEngine: Initializing Engine...
[2018.01.03-20.08.11:315][  0]LogHMD: Failed to initialize OpenVR with code 100
[2018.01.03-20.08.11:797][  0]LogStats: UGameplayTagsManager::ConstructGameplayTagTree: Construct from data asset -  0.000 s
[2018.01.03-20.08.11:797][  0]LogStats: UGameplayTagsManager::ConstructGameplayTagTree: GameplayTagTreeChangedEvent.Broadcast -  0.000 s
[2018.01.03-20.08.11:948][  0]LogAIModule: Creating AISystem for world Untitled
[2018.01.03-20.08.11:959][  0]LogInit: XAudio2 using 'Динамики (Realtek High Definition Audio)' : 2 channels at 48 kHz using 16 bits per sample (channel mask 0x3)
[2018.01.03-20.08.11:982][  0]LogInit: FAudioDevice initialized.
[2018.01.03-20.08.12:121][  0]LogDerivedDataCache: Saved boot cache 0.14s 78MB C:/Users/111/AppData/Local/UnrealEngine/4.18/DerivedDataCache/Boot.ddc.
[2018.01.03-20.08.12:132][  0]LogInit: Texture streaming: Enabled
[2018.01.03-20.08.12:245][  0]LogEngineSessionManager: EngineSessionManager initialized
[2018.01.03-20.08.12:407][  0]LogInit: Transaction tracking system initialized
[2018.01.03-20.08.12:743][  0]BlueprintLog: New page: Editor Load
[2018.01.03-20.08.13:926][  0]LocalizationService: Localization service is disabled
[2018.01.03-20.08.14:626][  0]LogLinker: Warning: Can't find file '/Game/ThirdPersonBP/ThirdPersonOverview'
[2018.01.03-20.08.14:627][  0]LogLinker: Warning: Can't find file '/Game/ThirdPersonBP/ThirdPersonOverview'
[2018.01.03-20.08.14:627][  0]LogUObjectGlobals: Warning: Failed to find object 'Class /Game/ThirdPersonBP/ThirdPersonOverview.ThirdPersonOverview_C'
[2018.01.03-20.08.15:087][  0]LogConsoleResponse: Display: 
[2018.01.03-20.08.16:693][  0]LogCook: Display: Max memory allowance for cook 16384mb min free memory 0mb
[2018.01.03-20.08.16:693][  0]LogCook: Display: Mobile HDR setting 1
[2018.01.03-20.08.16:693][  0]LogGameplayTags: Display: UGameplayTagsManager::DoneAddingNativeTags. DelegateIsBound: 0
[2018.01.03-20.08.16:781][  0]LogFileCache: Scanning file cache for directory 'F:/Disaster/ResearchDisaster/Content/' took 0.02s
[2018.01.03-20.08.18:593][  0]SourceControl: Source control is disabled
[2018.01.03-20.08.18:593][  0]Cmd: MAP LOAD FILE="../../../../Disaster/ResearchDisaster/Content/Maps/MainMenu.umap" TEMPLATE=0 SHOWPROGRESS=1 FEATURELEVEL=3
[2018.01.03-20.08.18:625][  0]LightingResults: New page: Lighting Build
[2018.01.03-20.08.18:673][  0]MapCheck: New page: Map Check
[2018.01.03-20.08.18:673][  0]LightingResults: New page: Lighting Build
[2018.01.03-20.08.19:236][  0]LogAIModule: Creating AISystem for world MainMenu
[2018.01.03-20.08.19:237][  0]LogEditorServer: Finished looking for orphan Actors (0.000 secs)
[2018.01.03-20.08.19:253][  0]Cmd: MAP CHECKDEP NOCLEARLOG
[2018.01.03-20.08.19:309][  0]MapCheck: Map check complete: 0 Error(s), 0 Warning(s), took 55.558ms to complete.
[2018.01.03-20.08.19:309][  0]LogFileHelpers: Loading map 'MainMenu' took 0.715
[2018.01.03-20.08.19:564][  0]LogCollectionManager: Loaded 0 collections in 0.001116 seconds
[2018.01.03-20.08.19:648][  0]LogFileCache: Scanning file cache for directory 'F:/Disaster/ResearchDisaster/Saved/Collections/' took 0.01s
[2018.01.03-20.08.19:648][  0]LogFileCache: Scanning file cache for directory 'F:/Disaster/ResearchDisaster/Content/Developers/111/Collections/' took 0.01s
[2018.01.03-20.08.19:648][  0]LogFileCache: Scanning file cache for directory 'F:/Disaster/ResearchDisaster/Content/Collections/' took 0.01s
[2018.01.03-20.08.19:648][  0]LogCollectionManager: Rebuilt the GUID cache for 0 collections in 0.000000 seconds
[2018.01.03-20.08.19:661][  0]LogContentBrowser: Native class hierarchy populated in 0.0133 seconds. Added 2392 classes and 533 folders.
[2018.01.03-20.08.19:732][  0]LogContentBrowser: Native class hierarchy updated for 'WidgetCarousel' in 0.0003 seconds. Added 0 classes and 0 folders.
[2018.01.03-20.08.20:829][  0]LogContentBrowser: Native class hierarchy updated for 'AddContentDialog' in 0.0004 seconds. Added 0 classes and 0 folders.
[2018.01.03-20.08.20:959][  0]LogContentBrowser: Native class hierarchy updated for 'SceneOutliner' in 0.0003 seconds. Added 1 classes and 2 folders.
[2018.01.03-20.08.21:196][  0]LogSlate: Took 0.007646 seconds to synchronously load lazily loaded font '../../../Engine/Content/Slate/Fonts/Roboto-Regular.ttf' (155K)
[2018.01.03-20.08.21:228][  0]LogSlate: Took 0.027556 seconds to synchronously load lazily loaded font '../../../Engine/Content/Slate/Fonts/Roboto-Bold.ttf' (160K)
[2018.01.03-20.08.21:260][  0]LogSlate: Took 0.027110 seconds to synchronously load lazily loaded font '../../../Engine/Content/Editor/Slate/Fonts/FontAwesome.ttf' (139K)
[2018.01.03-20.08.21:534][  0]LogRenderer: Reallocating scene render targets to support 1244x700 Format 10 NumSamples 1 (Frame:1).
[2018.01.03-20.08.21:753][  0]LogContentBrowser: Native class hierarchy updated for 'HierarchicalLODOutliner' in 0.0004 seconds. Added 1 classes and 2 folders.
[2018.01.03-20.08.21:753][  0]LogLoad: (Engine Initialization) Total time: 50.21 seconds
[2018.01.03-20.08.21:753][  0]LogLoad: (Engine Initialization) Total Blueprint compile time: 0.00 seconds
[2018.01.03-20.08.21:753][  0]LogExternalProfiler: Found external profiler: VSPerf
[2018.01.03-20.08.21:753][  0]LogExternalProfiler: Using external profiler: VSPerf
[2018.01.03-20.08.22:115][  0]LogContentStreaming: Texture pool size now 1000 MB
[2018.01.03-20.08.22:230][  0]LogSlate: Took 0.006453 seconds to synchronously load lazily loaded font '../../../Engine/Content/Slate/Fonts/Roboto-Light.ttf' (159K)
[2018.01.03-20.08.22:255][  1]LogSubstanceLiveLink: Warning: Unable to send data along socket, closing connection
[2018.01.03-20.08.22:771][  2]LogAssetRegistry: Asset discovery search completed in 27.3656 seconds
[2018.01.03-20.08.22:774][  2]LogCollectionManager: Rebuilt the object cache for 0 collections in 0.000001 seconds (found 0 objects)
[2018.01.03-20.08.22:774][  2]LogCollectionManager: Fixed up redirectors for 0 collections in 0.000103 seconds (updated 0 objects)
[2018.01.03-20.08.55:756][101]LogWindowsTextInputMethodSystem: Display: IME system now deactivated.
[2018.01.03-20.08.55:756][101]LogWindowsTextInputMethodSystem: Display: IME system now deactivated.
[2018.01.03-20.08.58:927][449]LogTemp: Repeating last play command: New Editor Window (PIE)
[2018.01.03-20.08.59:081][449]LogBlueprintUserMessages: Early PlayInEditor Detection: Level '/Game/Maps/MainMenu.MainMenu:PersistentLevel' has LevelScriptBlueprint '/Game/Maps/MainMenu.MainMenu:PersistentLevel.MainMenu' with GeneratedClass '/Game/Maps/MainMenu.MainMenu_C' with ClassGeneratedBy '/Game/Maps/MainMenu.MainMenu:PersistentLevel.MainMenu'
[2018.01.03-20.08.59:081][449]LogPlayLevel: PlayLevel: No blueprints needed recompiling
[2018.01.03-20.08.59:081][449]PIE: New page: PIE session: MainMenu (Jan 4, 2018, 2:08:59 AM)
[2018.01.03-20.08.59:082][449]LogPlayLevel: Creating play world package: /Game/Maps/UEDPIE_1_MainMenu
[2018.01.03-20.08.59:083][449]LogPlayLevel: PIE: StaticDuplicateObject took: (0.001005s)
[2018.01.03-20.08.59:083][449]LogAIModule: Creating AISystem for world MainMenu
[2018.01.03-20.08.59:084][449]LogPlayLevel: PIE: World Init took: (0.000717s)
[2018.01.03-20.08.59:084][449]LogPlayLevel: PIE: Created PIE world by copying editor world from /Game/Maps/MainMenu.MainMenu to /Game/Maps/UEDPIE_1_MainMenu.MainMenu (0.002029s)
[2018.01.03-20.08.59:347][449]LogBlueprint: Warning: [Compiler ThirdPerson_AnimBP] Idle/Run to Idle_crouch  will never be taken, please connect something to  Can Enter Transition
[2018.01.03-20.08.59:347][449]LogBlueprint: Warning: [Compiler ThirdPerson_AnimBP] Idle_crouch to Idle/Run  will never be taken, please connect something to  Can Enter Transition
[2018.01.03-20.08.59:353][449]LogBlueprint: Warning: [Compiler ThirdPerson_AnimBP] [0087.81] Compile of ThirdPerson_AnimBP successful, but with 2 Warning(s) [in 13 ms] (/Game/Mannequin/Animations/ThirdPerson_AnimBP.ThirdPerson_AnimBP)
[2018.01.03-20.08.59:696][449]LogLinker: Warning: Can't find file '/Game/ThirdPersonBP/Blueprints/BasicCodingSetup/KeyRebind/Main_ByRama'
[2018.01.03-20.08.59:696][449]LogLinker: Warning: Can't find file for asset '/Game/ThirdPersonBP/Blueprints/BasicCodingSetup/KeyRebind/Main_ByRama' while loading ../../../../Disaster/ResearchDisaster/Content/ThirdPersonBP/Blueprints/ThirdPersonCharacter.uasset.
[2018.01.03-20.08.59:697][449]LoadErrors: Error: /Game/ThirdPersonBP/Blueprints/ThirdPersonCharacter : Can't find file for asset. /Game/ThirdPersonBP/Blueprints/BasicCodingSetup/KeyRebind/Main_ByRama
[2018.01.03-20.08.59:698][449]LogLinker: Warning: Can't find file '/Game/ThirdPersonBP/Blueprints/BasicCodingSetup/KeyRebind/Main_ByRama'
[2018.01.03-20.08.59:698][449]LogLinker: Warning: Can't find file for asset '/Game/ThirdPersonBP/Blueprints/BasicCodingSetup/KeyRebind/Main_ByRama' while loading ../../../../Disaster/ResearchDisaster/Content/ThirdPersonBP/Blueprints/ThirdPersonCharacter.uasset.
[2018.01.03-20.08.59:698][449]LogLinker: Warning: Can't find file '/Game/ThirdPersonBP/Blueprints/BasicCodingSetup/KeyRebind/Main_ByRama'
[2018.01.03-20.08.59:698][449]LogLinker: Warning: Can't find file for asset '/Game/ThirdPersonBP/Blueprints/BasicCodingSetup/KeyRebind/Main_ByRama' while loading ../../../../Disaster/ResearchDisaster/Content/ThirdPersonBP/Blueprints/ThirdPersonCharacter.uasset.
[2018.01.03-20.08.59:701][449]LogLinker: Warning: Can't find file '/Game/ThirdPersonBP/Blueprints/BasicCodingSetup/KeyRebind/Main_ByRama'
[2018.01.03-20.08.59:701][449]LogLinker: Warning: Can't find file for asset '/Game/ThirdPersonBP/Blueprints/BasicCodingSetup/KeyRebind/Main_ByRama' while loading ../../../../Disaster/ResearchDisaster/Content/ThirdPersonBP/Blueprints/ThirdPersonGameMode.uasset.
[2018.01.03-20.08.59:701][449]LoadErrors: Error: /Game/ThirdPersonBP/Blueprints/ThirdPersonGameMode : Can't find file for asset. /Game/ThirdPersonBP/Blueprints/BasicCodingSetup/KeyRebind/Main_ByRama
[2018.01.03-20.08.59:701][449]LogLinker: Warning: Can't find file '/Game/ThirdPersonBP/Blueprints/BasicCodingSetup/KeyRebind/Main_ByRama'
[2018.01.03-20.08.59:701][449]LogLinker: Warning: Can't find file for asset '/Game/ThirdPersonBP/Blueprints/BasicCodingSetup/KeyRebind/Main_ByRama' while loading ../../../../Disaster/ResearchDisaster/Content/ThirdPersonBP/Blueprints/ThirdPersonGameMode.uasset.
[2018.01.03-20.08.59:701][449]LogLinker: Warning: Can't find file '/Game/ThirdPersonBP/Blueprints/BasicCodingSetup/KeyRebind/Main_ByRama'
[2018.01.03-20.08.59:702][449]LogLinker: Warning: Can't find file for asset '/Game/ThirdPersonBP/Blueprints/BasicCodingSetup/KeyRebind/Main_ByRama' while loading ../../../../Disaster/ResearchDisaster/Content/ThirdPersonBP/Blueprints/ThirdPersonGameMode.uasset.
[2018.01.03-20.08.59:702][449]LogLinker: Warning: Can't find file '/Game/ThirdPersonBP/Blueprints/BasicCodingSetup/KeyRebind/Main_ByRama'
[2018.01.03-20.08.59:702][449]LogLinker: Warning: Can't find file for asset '/Game/ThirdPersonBP/Blueprints/BasicCodingSetup/KeyRebind/Main_ByRama' while loading ../../../../Disaster/ResearchDisaster/Content/ThirdPersonBP/Blueprints/ThirdPersonGameMode.uasset.
[2018.01.03-20.08.59:702][449]LogLinker: Warning: Can't find file '/Game/ThirdPersonBP/Blueprints/BasicCodingSetup/KeyRebind/Main_ByRama'
[2018.01.03-20.08.59:702][449]LoadErrors: Failed to load /Game/ThirdPersonBP/Blueprints/BasicCodingSetup/KeyRebind/Main_ByRama.Main_ByRama Referenced by Default__ThirdPersonCharacter_C
[2018.01.03-20.08.59:702][449]LogLinker: Warning: Can't find file for asset '/Game/ThirdPersonBP/Blueprints/BasicCodingSetup/KeyRebind/Main_ByRama' while loading ../../../../Disaster/ResearchDisaster/Content/ThirdPersonBP/Blueprints/ThirdPersonGameMode.uasset.
[2018.01.03-20.08.59:715][449]LogLinker: Warning: Can't find file '/Game/ThirdPersonBP/Blueprints/BasicCodingSetup/KeyRebind/Main_ByRama'
[2018.01.03-20.08.59:715][449]LoadErrors: Failed to load /Game/ThirdPersonBP/Blueprints/BasicCodingSetup/KeyRebind/Main_ByRama.Main_ByRama_C Referenced by K2Node_CreateWidget_1
[2018.01.03-20.08.59:715][449]LogLinker: Warning: Can't find file for asset '/Game/ThirdPersonBP/Blueprints/BasicCodingSetup/KeyRebind/Main_ByRama' while loading ../../../../Disaster/ResearchDisaster/Content/ThirdPersonBP/Blueprints/ThirdPersonGameMode.uasset.
[2018.01.03-20.08.59:716][449]LogLinker: Warning: Can't find file '/Game/ThirdPersonBP/Blueprints/BasicCodingSetup/KeyRebind/Main_ByRama'
[2018.01.03-20.08.59:716][449]LogLinker: Warning: Can't find file for asset '/Game/ThirdPersonBP/Blueprints/BasicCodingSetup/KeyRebind/Main_ByRama' while loading ../../../../Disaster/ResearchDisaster/Content/ThirdPersonBP/Blueprints/ThirdPersonGameMode.uasset.
[2018.01.03-20.08.59:739][449]LogBlueprint: Error: [Compiler ThirdPersonCharacter] Spawn node  Create Widget  must have a class specified.
[2018.01.03-20.08.59:747][449]LogBlueprint: Warning: [Compiler ThirdPersonCharacter] [0088.20] Compile of ThirdPersonCharacter failed. 1 Fatal Issue(s) 0 Warning(s) [in 29 ms] (/Game/ThirdPersonBP/Blueprints/ThirdPersonCharacter.ThirdPersonCharacter)
[2018.01.03-20.09.00:209][449]LogLoad: Game class is 'ThirdPersonGameMode_C'
[2018.01.03-20.09.00:211][449]LogWorld: Bringing World /Game/Maps/UEDPIE_1_MainMenu.MainMenu up for play (max tick rate 0) at 2018.01.03-23.09.00
[2018.01.03-20.09.00:212][449]LogWorld: Bringing up level for play took: 0.000740
[2018.01.03-20.09.00:212][449]LogTemp: Display: ParseSettings for GameNetDriver
[2018.01.03-20.09.00:212][449]LogTemp: Display: ParseSettings for IpNetDriver_0
[2018.01.03-20.09.00:212][449]LogTemp: Display: ParseSettings for GameNetDriver
[2018.01.03-20.09.00:212][449]LogInit: WinSock: Socket queue 131072 / 131072
[2018.01.03-20.09.00:214][449]LogInit: WinSock: I am 1111-1 (192.168.1.47:0)
[2018.01.03-20.09.00:214][449]PacketHandlerLog: Loaded PacketHandler component: Engine.EngineHandlerComponentFactory (StatelessConnectHandlerComponent)
[2018.01.03-20.09.00:214][449]LogNet: GameNetDriver IpNetDriver_0 IpNetDriver listening on port 17777
[2018.01.03-20.09.00:215][449]LogScript: Warning: Accessed None trying to read property MainMenuWB
	GameInfoInstance_C /Engine/Transient.UnrealEdEngine_0:GameInfoInstance_C_0
	Function /Game/ThirdPersonBP/Blueprints/BasicCodingSetup/GameInfoInstance.GameInfoInstance_C:ExecuteUbergraph_GameInfoInstance:009C
[2018.01.03-20.09.00:215][449]PIE: Error: Blueprint Runtime Error: Accessed None trying to read property MainMenuWB from function: 'ExecuteUbergraph_GameInfoInstance' from node: Add to Viewport in graph: EventGraph in object: GameInfoInstance with description: Accessed None trying to read property MainMenuWB
[2018.01.03-20.09.00:215][449]LogScript: Warning: Accessed None trying to read property CallFunc_GetPlayerController_ReturnValue
	GameInfoInstance_C /Engine/Transient.UnrealEdEngine_0:GameInfoInstance_C_0
	Function /Game/ThirdPersonBP/Blueprints/BasicCodingSetup/GameInfoInstance.GameInfoInstance_C:ExecuteUbergraph_GameInfoInstance:00F4
[2018.01.03-20.09.00:215][449]PIE: Error: Blueprint Runtime Error: Accessed None trying to read property CallFunc_GetPlayerController_ReturnValue from function: 'ExecuteUbergraph_GameInfoInstance' from node: Set bShowMouseCursor in graph: EventGraph in object: GameInfoInstance with description: Accessed None trying to read property CallFunc_GetPlayerController_ReturnValue
[2018.01.03-20.09.00:215][449]PIE: Play in editor start time for /Game/Maps/UEDPIE_1_MainMenu 0.915
[2018.01.03-20.09.00:216][449]PIE: New page: PIE session: MainMenu (Jan 4, 2018, 2:09:00 AM)
[2018.01.03-20.09.00:222][449]LogInit: XAudio2 using 'Динамики (Realtek High Definition Audio)' : 2 channels at 48 kHz using 16 bits per sample (channel mask 0x3)
[2018.01.03-20.09.00:234][449]LogInit: FAudioDevice initialized.
[2018.01.03-20.09.00:277][449]LogNet: Browse: 127.0.0.1:17777//Game/Maps/MainMenu
[2018.01.03-20.09.00:277][449]LogTemp: Display: ParseSettings for GameNetDriver
[2018.01.03-20.09.00:277][449]LogTemp: Display: ParseSettings for IpNetDriver_1
[2018.01.03-20.09.00:277][449]LogTemp: Display: ParseSettings for PendingNetDriver
[2018.01.03-20.09.00:277][449]LogInit: WinSock: Socket queue 32768 / 32768
[2018.01.03-20.09.00:278][449]PacketHandlerLog: Loaded PacketHandler component: Engine.EngineHandlerComponentFactory (StatelessConnectHandlerComponent)
[2018.01.03-20.09.00:278][449]LogNet: Game client on port 17777, rate 10000
[2018.01.03-20.09.00:282][449]PIE: Play in editor start time for /Game/Maps/MainMenu 0.981
[2018.01.03-20.09.00:287][449]LogBlueprintUserMessages: Late PlayInEditor Detection: Level '/Game/Maps/MainMenu.MainMenu:PersistentLevel' has LevelScriptBlueprint '/Game/Maps/MainMenu.MainMenu:PersistentLevel.MainMenu' with GeneratedClass '/Game/Maps/MainMenu.MainMenu_C' with ClassGeneratedBy '/Game/Maps/MainMenu.MainMenu:PersistentLevel.MainMenu'
[2018.01.03-20.09.00:289][449]LogNet: NotifyAcceptingConnection accepted from: 127.0.0.1:60449
[2018.01.03-20.09.00:289][449]LogHandshake: SendConnectChallenge. Timestamp: 0.008338, Cookie: 246191145157115154020056082006031056220053161060075171116147
[2018.01.03-20.09.00:314][449]LogHandshake: SendChallengeResponse. Timestamp: 0.008338, Cookie: 246191145157115154020056082006031056220053161060075171116147
[2018.01.03-20.09.00:367][450]LogNet: NotifyAcceptingConnection accepted from: 127.0.0.1:60449
[2018.01.03-20.09.00:367][450]LogHandshake: SendChallengeAck. InCookie: 246191145157115154020056082006031056220053161060075171116147
[2018.01.03-20.09.00:368][450]LogNet: Server accepting post-challenge connection from: 127.0.0.1:60449
[2018.01.03-20.09.00:368][450]PacketHandlerLog: Loaded PacketHandler component: Engine.EngineHandlerComponentFactory (StatelessConnectHandlerComponent)
[2018.01.03-20.09.00:368][450]LogNet: NotifyAcceptedConnection: Name: MainMenu, TimeStamp: 01/03/18 23:09:00, [UNetConnection] RemoteAddr: 127.0.0.1:60449, Name: IpConnection_1, Driver: GameNetDriver IpNetDriver_0, IsServer: YES, PC: NULL, Owner: NULL
[2018.01.03-20.09.00:368][450]LogNet: AddClientConnection: Added client connection: [UNetConnection] RemoteAddr: 127.0.0.1:60449, Name: IpConnection_1, Driver: GameNetDriver IpNetDriver_0, IsServer: YES, PC: NULL, Owner: NULL
[2018.01.03-20.09.00:368][450]LogNetVersion: RNDYOUFUCK 1.0.0.0, NetCL: 3709383, EngineNetVer: 2, GameNetVer: 0 (Checksum: 4278084057)
[2018.01.03-20.09.00:368][450]LogNet: UPendingNetGame::SendInitialJoin: Sending hello. [UNetConnection] RemoteAddr: 127.0.0.1:17777, Name: IpConnection_0, Driver: PendingNetDriver IpNetDriver_1, IsServer: NO, PC: NULL, Owner: NULL
[2018.01.03-20.09.00:382][451]LogNet: NotifyAcceptingChannel Control 0 server World /Game/Maps/UEDPIE_1_MainMenu.MainMenu: Accepted
[2018.01.03-20.09.00:382][451]LogNet: Remote platform little endian=1
[2018.01.03-20.09.00:382][451]LogNet: This platform little endian=1
[2018.01.03-20.09.00:389][452]LogNet: Login request: /Game/Maps/MainMenu userId: Invalid
[2018.01.03-20.09.00:390][452]LogNet: Welcomed by server (Level: /Game/Maps/UEDPIE_1_MainMenu, Game: /Game/ThirdPersonBP/Blueprints/ThirdPersonGameMode.ThirdPersonGameMode_C)
[2018.01.03-20.09.00:439][452]LogLoad: LoadMap: 127.0.0.1:17777//Game/Maps/UEDPIE_1_MainMenu?game=/Game/ThirdPersonBP/Blueprints/ThirdPersonGameMode.ThirdPersonGameMode_C
[2018.01.03-20.09.00:456][452]LogAIModule: Creating AISystem for world MainMenu
[2018.01.03-20.09.00:456][452]LogTemp: Display: ParseSettings for GameNetDriver
[2018.01.03-20.09.00:457][452]LogWorld: Bringing World /Game/Maps/UEDPIE_2_MainMenu.MainMenu up for play (max tick rate 0) at 2018.01.03-23.09.00
[2018.01.03-20.09.00:458][452]LogWorld: Bringing up level for play took: 0.000530
[2018.01.03-20.09.00:458][452]LogLoad: Took 0.019402 seconds to LoadMap(/Game/Maps/UEDPIE_1_MainMenu)
[2018.01.03-20.09.00:470][453]LogRenderer: Reallocating scene render targets to support 1280x720 Format 10 NumSamples 1 (Frame:1).
[2018.01.03-20.09.00:471][453]LogNet: Client netspeed is 10000
[2018.01.03-20.09.00:471][453]LogNet: Join request: /Game/Maps/MainMenu?SplitscreenCount=1
[2018.01.03-20.09.00:475][453]LogNet: Join succeeded: 256
[2018.01.03-20.09.05:808][979]Cmd: r.ScreenPercentage 50
[2018.01.03-20.09.05:808][979]r.ScreenPercentage = "50"
[2018.01.03-20.09.06:202][ 18]Cmd: r.ScreenPercentage 25
[2018.01.03-20.09.06:202][ 18]r.ScreenPercentage = "25"
[2018.01.03-20.09.07:088][107]Cmd: r.ScreenPercentage 50
[2018.01.03-20.09.07:088][107]r.ScreenPercentage = "50"
[2018.01.03-20.09.07:813][180]Cmd: r.ScreenPercentage 75
[2018.01.03-20.09.07:813][180]r.ScreenPercentage = "75"
[2018.01.03-20.09.08:375][235]Cmd: r.SetRes1280x720f
[2018.01.03-20.09.08:375][235]Command not recognized: r.SetRes1280x720f
[2018.01.03-20.09.08:699][268]Cmd: r.SetRes1280x720f
[2018.01.03-20.09.08:699][268]Command not recognized: r.SetRes1280x720f
[2018.01.03-20.09.08:916][290]Cmd: r.SetRes1280x720f
[2018.01.03-20.09.08:916][290]Command not recognized: r.SetRes1280x720f
[2018.01.03-20.09.09:220][321]Cmd: r.SetRes1280x720f
[2018.01.03-20.09.09:220][321]Command not recognized: r.SetRes1280x720f
[2018.01.03-20.09.39:511][759]LogContentBrowser: Native class hierarchy updated for 'BlueprintGraph' in 0.0008 seconds. Added 116 classes and 0 folders.
[2018.01.03-20.09.40:610][759]LogSlate: Took 0.000325 seconds to synchronously load lazily loaded font '../../../Engine/Content/Slate/Fonts/Roboto-Light.ttf' (159K)
[2018.01.03-20.09.40:640][759]LogSlate: Took 0.028310 seconds to synchronously load lazily loaded font '../../../Engine/Content/Editor/Slate/Fonts/Roboto-BoldCondensed.ttf' (158K)
[2018.01.03-20.09.50:409][855]LogNet: UNetDriver::TickDispatch: Very long time between ticks. DeltaTime: 0.01, Realtime: 5.82. IpNetDriver_0
[2018.01.03-20.09.50:410][855]LogNet: UNetDriver::TickDispatch: Very long time between ticks. DeltaTime: 0.01, Realtime: 5.82. IpNetDriver_1
[2018.01.03-20.09.52:123][ 24]LogSlate: Took 0.103866 seconds to synchronously load lazily loaded font '../../../Engine/Content/Slate/Fonts/DroidSansFallback.ttf' (3848K)
[2018.01.03-20.09.59:250][663]LogWindowsTextInputMethodSystem: Display: IME system now deactivated.
[2018.01.03-20.09.59:251][663]LogWindowsTextInputMethodSystem: Display: IME system now deactivated.
[2018.01.03-20.10.05:734][250]LogBlueprintUserMessages: Early EndPlayMap Detection: Level '/Game/Maps/MainMenu.MainMenu:PersistentLevel' has LevelScriptBlueprint '/Game/Maps/MainMenu.MainMenu:PersistentLevel.MainMenu' with GeneratedClass '/Game/Maps/MainMenu.MainMenu_C' with ClassGeneratedBy '/Game/Maps/MainMenu.MainMenu:PersistentLevel.MainMenu'
[2018.01.03-20.10.05:791][250]LogBlueprintUserMessages: Late EndPlayMap Detection: Level '/Game/Maps/MainMenu.MainMenu:PersistentLevel' has LevelScriptBlueprint '/Game/Maps/MainMenu.MainMenu:PersistentLevel.MainMenu' with GeneratedClass '/Game/Maps/MainMenu.MainMenu_C' with ClassGeneratedBy '/Game/Maps/MainMenu.MainMenu:PersistentLevel.MainMenu'
[2018.01.03-20.10.05:812][250]LogNet: UChannel::CleanUp: ChIndex == 0. Closing connection. [UChannel] ChIndex: 0, Closing: 0 [UNetConnection] RemoteAddr: 127.0.0.1:17777, Name: None, Driver: GameNetDriver None, IsServer: NO, PC: None, Owner: None
[2018.01.03-20.10.05:812][250]LogNet: UNetConnection::Close: [UNetConnection] RemoteAddr: 127.0.0.1:17777, Name: None, Driver: GameNetDriver None, IsServer: NO, PC: None, Owner: None, Channels: 1, Time: 2018.01.03-20.10.05
[2018.01.03-20.10.05:812][250]LogNet: UChannel::Close: Sending CloseBunch. ChIndex == 0. Name: [UChannel] ChIndex: 0, Closing: 0 [UNetConnection] RemoteAddr: 127.0.0.1:17777, Name: None, Driver: GameNetDriver None, IsServer: NO, PC: None, Owner: None
[2018.01.03-20.10.05:812][250]LogNet: UChannel::CleanUp: ChIndex == 0. Closing connection. [UChannel] ChIndex: 0, Closing: 0 [UNetConnection] RemoteAddr: 127.0.0.1:60449, Name: None, Driver: GameNetDriver None, IsServer: YES, PC: None, Owner: None
[2018.01.03-20.10.05:812][250]LogNet: UNetConnection::Close: [UNetConnection] RemoteAddr: 127.0.0.1:60449, Name: None, Driver: GameNetDriver None, IsServer: YES, PC: None, Owner: None, Channels: 1, Time: 2018.01.03-20.10.05
[2018.01.03-20.10.05:812][250]LogNet: UChannel::Close: Sending CloseBunch. ChIndex == 0. Name: [UChannel] ChIndex: 0, Closing: 0 [UNetConnection] RemoteAddr: 127.0.0.1:60449, Name: None, Driver: GameNetDriver None, IsServer: YES, PC: None, Owner: None
[2018.01.03-20.10.05:814][250]LogExit: GameNetDriver None shut down
[2018.01.03-20.10.05:814][250]LogExit: GameNetDriver None shut down
[2018.01.03-20.10.34:935][360]LogSlate: Took 0.019228 seconds to synchronously load lazily loaded font '../../../Engine/Content/Editor/Slate/Fonts/Roboto-Italic.ttf' (157K)
[2018.01.03-20.11.12:355][319]BlueprintLog: New page: Compile SettingsMenu
[2018.01.03-20.11.13:135][377]LogSlate: Took 0.000193 seconds to synchronously load lazily loaded font '../../../Engine/Content/Slate/Fonts/Roboto-Light.ttf' (159K)
[2018.01.03-20.11.13:558][377]LogSavePackage: Save=326.29ms
[2018.01.03-20.11.13:558][377]LogSavePackage: Moving '../../../../Disaster/ResearchDisaster/Saved/SettingsMenu590FB60243EAD9F1FD913896A1823BC4.tmp' to '../../../../Disaster/ResearchDisaster/Content/ThirdPersonBP/Blueprints/BasicCodingSetup/Menu_Lobby/SettingsMenu.uasset'
[2018.01.03-20.11.13:560][377]LogSavePackage: Display: Finished SavePackage ../../../../Disaster/ResearchDisaster/Content/ThirdPersonBP/Blueprints/BasicCodingSetup/Menu_Lobby/SettingsMenu.uasset
[2018.01.03-20.19.28:929][829]LogFileHelpers: Editor autosave (incl. sublevels) for '/Game/Maps/MainMenu' took 0.034
[2018.01.03-20.19.28:931][829]OBJ SavePackage: Generating thumbnails for [0] asset(s) in package [/Game/ThirdPersonBP/Blueprints/BasicCodingSetup/Menu_Lobby/SettingsMenu] ([1] browsable assets)...
[2018.01.03-20.19.28:931][829]OBJ SavePackage: Finished generating thumbnails for package [/Game/ThirdPersonBP/Blueprints/BasicCodingSetup/Menu_Lobby/SettingsMenu]
[2018.01.03-20.19.29:273][829]LogSavePackage: Save=329.48ms
[2018.01.03-20.19.29:273][829]LogSavePackage: Moving '../../../../Disaster/ResearchDisaster/Saved/SettingsMenu_Auto1CB2D3E034C53681E9B6EB4A1ABA575F2.tmp' to '../../../../Disaster/ResearchDisaster/Saved/Autosaves/Game/ThirdPersonBP/Blueprints/BasicCodingSetup/Menu_Lobby/SettingsMenu_Auto1.uasset'
[2018.01.03-20.19.29:274][829]LogSavePackage: Display: Finished SavePackage ../../../../Disaster/ResearchDisaster/Saved/Autosaves/Game/ThirdPersonBP/Blueprints/BasicCodingSetup/Menu_Lobby/SettingsMenu_Auto1.uasset
[2018.01.03-20.19.29:274][829]LogFileHelpers: Auto-saving content packages took 0.344
[2018.01.03-20.49.48:284][391]BlueprintLog: New page: Compile SettingsMenu
[2018.01.03-20.49.49:411][422]LogSavePackage: Save=338.07ms
[2018.01.03-20.49.49:411][422]LogSavePackage: Moving '../../../../Disaster/ResearchDisaster/Saved/SettingsMenu8C6DE495458A546B51F4088A3C4B6903.tmp' to '../../../../Disaster/ResearchDisaster/Content/ThirdPersonBP/Blueprints/BasicCodingSetup/Menu_Lobby/SettingsMenu.uasset'
[2018.01.03-20.49.49:414][422]LogSavePackage: Display: Finished SavePackage ../../../../Disaster/ResearchDisaster/Content/ThirdPersonBP/Blueprints/BasicCodingSetup/Menu_Lobby/SettingsMenu.uasset
[2018.01.03-20.49.50:620][489]Cmd: OBJ SAVEPACKAGE PACKAGE="/Game/Maps/MainMenu" FILE="../../../../Disaster/ResearchDisaster/Content/Maps/MainMenu.umap" SILENT=true AUTOSAVING=false KEEPDIRTY=false
[2018.01.03-20.49.51:018][489]LogSavePackage: Save=359.17ms
[2018.01.03-20.49.51:018][489]LogSavePackage: Moving '../../../../Disaster/ResearchDisaster/Saved/MainMenuF77604B5423B260493A4A5B81D46E384.tmp' to '../../../../Disaster/ResearchDisaster/Content/Maps/MainMenu.umap'
[2018.01.03-20.49.51:020][489]LogSavePackage: Display: Finished SavePackage ../../../../Disaster/ResearchDisaster/Content/Maps/MainMenu.umap
[2018.01.03-20.49.52:459][524]Cmd: QUIT_EDITOR
[2018.01.03-20.49.53:180][524]LogWindowsTextInputMethodSystem: Display: IME system now deactivated.
[2018.01.03-20.49.53:402][524]LogExit: Preparing to exit.
[2018.01.03-20.49.54:320][524]LogDirectoryWatcher: A directory notification for 'F:/Disaster/ResearchDisaster/Content/' was aborted.
[2018.01.03-20.49.54:452][524]LogExit: Editor shut down
[2018.01.03-20.49.54:497][524]LogExit: Transaction tracking system shut down
[2018.01.03-20.49.54:739][524]LogDirectoryWatcher: A directory notification for '../../../Engine/Content/' was aborted.
[2018.01.03-20.49.54:739][524]LogDirectoryWatcher: A directory notification for '../../../../Disaster/ResearchDisaster/Content/' was aborted.
[2018.01.03-20.49.54:739][524]LogDirectoryWatcher: A directory notification for '../../../Engine/Plugins/2D/Paper2D/Content/' was aborted.
[2018.01.03-20.49.54:739][524]LogDirectoryWatcher: A directory notification for '../../../Engine/Plugins/Media/MediaCompositing/Content/' was aborted.
[2018.01.03-20.49.54:739][524]LogDirectoryWatcher: A directory notification for '../../../Engine/Plugins/Runtime/AppleARKit/Content/' was aborted.
[2018.01.03-20.49.54:740][524]LogDirectoryWatcher: A directory notification for '../../../Engine/Plugins/Runtime/Oculus/OculusVR/Content/' was aborted.
[2018.01.03-20.49.54:740][524]LogDirectoryWatcher: A directory notification for '../../../Engine/Plugins/Runtime/Steam/SteamVR/Content/' was aborted.
[2018.01.03-20.49.54:740][524]LogDirectoryWatcher: A directory notification for '../../../../Disaster/ResearchDisaster/Plugins/VictoryPlug1/Content/' was aborted.
[2018.01.03-20.49.55:021][524]LogExit: Object subsystem successfully closed.
[2018.01.03-20.49.55:046][524]LogD3D11RHI: Shutdown
[2018.01.03-20.49.55:046][524]LogD3D11RHI: CleanupD3DDevice
[2018.01.03-20.49.55:050][524]LogD3D11RHI: ~FD3D11DynamicRHI
[2018.01.03-20.49.55:156][524]LogModuleManager: Shutting down and abandoning module SequencerWidgets (568)
[2018.01.03-20.49.55:156][524]LogModuleManager: Shutting down and abandoning module BlueprintGraph (566)
[2018.01.03-20.49.55:156][524]LogModuleManager: Shutting down and abandoning module HierarchicalLODOutliner (562)
[2018.01.03-20.49.55:156][524]LogModuleManager: Shutting down and abandoning module SceneOutliner (560)
[2018.01.03-20.49.55:156][524]LogModuleManager: Shutting down and abandoning module AddContentDialog (558)
[2018.01.03-20.49.55:157][524]LogDirectoryWatcher: A directory notification for 'F:/UE_4.18/FeaturePacks/' was aborted.
[2018.01.03-20.49.55:163][524]LogModuleManager: Shutting down and abandoning module WidgetCarousel (557)
[2018.01.03-20.49.55:163][524]LogModuleManager: Shutting down and abandoning module EditorWidgets (554)
[2018.01.03-20.49.55:163][524]LogModuleManager: Shutting down and abandoning module CollectionManager (552)
[2018.01.03-20.49.55:180][524]LogDirectoryWatcher: A directory notification for 'F:/Disaster/ResearchDisaster/Content/Collections/' was aborted.
[2018.01.03-20.49.55:180][524]LogDirectoryWatcher: A directory notification for 'F:/Disaster/ResearchDisaster/Content/Developers/111/Collections/' was aborted.
[2018.01.03-20.49.55:180][524]LogDirectoryWatcher: A directory notification for 'F:/Disaster/ResearchDisaster/Saved/Collections/' was aborted.
[2018.01.03-20.49.55:180][524]LogModuleManager: Shutting down and abandoning module StatsViewer (550)
[2018.01.03-20.49.55:180][524]LogModuleManager: Shutting down and abandoning module FoliageEdit (548)
[2018.01.03-20.49.55:180][524]LogModuleManager: Shutting down and abandoning module LandscapeEditor (546)
[2018.01.03-20.49.55:214][524]LogModuleManager: Shutting down and abandoning module MeshPaintMode (544)
[2018.01.03-20.49.55:214][524]LogModuleManager: Shutting down and abandoning module SceneDepthPickerMode (542)
[2018.01.03-20.49.55:214][524]LogModuleManager: Shutting down and abandoning module ActorPickerMode (540)
[2018.01.03-20.49.55:214][524]LogModuleManager: Shutting down and abandoning module GeometryMode (538)
[2018.01.03-20.49.55:214][524]LogModuleManager: Shutting down and abandoning module TextureAlignMode (536)
[2018.01.03-20.49.55:214][524]LogModuleManager: Shutting down and abandoning module BspMode (534)
[2018.01.03-20.49.55:214][524]LogModuleManager: Shutting down and abandoning module PIEPreviewDeviceProfileSelector (532)
[2018.01.03-20.49.55:214][524]LogModuleManager: Shutting down and abandoning module HardwareSurvey (530)
[2018.01.03-20.49.55:214][524]LogModuleManager: Shutting down and abandoning module SequenceRecorderSections (528)
[2018.01.03-20.49.55:215][524]LogModuleManager: Shutting down and abandoning module AutomationWorker (526)
[2018.01.03-20.49.55:228][524]LogModuleManager: Shutting down and abandoning module MatineeToLevelSequence (524)
[2018.01.03-20.49.55:239][524]LogModuleManager: Shutting down and abandoning module LevelSequenceEditor (522)
[2018.01.03-20.49.55:259][524]LogModuleManager: Shutting down and abandoning module PlacementMode (521)
[2018.01.03-20.49.55:260][524]LogModuleManager: Shutting down and abandoning module WmfMediaFactory (518)
[2018.01.03-20.49.55:260][524]LogModuleManager: Shutting down and abandoning module WmfMediaEditor (516)
[2018.01.03-20.49.55:260][524]LogModuleManager: Shutting down and abandoning module OpenExrWrapper (514)
[2018.01.03-20.49.55:260][524]LogModuleManager: Shutting down and abandoning module ImgMediaFactory (512)
[2018.01.03-20.49.55:260][524]LogModuleManager: Shutting down and abandoning module ImgMediaEditor (510)
[2018.01.03-20.49.55:260][524]LogModuleManager: Shutting down and abandoning module AvfMediaFactory (508)
[2018.01.03-20.49.55:260][524]LogModuleManager: Shutting down and abandoning module AvfMediaEditor (506)
[2018.01.03-20.49.55:260][524]LogModuleManager: Shutting down and abandoning module AndroidMediaFactory (504)
[2018.01.03-20.49.55:260][524]LogModuleManager: Shutting down and abandoning module AndroidMediaEditor (502)
[2018.01.03-20.49.55:260][524]LogModuleManager: Shutting down and abandoning module CharacterAI (500)
[2018.01.03-20.49.55:260][524]LogModuleManager: Shutting down and abandoning module AudioCapture (498)
[2018.01.03-20.49.55:260][524]LogModuleManager: Shutting down and abandoning module SequenceRecorder (497)
[2018.01.03-20.49.55:260][524]LogModuleManager: Shutting down and abandoning module SmartSnapping (494)
[2018.01.03-20.49.55:260][524]LogModuleManager: Shutting down and abandoning module SessionServices (492)
[2018.01.03-20.49.55:260][524]LogModuleManager: Shutting down and abandoning module ViewportSnapping (490)
[2018.01.03-20.49.55:260][524]LogModuleManager: Shutting down and abandoning module ViewportInteraction (488)
[2018.01.03-20.49.55:260][524]LogModuleManager: Shutting down and abandoning module ClothPainter (486)
[2018.01.03-20.49.55:260][524]LogModuleManager: Shutting down and abandoning module SkeletalMeshEditor (485)
[2018.01.03-20.49.55:260][524]LogModuleManager: Shutting down and abandoning module LogVisualizer (482)
[2018.01.03-20.49.55:260][524]LogModuleManager: Shutting down and abandoning module IntroTutorials (480)
[2018.01.03-20.49.55:260][524]LogModuleManager: Shutting down and abandoning module GameProjectGeneration (479)
[2018.01.03-20.49.55:260][524]LogModuleManager: Shutting down and abandoning module IOSPlatformEditor (476)
[2018.01.03-20.49.55:260][524]LogModuleManager: Shutting down and abandoning module HTML5PlatformEditor (474)
[2018.01.03-20.49.55:260][524]LogModuleManager: Shutting down and abandoning module AndroidPlatformEditor (472)
[2018.01.03-20.49.55:260][524]LogModuleManager: Shutting down and abandoning module AndroidDeviceDetection (471)
[2018.01.03-20.49.55:383][524]LogModuleManager: Shutting down and abandoning module WindowsPlatformEditor (468)
[2018.01.03-20.49.55:384][524]LogModuleManager: Shutting down and abandoning module IOSRuntimeSettings (466)
[2018.01.03-20.49.55:384][524]LogModuleManager: Shutting down and abandoning module AndroidRuntimeSettings (464)
[2018.01.03-20.49.55:384][524]LogModuleManager: Shutting down and abandoning module InputBindingEditor (462)
[2018.01.03-20.49.55:384][524]LogModuleManager: Shutting down and abandoning module MergeActors (460)
[2018.01.03-20.49.55:384][524]LogModuleManager: Shutting down and abandoning module SizeMap (458)
[2018.01.03-20.49.55:384][524]LogModuleManager: Shutting down and abandoning module TreeMap (456)
[2018.01.03-20.49.55:384][524]LogModuleManager: Shutting down and abandoning module ReferenceViewer (454)
[2018.01.03-20.49.55:384][524]LogModuleManager: Shutting down and abandoning module LocalizationDashboard (452)
[2018.01.03-20.49.55:384][524]LogModuleManager: Shutting down and abandoning module LocalizationService (451)
[2018.01.03-20.49.55:384][524]LogModuleManager: Shutting down and abandoning module HardwareTargeting (448)
[2018.01.03-20.49.55:384][524]LogModuleManager: Shutting down and abandoning module DeviceProfileEditor (446)
[2018.01.03-20.49.55:384][524]LogModuleManager: Shutting down and abandoning module UndoHistory (444)
[2018.01.03-20.49.55:384][524]LogModuleManager: Shutting down and abandoning module XmlParser (442)
[2018.01.03-20.49.55:384][524]LogModuleManager: Shutting down and abandoning module Blutility (440)
[2018.01.03-20.49.55:384][524]LogModuleManager: Shutting down and abandoning module ProjectSettingsViewer (438)
[2018.01.03-20.49.55:384][524]LogModuleManager: Shutting down and abandoning module ProjectTargetPlatformEditor (437)
[2018.01.03-20.49.55:385][524]LogModuleManager: Shutting down and abandoning module EditorSettingsViewer (434)
[2018.01.03-20.49.55:385][524]LogModuleManager: Shutting down and abandoning module SettingsEditor (432)
[2018.01.03-20.49.55:385][524]LogModuleManager: Shutting down and abandoning module ProjectLauncher (430)
[2018.01.03-20.49.55:385][524]LogModuleManager: Shutting down and abandoning module SessionFrontend (428)
[2018.01.03-20.49.55:385][524]LogModuleManager: Shutting down and abandoning module ProfilerClient (426)
[2018.01.03-20.49.55:385][524]LogModuleManager: Shutting down and abandoning module DeviceManager (424)
[2018.01.03-20.49.55:385][524]LogModuleManager: Shutting down and abandoning module TargetDeviceServices (423)
[2018.01.03-20.49.55:450][524]LogModuleManager: Shutting down and abandoning module AutomationController (420)
[2018.01.03-20.49.55:450][524]LogModuleManager: Shutting down and abandoning module AutomationWindow (418)
[2018.01.03-20.49.55:450][524]LogModuleManager: Shutting down and abandoning module Layers (416)
[2018.01.03-20.49.55:450][524]LogModuleManager: Shutting down and abandoning module ComponentVisualizers (414)
[2018.01.03-20.49.55:450][524]LogModuleManager: Shutting down and abandoning module DetailCustomizations (412)
[2018.01.03-20.49.55:450][524]LogModuleManager: Shutting down and abandoning module PackagesDialog (410)
[2018.01.03-20.49.55:451][524]LogModuleManager: Shutting down and abandoning module Persona (408)
[2018.01.03-20.49.55:451][524]LogModuleManager: Shutting down and abandoning module AdvancedPreviewScene (407)
[2018.01.03-20.49.55:451][524]LogModuleManager: Shutting down and abandoning module AnimGraph (405)
[2018.01.03-20.49.55:451][524]LogModuleManager: Shutting down and abandoning module Kismet (402)
[2018.01.03-20.49.55:461][524]LogModuleManager: Shutting down and abandoning module ClassViewer (400)
[2018.01.03-20.49.55:461][524]LogModuleManager: Shutting down and abandoning module Toolbox (398)
[2018.01.03-20.49.55:461][524]LogModuleManager: Shutting down and abandoning module ModuleUI (396)
[2018.01.03-20.49.55:461][524]LogModuleManager: Shutting down and abandoning module MovieSceneTools (394)
[2018.01.03-20.49.55:462][524]LogModuleManager: Shutting down and abandoning module OutputLog (392)
[2018.01.03-20.49.55:462][524]LogModuleManager: Shutting down and abandoning module GammaUI (390)
[2018.01.03-20.49.55:462][524]LogModuleManager: Shutting down and abandoning module Documentation (388)
[2018.01.03-20.49.55:462][524]LogModuleManager: Shutting down and abandoning module MovieSceneTracks (386)
[2018.01.03-20.49.55:462][524]LogModuleManager: Shutting down and abandoning module MovieScene (384)
[2018.01.03-20.49.55:462][524]LogModuleManager: Shutting down and abandoning module StreamingPauseRendering (382)
[2018.01.03-20.49.55:462][524]LogModuleManager: Shutting down and abandoning module LauncherPlatform (380)
[2018.01.03-20.49.55:462][524]LogModuleManager: Shutting down and abandoning module AnalyticsET (378)
[2018.01.03-20.49.55:462][524]LogModuleManager: Shutting down and abandoning module PortalServices (376)
[2018.01.03-20.49.55:462][524]LogModuleManager: Shutting down and abandoning module PortalRpc (374)
[2018.01.03-20.49.55:462][524]LogModuleManager: Shutting down and abandoning module MessagingRpc (372)
[2018.01.03-20.49.55:462][524]LogModuleManager: Shutting down and abandoning module AIModule (370)
[2018.01.03-20.49.55:462][524]LogModuleManager: Shutting down and abandoning module GameplayDebugger (369)
[2018.01.03-20.49.55:462][524]LogModuleManager: Shutting down and abandoning module AITestSuite (367)
[2018.01.03-20.49.55:462][524]LogModuleManager: Shutting down and abandoning module DesktopPlatform (364)
[2018.01.03-20.49.55:462][524]LogModuleManager: Shutting down and abandoning module ProfilerService (362)
[2018.01.03-20.49.55:550][524]LogModuleManager: Shutting down and abandoning module TaskGraph (360)
[2018.01.03-20.49.55:551][524]LogModuleManager: Shutting down and abandoning module SubstanceLiveLink (358)
[2018.01.03-20.49.55:567][524]LogModuleManager: Shutting down and abandoning module SubstanceSource (356)
[2018.01.03-20.49.55:604][524]LogModuleManager: Shutting down and abandoning module SubstanceEditor (354)
[2018.01.03-20.49.55:616][524]LogModuleManager: Shutting down and abandoning module SteamVRController (352)
[2018.01.03-20.49.55:616][524]LogModuleManager: Shutting down and abandoning module ProceduralMeshComponentEditor (350)
[2018.01.03-20.49.55:616][524]LogModuleManager: Shutting down and abandoning module ProceduralMeshComponent (348)
[2018.01.03-20.49.55:616][524]LogModuleManager: Shutting down and abandoning module OculusInput (346)
[2018.01.03-20.49.55:616][524]LogModuleManager: Shutting down and abandoning module MobilePatchingUtils (344)
[2018.01.03-20.49.55:616][524]LogModuleManager: Shutting down and abandoning module CustomMeshComponent (342)
[2018.01.03-20.49.55:616][524]LogModuleManager: Shutting down and abandoning module CableComponent (340)
[2018.01.03-20.49.55:616][524]LogModuleManager: Shutting down and abandoning module ArchVisCharacter (338)
[2018.01.03-20.49.55:616][524]LogModuleManager: Shutting down and abandoning module AndroidPermission (336)
[2018.01.03-20.49.55:616][524]LogModuleManager: Shutting down and abandoning module ActorSequence (332)
[2018.01.03-20.49.55:616][524]LogModuleManager: Shutting down and abandoning module MediaPlayerEditor (330)
[2018.01.03-20.49.55:616][524]LogModuleManager: Shutting down and abandoning module MediaCompositingEditor (328)
[2018.01.03-20.49.55:616][524]LogModuleManager: Shutting down and abandoning module MediaCompositing (326)
[2018.01.03-20.49.55:617][524]LogModuleManager: Shutting down and abandoning module HTML5Networking (324)
[2018.01.03-20.49.55:617][524]LogModuleManager: Shutting down and abandoning module AlembicImporter (322)
[2018.01.03-20.49.55:617][524]LogModuleManager: Shutting down and abandoning module AlembicLibrary (321)
[2018.01.03-20.49.55:617][524]LogModuleManager: Shutting down and abandoning module GeometryCache (320)
[2018.01.03-20.49.55:617][524]LogModuleManager: Shutting down and abandoning module GeometryCacheEd (319)
[2018.01.03-20.49.55:617][524]LogModuleManager: Shutting down and abandoning module SpeedTreeImporter (314)
[2018.01.03-20.49.55:617][524]LogModuleManager: Shutting down and abandoning module PluginBrowser (312)
[2018.01.03-20.49.55:617][524]LogModuleManager: Shutting down and abandoning module MobileLauncherProfileWizard (310)
[2018.01.03-20.49.55:617][524]LogModuleManager: Shutting down and abandoning module VisualStudioSourceCodeAccess (308)
[2018.01.03-20.49.55:617][524]LogModuleManager: Shutting down and abandoning module VisualStudioCodeSourceCodeAccess (306)
[2018.01.03-20.49.55:617][524]LogModuleManager: Shutting down and abandoning module UObjectPlugin (304)
[2018.01.03-20.49.55:617][524]LogModuleManager: Shutting down and abandoning module SubversionSourceControl (302)
[2018.01.03-20.49.55:617][524]LogModuleManager: Shutting down and abandoning module PerforceSourceControl (300)
[2018.01.03-20.49.55:617][524]LogModuleManager: Shutting down and abandoning module GitSourceControl (298)
[2018.01.03-20.49.55:617][524]LogModuleManager: Shutting down and abandoning module SourceControl (297)
[2018.01.03-20.49.55:644][524]LogModuleManager: Shutting down and abandoning module LightPropagationVolumeEditor (294)
[2018.01.03-20.49.55:644][524]LogModuleManager: Shutting down and abandoning module PaperTiledImporter (292)
[2018.01.03-20.49.55:644][524]LogModuleManager: Shutting down and abandoning module PaperSpriteSheetImporter (290)
[2018.01.03-20.49.55:644][524]LogModuleManager: Shutting down and abandoning module Paper2DEditor (288)
[2018.01.03-20.49.55:644][524]LogModuleManager: Shutting down and abandoning module MeshPaint (287)
[2018.01.03-20.49.55:644][524]LogModuleManager: Shutting down and abandoning module LevelEditor (285)
[2018.01.03-20.49.55:646][524]LogModuleManager: Shutting down and abandoning module PixelInspectorModule (284)
[2018.01.03-20.49.55:646][524]LogModuleManager: Shutting down and abandoning module MainFrame (282)
[2018.01.03-20.49.55:646][524]LogModuleManager: Shutting down and abandoning module HotReload (281)
[2018.01.03-20.49.55:646][524]LogDirectoryWatcher: A directory notification for 'F:/Disaster/ResearchDisaster/Plugins/VictoryPlug/Binaries/Win64' was aborted.
[2018.01.03-20.49.55:647][524]LogModuleManager: Shutting down and abandoning module VictoryBPLibrary (276)
[2018.01.03-20.49.55:647][524]LogModuleManager: Shutting down and abandoning module RuntimePhysXCooking (274)
[2018.01.03-20.49.55:647][524]LogModuleManager: Shutting down and abandoning module PhysXVehiclesEditor (272)
[2018.01.03-20.49.55:647][524]LogModuleManager: Shutting down and abandoning module PhysXVehicles (270)
[2018.01.03-20.49.55:647][524]LogModuleManager: Shutting down and abandoning module OculusEditor (268)
[2018.01.03-20.49.55:647][524]LogModuleManager: Shutting down and abandoning module LocationServicesBPLibrary (266)
[2018.01.03-20.49.55:647][524]LogModuleManager: Shutting down and abandoning module ImmediatePhysicsEditor (264)
[2018.01.03-20.49.55:647][524]LogModuleManager: Shutting down and abandoning module ImmediatePhysics (262)
[2018.01.03-20.49.55:647][524]LogModuleManager: Shutting down and abandoning module ApexDestructionEditor (260)
[2018.01.03-20.49.55:647][524]LogModuleManager: Shutting down and abandoning module ApexDestruction (258)
[2018.01.03-20.49.55:647][524]LogModuleManager: Shutting down and abandoning module UdpMessaging (256)
[2018.01.03-20.49.55:747][524]LogModuleManager: Shutting down and abandoning module TcpMessaging (254)
[2018.01.03-20.49.55:848][524]LogModuleManager: Shutting down and abandoning module SubstanceCore (252)
[2018.01.03-20.49.55:863][524]LogModuleManager: Shutting down and abandoning module GameplayTagsEditor (250)
[2018.01.03-20.49.55:863][524]LogModuleManager: Shutting down and abandoning module FacialAnimationEditor (248)
[2018.01.03-20.49.55:863][524]LogModuleManager: Shutting down and abandoning module FacialAnimation (246)
[2018.01.03-20.49.55:863][524]LogModuleManager: Shutting down and abandoning module AssetManagerEditor (244)
[2018.01.03-20.49.55:863][524]LogModuleManager: Shutting down and abandoning module GraphEditor (243)
[2018.01.03-20.49.55:863][524]LogModuleManager: Shutting down and abandoning module ContentBrowser (241)
[2018.01.03-20.49.55:865][524]LogModuleManager: Shutting down and abandoning module LightPropagationVolumeRuntime (238)
[2018.01.03-20.49.55:865][524]LogModuleManager: Shutting down and abandoning module Paper2D (236)
[2018.01.03-20.49.55:865][524]LogModuleManager: Shutting down and abandoning module WindowsMoviePlayer (234)
[2018.01.03-20.49.55:865][524]LogModuleManager: Shutting down and abandoning module WmfMedia (232)
[2018.01.03-20.49.55:889][524]LogModuleManager: Shutting down and abandoning module ImgMedia (230)
[2018.01.03-20.49.55:890][524]LogModuleManager: Shutting down and abandoning module PacketHandler (228)
[2018.01.03-20.49.55:890][524]LogModuleManager: Shutting down and abandoning module ClothingSystemEditor (226)
[2018.01.03-20.49.55:890][524]LogModuleManager: Shutting down and abandoning module ClothingSystemRuntime (224)
[2018.01.03-20.49.55:890][524]LogModuleManager: Shutting down and abandoning module MediaAssets (222)
[2018.01.03-20.49.55:890][524]LogModuleManager: Shutting down and abandoning module Media (221)
[2018.01.03-20.49.55:896][524]LogModuleManager: Shutting down and abandoning module Overlay (218)
[2018.01.03-20.49.55:896][524]LogModuleManager: Shutting down and abandoning module OverlayEditor (217)
[2018.01.03-20.49.55:896][524]LogModuleManager: Shutting down and abandoning module VREditor (214)
[2018.01.03-20.49.55:896][524]LogModuleManager: Shutting down and abandoning module StringTableEditor (212)
[2018.01.03-20.49.55:896][524]LogModuleManager: Shutting down and abandoning module GameplayTasksEditor (210)
[2018.01.03-20.49.55:896][524]LogModuleManager: Shutting down and abandoning module BehaviorTreeEditor (208)
[2018.01.03-20.49.55:896][524]LogModuleManager: Shutting down and abandoning module FunctionalTesting (206)
[2018.01.03-20.49.55:896][524]LogModuleManager: Shutting down and abandoning module CollisionAnalyzer (204)
[2018.01.03-20.49.55:896][524]LogModuleManager: Shutting down and abandoning module WorkspaceMenuStructure (203)
[2018.01.03-20.49.55:896][524]LogModuleManager: Shutting down and abandoning module UMG (200)
[2018.01.03-20.49.55:896][524]LogModuleManager: Shutting down and abandoning module UMGEditor (199)
[2018.01.03-20.49.55:896][524]LogModuleManager: Shutting down and abandoning module Sequencer (198)
[2018.01.03-20.49.55:897][524]LogModuleManager: Shutting down and abandoning module MessageLog (195)
[2018.01.03-20.49.55:897][524]LogModuleManager: Shutting down and abandoning module SlateReflector (190)
[2018.01.03-20.49.55:897][524]LogModuleManager: Shutting down and abandoning module Slate (188)
[2018.01.03-20.49.55:897][524]LogModuleManager: Shutting down and abandoning module EditorStyle (186)
[2018.01.03-20.49.55:900][524]LogModuleManager: Shutting down and abandoning module MRMesh (184)
[2018.01.03-20.49.55:900][524]LogModuleManager: Shutting down and abandoning module SourceCodeAccess (182)
[2018.01.03-20.49.55:900][524]LogModuleManager: Shutting down and abandoning module HeadMountedDisplay (180)
[2018.01.03-20.49.55:900][524]LogModuleManager: Shutting down and abandoning module XAudio2 (178)
[2018.01.03-20.49.55:900][524]LogModuleManager: Shutting down and abandoning module Networking (176)
[2018.01.03-20.49.55:900][524]LogModuleManager: Shutting down and abandoning module Core (172)
[2018.01.03-20.49.55:900][524]LogModuleManager: Shutting down and abandoning module LevelSequence (168)
[2018.01.03-20.49.55:900][524]LogModuleManager: Shutting down and abandoning module DirectoryWatcher (166)
[2018.01.03-20.49.55:909][524]LogModuleManager: Shutting down and abandoning module KismetCompiler (164)
[2018.01.03-20.49.55:909][524]LogModuleManager: Shutting down and abandoning module MeshUtilities (162)
[2018.01.03-20.49.55:909][524]LogModuleManager: Shutting down and abandoning module MeshMergeUtilities (161)
[2018.01.03-20.49.55:909][524]LogModuleManager: Shutting down and abandoning module MeshReductionInterface (160)
[2018.01.03-20.49.55:909][524]LogModuleManager: Shutting down and abandoning module SimplygonSwarm (159)
[2018.01.03-20.49.55:909][524]LogModuleManager: Shutting down and abandoning module SimplygonMeshReduction (157)
[2018.01.03-20.49.55:909][524]LogModuleManager: Shutting down and abandoning module QuadricMeshReduction (155)
[2018.01.03-20.49.55:909][524]LogModuleManager: Shutting down and abandoning module MaterialBaking (151)
[2018.01.03-20.49.55:909][524]LogModuleManager: Shutting down and abandoning module DerivedDataCache (148)
[2018.01.03-20.49.55:956][524]LogDerivedDataCache: Shutdown
[2018.01.03-20.49.55:956][524]LogModuleManager: Shutting down and abandoning module TargetPlatform (146)
[2018.01.03-20.49.55:956][524]LogModuleManager: Shutting down and abandoning module VulkanShaderFormat (145)
[2018.01.03-20.49.55:956][524]LogModuleManager: Shutting down and abandoning module ShaderFormatVectorVM (143)
[2018.01.03-20.49.55:957][524]LogModuleManager: Shutting down and abandoning module ShaderFormatOpenGL (141)
[2018.01.03-20.49.55:957][524]LogModuleManager: Shutting down and abandoning module ShaderFormatD3D (139)
[2018.01.03-20.49.55:957][524]LogModuleManager: Shutting down and abandoning module MetalShaderFormat (137)
[2018.01.03-20.49.55:957][524]LogModuleManager: Shutting down and abandoning module TextureFormatUncompressed (135)
[2018.01.03-20.49.55:957][524]LogModuleManager: Shutting down and abandoning module TextureFormatPVR (133)
[2018.01.03-20.49.55:957][524]LogModuleManager: Shutting down and abandoning module TextureFormatDXT (131)
[2018.01.03-20.49.55:957][524]LogModuleManager: Shutting down and abandoning module TextureFormatIntelISPCTexComp (129)
[2018.01.03-20.49.55:957][524]LogModuleManager: Shutting down and abandoning module TextureFormatASTC (127)
[2018.01.03-20.49.55:957][524]LogModuleManager: Shutting down and abandoning module ImageWrapper (126)
[2018.01.03-20.49.55:957][524]LogModuleManager: Shutting down and abandoning module TextureFormatAndroid (123)
[2018.01.03-20.49.55:957][524]LogModuleManager: Shutting down and abandoning module AudioFormatOpus (121)
[2018.01.03-20.49.55:957][524]LogModuleManager: Shutting down and abandoning module AudioFormatOgg (119)
[2018.01.03-20.49.55:957][524]LogModuleManager: Shutting down and abandoning module AudioFormatADPCM (117)
[2018.01.03-20.49.55:957][524]LogModuleManager: Shutting down and abandoning module LinuxTargetPlatform (115)
[2018.01.03-20.49.55:957][524]LogModuleManager: Shutting down and abandoning module LinuxServerTargetPlatform (113)
[2018.01.03-20.49.55:957][524]LogModuleManager: Shutting down and abandoning module LinuxNoEditorTargetPlatform (111)
[2018.01.03-20.49.55:957][524]LogModuleManager: Shutting down and abandoning module LinuxClientTargetPlatform (109)
[2018.01.03-20.49.55:957][524]LogModuleManager: Shutting down and abandoning module TVOSTargetPlatform (107)
[2018.01.03-20.49.55:957][524]LogModuleManager: Shutting down and abandoning module Messaging (105)
[2018.01.03-20.49.55:957][524]LogModuleManager: Shutting down and abandoning module IOSTargetPlatform (103)
[2018.01.03-20.49.55:957][524]LogModuleManager: Shutting down and abandoning module HTML5TargetPlatform (101)
[2018.01.03-20.49.55:957][524]LogModuleManager: Shutting down and abandoning module AndroidTargetPlatform (99)
[2018.01.03-20.49.55:957][524]LogModuleManager: Shutting down and abandoning module Android_PVRTCTargetPlatform (97)
[2018.01.03-20.49.55:957][524]LogModuleManager: Shutting down and abandoning module Android_MultiTargetPlatform (95)
[2018.01.03-20.49.55:957][524]LogModuleManager: Shutting down and abandoning module Android_ETC2TargetPlatform (93)
[2018.01.03-20.49.55:957][524]LogModuleManager: Shutting down and abandoning module Android_ETC1TargetPlatform (91)
[2018.01.03-20.49.55:958][524]LogModuleManager: Shutting down and abandoning module Android_DXTTargetPlatform (89)
[2018.01.03-20.49.55:958][524]LogModuleManager: Shutting down and abandoning module Android_ATCTargetPlatform (87)
[2018.01.03-20.49.55:958][524]LogModuleManager: Shutting down and abandoning module Android_ASTCTargetPlatform (85)
[2018.01.03-20.49.55:958][524]LogModuleManager: Shutting down and abandoning module WindowsTargetPlatform (83)
[2018.01.03-20.49.55:958][524]LogModuleManager: Shutting down and abandoning module WindowsServerTargetPlatform (81)
[2018.01.03-20.49.55:958][524]LogModuleManager: Shutting down and abandoning module WindowsNoEditorTargetPlatform (79)
[2018.01.03-20.49.55:958][524]LogModuleManager: Shutting down and abandoning module WindowsClientTargetPlatform (77)
[2018.01.03-20.49.55:958][524]LogModuleManager: Shutting down and abandoning module MacTargetPlatform (75)
[2018.01.03-20.49.55:958][524]LogModuleManager: Shutting down and abandoning module MacServerTargetPlatform (73)
[2018.01.03-20.49.55:958][524]LogModuleManager: Shutting down and abandoning module MacNoEditorTargetPlatform (71)
[2018.01.03-20.49.55:958][524]LogModuleManager: Shutting down and abandoning module MacClientTargetPlatform (69)
[2018.01.03-20.49.55:958][524]LogModuleManager: Shutting down and abandoning module AllDesktopTargetPlatform (67)
[2018.01.03-20.49.55:958][524]LogModuleManager: Shutting down and abandoning module InputCore (64)
[2018.01.03-20.49.55:958][524]LogModuleManager: Shutting down and abandoning module Settings (62)
[2018.01.03-20.49.55:958][524]LogModuleManager: Shutting down and abandoning module PhysXCooking (60)
[2018.01.03-20.49.55:958][524]LogModuleManager: Shutting down and abandoning module SteamVR (58)
[2018.01.03-20.49.55:958][524]LogModuleManager: Shutting down and abandoning module OculusHMD (56)
[2018.01.03-20.49.55:958][524]LogModuleManager: Shutting down and abandoning module ExampleDeviceProfileSelector (54)
[2018.01.03-20.49.55:958][524]LogModuleManager: Shutting down and abandoning module AppleARKit (52)
[2018.01.03-20.49.55:958][524]LogModuleManager: Shutting down and abandoning module AugmentedReality (51)
[2018.01.03-20.49.55:958][524]LogModuleManager: Shutting down and abandoning module OnlineBlueprintSupport (48)
[2018.01.03-20.49.55:958][524]LogModuleManager: Shutting down and abandoning module OnlineSubsystem (44)
[2018.01.03-20.49.55:958][524]LogModuleManager: Shutting down and abandoning module XMPP (43)
[2018.01.03-20.49.55:958][524]LogModuleManager: Shutting down and abandoning module HTTP (41)
[2018.01.03-20.49.55:958][524]LogHttp: Display: Http module shutting down, but needs to wait on 1 outstanding Http requests:
[2018.01.03-20.49.55:958][524]LogHttp: Display: 	verb=[POST] url=[https://datarouter.ol.epicgames.com/datarouter/api/v1/public/data?SessionID=%7B632C3866-4E51-0C1D-2B6B-F7AE2579D79F%7D&AppID=UEEditor.Rocket.Release&AppVersion=4.18.2-3794801%2B%2B%2BUE4%2BRelease-4.18&UserID=6b6a77274cc338fa6ef90595812d0ae9%7C1b705a668847480aa0156731dd50e538%7C6a312f09-eca8-4b10-8272-497b4c1626b1&AppEnvironment=datacollector-binary&UploadType=eteventstream] status=Processing
[2018.01.03-20.49.55:992][524]LogModuleManager: Shutting down and abandoning module SSL (40)
[2018.01.03-20.49.55:994][524]LogModuleManager: Shutting down and abandoning module AnimationModifiers (36)
[2018.01.03-20.49.55:994][524]LogModuleManager: Shutting down and abandoning module PropertyEditor (35)
[2018.01.03-20.49.55:995][524]LogModuleManager: Shutting down and abandoning module AudioEditor (32)
[2018.01.03-20.49.56:014][524]LogModuleManager: Shutting down and abandoning module TextureCompressor (30)
[2018.01.03-20.49.56:014][524]LogModuleManager: Shutting down and abandoning module ShaderCore (28)
[2018.01.03-20.49.56:014][524]LogModuleManager: Shutting down and abandoning module Landscape (26)
[2018.01.03-20.49.56:014][524]LogModuleManager: Shutting down and abandoning module SlateRHIRenderer (24)
[2018.01.03-20.49.56:021][524]LogModuleManager: Shutting down and abandoning module OpenGLDrv (22)
[2018.01.03-20.49.56:022][524]LogModuleManager: Shutting down and abandoning module D3D11RHI (20)
[2018.01.03-20.49.56:022][524]LogModuleManager: Shutting down and abandoning module AnimGraphRuntime (18)
[2018.01.03-20.49.56:022][524]LogModuleManager: Shutting down and abandoning module Renderer (16)
[2018.01.03-20.49.56:022][524]LogModuleManager: Shutting down and abandoning module Engine (14)
[2018.01.03-20.49.56:022][524]LogModuleManager: Shutting down and abandoning module CoreUObject (12)
[2018.01.03-20.49.56:022][524]LogModuleManager: Shutting down and abandoning module NetworkFile (10)
[2018.01.03-20.49.56:022][524]LogModuleManager: Shutting down and abandoning module CookedIterativeFile (8)
[2018.01.03-20.49.56:022][524]LogModuleManager: Shutting down and abandoning module StreamingFile (6)
[2018.01.03-20.49.56:022][524]LogModuleManager: Shutting down and abandoning module SandboxFile (4)
[2018.01.03-20.49.56:022][524]LogModuleManager: Shutting down and abandoning module PakFile (2)
[2018.01.03-20.49.56:025][524]LogExit: Exiting.
[2018.01.03-20.49.56:052][524]Log file closed, 01/03/18 23:49:56
