Log file open, 01/06/18 00:25:09
LogWindows: Failed to load 'aqProf.dll' (GetLastError=126)
LogWindows: File 'aqProf.dll' does not exist
LogWindows: Failed to load 'VtuneApi.dll' (GetLastError=126)
LogWindows: File 'VtuneApi.dll' does not exist
LogWindows: Failed to load 'VtuneApi32e.dll' (GetLastError=126)
LogWindows: File 'VtuneApi32e.dll' does not exist
LogInit: Display: Running engine for game: RNDYOUFUCK
LogPlatformFile: Not using cached read wrapper
LogInit: Display: RandInit(-1496655564) SRandInit(-1496655564).
LogInit: Read version file with build ID '3709383'
LogInit: Overriding engine version to CL 3794801, compatible CL 3709383
LogInit: Registered custom module enumerator with build ID '3709383'
LogInit: Warning: Passing commandline switches using / instead of - has been deprecated and will be removed in future versions of Unreal Engine.
LogTaskGraph: Started task graph with 5 named threads and 14 total threads with 3 sets of task threads.
LogStats: Stats thread started at 0.181183
LogD3D11RHI: Aftermath initialized
LogInit: Warning: Passing commandline switches using / instead of - has been deprecated and will be removed in future versions of Unreal Engine.
LogModuleManager: Display: Found up-to-date module file ../../../../Disaster/ResearchDisaster/Plugins/VictoryPlug/Binaries/Win64/UE4Editor-VictoryBPLibrary.dll (API version 3709383).
LogModuleManager: Display: Found up-to-date module file ../../../Engine/Plugins/Runtime/ApexDestruction/Binaries/Win64/UE4Editor-ApexDestruction.dll (API version 3709383).
LogModuleManager: Display: Found up-to-date module file ../../../Engine/Plugins/Runtime/ApexDestruction/Binaries/Win64/UE4Editor-ApexDestructionEditor.dll (API version 3709383).
LogModuleManager: Display: Found up-to-date module file ../../../Engine/Plugins/Marketplace/Substance/Binaries/Win64/UE4Editor-SubstanceCore.dll (API version 3709383).
LogModuleManager: Display: Found up-to-date module file ../../../Engine/Plugins/Marketplace/Substance/Binaries/Win64/UE4Editor-SubstanceEditor.dll (API version 3709383).
LogModuleManager: Display: Found up-to-date module file ../../../Engine/Plugins/Marketplace/Substance/Binaries/Win64/UE4Editor-SubstanceSource.dll (API version 3709383).
LogModuleManager: Display: Found up-to-date module file ../../../Engine/Plugins/Marketplace/Substance/Binaries/Win64/UE4Editor-SubstanceLiveLink.dll (API version 3709383).
LogModuleManager: Display: Found up-to-date module file ../../../Engine/Plugins/2D/Paper2D/Binaries/Win64/UE4Editor-Paper2D.dll (API version 3709383).
LogModuleManager: Display: Found up-to-date module file ../../../Engine/Plugins/2D/Paper2D/Binaries/Win64/UE4Editor-Paper2DEditor.dll (API version 3709383).
LogModuleManager: Display: Found up-to-date module file ../../../Engine/Plugins/2D/Paper2D/Binaries/Win64/UE4Editor-PaperSpriteSheetImporter.dll (API version 3709383).
LogModuleManager: Display: Found up-to-date module file ../../../Engine/Plugins/2D/Paper2D/Binaries/Win64/UE4Editor-PaperTiledImporter.dll (API version 3709383).
LogModuleManager: Display: Found up-to-date module file ../../../Engine/Plugins/2D/Paper2D/Binaries/Win64/UE4Editor-SmartSnapping.dll (API version 3709383).
LogModuleManager: Display: Found up-to-date module file ../../../Engine/Plugins/Blendables/LightPropagationVolume/Binaries/Win64/UE4Editor-LightPropagationVolumeRuntime.dll (API version 3709383).
LogModuleManager: Display: Found up-to-date module file ../../../Engine/Plugins/Blendables/LightPropagationVolume/Binaries/Win64/UE4Editor-LightPropagationVolumeEditor.dll (API version 3709383).
LogModuleManager: Display: Found up-to-date module file ../../../Engine/Plugins/Developer/GitSourceControl/Binaries/Win64/UE4Editor-GitSourceControl.dll (API version 3709383).
LogModuleManager: Display: Found up-to-date module file ../../../Engine/Plugins/Developer/PerforceSourceControl/Binaries/Win64/UE4Editor-PerforceSourceControl.dll (API version 3709383).
LogModuleManager: Display: Found up-to-date module file ../../../Engine/Plugins/Developer/SubversionSourceControl/Binaries/Win64/UE4Editor-SubversionSourceControl.dll (API version 3709383).
LogModuleManager: Display: Found up-to-date module file ../../../Engine/Plugins/Developer/UObjectPlugin/Binaries/Win64/UE4Editor-UObjectPlugin.dll (API version 3709383).
LogModuleManager: Display: Found up-to-date module file ../../../Engine/Plugins/Developer/VisualStudioCodeSourceCodeAccess/Binaries/Win64/UE4Editor-VisualStudioCodeSourceCodeAccess.dll (API version 3709383).
LogModuleManager: Display: Found up-to-date module file ../../../Engine/Plugins/Developer/VisualStudioSourceCodeAccess/Binaries/Win64/UE4Editor-VisualStudioSourceCodeAccess.dll (API version 3709383).
LogModuleManager: Display: Found up-to-date module file ../../../Engine/Plugins/Editor/AssetManagerEditor/Binaries/Win64/UE4Editor-AssetManagerEditor.dll (API version 3709383).
LogModuleManager: Display: Found up-to-date module file ../../../Engine/Plugins/Editor/AudioCapture/Binaries/Win64/UE4Editor-AudioCapture.dll (API version 3709383).
LogModuleManager: Display: Found up-to-date module file ../../../Engine/Plugins/Editor/FacialAnimation/Binaries/Win64/UE4Editor-FacialAnimation.dll (API version 3709383).
LogModuleManager: Display: Found up-to-date module file ../../../Engine/Plugins/Editor/FacialAnimation/Binaries/Win64/UE4Editor-FacialAnimationEditor.dll (API version 3709383).
LogModuleManager: Display: Found up-to-date module file ../../../Engine/Plugins/Editor/GameplayTagsEditor/Binaries/Win64/UE4Editor-GameplayTagsEditor.dll (API version 3709383).
LogModuleManager: Display: Found up-to-date module file ../../../Engine/Plugins/Editor/MobileLauncherProfileWizard/Binaries/Win64/UE4Editor-MobileLauncherProfileWizard.dll (API version 3709383).
LogModuleManager: Display: Found up-to-date module file ../../../Engine/Plugins/Editor/PluginBrowser/Binaries/Win64/UE4Editor-PluginBrowser.dll (API version 3709383).
LogModuleManager: Display: Found up-to-date module file ../../../Engine/Plugins/Editor/SpeedTreeImporter/Binaries/Win64/UE4Editor-SpeedTreeImporter.dll (API version 3709383).
LogModuleManager: Display: Found up-to-date module file ../../../Engine/Plugins/Experimental/AlembicImporter/Binaries/Win64/UE4Editor-AlembicImporter.dll (API version 3709383).
LogModuleManager: Display: Found up-to-date module file ../../../Engine/Plugins/Experimental/AlembicImporter/Binaries/Win64/UE4Editor-AlembicLibrary.dll (API version 3709383).
LogModuleManager: Display: Found up-to-date module file ../../../Engine/Plugins/Experimental/CharacterAI/Binaries/Win64/UE4Editor-CharacterAI.dll (API version 3709383).
LogModuleManager: Display: Found up-to-date module file ../../../Engine/Plugins/Experimental/HTML5Networking/Binaries/Win64/UE4Editor-HTML5Networking.dll (API version 3709383).
LogModuleManager: Display: Found up-to-date module file ../../../Engine/Plugins/Media/AndroidMedia/Binaries/Win64/UE4Editor-AndroidMediaEditor.dll (API version 3709383).
LogModuleManager: Display: Found up-to-date module file ../../../Engine/Plugins/Media/AndroidMedia/Binaries/Win64/UE4Editor-AndroidMediaFactory.dll (API version 3709383).
LogModuleManager: Display: Found up-to-date module file ../../../Engine/Plugins/Media/AvfMedia/Binaries/Win64/UE4Editor-AvfMediaEditor.dll (API version 3709383).
LogModuleManager: Display: Found up-to-date module file ../../../Engine/Plugins/Media/AvfMedia/Binaries/Win64/UE4Editor-AvfMediaFactory.dll (API version 3709383).
LogModuleManager: Display: Found up-to-date module file ../../../Engine/Plugins/Media/AvfMedia/Binaries/Win64/UE4Editor-AvfMediaFactory.dll (API version 3709383).
LogModuleManager: Display: Found up-to-date module file ../../../Engine/Plugins/Media/ImgMedia/Binaries/Win64/UE4Editor-ImgMedia.dll (API version 3709383).
LogModuleManager: Display: Found up-to-date module file ../../../Engine/Plugins/Media/ImgMedia/Binaries/Win64/UE4Editor-ImgMediaEditor.dll (API version 3709383).
LogModuleManager: Display: Found up-to-date module file ../../../Engine/Plugins/Media/ImgMedia/Binaries/Win64/UE4Editor-ImgMediaFactory.dll (API version 3709383).
LogModuleManager: Display: Found up-to-date module file ../../../Engine/Plugins/Media/ImgMedia/Binaries/Win64/UE4Editor-ImgMediaFactory.dll (API version 3709383).
LogModuleManager: Display: Found up-to-date module file ../../../Engine/Plugins/Media/ImgMedia/Binaries/Win64/UE4Editor-OpenExrWrapper.dll (API version 3709383).
LogModuleManager: Display: Found up-to-date module file ../../../Engine/Plugins/Media/MediaCompositing/Binaries/Win64/UE4Editor-MediaCompositing.dll (API version 3709383).
LogModuleManager: Display: Found up-to-date module file ../../../Engine/Plugins/Media/MediaCompositing/Binaries/Win64/UE4Editor-MediaCompositingEditor.dll (API version 3709383).
LogModuleManager: Display: Found up-to-date module file ../../../Engine/Plugins/Media/MediaPlayerEditor/Binaries/Win64/UE4Editor-MediaPlayerEditor.dll (API version 3709383).
LogModuleManager: Display: Found up-to-date module file ../../../Engine/Plugins/Media/WmfMedia/Binaries/Win64/UE4Editor-WmfMedia.dll (API version 3709383).
LogModuleManager: Display: Found up-to-date module file ../../../Engine/Plugins/Media/WmfMedia/Binaries/Win64/UE4Editor-WmfMediaEditor.dll (API version 3709383).
LogModuleManager: Display: Found up-to-date module file ../../../Engine/Plugins/Media/WmfMedia/Binaries/Win64/UE4Editor-WmfMediaFactory.dll (API version 3709383).
LogModuleManager: Display: Found up-to-date module file ../../../Engine/Plugins/Media/WmfMedia/Binaries/Win64/UE4Editor-WmfMediaFactory.dll (API version 3709383).
LogModuleManager: Display: Found up-to-date module file ../../../Engine/Plugins/Messaging/TcpMessaging/Binaries/Win64/UE4Editor-TcpMessaging.dll (API version 3709383).
LogModuleManager: Display: Found up-to-date module file ../../../Engine/Plugins/Messaging/UdpMessaging/Binaries/Win64/UE4Editor-UdpMessaging.dll (API version 3709383).
LogModuleManager: Display: Found up-to-date module file ../../../Engine/Plugins/MovieScene/ActorSequence/Binaries/Win64/UE4Editor-ActorSequence.dll (API version 3709383).
LogModuleManager: Display: Found up-to-date module file ../../../Engine/Plugins/MovieScene/LevelSequenceEditor/Binaries/Win64/UE4Editor-LevelSequenceEditor.dll (API version 3709383).
LogModuleManager: Display: Found up-to-date module file ../../../Engine/Plugins/MovieScene/MatineeToLevelSequence/Binaries/Win64/UE4Editor-MatineeToLevelSequence.dll (API version 3709383).
LogModuleManager: Display: Found up-to-date module file ../../../Engine/Plugins/Online/OnlineSubsystem/Binaries/Win64/UE4Editor-OnlineSubsystem.dll (API version 3709383).
LogModuleManager: Display: Found up-to-date module file ../../../Engine/Plugins/Runtime/AndroidPermission/Binaries/Win64/UE4Editor-AndroidPermission.dll (API version 3709383).
LogModuleManager: Display: Found up-to-date module file ../../../Engine/Plugins/Online/OnlineSubsystemNull/Binaries/Win64/UE4Editor-OnlineSubsystemNull.dll (API version 3709383).
LogModuleManager: Display: Found up-to-date module file ../../../Engine/Plugins/Online/OnlineSubsystemUtils/Binaries/Win64/UE4Editor-OnlineSubsystemUtils.dll (API version 3709383).
LogModuleManager: Display: Found up-to-date module file ../../../Engine/Plugins/Online/OnlineSubsystemUtils/Binaries/Win64/UE4Editor-OnlineBlueprintSupport.dll (API version 3709383).
LogModuleManager: Display: Found up-to-date module file ../../../Engine/Plugins/Runtime/AndroidDeviceProfileSelector/Binaries/Win64/UE4Editor-AndroidDeviceProfileSelector.dll (API version 3709383).
LogModuleManager: Display: Found up-to-date module file ../../../Engine/Plugins/Runtime/AppleARKit/Binaries/Win64/UE4Editor-AppleARKit.dll (API version 3709383).
LogModuleManager: Display: Found up-to-date module file ../../../Engine/Plugins/Runtime/ArchVisCharacter/Binaries/Win64/UE4Editor-ArchVisCharacter.dll (API version 3709383).
LogModuleManager: Display: Found up-to-date module file ../../../Engine/Plugins/Runtime/CableComponent/Binaries/Win64/UE4Editor-CableComponent.dll (API version 3709383).
LogModuleManager: Display: Found up-to-date module file ../../../Engine/Plugins/Runtime/CustomMeshComponent/Binaries/Win64/UE4Editor-CustomMeshComponent.dll (API version 3709383).
LogModuleManager: Display: Found up-to-date module file ../../../Engine/Plugins/Runtime/ExampleDeviceProfileSelector/Binaries/Win64/UE4Editor-ExampleDeviceProfileSelector.dll (API version 3709383).
LogModuleManager: Display: Found up-to-date module file ../../../Engine/Plugins/Runtime/ImmediatePhysics/Binaries/Win64/UE4Editor-ImmediatePhysics.dll (API version 3709383).
LogModuleManager: Display: Found up-to-date module file ../../../Engine/Plugins/Runtime/ImmediatePhysics/Binaries/Win64/UE4Editor-ImmediatePhysicsEditor.dll (API version 3709383).
LogModuleManager: Display: Found up-to-date module file ../../../Engine/Plugins/Runtime/LocationServicesBPLibrary/Binaries/Win64/UE4Editor-LocationServicesBPLibrary.dll (API version 3709383).
LogModuleManager: Display: Found up-to-date module file ../../../Engine/Plugins/Runtime/MobilePatchingUtils/Binaries/Win64/UE4Editor-MobilePatchingUtils.dll (API version 3709383).
LogModuleManager: Display: Found up-to-date module file ../../../Engine/Plugins/Runtime/Oculus/OculusVR/Binaries/Win64/UE4Editor-OculusHMD.dll (API version 3709383).
LogModuleManager: Display: Found up-to-date module file ../../../Engine/Plugins/Runtime/Oculus/OculusVR/Binaries/Win64/UE4Editor-OculusInput.dll (API version 3709383).
LogModuleManager: Display: Found up-to-date module file ../../../Engine/Plugins/Runtime/Oculus/OculusVR/Binaries/Win64/UE4Editor-OculusEditor.dll (API version 3709383).
LogModuleManager: Display: Found up-to-date module file ../../../Engine/Plugins/Runtime/PhysXVehicles/Binaries/Win64/UE4Editor-PhysXVehicles.dll (API version 3709383).
LogModuleManager: Display: Found up-to-date module file ../../../Engine/Plugins/Runtime/PhysXVehicles/Binaries/Win64/UE4Editor-PhysXVehiclesEditor.dll (API version 3709383).
LogModuleManager: Display: Found up-to-date module file ../../../Engine/Plugins/Runtime/ProceduralMeshComponent/Binaries/Win64/UE4Editor-ProceduralMeshComponent.dll (API version 3709383).
LogModuleManager: Display: Found up-to-date module file ../../../Engine/Plugins/Runtime/ProceduralMeshComponent/Binaries/Win64/UE4Editor-ProceduralMeshComponentEditor.dll (API version 3709383).
LogModuleManager: Display: Found up-to-date module file ../../../Engine/Plugins/Runtime/RuntimePhysXCooking/Binaries/Win64/UE4Editor-RuntimePhysXCooking.dll (API version 3709383).
LogModuleManager: Display: Found up-to-date module file ../../../Engine/Plugins/Runtime/Steam/SteamVR/Binaries/Win64/UE4Editor-SteamVR.dll (API version 3709383).
LogModuleManager: Display: Found up-to-date module file ../../../Engine/Plugins/Runtime/Steam/SteamVR/Binaries/Win64/UE4Editor-SteamVRController.dll (API version 3709383).
LogModuleManager: Display: Found up-to-date module file ../../../Engine/Plugins/Runtime/WindowsMoviePlayer/Binaries/Win64/UE4Editor-WindowsMoviePlayer.dll (API version 3709383).
LogPluginManager: Mounting plugin Paper2D
LogPluginManager: Mounting plugin LightPropagationVolume
LogPluginManager: Mounting plugin CodeLiteSourceCodeAccess
LogPluginManager: Mounting plugin GitSourceControl
LogPluginManager: Mounting plugin KDevelopSourceCodeAccess
LogPluginManager: Mounting plugin NullSourceCodeAccess
LogPluginManager: Mounting plugin PerforceSourceControl
LogPluginManager: Mounting plugin SubversionSourceControl
LogPluginManager: Mounting plugin UObjectPlugin
LogPluginManager: Mounting plugin VisualStudioCodeSourceCodeAccess
LogPluginManager: Mounting plugin VisualStudioSourceCodeAccess
LogPluginManager: Mounting plugin XCodeSourceCodeAccess
LogPluginManager: Mounting plugin AssetManagerEditor
LogPluginManager: Mounting plugin AudioCapture
LogPluginManager: Mounting plugin FacialAnimation
LogPluginManager: Mounting plugin GameplayTagsEditor
LogPluginManager: Mounting plugin MobileLauncherProfileWizard
LogPluginManager: Mounting plugin PluginBrowser
LogPluginManager: Mounting plugin SpeedTreeImporter
LogPluginManager: Mounting plugin AlembicImporter
LogPluginManager: Mounting plugin CharacterAI
LogPluginManager: Mounting plugin HTML5Networking
LogPluginManager: Mounting plugin Substance
LogPluginManager: Mounting plugin AndroidMedia
LogPluginManager: Mounting plugin AvfMedia
LogPluginManager: Mounting plugin ImgMedia
LogPluginManager: Mounting plugin MediaCompositing
LogPluginManager: Mounting plugin MediaPlayerEditor
LogPluginManager: Mounting plugin WmfMedia
LogPluginManager: Mounting plugin TcpMessaging
LogPluginManager: Mounting plugin UdpMessaging
LogPluginManager: Mounting plugin ActorSequence
LogPluginManager: Mounting plugin LevelSequenceEditor
LogPluginManager: Mounting plugin MatineeToLevelSequence
LogPluginManager: Mounting plugin OnlineSubsystemGooglePlay
LogPluginManager: Mounting plugin OnlineSubsystemIOS
LogPluginManager: Mounting plugin OnlineSubsystem
LogPluginManager: Mounting plugin OnlineSubsystemNull
LogPluginManager: Mounting plugin OnlineSubsystemUtils
LogPluginManager: Mounting plugin AndroidDeviceProfileSelector
LogPluginManager: Mounting plugin AndroidMoviePlayer
LogPluginManager: Mounting plugin AndroidPermission
LogPluginManager: Mounting plugin ApexDestruction
LogPluginManager: Mounting plugin AppleARKit
LogPluginManager: Mounting plugin AppleMoviePlayer
LogPluginManager: Mounting plugin ArchVisCharacter
LogPluginManager: Mounting plugin CableComponent
LogPluginManager: Mounting plugin CustomMeshComponent
LogPluginManager: Mounting plugin ExampleDeviceProfileSelector
LogPluginManager: Mounting plugin GoogleCloudMessaging
LogPluginManager: Mounting plugin ImmediatePhysics
LogPluginManager: Mounting plugin IOSDeviceProfileSelector
LogPluginManager: Mounting plugin LinuxDeviceProfileSelector
LogPluginManager: Mounting plugin LocationServicesBPLibrary
LogPluginManager: Mounting plugin MobilePatchingUtils
LogPluginManager: Mounting plugin OculusVR
LogPluginManager: Plugin shader directory ../../../Engine/Plugins/Runtime/Oculus/OculusVR/Shaders found
LogPluginManager: Mapping shader source directory ../../../Engine/Plugins/Runtime/Oculus/OculusVR/Shaders to virtual directory /Plugin/OculusVR
LogPluginManager: Mounting plugin PhysXVehicles
LogPluginManager: Mounting plugin ProceduralMeshComponent
LogPluginManager: Mounting plugin RuntimePhysXCooking
LogPluginManager: Mounting plugin SteamVR
LogPluginManager: Mounting plugin WindowsMoviePlayer
LogPluginManager: Mounting plugin VictoryBPLibrary
LogPluginManager: Mounting plugin VictoryPlug1
LogInit: Using libcurl 7.47.1
LogInit:  - built for x86_64-pc-win32
LogInit:  - supports SSL with OpenSSL/1.0.2g
LogInit:  - supports HTTP deflate (compression) using libz 1.2.8
LogInit:  - other features:
LogInit:      CURL_VERSION_SSL
LogInit:      CURL_VERSION_LIBZ
LogInit:      CURL_VERSION_IPV6
LogInit:      CURL_VERSION_ASYNCHDNS
LogInit:      CURL_VERSION_LARGEFILE
LogInit:      CURL_VERSION_IDN
LogInit:  CurlRequestOptions (configurable via config and command line):
LogInit:  - bVerifyPeer = false  - Libcurl will NOT verify peer certificate
LogInit:  - bUseHttpProxy = false  - Libcurl will NOT use HTTP proxy
LogInit:  - bDontReuseConnections = false  - Libcurl will reuse connections
LogInit:  - CertBundlePath = nullptr  - Libcurl will use whatever was configured at build time.
LogModuleManager: Warning: No filename provided for module OnlineSubsystemSteam
LogModuleManager: Warning: ModuleManager: Unable to load module 'OnlineSubsystemSteam' because the file 'F:/UE_4.18/Engine/Binaries/Win64/' was not found.
LogInit: WinSock: version 1.1 (2.2), MaxSocks=32767, MaxUdp=65467
LogInit: Build: ++UE4+Release-4.18-CL-3794801
LogInit: Engine Version: 4.18.2-3794801+++UE4+Release-4.18
LogInit: Compatible Engine Version: 4.18.0-3709383+++UE4+Release-4.18
LogInit: Net CL: 3709383
LogDevObjectVersion: Number of dev versions registered: 16
LogDevObjectVersion:   Dev-Blueprints (B0D832E4-1F89-4F0D-ACCF-7EB736FD4AA2): 10
LogDevObjectVersion:   Dev-Build (E1C64328-A22C-4D53-A36C-8E866417BD8C): 0
LogDevObjectVersion:   Dev-Core (375EC13C-06E4-48FB-B500-84F0262A717E): 2
LogDevObjectVersion:   Dev-Editor (E4B068ED-F494-42E9-A231-DA0B2E46BB41): 20
LogDevObjectVersion:   Dev-Framework (CFFC743F-43B0-4480-9391-14DF171D2073): 30
LogDevObjectVersion:   Dev-Mobile (B02B49B5-BB20-44E9-A304-32B752E40360): 0
LogDevObjectVersion:   Dev-Networking (A4E4105C-59A1-49B5-A7C5-40C4547EDFEE): 0
LogDevObjectVersion:   Dev-Online (39C831C9-5AE6-47DC-9A44-9C173E1C8E7C): 0
LogDevObjectVersion:   Dev-Physics (78F01B33-EBEA-4F98-B9B4-84EACCB95AA2): 0
LogDevObjectVersion:   Dev-Platform (6631380F-2D4D-43E0-8009-CF276956A95A): 0
LogDevObjectVersion:   Dev-Rendering (12F88B9F-8875-4AFC-A67C-D90C383ABD29): 20
LogDevObjectVersion:   Dev-Sequencer (7B5AE74C-D270-4C10-A958-57980B212A5A): 4
LogDevObjectVersion:   Dev-VR (D7296918-1DD6-4BDD-9DE2-64A83CC13884): 0
LogDevObjectVersion:   Dev-LoadTimes (C2A15278-BFE7-4AFE-6C17-90FF531DF755): 1
LogDevObjectVersion:   Private-Geometry (6EACA3D4-40EC-4CC1-B786-8BED09428FC5): 1
LogDevObjectVersion:   Dev-AnimPhys (29E575DD-E0A3-4627-9D10-D276232CDCEA): 12
LogInit: Compiled (64-bit): Dec  8 2017 02:04:53
LogInit: Compiled with Visual C++: 19.00.24215.01
LogInit: Build Configuration: Development
LogInit: Branch Name: ++UE4+Release-4.18
LogInit: Command line:  /Game/Maps/MainMenu -game -PIEVIACONSOLE -ResX=1280 -ResY=720  -Multiprocess -messaging -SessionName="Play in Standalone Game" -windowed 
LogInit: Base directory: F:/UE_4.18/Engine/Binaries/Win64/
LogInit: Installed Engine Build: 1
LogInit: Presizing for max 8388607 objects, including 0 objects not considered by GC, pre-allocating 0 bytes for permanent pool.
LogInit: Object subsystem initialized
[2018.01.05-21.25.11:325][  0]LogInit: Selected Device Profile: [Windows]
[2018.01.05-21.25.11:325][  0]LogInit: Applying CVar settings loaded from the selected device profile: [Windows]
[2018.01.05-21.25.11:330][  0]LogInit: Computer: 1111-1
[2018.01.05-21.25.11:330][  0]LogInit: User: 111
[2018.01.05-21.25.11:330][  0]LogInit: CPU Page size=4096, Cores=4
[2018.01.05-21.25.11:330][  0]LogInit: High frequency timer resolution =3.036262 MHz
[2018.01.05-21.25.11:330][  0]LogMemory: Memory total: Physical=15.9GB (16GB approx)
[2018.01.05-21.25.11:330][  0]LogMemory: Platform Memory Stats for Windows
[2018.01.05-21.25.11:330][  0]LogMemory: Process Physical Memory: 274.63 MB used, 274.63 MB peak
[2018.01.05-21.25.11:330][  0]LogMemory: Process Virtual Memory: 269.69 MB used, 269.69 MB peak
[2018.01.05-21.25.11:330][  0]LogMemory: Physical Memory: 7914.29 MB used,  8411.94 MB free, 16326.22 MB total
[2018.01.05-21.25.11:330][  0]LogMemory: Virtual Memory: 678.96 MB used,  8411.94 MB free, 134217728.00 MB total
[2018.01.05-21.25.11:493][  0]LogInit: Using OS detected language (ru-RU).
[2018.01.05-21.25.11:493][  0]LogInit: Using OS detected locale (ru-RU).
[2018.01.05-21.25.11:496][  0]LogTextLocalizationManager: No localization for 'ru-RU' exists, so 'en' will be used for the language.
[2018.01.05-21.25.11:497][  0]LogTextLocalizationManager: No localization for 'ru-RU' exists, so 'en' will be used for the locale.
[2018.01.05-21.25.12:105][  0]LogD3D11RHI: D3D11 adapters:
[2018.01.05-21.25.12:161][  0]LogD3D11RHI:    0. 'NVIDIA GeForce GTX 750 Ti' (Feature Level 11_0)
[2018.01.05-21.25.12:161][  0]LogD3D11RHI:       2017/0/8163 MB DedicatedVideo/DedicatedSystem/SharedSystem, Outputs:1, VendorId:0x10de
[2018.01.05-21.25.12:163][  0]LogD3D11RHI:    1. 'Microsoft Basic Render Driver' (Feature Level 11_0)
[2018.01.05-21.25.12:163][  0]LogD3D11RHI:       0/0/8163 MB DedicatedVideo/DedicatedSystem/SharedSystem, Outputs:0, VendorId:0x1414
[2018.01.05-21.25.12:163][  0]LogD3D11RHI: Chosen D3D11 Adapter: 0
[2018.01.05-21.25.12:169][  0]LogD3D11RHI: Creating new Direct3DDevice
[2018.01.05-21.25.12:169][  0]LogD3D11RHI:     GPU DeviceId: 0x1380 (for the marketing name, search the web for "GPU Device Id")
[2018.01.05-21.25.12:169][  0]LogWindows: EnumDisplayDevices:
[2018.01.05-21.25.12:169][  0]LogWindows:    0. 'NVIDIA GeForce GTX 750 Ti' (P:1 D:1)
[2018.01.05-21.25.12:169][  0]LogWindows:    1. 'NVIDIA GeForce GTX 750 Ti' (P:0 D:0)
[2018.01.05-21.25.12:170][  0]LogWindows:    2. 'NVIDIA GeForce GTX 750 Ti' (P:0 D:0)
[2018.01.05-21.25.12:170][  0]LogWindows:    3. 'NVIDIA GeForce GTX 750 Ti' (P:0 D:0)
[2018.01.05-21.25.12:170][  0]LogWindows: DebugString: GetVideoDriverDetailsInvalid PrimaryIsNotTheChoosenAdapter GetVideoDriverDetailsInvalid PrimaryIsNotTheChoosenAdapter GetVideoDriverDetailsInvalid PrimaryIsNotTheChoosenAdapter GetVideoDriverDetailsInvalid PrimaryIsNotTheChoosenAdapter FoundDriverCount:0 
[2018.01.05-21.25.12:170][  0]LogD3D11RHI:     Adapter Name: NVIDIA GeForce GTX 750 Ti
[2018.01.05-21.25.12:170][  0]LogD3D11RHI:   Driver Version: Unknown (internal:Unknown, unified:Unknown)
[2018.01.05-21.25.12:170][  0]LogD3D11RHI:      Driver Date: Unknown
[2018.01.05-21.25.12:170][  0]LogRHI: Texture pool is 1412 MB (70% of 2017 MB)
[2018.01.05-21.25.12:205][  0]LogD3D11RHI: Async texture creation enabled
[2018.01.05-21.25.12:217][  0]LogD3D11RHI: GPU Timing Frequency: 1000.000000 (Debug: 2 1)
[2018.01.05-21.25.12:219][  0]LogShaderCompilers: Guid format shader working directory is 7 characters bigger than the processId version (../../../../Disaster/ResearchDisaster/Intermediate/Shaders/WorkingDirectory/8728/).
[2018.01.05-21.25.12:219][  0]LogShaderCompilers: Cleaned the shader compiler working directory 'C:/Users/111/AppData/Local/Temp/UnrealShaderWorkingDir/38FD00C44508BEE5F1449EBF402CC406/'.
[2018.01.05-21.25.12:219][  0]LogShaderCompilers: Display: Using Local Shader Compiler.
[2018.01.05-21.25.13:363][  0]LogTemp: Display: Loaded TP WindowsClientTargetPlatform
[2018.01.05-21.25.13:415][  0]LogTemp: Display: Loaded TP WindowsNoEditorTargetPlatform
[2018.01.05-21.25.13:468][  0]LogTemp: Display: Loaded TP WindowsServerTargetPlatform
[2018.01.05-21.25.13:521][  0]LogTemp: Display: Loaded TP WindowsTargetPlatform
[2018.01.05-21.25.13:521][  0]LogTargetPlatformManager: Display: Building Assets For Windows
[2018.01.05-21.25.13:963][  0]LogDerivedDataCache: Display: Max Cache Size: 512 MB
[2018.01.05-21.25.14:035][  0]LogDerivedDataCache: Loaded boot cache 0.07s 78MB C:/Users/111/AppData/Local/UnrealEngine/4.18/DerivedDataCache/Boot.ddc.
[2018.01.05-21.25.14:035][  0]LogDerivedDataCache: Display: Loaded Boot cache: C:/Users/111/AppData/Local/UnrealEngine/4.18/DerivedDataCache/Boot.ddc
[2018.01.05-21.25.14:035][  0]LogDerivedDataCache: FDerivedDataBackendGraph:  Pak pak cache file ../../../../Disaster/ResearchDisaster/DerivedDataCache/DDC.ddp not found, will not use a pak cache.
[2018.01.05-21.25.14:035][  0]LogDerivedDataCache: Unable to find inner node Pak for hierarchical cache Hierarchy.
[2018.01.05-21.25.14:035][  0]LogDerivedDataCache: FDerivedDataBackendGraph:  CompressedPak pak cache file ../../../../Disaster/ResearchDisaster/DerivedDataCache/Compressed.ddp not found, will not use a pak cache.
[2018.01.05-21.25.14:036][  0]LogDerivedDataCache: Unable to find inner node CompressedPak for hierarchical cache Hierarchy.
[2018.01.05-21.25.14:054][  0]LogDerivedDataCache: Display: Pak cache opened for reading ../../../Engine/DerivedDataCache/Compressed.ddp.
[2018.01.05-21.25.14:065][  0]LogDerivedDataCache: Using Local data cache path C:/Users/111/AppData/Local/UnrealEngine/Common/DerivedDataCache: Writable
[2018.01.05-21.25.14:078][  0]LogMaterial: Verifying Global Shaders for PCD3D_SM5
[2018.01.05-21.25.14:078][  0]LogSlate: Using Freetype 2.6.0
[2018.01.05-21.25.14:079][  0]LogSlate: SlateFontCache - WITH_FREETYPE: 1, WITH_HARFBUZZ: 1
[2018.01.05-21.25.14:079][  0]LogSlate: SlateFontCache - WITH_FREETYPE: 1, WITH_HARFBUZZ: 1
[2018.01.05-21.25.14:456][  0]LogAssetRegistry: FAssetRegistry took 0.0053 seconds to start up
[2018.01.05-21.25.14:466][  0]LogPackageLocalizationCache: Processed 8 localized package path(s) for 1 prioritized culture(s) in 0.010157 seconds
[2018.01.05-21.25.14:588][  0]LogInit: Selected Device Profile: [Windows]
[2018.01.05-21.25.14:940][  0]LogSimplygon: Simplygon DLL not present - disabling.
[2018.01.05-21.25.14:979][  0]LogMeshReduction: Using SimplygonSwarm for distributed automatic mesh merging
[2018.01.05-21.25.14:980][  0]LogMeshReduction: Using QuadricMeshReduction for automatic static mesh reduction
[2018.01.05-21.25.14:980][  0]LogMeshReduction: No automatic skeletal mesh reduction module available
[2018.01.05-21.25.14:980][  0]LogMeshReduction: No automatic mesh merging module available
[2018.01.05-21.25.14:980][  0]LogMeshMerging: No automatic mesh merging module available
[2018.01.05-21.25.15:005][  0]LogNetVersion: RNDYOUFUCK , NetCL: 3709383, EngineNetVer: 2, GameNetVer: 0 (Checksum: 762423528)
[2018.01.05-21.25.15:207][  0]LogInit: Warning: Passing commandline switches using / instead of - has been deprecated and will be removed in future versions of Unreal Engine.
[2018.01.05-21.25.15:207][  0]LogInit: Warning: Passing commandline switches using / instead of - has been deprecated and will be removed in future versions of Unreal Engine.
[2018.01.05-21.25.15:207][  0]LogInit: Warning: Passing commandline switches using / instead of - has been deprecated and will be removed in future versions of Unreal Engine.
[2018.01.05-21.25.16:783][  0]LogMoviePlayer: Initializing movie player
[2018.01.05-21.25.16:844][  0]LogWindowsTextInputMethodSystem: Display: IME system now deactivated.
[2018.01.05-21.25.17:102][  0]LogCollectionManager: Loaded 0 collections in 0.000984 seconds
[2018.01.05-21.25.17:151][  0]LogFileCache: Scanning file cache for directory 'F:/Disaster/ResearchDisaster/Saved/Collections/' took 0.01s
[2018.01.05-21.25.17:151][  0]LogFileCache: Scanning file cache for directory 'F:/Disaster/ResearchDisaster/Content/Developers/111/Collections/' took 0.01s
[2018.01.05-21.25.17:151][  0]LogFileCache: Scanning file cache for directory 'F:/Disaster/ResearchDisaster/Content/Collections/' took 0.01s
[2018.01.05-21.25.17:151][  0]LogCollectionManager: Rebuilt the object cache for 0 collections in 0.000000 seconds (found 0 objects)
[2018.01.05-21.25.17:151][  0]LogCollectionManager: Fixed up redirectors for 0 collections in 0.000091 seconds (updated 0 objects)
[2018.01.05-21.25.17:347][  0]LogSubstanceCoreModule: Substance [CPU] Engine Loaded, Max Texture Size = 2048
[2018.01.05-21.25.17:378][  0]LogTcpMessaging: Initializing TcpMessaging bridge
[2018.01.05-21.25.17:421][  0]LogUdpMessaging: Initializing bridge on interface 0.0.0.0:0 to multicast group 230.0.0.1:6666.
[2018.01.05-21.25.18:058][  0]LogInit: Warning: Passing commandline switches using / instead of - has been deprecated and will be removed in future versions of Unreal Engine.
[2018.01.05-21.25.18:059][  0]SourceControl: Source control is disabled
[2018.01.05-21.25.18:059][  0]SourceControl: Source control is disabled
[2018.01.05-21.25.18:109][  0]SourceControl: Source control is disabled
[2018.01.05-21.25.18:442][  0]LogAndroidPermission: UAndroidPermissionCallbackProxy::GetInstance
[2018.01.05-21.25.18:696][  0]LogOcInput: OculusInput pre-init called
[2018.01.05-21.25.18:804][  0]LogUObjectArray: 40737 objects as part of root set at end of initial load.
[2018.01.05-21.25.18:804][  0]LogUObjectAllocator: 8660648 out of 0 bytes used by permanent object pool.
[2018.01.05-21.25.18:804][  0]LogUObjectArray: CloseDisregardForGC: 0/0 objects in disregard for GC pool
[2018.01.05-21.25.18:911][  0]LogEngine: Initializing Engine...
[2018.01.05-21.25.18:914][  0]LogHMD: Failed to initialize OpenVR with code 100
[2018.01.05-21.25.19:113][  0]LogStats: UGameplayTagsManager::ConstructGameplayTagTree: Construct from data asset -  0.000 s
[2018.01.05-21.25.19:113][  0]LogStats: UGameplayTagsManager::ConstructGameplayTagTree: GameplayTagTreeChangedEvent.Broadcast -  0.000 s
[2018.01.05-21.25.19:122][  0]LogInit: XAudio2 using 'Динамики (Realtek High Definition Audio)' : 2 channels at 48 kHz using 16 bits per sample (channel mask 0x3)
[2018.01.05-21.25.19:143][  0]LogInit: FAudioDevice initialized.
[2018.01.05-21.25.19:179][  0]LogInit: Texture streaming: Enabled
[2018.01.05-21.25.19:245][  0]LogMaterial: Uniform references updated for custom material expression Custom.
[2018.01.05-21.25.19:880][  0]LogProperty: Error: UStructProperty::Serialize Loading: Property 'StructProperty /Game/ThirdPersonBP/Blueprints/BasicCodingSetup/PlayerSaveGame.PlayerSaveGame_C:S_PlayerInfo'. Unknown structure.
[2018.01.05-21.25.19:881][  0]LogClass: Warning: Property S_PlayerInfo of S_PlayerInfo has a struct type mismatch (tag STRUCT_REINST_PlayerInfo_10 != prop FallbackStruct) in package:  ../../../../Disaster/ResearchDisaster/Content/ThirdPersonBP/Blueprints/BasicCodingSetup/PlayerSaveGame.uasset. If that struct got renamed, add an entry to ActiveStructRedirects.
[2018.01.05-21.25.20:067][  0]LogClass: Warning: Property S_PlayerInfo of S_PlayerInfo has a struct type mismatch (tag FallbackStruct != prop PlayerInfo) in package:  FObjectReader. If that struct got renamed, add an entry to ActiveStructRedirects.
[2018.01.05-21.25.20:082][  0]LogInit: Warning: Passing commandline switches using / instead of - has been deprecated and will be removed in future versions of Unreal Engine.
[2018.01.05-21.25.20:124][  0]LogInit: Display: Game Engine Initialized.
[2018.01.05-21.25.20:124][  0]LogGameplayTags: Display: UGameplayTagsManager::DoneAddingNativeTags. DelegateIsBound: 0
[2018.01.05-21.25.20:308][  0]LogInit: Display: Starting Game.
[2018.01.05-21.25.20:308][  0]LogNet: Browse: /Game/Maps/MainMenu?Name=Player
[2018.01.05-21.25.20:308][  0]LogLoad: LoadMap: /Game/Maps/MainMenu?Name=Player
[2018.01.05-21.25.20:445][  0]LogAIModule: Creating AISystem for world MainMenu
[2018.01.05-21.25.20:537][  0]LogBlueprint: Warning: [Compiler ThirdPerson_AnimBP] Idle/Run to Idle_crouch  will never be taken, please connect something to  Can Enter Transition
[2018.01.05-21.25.20:538][  0]LogBlueprint: Warning: [Compiler ThirdPerson_AnimBP] Idle_crouch to Idle/Run  will never be taken, please connect something to  Can Enter Transition
[2018.01.05-21.25.20:599][  0]LogBlueprint: Warning: [Compiler ThirdPerson_AnimBP] [0011.85] Compile of ThirdPerson_AnimBP successful, but with 2 Warning(s) [in 88 ms] (/Game/Mannequin/Animations/ThirdPerson_AnimBP.ThirdPerson_AnimBP)
[2018.01.05-21.25.20:686][  0]LogLoad: Game class is 'ThirdPersonGameMode_C'
[2018.01.05-21.25.20:687][  0]LogWorld: Bringing World /Game/Maps/MainMenu.MainMenu up for play (max tick rate 0) at 2018.01.06-00.25.20
[2018.01.05-21.25.20:687][  0]LogWorld: Bringing up level for play took: 0.000770
[2018.01.05-21.25.20:688][  0]LogGameMode: FindPlayerStart: PATHS NOT DEFINED or NO PLAYERSTART with positive rating
[2018.01.05-21.25.20:711][  0]LogSlate: Took 0.000139 seconds to synchronously load lazily loaded font '../../../Engine/Content/Slate/Fonts/Roboto-Regular.ttf' (155K)
[2018.01.05-21.25.20:712][  0]LogLoad: Took 0.403268 seconds to LoadMap(/Game/Maps/MainMenu)
[2018.01.05-21.25.20:888][  0]LogRenderer: Reallocating scene render targets to support 1280x720 Format 10 NumSamples 1 (Frame:1).
[2018.01.05-21.25.20:888][  0]LogLoad: (Engine Initialization) Total time: 12.14 seconds
[2018.01.05-21.25.20:888][  0]LogLoad: (Engine Initialization) Total Blueprint compile time: 0.00 seconds
[2018.01.05-21.25.20:888][  0]LogExternalProfiler: Found external profiler: VSPerf
[2018.01.05-21.25.20:888][  0]LogExternalProfiler: Using external profiler: VSPerf
[2018.01.05-21.25.20:915][  0]LogContentStreaming: Texture pool size now 1000 MB
[2018.01.05-21.25.24:188][194]Command not recognized: r.setRes1280x720f
[2018.01.05-21.25.24:801][232]Command not recognized: r.setRes1280x720f
[2018.01.05-21.25.24:962][242]Command not recognized: r.setRes1280x720f
[2018.01.05-21.25.25:108][251]Command not recognized: r.setRes1280x720f
[2018.01.05-21.25.25:269][261]Command not recognized: r.setRes1280x720f
[2018.01.05-21.25.25:415][270]Command not recognized: r.setRes1280x720f
[2018.01.05-21.25.25:544][278]Command not recognized: r.setRes1280x720f
[2018.01.05-21.25.25:705][288]Command not recognized: r.setRes1280x720f
[2018.01.05-21.25.25:866][298]Command not recognized: r.setRes1280x720f
[2018.01.05-21.25.26:011][307]Command not recognized: r.setRes1280x720f
[2018.01.05-21.25.26:479][336]r.ScreenPercentage = "50"
[2018.01.05-21.25.26:482][337]LogRenderer: Reallocating scene render targets to support 640x360 Format 10 NumSamples 1 (Frame:338).
[2018.01.05-21.25.29:124][500]r.SetRes = "1920x1080"
[2018.01.05-21.25.29:156][500]LogRenderer: Reallocating scene render targets to support 960x540 Format 10 NumSamples 1 (Frame:502).
[2018.01.05-21.25.34:016][801]LogNetVersion: RNDYOUFUCK 1.0.0.0, NetCL: 3709383, EngineNetVer: 2, GameNetVer: 0 (Checksum: 4278084057)
[2018.01.05-21.25.34:018][801]LogInit: WinSock: I am 1111-1 (192.168.1.47:0)
[2018.01.05-21.25.34:083][801]LogPackageName: SearchForPackageOnDisk took   0.064s to resolve B1.umap.
[2018.01.05-21.25.34:143][801]LogPackageName: SearchForPackageOnDisk took   0.059s to resolve B1.umap.
[2018.01.05-21.25.34:143][801]LogNet: Browse: /Game/Maps/B1?listen
[2018.01.05-21.25.34:143][801]LogLoad: LoadMap: /Game/Maps/B1?listen
[2018.01.05-21.25.34:343][801]LogBlueprint: Warning: [Compiler ThirdPerson_AnimBP] Idle/Run to Idle_crouch  will never be taken, please connect something to  Can Enter Transition
[2018.01.05-21.25.34:343][801]LogBlueprint: Warning: [Compiler ThirdPerson_AnimBP] Idle_crouch to Idle/Run  will never be taken, please connect something to  Can Enter Transition
[2018.01.05-21.25.34:409][801]LogBlueprint: Warning: [Compiler ThirdPerson_AnimBP] [0025.66] Compile of ThirdPerson_AnimBP successful, but with 2 Warning(s) [in 115 ms] (/Game/Mannequin/Animations/ThirdPerson_AnimBP.ThirdPerson_AnimBP)
[2018.01.05-21.25.34:577][801]LogAIModule: Creating AISystem for world B1
[2018.01.05-21.25.34:578][801]LogLoad: Game class is 'ThirdPersonGameMode_C'
[2018.01.05-21.25.34:578][801]LogTemp: Display: ParseSettings for GameNetDriver
[2018.01.05-21.25.34:578][801]LogTemp: Display: ParseSettings for IpNetDriver_0
[2018.01.05-21.25.34:579][801]LogTemp: Display: ParseSettings for GameNetDriver
[2018.01.05-21.25.34:579][801]LogInit: WinSock: Socket queue 131072 / 131072
[2018.01.05-21.25.34:580][801]PacketHandlerLog: Loaded PacketHandler component: Engine.EngineHandlerComponentFactory (StatelessConnectHandlerComponent)
[2018.01.05-21.25.34:580][801]LogNet: GameNetDriver IpNetDriver_0 IpNetDriver listening on port 7777
[2018.01.05-21.25.34:586][801]LogWorld: Bringing World /Game/Maps/B1.B1 up for play (max tick rate 0) at 2018.01.06-00.25.34
[2018.01.05-21.25.34:586][801]LogWorld: Bringing up level for play took: 0.005689
[2018.01.05-21.25.34:587][801]LogGameMode: FindPlayerStart: PATHS NOT DEFINED or NO PLAYERSTART with positive rating
[2018.01.05-21.25.34:630][801]LogSpawn: Warning: SpawnActor failed because of collision at the spawn location [X=0.000 Y=0.000 Z=0.000] for [ThirdPersonCharacter_C]
[2018.01.05-21.25.34:630][801]LogGameMode: Warning: SpawnDefaultPawnAtTransform: Couldn't spawn Pawn of type ThirdPersonCharacter_C at Rotation: Pitch 0.000000 Yaw 0.000000 Roll 0.000000
Translation: 0.000000 0.000000 0.000000
Scale3D: 1.000000 1.000000 1.000000

[2018.01.05-21.25.34:634][801]LogLoad: Took 0.491353 seconds to LoadMap(/Game/Maps/B1)
[2018.01.05-21.25.45:356][457]LogWindowsTextInputMethodSystem: Display: IME system now deactivated.
[2018.01.05-21.25.45:356][457]LogWindowsTextInputMethodSystem: Display: IME system now deactivated.
[2018.01.05-21.25.47:064][563]Closing by request
[2018.01.05-21.25.47:064][563]LogWindows: FPlatformMisc::RequestExit(0)
[2018.01.05-21.25.47:069][564]LogNet: World NetDriver shutdown IpNetDriver_0 [GameNetDriver]
[2018.01.05-21.25.47:069][564]LogNet: DestroyNamedNetDriver IpNetDriver_0 [GameNetDriver]
[2018.01.05-21.25.47:069][564]LogExit: GameNetDriver IpNetDriver_0 shut down
[2018.01.05-21.25.47:949][564]LogWindowsTextInputMethodSystem: Display: IME system now deactivated.
[2018.01.05-21.25.47:951][564]LogWindowsTextInputMethodSystem: Display: IME system now deactivated.
[2018.01.05-21.25.47:952][564]LogExit: Preparing to exit.
[2018.01.05-21.25.47:952][564]LogMoviePlayer: Shutting down movie player
[2018.01.05-21.25.48:468][564]LogExit: Game engine shut down
[2018.01.05-21.25.48:531][564]LogExit: Object subsystem successfully closed.
[2018.01.05-21.25.48:547][564]LogD3D11RHI: Shutdown
[2018.01.05-21.25.48:547][564]LogD3D11RHI: CleanupD3DDevice
[2018.01.05-21.25.48:549][564]LogD3D11RHI: ~FD3D11DynamicRHI
[2018.01.05-21.25.48:555][564]LogModuleManager: Shutting down and abandoning module SequenceRecorderSections (323)
[2018.01.05-21.25.48:555][564]LogModuleManager: Shutting down and abandoning module SequenceRecorder (321)
[2018.01.05-21.25.48:555][564]LogModuleManager: Shutting down and abandoning module AutomationController (319)
[2018.01.05-21.25.48:555][564]LogModuleManager: Shutting down and abandoning module AutomationWorker (317)
[2018.01.05-21.25.48:555][564]LogModuleManager: Shutting down and abandoning module Voice (315)
[2018.01.05-21.25.48:555][564]LogModuleManager: Shutting down and abandoning module AIModule (313)
[2018.01.05-21.25.48:555][564]LogModuleManager: Shutting down and abandoning module GameplayDebugger (312)
[2018.01.05-21.25.48:555][564]LogModuleManager: Shutting down and abandoning module AITestSuite (310)
[2018.01.05-21.25.48:555][564]LogModuleManager: Shutting down and abandoning module WmfMediaFactory (307)
[2018.01.05-21.25.48:555][564]LogModuleManager: Shutting down and abandoning module OpenExrWrapper (305)
[2018.01.05-21.25.48:555][564]LogModuleManager: Shutting down and abandoning module ImgMediaFactory (303)
[2018.01.05-21.25.48:555][564]LogModuleManager: Shutting down and abandoning module AvfMediaFactory (301)
[2018.01.05-21.25.48:555][564]LogModuleManager: Shutting down and abandoning module CharacterAI (299)
[2018.01.05-21.25.48:555][564]LogModuleManager: Shutting down and abandoning module SessionServices (297)
[2018.01.05-21.25.48:555][564]LogModuleManager: Shutting down and abandoning module MovieSceneCapture (295)
[2018.01.05-21.25.48:555][564]LogModuleManager: Shutting down and abandoning module MovieSceneTracks (293)
[2018.01.05-21.25.48:555][564]LogModuleManager: Shutting down and abandoning module MovieScene (291)
[2018.01.05-21.25.48:555][564]LogModuleManager: Shutting down and abandoning module GeometryCache (289)
[2018.01.05-21.25.48:555][564]LogModuleManager: Shutting down and abandoning module GeometryCacheEd (288)
[2018.01.05-21.25.48:555][564]LogModuleManager: Shutting down and abandoning module StreamingPauseRendering (285)
[2018.01.05-21.25.48:555][564]LogModuleManager: Shutting down and abandoning module PortalServices (283)
[2018.01.05-21.25.48:555][564]LogModuleManager: Shutting down and abandoning module PortalRpc (281)
[2018.01.05-21.25.48:555][564]LogModuleManager: Shutting down and abandoning module MessagingRpc (279)
[2018.01.05-21.25.48:555][564]LogModuleManager: Shutting down and abandoning module ProfilerService (277)
[2018.01.05-21.25.48:654][564]LogModuleManager: Shutting down and abandoning module TaskGraph (275)
[2018.01.05-21.25.48:654][564]LogModuleManager: Shutting down and abandoning module SteamVRController (273)
[2018.01.05-21.25.48:654][564]LogModuleManager: Shutting down and abandoning module ProceduralMeshComponent (271)
[2018.01.05-21.25.48:654][564]LogModuleManager: Shutting down and abandoning module OculusInput (269)
[2018.01.05-21.25.48:654][564]LogModuleManager: Shutting down and abandoning module MobilePatchingUtils (267)
[2018.01.05-21.25.48:654][564]LogModuleManager: Shutting down and abandoning module CustomMeshComponent (265)
[2018.01.05-21.25.48:654][564]LogModuleManager: Shutting down and abandoning module CableComponent (263)
[2018.01.05-21.25.48:654][564]LogModuleManager: Shutting down and abandoning module ArchVisCharacter (261)
[2018.01.05-21.25.48:654][564]LogModuleManager: Shutting down and abandoning module AndroidPermission (259)
[2018.01.05-21.25.48:654][564]LogModuleManager: Shutting down and abandoning module ActorSequence (257)
[2018.01.05-21.25.48:654][564]LogModuleManager: Shutting down and abandoning module MediaCompositing (255)
[2018.01.05-21.25.48:654][564]LogModuleManager: Shutting down and abandoning module HTML5Networking (253)
[2018.01.05-21.25.48:654][564]LogModuleManager: Shutting down and abandoning module VisualStudioSourceCodeAccess (251)
[2018.01.05-21.25.48:654][564]LogModuleManager: Shutting down and abandoning module HotReload (250)
[2018.01.05-21.25.48:654][564]LogDirectoryWatcher: A directory notification for 'F:/Disaster/ResearchDisaster/Plugins/VictoryPlug/Binaries/Win64' was aborted.
[2018.01.05-21.25.48:655][564]LogModuleManager: Shutting down and abandoning module VisualStudioCodeSourceCodeAccess (247)
[2018.01.05-21.25.48:655][564]LogModuleManager: Shutting down and abandoning module UObjectPlugin (245)
[2018.01.05-21.25.48:655][564]LogModuleManager: Shutting down and abandoning module SubversionSourceControl (243)
[2018.01.05-21.25.48:655][564]LogModuleManager: Shutting down and abandoning module PerforceSourceControl (241)
[2018.01.05-21.25.48:655][564]LogModuleManager: Shutting down and abandoning module SourceControl (240)
[2018.01.05-21.25.48:655][564]LogModuleManager: Shutting down and abandoning module VictoryBPLibrary (237)
[2018.01.05-21.25.48:655][564]LogModuleManager: Shutting down and abandoning module RuntimePhysXCooking (235)
[2018.01.05-21.25.48:655][564]LogModuleManager: Shutting down and abandoning module PhysXVehiclesEditor (233)
[2018.01.05-21.25.48:655][564]LogModuleManager: Shutting down and abandoning module PhysXVehicles (231)
[2018.01.05-21.25.48:655][564]LogModuleManager: Shutting down and abandoning module LocationServicesBPLibrary (229)
[2018.01.05-21.25.48:655][564]LogModuleManager: Shutting down and abandoning module ImmediatePhysicsEditor (227)
[2018.01.05-21.25.48:655][564]LogModuleManager: Shutting down and abandoning module ImmediatePhysics (225)
[2018.01.05-21.25.48:655][564]LogModuleManager: Shutting down and abandoning module ApexDestructionEditor (223)
[2018.01.05-21.25.48:655][564]LogModuleManager: Shutting down and abandoning module ApexDestruction (221)
[2018.01.05-21.25.48:655][564]LogModuleManager: Shutting down and abandoning module UdpMessaging (219)
[2018.01.05-21.25.48:756][564]LogModuleManager: Shutting down and abandoning module TcpMessaging (217)
[2018.01.05-21.25.49:391][564]LogModuleManager: Shutting down and abandoning module SubstanceCore (215)
[2018.01.05-21.25.49:391][564]LogModuleManager: Shutting down and abandoning module GameplayTagsEditor (213)
[2018.01.05-21.25.49:391][564]LogModuleManager: Shutting down and abandoning module FacialAnimation (211)
[2018.01.05-21.25.49:391][564]LogModuleManager: Shutting down and abandoning module AssetManagerEditor (209)
[2018.01.05-21.25.49:391][564]LogModuleManager: Shutting down and abandoning module GraphEditor (208)
[2018.01.05-21.25.49:391][564]LogModuleManager: Shutting down and abandoning module ContentBrowser (206)
[2018.01.05-21.25.49:391][564]LogModuleManager: Shutting down and abandoning module CollectionManager (205)
[2018.01.05-21.25.49:391][564]LogDirectoryWatcher: A directory notification for 'F:/Disaster/ResearchDisaster/Content/Collections/' was aborted.
[2018.01.05-21.25.49:392][564]LogDirectoryWatcher: A directory notification for 'F:/Disaster/ResearchDisaster/Content/Developers/111/Collections/' was aborted.
[2018.01.05-21.25.49:392][564]LogDirectoryWatcher: A directory notification for 'F:/Disaster/ResearchDisaster/Saved/Collections/' was aborted.
[2018.01.05-21.25.49:392][564]LogModuleManager: Shutting down and abandoning module DirectoryWatcher (204)
[2018.01.05-21.25.49:392][564]LogModuleManager: Shutting down and abandoning module LightPropagationVolumeRuntime (199)
[2018.01.05-21.25.49:392][564]LogModuleManager: Shutting down and abandoning module Paper2D (197)
[2018.01.05-21.25.49:392][564]LogModuleManager: Shutting down and abandoning module WindowsMoviePlayer (195)
[2018.01.05-21.25.49:392][564]LogModuleManager: Shutting down and abandoning module WmfMedia (193)
[2018.01.05-21.25.49:394][564]LogModuleManager: Shutting down and abandoning module ImgMedia (191)
[2018.01.05-21.25.49:394][564]LogModuleManager: Shutting down and abandoning module PacketHandler (189)
[2018.01.05-21.25.49:394][564]LogModuleManager: Shutting down and abandoning module ClothingSystemEditor (187)
[2018.01.05-21.25.49:394][564]LogModuleManager: Shutting down and abandoning module ClothingSystemRuntime (185)
[2018.01.05-21.25.49:394][564]LogModuleManager: Shutting down and abandoning module MediaAssets (183)
[2018.01.05-21.25.49:394][564]LogModuleManager: Shutting down and abandoning module Media (182)
[2018.01.05-21.25.49:399][564]LogModuleManager: Shutting down and abandoning module Overlay (179)
[2018.01.05-21.25.49:399][564]LogModuleManager: Shutting down and abandoning module OverlayEditor (178)
[2018.01.05-21.25.49:399][564]LogModuleManager: Shutting down and abandoning module VREditor (175)
[2018.01.05-21.25.49:399][564]LogModuleManager: Shutting down and abandoning module StringTableEditor (173)
[2018.01.05-21.25.49:399][564]LogModuleManager: Shutting down and abandoning module GameplayTasksEditor (171)
[2018.01.05-21.25.49:399][564]LogModuleManager: Shutting down and abandoning module BehaviorTreeEditor (169)
[2018.01.05-21.25.49:399][564]LogModuleManager: Shutting down and abandoning module FunctionalTesting (167)
[2018.01.05-21.25.49:399][564]LogModuleManager: Shutting down and abandoning module CollisionAnalyzer (165)
[2018.01.05-21.25.49:399][564]LogModuleManager: Shutting down and abandoning module WorkspaceMenuStructure (164)
[2018.01.05-21.25.49:399][564]LogModuleManager: Shutting down and abandoning module UMG (161)
[2018.01.05-21.25.49:399][564]LogModuleManager: Shutting down and abandoning module UMGEditor (160)
[2018.01.05-21.25.49:399][564]LogModuleManager: Shutting down and abandoning module Sequencer (159)
[2018.01.05-21.25.49:399][564]LogModuleManager: Shutting down and abandoning module MessageLog (156)
[2018.01.05-21.25.49:399][564]LogModuleManager: Shutting down and abandoning module SlateReflector (151)
[2018.01.05-21.25.49:399][564]LogModuleManager: Shutting down and abandoning module Slate (149)
[2018.01.05-21.25.49:399][564]LogModuleManager: Shutting down and abandoning module EditorStyle (147)
[2018.01.05-21.25.49:401][564]LogModuleManager: Shutting down and abandoning module MRMesh (145)
[2018.01.05-21.25.49:401][564]LogModuleManager: Shutting down and abandoning module Messaging (143)
[2018.01.05-21.25.49:401][564]LogModuleManager: Shutting down and abandoning module SourceCodeAccess (141)
[2018.01.05-21.25.49:401][564]LogModuleManager: Shutting down and abandoning module HeadMountedDisplay (139)
[2018.01.05-21.25.49:401][564]LogModuleManager: Shutting down and abandoning module XAudio2 (137)
[2018.01.05-21.25.49:401][564]LogModuleManager: Shutting down and abandoning module Networking (135)
[2018.01.05-21.25.49:401][564]LogModuleManager: Shutting down and abandoning module Core (133)
[2018.01.05-21.25.49:401][564]LogModuleManager: Shutting down and abandoning module LevelSequence (131)
[2018.01.05-21.25.49:401][564]LogModuleManager: Shutting down and abandoning module KismetCompiler (129)
[2018.01.05-21.25.49:401][564]LogModuleManager: Shutting down and abandoning module MeshUtilities (127)
[2018.01.05-21.25.49:401][564]LogModuleManager: Shutting down and abandoning module MeshMergeUtilities (126)
[2018.01.05-21.25.49:401][564]LogModuleManager: Shutting down and abandoning module MeshReductionInterface (125)
[2018.01.05-21.25.49:401][564]LogModuleManager: Shutting down and abandoning module SimplygonSwarm (124)
[2018.01.05-21.25.49:401][564]LogModuleManager: Shutting down and abandoning module SimplygonMeshReduction (122)
[2018.01.05-21.25.49:401][564]LogModuleManager: Shutting down and abandoning module QuadricMeshReduction (120)
[2018.01.05-21.25.49:401][564]LogModuleManager: Shutting down and abandoning module MaterialBaking (116)
[2018.01.05-21.25.49:401][564]LogModuleManager: Shutting down and abandoning module DerivedDataCache (111)
[2018.01.05-21.25.49:586][564]LogDerivedDataCache: Shutdown
[2018.01.05-21.25.49:586][564]LogModuleManager: Shutting down and abandoning module TargetPlatform (109)
[2018.01.05-21.25.49:586][564]LogModuleManager: Shutting down and abandoning module VulkanShaderFormat (108)
[2018.01.05-21.25.49:586][564]LogModuleManager: Shutting down and abandoning module ShaderFormatVectorVM (106)
[2018.01.05-21.25.49:586][564]LogModuleManager: Shutting down and abandoning module ShaderFormatOpenGL (104)
[2018.01.05-21.25.49:586][564]LogModuleManager: Shutting down and abandoning module ShaderFormatD3D (102)
[2018.01.05-21.25.49:586][564]LogModuleManager: Shutting down and abandoning module MetalShaderFormat (100)
[2018.01.05-21.25.49:587][564]LogModuleManager: Shutting down and abandoning module TextureFormatUncompressed (98)
[2018.01.05-21.25.49:587][564]LogModuleManager: Shutting down and abandoning module TextureFormatPVR (96)
[2018.01.05-21.25.49:587][564]LogModuleManager: Shutting down and abandoning module TextureFormatDXT (94)
[2018.01.05-21.25.49:587][564]LogModuleManager: Shutting down and abandoning module TextureFormatIntelISPCTexComp (92)
[2018.01.05-21.25.49:587][564]LogModuleManager: Shutting down and abandoning module TextureFormatASTC (90)
[2018.01.05-21.25.49:587][564]LogModuleManager: Shutting down and abandoning module ImageWrapper (89)
[2018.01.05-21.25.49:587][564]LogModuleManager: Shutting down and abandoning module TextureFormatAndroid (86)
[2018.01.05-21.25.49:587][564]LogModuleManager: Shutting down and abandoning module AudioFormatOpus (84)
[2018.01.05-21.25.49:587][564]LogModuleManager: Shutting down and abandoning module AudioFormatOgg (82)
[2018.01.05-21.25.49:587][564]LogModuleManager: Shutting down and abandoning module AudioFormatADPCM (80)
[2018.01.05-21.25.49:587][564]LogModuleManager: Shutting down and abandoning module WindowsTargetPlatform (78)
[2018.01.05-21.25.49:587][564]LogModuleManager: Shutting down and abandoning module WindowsServerTargetPlatform (76)
[2018.01.05-21.25.49:587][564]LogModuleManager: Shutting down and abandoning module WindowsNoEditorTargetPlatform (74)
[2018.01.05-21.25.49:587][564]LogModuleManager: Shutting down and abandoning module WindowsClientTargetPlatform (72)
[2018.01.05-21.25.49:587][564]LogModuleManager: Shutting down and abandoning module InputCore (69)
[2018.01.05-21.25.49:587][564]LogModuleManager: Shutting down and abandoning module Settings (67)
[2018.01.05-21.25.49:587][564]LogModuleManager: Shutting down and abandoning module PhysXCooking (65)
[2018.01.05-21.25.49:587][564]LogModuleManager: Shutting down and abandoning module SteamVR (63)
[2018.01.05-21.25.49:587][564]LogModuleManager: Shutting down and abandoning module OculusHMD (61)
[2018.01.05-21.25.49:587][564]LogModuleManager: Shutting down and abandoning module ExampleDeviceProfileSelector (59)
[2018.01.05-21.25.49:587][564]LogModuleManager: Shutting down and abandoning module AppleARKit (57)
[2018.01.05-21.25.49:587][564]LogModuleManager: Shutting down and abandoning module AugmentedReality (56)
[2018.01.05-21.25.49:587][564]LogModuleManager: Shutting down and abandoning module OnlineBlueprintSupport (53)
[2018.01.05-21.25.49:587][564]LogModuleManager: Shutting down and abandoning module OnlineSubsystem (49)
[2018.01.05-21.25.49:587][564]LogOnline: Display: OSS: FOnlineSubsystemNull::Shutdown()
[2018.01.05-21.25.49:587][564]LogOnline: Display: OSS: FOnlineAsyncTaskManager::Stop() ActiveTask:0000000000000000 Tasks[0/0]
[2018.01.05-21.25.49:587][564]LogOnline: Display: OSS: FOnlineAsyncTaskManager::Exit() started
[2018.01.05-21.25.49:587][564]LogOnline: Display: OSS: FOnlineAsyncTaskManager::Exit() finished
[2018.01.05-21.25.49:588][564]LogModuleManager: Shutting down and abandoning module XMPP (43)
[2018.01.05-21.25.49:588][564]LogModuleManager: Shutting down and abandoning module HTTP (41)
[2018.01.05-21.25.49:619][564]LogModuleManager: Shutting down and abandoning module SSL (40)
[2018.01.05-21.25.49:621][564]LogModuleManager: Shutting down and abandoning module AnimationModifiers (36)
[2018.01.05-21.25.49:621][564]LogModuleManager: Shutting down and abandoning module PropertyEditor (35)
[2018.01.05-21.25.49:621][564]LogModuleManager: Shutting down and abandoning module AudioEditor (32)
[2018.01.05-21.25.49:621][564]LogModuleManager: Shutting down and abandoning module TextureCompressor (30)
[2018.01.05-21.25.49:621][564]LogModuleManager: Shutting down and abandoning module ShaderCore (28)
[2018.01.05-21.25.49:621][564]LogModuleManager: Shutting down and abandoning module Landscape (26)
[2018.01.05-21.25.49:621][564]LogModuleManager: Shutting down and abandoning module SlateRHIRenderer (24)
[2018.01.05-21.25.49:622][564]LogModuleManager: Shutting down and abandoning module OpenGLDrv (22)
[2018.01.05-21.25.49:622][564]LogModuleManager: Shutting down and abandoning module D3D11RHI (20)
[2018.01.05-21.25.49:622][564]LogModuleManager: Shutting down and abandoning module AnimGraphRuntime (18)
[2018.01.05-21.25.49:622][564]LogModuleManager: Shutting down and abandoning module Renderer (16)
[2018.01.05-21.25.49:622][564]LogModuleManager: Shutting down and abandoning module Engine (14)
[2018.01.05-21.25.49:622][564]LogModuleManager: Shutting down and abandoning module CoreUObject (12)
[2018.01.05-21.25.49:622][564]LogModuleManager: Shutting down and abandoning module NetworkFile (10)
[2018.01.05-21.25.49:622][564]LogModuleManager: Shutting down and abandoning module CookedIterativeFile (8)
[2018.01.05-21.25.49:622][564]LogModuleManager: Shutting down and abandoning module StreamingFile (6)
[2018.01.05-21.25.49:622][564]LogModuleManager: Shutting down and abandoning module SandboxFile (4)
[2018.01.05-21.25.49:622][564]LogModuleManager: Shutting down and abandoning module PakFile (2)
[2018.01.05-21.25.49:624][564]LogExit: Exiting.
[2018.01.05-21.25.49:626][564]Log file closed, 01/06/18 00:25:49
